INFO: [vitis-run 60-1548] Creating build summary session with primary output /home/chips/Storage/zoho/hls_component/filter_dut/filter_dut.hlsrun_impl_summary, at Mon Feb  3 14:23:18 2025
INFO: [vitis-run 82-31] Launching vitis_hls: vitis_hls -nolog -run vivado -work_dir /home/chips/Storage/zoho/hls_component/filter_dut -config /home/chips/Storage/zoho/hls_component/hls_config.cfg -cmdlineconfig /home/chips/Storage/zoho/hls_component/filter_dut/hls/config.cmdline
INFO: [HLS 200-10] For user 'chips' on host 'chips-server' (Linux_x86_64 version 5.11.0-49-generic) on Mon Feb 03 14:23:20 IST 2025
INFO: [HLS 200-10] On os Ubuntu 21.04
INFO: [HLS 200-10] In directory '/home/chips/Storage/zoho/hls_component'
INFO: [HLS 200-2005] Using work_dir /home/chips/Storage/zoho/hls_component/filter_dut 
INFO: [HLS 200-1611] Setting target device to 'xcvu9p-flga2104-2-i'
INFO: [HLS 200-1505] Using default flow_target 'vivado'
Resolution: For help on HLS 200-1505 see docs.xilinx.com/access/sources/dita/topic?Doc_Version=2024.1%20English&url=ug1448-hls-guidance&resourceid=200-1505.html
INFO: [HLS 200-1465] Applying ini 'syn.file=/home/chips/Storage/APZ-DA/Addon_Queries/SELECT/dynamic_filter/filter_dut.cpp' from /home/chips/Storage/zoho/hls_component/hls_config.cfg(8)
INFO: [HLS 200-10] Adding design file '/home/chips/Storage/APZ-DA/Addon_Queries/SELECT/dynamic_filter/filter_dut.cpp' to the project
INFO: [HLS 200-1465] Applying ini 'syn.file=/home/chips/Storage/APZ-DA/Addon_Queries/SELECT/dynamic_filter/filter_dut.hpp' from /home/chips/Storage/zoho/hls_component/hls_config.cfg(9)
INFO: [HLS 200-10] Adding design file '/home/chips/Storage/APZ-DA/Addon_Queries/SELECT/dynamic_filter/filter_dut.hpp' to the project
INFO: [HLS 200-1465] Applying ini 'tb.file=/home/chips/Storage/APZ-DA/Addon_Queries/SELECT/dynamic_filter/filter_test.cpp' from /home/chips/Storage/zoho/hls_component/hls_config.cfg(10)
INFO: [HLS 200-10] Adding test bench file '/home/chips/Storage/APZ-DA/Addon_Queries/SELECT/dynamic_filter/filter_test.cpp' to the project
INFO: [HLS 200-1465] Applying ini 'syn.top=filter_dut' from /home/chips/Storage/zoho/hls_component/hls_config.cfg(7)
INFO: [HLS 200-1465] Applying ini 'flow_target=vivado' from /home/chips/Storage/zoho/hls_component/hls_config.cfg(4)
INFO: [HLS 200-1505] Using flow_target 'vivado'
Resolution: For help on HLS 200-1505 see docs.xilinx.com/access/sources/dita/topic?Doc_Version=2024.1%20English&url=ug1448-hls-guidance&resourceid=200-1505.html
INFO: [HLS 200-1465] Applying ini 'part=xcvu9p-flga2104-2-i' from /home/chips/Storage/zoho/hls_component/hls_config.cfg(1)
INFO: [HLS 200-1465] Applying ini 'package.output.format=ip_catalog' from /home/chips/Storage/zoho/hls_component/hls_config.cfg(5)
INFO: [IMPL 213-8] Exporting RTL as a Vivado IP.

****** Vivado v2024.1 (64-bit)
  **** SW Build 5076996 on Wed May 22 18:36:09 MDT 2024
  **** IP Build 5075265 on Wed May 22 21:45:21 MDT 2024
  **** SharedData Build 5076995 on Wed May 22 18:29:18 MDT 2024
  **** Start of session at: Mon Feb  3 14:23:24 2025
    ** Copyright 1986-2022 Xilinx, Inc. All Rights Reserved.
    ** Copyright 2022-2024 Advanced Micro Devices, Inc. All Rights Reserved.

source run_ippack.tcl -notrace
INFO: calling package_hls_ip ip_types=vitis sysgen json_file=/home/chips/Storage/zoho/hls_component/filter_dut/hls/hls_data.json outdir=/home/chips/Storage/zoho/hls_component/filter_dut/hls/impl/ip srcdir=/home/chips/Storage/zoho/hls_component/filter_dut/hls sort_interfaces_ports=false
INFO: Copied 1 ipmisc file(s) to /home/chips/Storage/zoho/hls_component/filter_dut/hls/impl/ip/misc
INFO: Copied 32 verilog file(s) to /home/chips/Storage/zoho/hls_component/filter_dut/hls/impl/ip/hdl/verilog
INFO: Copied 29 vhdl file(s) to /home/chips/Storage/zoho/hls_component/filter_dut/hls/impl/ip/hdl/vhdl
ipx::create_core: Time (s): cpu = 00:00:17 ; elapsed = 00:00:17 . Memory (MB): peak = 1835.047 ; gain = 356.805 ; free physical = 75885 ; free virtual = 134386
INFO: Import ports from HDL: /home/chips/Storage/zoho/hls_component/filter_dut/hls/impl/ip/hdl/vhdl/filter_dut.vhd (filter_dut)
INFO: Add clock interface ap_clk
INFO: Add reset interface ap_rst
INFO: Add ap_ctrl interface ap_ctrl
INFO: Add ap_fifo interface filter_cfg_strm
INFO: [IP_Flow 19-234] Refreshing IP repositories
INFO: [IP_Flow 19-1704] No user IP repositories specified
INFO: [IP_Flow 19-2313] Loaded Vivado IP repository '/home/chips/Storage/Vivado/2024.1/data/ip'.
INFO: Add ap_fifo interface k_strms_0
INFO: Add ap_fifo interface k_strms_1
INFO: Add ap_fifo interface k_strms_2
INFO: Add ap_fifo interface k_strms_3
INFO: Add ap_fifo interface p_strm
INFO: Add ap_fifo interface e_strm
INFO: Add ap_fifo interface f_strm
INFO: Add ap_fifo interface e_f_strm
INFO: Calling post_process_vitis to specialize IP
INFO: Calling post_process_sysgen to specialize IP
Generating sysgen info xml from json file
INFO: Created IP /home/chips/Storage/zoho/hls_component/filter_dut/hls/impl/ip/component.xml
INFO: Created IP archive /home/chips/Storage/zoho/hls_component/filter_dut/hls/impl/ip/xilinx_com_hls_filter_dut_1_0.zip
INFO: [Common 17-206] Exiting Vivado at Mon Feb  3 14:23:44 2025...
INFO: [IMPL 213-8] Starting RTL evaluation using Vivado ...

****** Vivado v2024.1 (64-bit)
  **** SW Build 5076996 on Wed May 22 18:36:09 MDT 2024
  **** IP Build 5075265 on Wed May 22 21:45:21 MDT 2024
  **** SharedData Build 5076995 on Wed May 22 18:29:18 MDT 2024
  **** Start of session at: Mon Feb  3 14:23:49 2025
    ** Copyright 1986-2022 Xilinx, Inc. All Rights Reserved.
    ** Copyright 2022-2024 Advanced Micro Devices, Inc. All Rights Reserved.

source run_vivado.tcl
# source ./settings.tcl
## set top_module filter_dut
## set language verilog
## set family virtexuplus
## set device xcvu9p
## set package -flga2104
## set speed -2-i
## set clock ap_clk
## set fsm_ext "off"
## set add_io_buffers false 
# source -notrace ./extraction.tcl
# set vivado_proj_name project
# set vivado_proj_dir .
# set target_device "${device}${package}${speed}"
# set target_clk_period_ns "10.000"
# set target_clk_freq_hz [expr {floor(1000 / $target_clk_period_ns) * 1000000}]
# set ip_vlnv xilinx.com:hls:filter_dut:1.0
# set ip_repo_path ../ip
# set bd_design_name bd_0
# set bd_inst_name hls_inst
# set bd_props {}
# set has_synth true
# set synth_design_args {-directive sdx_optimization_effort_high}
# set synth_dcp ""
# set synth_props {}
# set has_impl 1
# set impl_props {}
# set report_options [dict create]
# dict set report_options report_level 2
# dict set report_options report_max_paths 10
# dict set report_options stdout_hls_reports 1
# dict set report_options stdout_vivado_reports 0
# dict set report_options hls_project filter_dut
# dict set report_options hls_solution hls
# dict set report_options has_synth $has_synth
# dict set report_options has_impl $has_impl
# dict set report_options vivado_reportbasename $top_module
# dict set report_options vivado_reportdir ./report
# dict set report_options hls_impl_dir ..
# dict set report_options hls_reportdir ../report/$language
# dict set report_options target_clk_period $target_clk_period_ns
# dict set report_options target_device $target_device
# dict set report_options language $language
# dict set report_options clock_name $clock
# dict set report_options error_if_impl_timing_fails false
# dict set report_options topmodule "filter_dut"
# dict set report_options funcmodules {filter_dut_broadcast_Pipeline_VITIS_LOOP_88_1 filter_dut_broadcast filter_dut_parse_filter_config_4_32_Pipeline_VITIS_LOOP_419_1 filter_dut_parse_filter_config_4_32_Pipeline_VITIS_LOOP_445_4 filter_dut_parse_filter_config_4_32_Pipeline_VITIS_LOOP_467_5 filter_dut_parse_filter_config_4_32_s filter_dut_var_const_cmp_32_s filter_dut_var_var_cmp_32_s filter_dut_compare_ops_32_Pipeline_FILTER_MAIN_LOOP filter_dut_compare_ops_32_s filter_dut_true_table_4_Pipeline_VITIS_LOOP_318_1_TRUE_TABLE_INIT32 filter_dut_true_table_4_Pipeline_TRUE_TABLE_READ filter_dut_true_table_4_s filter_dut_pred_pass_32_Pipeline_FILTER_PRED_PASS filter_dut_pred_pass_32_s filter_dut_dynamicFilter_32_32_s}
# dict set report_options bindmodules {filter_dut_flow_control_loop_pipe_sequential_init filter_dut_sparsemux_17_7_1_1_1 filter_dut_true_table_4_s_truetable_RAM_AUTO_1R1W filter_dut_fifo_w1_d8_S filter_dut_fifo_w1_d32_S filter_dut_fifo_w72_d2_S filter_dut_fifo_w4_d2_S filter_dut_fifo_w32_d2_S filter_dut_fifo_w10_d8_S filter_dut_start_for_compare_ops_32_U0 filter_dut_start_for_pred_pass_32_U0 filter_dut_start_for_true_table_4_U0}
# dict set report_options max_module_depth 9
# create_project $vivado_proj_name $vivado_proj_dir -part $target_device -force
create_project: Time (s): cpu = 00:00:17 ; elapsed = 00:00:17 . Memory (MB): peak = 1793.453 ; gain = 353.805 ; free physical = 75894 ; free virtual = 134395
# set_property target_language $language [current_project]
# if { ![file exists $ip_repo_path] } {
#   error "Cannot find packaged HLS IP"
# }
# set_property ip_repo_paths [file normalize $ip_repo_path] [current_project]
# update_ip_catalog
INFO: [IP_Flow 19-234] Refreshing IP repositories
INFO: [IP_Flow 19-1700] Loaded user IP repository '/home/chips/Storage/zoho/hls_component/filter_dut/hls/impl/ip'.
INFO: [IP_Flow 19-2313] Loaded Vivado IP repository '/home/chips/Storage/Vivado/2024.1/data/ip'.
# create_bd_design bd_0
Wrote  : </home/chips/Storage/zoho/hls_component/filter_dut/hls/impl/verilog/project.srcs/sources_1/bd/bd_0/bd_0.bd> 
# set cell_inst [create_bd_cell -type ip -vlnv $ip_vlnv $bd_inst_name]
# if { [llength $bd_props] } { 
#   set_property -dict $bd_props $cell_inst 
# }
# make_bd_pins_external $cell_inst
# make_bd_intf_pins_external $cell_inst
# set bd_clk_ports [get_bd_ports -filter {TYPE==clk}]
# if { [llength $bd_clk_ports] && $target_clk_freq_hz ne "" } { 
#   set_property CONFIG.FREQ_HZ $target_clk_freq_hz $bd_clk_ports 
# }
# foreach bd_port [get_bd_intf_ports] {
#   set_property name [regsub {_0$} [get_property name $bd_port] {}] $bd_port
# }
# foreach bd_port [get_bd_ports -filter {INTF!=TRUE}] {
#   set_property name [regsub {_0$} [get_property name $bd_port] {}] $bd_port
# }
# set s_axi_addr_width_min 32
WARNING: [BD 5-233] No interface ports matched 'get_bd_intf_ports -filter {MODE == "Slave" && VLNV =~ "xilinx.com:interface:aximm_rtl:*"}'
# foreach bd_port [get_bd_intf_ports -filter {MODE == "Slave" && VLNV =~ "xilinx.com:interface:aximm_rtl:*"}] {
#   set bd_port_addr_width [get_property CONFIG.ADDR_WIDTH $bd_port]
#   if { $bd_port_addr_width < $s_axi_addr_width_min } {
#     puts "INFO: Updating $bd_port CONFIG.ADDR_WIDTH to $s_axi_addr_width_min"
#     set_property CONFIG.ADDR_WIDTH $s_axi_addr_width_min $bd_port
#   }
# }
# set_msg_config -id {[BD 41-1265]} -severity {CRITICAL WARNING} -new_severity {INFO}
# assign_bd_address
INFO: [BD 41-3093] Triggering Legacy Auto Assign Algorithm
Wrote  : </home/chips/Storage/zoho/hls_component/filter_dut/hls/impl/verilog/project.srcs/sources_1/bd/bd_0/bd_0.bd> 
Verilog Output written to : /home/chips/Storage/zoho/hls_component/filter_dut/hls/impl/verilog/project.gen/sources_1/bd/bd_0/synth/bd_0.v
Verilog Output written to : /home/chips/Storage/zoho/hls_component/filter_dut/hls/impl/verilog/project.gen/sources_1/bd/bd_0/sim/bd_0.v
Verilog Output written to : /home/chips/Storage/zoho/hls_component/filter_dut/hls/impl/verilog/project.gen/sources_1/bd/bd_0/hdl/bd_0_wrapper.v
# set toprtl [make_wrapper -files [get_files ${bd_design_name}.bd] -top]
# add_files -norecurse $toprtl
# set top_inst_name [file root [file tail $toprtl]]
# puts "Using BD top: $top_inst_name"
Using BD top: bd_0_wrapper
# set xdc_files [glob -nocomplain ./*.xdc]
# if { [llength $xdc_files] } {
#     add_files -fileset constrs_1 -norecurse $xdc_files
# }
# launch_runs synth_1 -scripts_only
INFO: [BD 41-1662] The design 'bd_0.bd' is already validated. Therefore parameter propagation will not be re-run.
Verilog Output written to : /home/chips/Storage/zoho/hls_component/filter_dut/hls/impl/verilog/project.gen/sources_1/bd/bd_0/synth/bd_0.v
Verilog Output written to : /home/chips/Storage/zoho/hls_component/filter_dut/hls/impl/verilog/project.gen/sources_1/bd/bd_0/sim/bd_0.v
Verilog Output written to : /home/chips/Storage/zoho/hls_component/filter_dut/hls/impl/verilog/project.gen/sources_1/bd/bd_0/hdl/bd_0_wrapper.v
INFO: [BD 41-1029] Generation completed for the IP Integrator block hls_inst .
Exporting to file /home/chips/Storage/zoho/hls_component/filter_dut/hls/impl/verilog/project.gen/sources_1/bd/bd_0/hw_handoff/bd_0.hwh
Generated Hardware Definition File /home/chips/Storage/zoho/hls_component/filter_dut/hls/impl/verilog/project.gen/sources_1/bd/bd_0/synth/bd_0.hwdef
INFO: [IP_Flow 19-6924] IPCACHE: Running cache check for IP inst: bd_0_hls_inst_0
WARNING: [Vivado 12-7122] Auto Incremental Compile:: No reference checkpoint was found in run synth_1. Auto-incremental flow will not be run, the standard flow will be run instead.
# foreach run [get_runs -filter {IS_SYNTHESIS == 1}] {
#   reset_run [get_runs $run]
# }
# set_property XPM_LIBRARIES {XPM_MEMORY XPM_FIFO} [current_project]
# hls_vivado_reports_setup $report_options
TIMESTAMP: HLS-REPORT: initialize report directories: 2025-02-03 14:24:13 IST
# if { $has_synth || $has_impl } {
#   # synth properties setting
#   set_property -name {STEPS.SYNTH_DESIGN.ARGS.MORE OPTIONS} -value {-mode out_of_context} -objects [get_runs synth_1]
#   set ip_inst [get_ips -quiet ${bd_design_name}*${bd_inst_name}*]
#   if { ![llength $ip_inst] } {
#       error "Cannot find HLS IP instance: ${bd_design_name}*${bd_inst_name}*"
#   }
#   set synth_run [get_runs -filter {IS_SYNTHESIS == 1} ${ip_inst}*]
#   if { ![llength $synth_run] } {
#       error "Cannot find synth run for HLS IP: ${ip_inst}*"
#   }
# 
#   if { [llength $synth_design_args] } {
#       set_property -name {STEPS.SYNTH_DESIGN.ARGS.MORE OPTIONS} -value $synth_design_args -objects $synth_run
#   }
# 
#   if { [llength $synth_props] } {
#     set_property -dict $synth_props $synth_run
#   }
# 
#   # launch run synth
#   launch_runs synth_1
#   wait_on_run synth_1
#   # synth reports
#   hls_vivado_reports_synth synth_1 $report_options
#   if { $synth_dcp ne "" } {
#     file mkdir [file dirname $synth_dcp]
#     set run_dcp [glob -nocomplain [get_property DIRECTORY $synth_run]/*.dcp]
#     if { [llength $run_dcp] != 1 } { error "Cannot find single dcp file for run $synth_run" }
#     file copy -force $run_dcp $synth_dcp
#   }
# }
INFO: [IP_Flow 19-6924] IPCACHE: Running cache check for IP inst: bd_0_hls_inst_0
WARNING: [Vivado 12-7122] Auto Incremental Compile:: No reference checkpoint was found in run synth_1. Auto-incremental flow will not be run, the standard flow will be run instead.
[Mon Feb  3 14:24:13 2025] Launched bd_0_hls_inst_0_synth_1...
Run output will be captured here: /home/chips/Storage/zoho/hls_component/filter_dut/hls/impl/verilog/project.runs/bd_0_hls_inst_0_synth_1/runme.log
[Mon Feb  3 14:24:13 2025] Launched synth_1...
Run output will be captured here: /home/chips/Storage/zoho/hls_component/filter_dut/hls/impl/verilog/project.runs/synth_1/runme.log
[Mon Feb  3 14:24:13 2025] Waiting for synth_1 to finish...
[Mon Feb  3 14:24:39 2025] synth_1 finished
ERROR: [Vivado 12-13638] Failed runs(s) : 'bd_0_hls_inst_0_synth_1'
 'bd_0_hls_inst_0_synth_1' run failed with below errors.
ERROR: [Common 17-345] A valid license was not found for feature 'Synthesis' and/or device 'xcvu9p'. Please run the Vivado License Manager for assistance in determining
which features and devices are licensed for your system.
Resolution: Check the status of your licenses in the Vivado License Manager. For debug help search Xilinx Support for "Licensing FAQ". If you are using a license server, verify that the license server is up and running a version of the xilinx daemon that is compatible with the version of Xilinx software that you are using. Note: Vivado 2021.1 and later versions require upgrading your license server tools to the Flex 11.17.2.0 versions. Please confirm with your license admin that the correct version of the license server tools are installed.

wait_on_runs: Time (s): cpu = 00:00:22 ; elapsed = 00:00:25 . Memory (MB): peak = 2189.336 ; gain = 0.000 ; free physical = 75465 ; free virtual = 133968
ERROR: [Common 17-39] 'wait_on_runs' failed due to earlier errors.

    while executing
"wait_on_run synth_1"
    invoked from within
"if { $has_synth || $has_impl } {
  # synth properties setting
  set_property -name {STEPS.SYNTH_DESIGN.ARGS.MORE OPTIONS} -value {-mode out_of_context..."
    (file "run_vivado.tcl" line 132)
INFO: [Common 17-206] Exiting Vivado at Mon Feb  3 14:24:39 2025...
ERROR: [HLS 200-478] vivado returned an error 
ERROR: 
INFO: [HLS 200-112] Total CPU user time: 73.31 seconds. Total CPU system time: 2.02 seconds. Total elapsed time: 82.23 seconds; peak allocated memory: 400.668 MB.
