INFO: [vitis-run 60-1548] Creating build summary session with primary output /home/chips/Storage/zoho/hls_component/filter_dut/filter_dut.hlsrun_package_summary, at Mon Feb  3 14:22:41 2025
INFO: [vitis-run 82-31] Launching vitis_hls: vitis_hls -nolog -run package -work_dir /home/chips/Storage/zoho/hls_component/filter_dut -config /home/chips/Storage/zoho/hls_component/hls_config.cfg -cmdlineconfig /home/chips/Storage/zoho/hls_component/filter_dut/hls/config.cmdline
INFO: [HLS 200-10] For user 'chips' on host 'chips-server' (Linux_x86_64 version 5.11.0-49-generic) on Mon Feb 03 14:22:43 IST 2025
INFO: [HLS 200-10] On os Ubuntu 21.04
INFO: [HLS 200-10] In directory '/home/chips/Storage/zoho/hls_component'
INFO: [HLS 200-2005] Using work_dir /home/chips/Storage/zoho/hls_component/filter_dut 
INFO: [HLS 200-1611] Setting target device to 'xcvu9p-flga2104-2-i'
INFO: [HLS 200-1505] Using default flow_target 'vivado'
Resolution: For help on HLS 200-1505 see docs.xilinx.com/access/sources/dita/topic?Doc_Version=2024.1%20English&url=ug1448-hls-guidance&resourceid=200-1505.html
INFO: [HLS 200-1465] Applying ini 'syn.file=/home/chips/Storage/APZ-DA/Addon_Queries/SELECT/dynamic_filter/filter_dut.cpp' from /home/chips/Storage/zoho/hls_component/hls_config.cfg(8)
INFO: [HLS 200-10] Adding design file '/home/chips/Storage/APZ-DA/Addon_Queries/SELECT/dynamic_filter/filter_dut.cpp' to the project
INFO: [HLS 200-1465] Applying ini 'syn.file=/home/chips/Storage/APZ-DA/Addon_Queries/SELECT/dynamic_filter/filter_dut.hpp' from /home/chips/Storage/zoho/hls_component/hls_config.cfg(9)
INFO: [HLS 200-10] Adding design file '/home/chips/Storage/APZ-DA/Addon_Queries/SELECT/dynamic_filter/filter_dut.hpp' to the project
INFO: [HLS 200-1465] Applying ini 'tb.file=/home/chips/Storage/APZ-DA/Addon_Queries/SELECT/dynamic_filter/filter_test.cpp' from /home/chips/Storage/zoho/hls_component/hls_config.cfg(10)
INFO: [HLS 200-10] Adding test bench file '/home/chips/Storage/APZ-DA/Addon_Queries/SELECT/dynamic_filter/filter_test.cpp' to the project
INFO: [HLS 200-1465] Applying ini 'syn.top=filter_dut' from /home/chips/Storage/zoho/hls_component/hls_config.cfg(7)
INFO: [HLS 200-1465] Applying ini 'flow_target=vivado' from /home/chips/Storage/zoho/hls_component/hls_config.cfg(4)
INFO: [HLS 200-1505] Using flow_target 'vivado'
Resolution: For help on HLS 200-1505 see docs.xilinx.com/access/sources/dita/topic?Doc_Version=2024.1%20English&url=ug1448-hls-guidance&resourceid=200-1505.html
INFO: [HLS 200-1465] Applying ini 'part=xcvu9p-flga2104-2-i' from /home/chips/Storage/zoho/hls_component/hls_config.cfg(1)
INFO: [HLS 200-1465] Applying ini 'package.output.format=ip_catalog' from /home/chips/Storage/zoho/hls_component/hls_config.cfg(5)
INFO: [IMPL 213-8] Exporting RTL as a Vivado IP.

****** Vivado v2024.1 (64-bit)
  **** SW Build 5076996 on Wed May 22 18:36:09 MDT 2024
  **** IP Build 5075265 on Wed May 22 21:45:21 MDT 2024
  **** SharedData Build 5076995 on Wed May 22 18:29:18 MDT 2024
  **** Start of session at: Mon Feb  3 14:22:47 2025
    ** Copyright 1986-2022 Xilinx, Inc. All Rights Reserved.
    ** Copyright 2022-2024 Advanced Micro Devices, Inc. All Rights Reserved.

source run_ippack.tcl -notrace
INFO: calling package_hls_ip ip_types=vitis sysgen json_file=/home/chips/Storage/zoho/hls_component/filter_dut/hls/hls_data.json outdir=/home/chips/Storage/zoho/hls_component/filter_dut/hls/impl/ip srcdir=/home/chips/Storage/zoho/hls_component/filter_dut/hls sort_interfaces_ports=false
INFO: Copied 1 ipmisc file(s) to /home/chips/Storage/zoho/hls_component/filter_dut/hls/impl/ip/misc
INFO: Copied 32 verilog file(s) to /home/chips/Storage/zoho/hls_component/filter_dut/hls/impl/ip/hdl/verilog
INFO: Copied 29 vhdl file(s) to /home/chips/Storage/zoho/hls_component/filter_dut/hls/impl/ip/hdl/vhdl
ipx::create_core: Time (s): cpu = 00:00:17 ; elapsed = 00:00:17 . Memory (MB): peak = 1832.379 ; gain = 386.836 ; free physical = 75918 ; free virtual = 134419
INFO: Import ports from HDL: /home/chips/Storage/zoho/hls_component/filter_dut/hls/impl/ip/hdl/vhdl/filter_dut.vhd (filter_dut)
INFO: Add clock interface ap_clk
INFO: Add reset interface ap_rst
INFO: Add ap_ctrl interface ap_ctrl
INFO: Add ap_fifo interface filter_cfg_strm
INFO: [IP_Flow 19-234] Refreshing IP repositories
INFO: [IP_Flow 19-1704] No user IP repositories specified
INFO: [IP_Flow 19-2313] Loaded Vivado IP repository '/home/chips/Storage/Vivado/2024.1/data/ip'.
INFO: Add ap_fifo interface k_strms_0
INFO: Add ap_fifo interface k_strms_1
INFO: Add ap_fifo interface k_strms_2
INFO: Add ap_fifo interface k_strms_3
INFO: Add ap_fifo interface p_strm
INFO: Add ap_fifo interface e_strm
INFO: Add ap_fifo interface f_strm
INFO: Add ap_fifo interface e_f_strm
INFO: Calling post_process_vitis to specialize IP
INFO: Calling post_process_sysgen to specialize IP
Generating sysgen info xml from json file
INFO: Created IP /home/chips/Storage/zoho/hls_component/filter_dut/hls/impl/ip/component.xml
INFO: Created IP archive /home/chips/Storage/zoho/hls_component/filter_dut/hls/impl/ip/xilinx_com_hls_filter_dut_1_0.zip
INFO: [Common 17-206] Exiting Vivado at Mon Feb  3 14:23:07 2025...
INFO: [HLS 200-802] Generated output file filter_dut/filter_dut.zip
INFO: [HLS 200-112] Total CPU user time: 26.19 seconds. Total CPU system time: 0.57 seconds. Total elapsed time: 29.02 seconds; peak allocated memory: 400.258 MB.
INFO: [vitis-run 60-791] Total elapsed time: 0h 0m 32s
