INFO: [v++ 60-1548] Creating build summary session with primary output /home/chips/Storage/zoho/hls_component/filter_dut/filter_dut.hlscompile_summary, at Mon Feb  3 14:14:03 2025
INFO: [v++ 82-31] Launching vitis_hls: vitis_hls -nolog -run csynth -work_dir /home/chips/Storage/zoho/hls_component/filter_dut -config /home/chips/Storage/zoho/hls_component/hls_config.cfg -cmdlineconfig /home/chips/Storage/zoho/hls_component/filter_dut/hls/config.cmdline
INFO: [HLS 200-10] For user 'chips' on host 'chips-server' (Linux_x86_64 version 5.11.0-49-generic) on Mon Feb 03 14:14:05 IST 2025
INFO: [HLS 200-10] On os Ubuntu 21.04
INFO: [HLS 200-10] In directory '/home/chips/Storage/zoho/hls_component'
INFO: [HLS 200-2005] Using work_dir /home/chips/Storage/zoho/hls_component/filter_dut 
INFO: [HLS 200-1505] Using default flow_target 'vivado'
Resolution: For help on HLS 200-1505 see docs.xilinx.com/access/sources/dita/topic?Doc_Version=2024.1%20English&url=ug1448-hls-guidance&resourceid=200-1505.html
INFO: [HLS 200-1465] Applying ini 'syn.file=/home/chips/Storage/APZ-DA/Addon_Queries/SELECT/dynamic_filter/filter_dut.cpp' from /home/chips/Storage/zoho/hls_component/hls_config.cfg(8)
INFO: [HLS 200-10] Adding design file '/home/chips/Storage/APZ-DA/Addon_Queries/SELECT/dynamic_filter/filter_dut.cpp' to the project
INFO: [HLS 200-1465] Applying ini 'syn.file=/home/chips/Storage/APZ-DA/Addon_Queries/SELECT/dynamic_filter/filter_dut.hpp' from /home/chips/Storage/zoho/hls_component/hls_config.cfg(9)
INFO: [HLS 200-10] Adding design file '/home/chips/Storage/APZ-DA/Addon_Queries/SELECT/dynamic_filter/filter_dut.hpp' to the project
INFO: [HLS 200-1465] Applying ini 'tb.file=/home/chips/Storage/APZ-DA/Addon_Queries/SELECT/dynamic_filter/filter_test.cpp' from /home/chips/Storage/zoho/hls_component/hls_config.cfg(10)
INFO: [HLS 200-10] Adding test bench file '/home/chips/Storage/APZ-DA/Addon_Queries/SELECT/dynamic_filter/filter_test.cpp' to the project
INFO: [HLS 200-1465] Applying ini 'syn.top=filter_dut' from /home/chips/Storage/zoho/hls_component/hls_config.cfg(7)
INFO: [HLS 200-1465] Applying ini 'flow_target=vivado' from /home/chips/Storage/zoho/hls_component/hls_config.cfg(4)
INFO: [HLS 200-1505] Using flow_target 'vivado'
Resolution: For help on HLS 200-1505 see docs.xilinx.com/access/sources/dita/topic?Doc_Version=2024.1%20English&url=ug1448-hls-guidance&resourceid=200-1505.html
INFO: [HLS 200-1465] Applying ini 'part=xcvu9p-flga2104-2-i' from /home/chips/Storage/zoho/hls_component/hls_config.cfg(1)
INFO: [HLS 200-1611] Setting target device to 'xcvu9p-flga2104-2-i'
INFO: [HLS 200-1465] Applying ini 'package.output.format=ip_catalog' from /home/chips/Storage/zoho/hls_component/hls_config.cfg(5)
INFO: [HLS 200-111] Finished File checks and directory preparation: CPU user time: 2.27 seconds. CPU system time: 0.12 seconds. Elapsed time: 2.78 seconds; current allocated memory: 340.844 MB.
INFO: [HLS 200-10] Analyzing design file '../../APZ-DA/Addon_Queries/SELECT/dynamic_filter/filter_dut.cpp' ... 
ERROR: [HLS 207-812] 'xf_database/dynamic_filter.hpp' file not found (../../APZ-DA/Addon_Queries/SELECT/dynamic_filter/filter_dut.hpp:28:10)
ERROR: 
INFO: [HLS 200-112] Total CPU user time: 2.37 seconds. Total CPU system time: 0.17 seconds. Total elapsed time: 2.93 seconds; peak allocated memory: 342.293 MB.
