INFO: [HLS 200-2005] Using work_dir /primary/PGSQL_Vitis/DELETE_Q/DELETE_Q/DELETE_Q 
INFO: [HLS 200-1505] Using default flow_target 'vivado'
Resolution: For help on HLS 200-1505 see docs.xilinx.com/access/sources/dita/topic?Doc_Version=2024.2%20English&url=ug1448-hls-guidance&resourceid=200-1505.html
INFO: [HLS 200-1465] Applying ini 'syn.file=/primary/PGSQL_Vitis/DELETE_Q/DELETE_Q.cpp' from /primary/PGSQL_Vitis/DELETE_Q/DELETE_Q/hls_config.cfg(7)
INFO: [HLS 200-10] Adding design file '/primary/PGSQL_Vitis/DELETE_Q/DELETE_Q.cpp' to the project
INFO: [HLS 200-1465] Applying ini 'syn.file=/primary/PGSQL_Vitis/DELETE_Q/DELETE_Q.hpp' from /primary/PGSQL_Vitis/DELETE_Q/DELETE_Q/hls_config.cfg(8)
INFO: [HLS 200-10] Adding design file '/primary/PGSQL_Vitis/DELETE_Q/DELETE_Q.hpp' to the project
INFO: [HLS 200-1465] Applying ini 'tb.file=/primary/PGSQL_Vitis/DELETE_Q/DELETE_Q_Test.cpp' from /primary/PGSQL_Vitis/DELETE_Q/DELETE_Q/hls_config.cfg(9)
INFO: [HLS 200-10] Adding test bench file '/primary/PGSQL_Vitis/DELETE_Q/DELETE_Q_Test.cpp' to the project
INFO: [HLS 200-1465] Applying ini 'syn.top=delete_1' from /primary/PGSQL_Vitis/DELETE_Q/DELETE_Q/hls_config.cfg(11)
INFO: [HLS 200-1465] Applying ini 'flow_target=vitis' from /primary/PGSQL_Vitis/DELETE_Q/DELETE_Q/hls_config.cfg(4)
INFO: [HLS 200-1505] Using flow_target 'vitis'
Resolution: For help on HLS 200-1505 see docs.xilinx.com/access/sources/dita/topic?Doc_Version=2024.2%20English&url=ug1448-hls-guidance&resourceid=200-1505.html
INFO: [HLS 200-435] Setting 'open_solution -flow_target vitis' configuration: config_interface -m_axi_latency=64
INFO: [HLS 200-435] Setting 'open_solution -flow_target vitis' configuration: config_interface -m_axi_alignment_byte_size=64
INFO: [HLS 200-435] Setting 'open_solution -flow_target vitis' configuration: config_interface -m_axi_max_widen_bitwidth=512
INFO: [HLS 200-435] Setting 'open_solution -flow_target vitis' configuration: config_rtl -register_reset_num=3
INFO: [HLS 200-1465] Applying ini 'part=xcu50-fsvh2104-3-e' from /primary/PGSQL_Vitis/DELETE_Q/DELETE_Q/hls_config.cfg(1)
INFO: [HLS 200-1611] Setting target device to 'xcu50-fsvh2104-3-e'
INFO: [HLS 200-1465] Applying ini 'csim.code_analyzer=0' from /primary/PGSQL_Vitis/DELETE_Q/DELETE_Q/hls_config.cfg(10)
INFO: [HLS 200-1465] Applying ini 'package.output.format=xo' from /primary/PGSQL_Vitis/DELETE_Q/DELETE_Q/hls_config.cfg(5)
INFO: [SIM 211-2] *************** CSIM start ***************
INFO: [SIM 211-4] CSIM will launch CLANG as the compiler.
INFO: [HLS 200-2036] Building debug C Simulation binaries
   Compiling ../../../../../DELETE_Q_Test.cpp in debug mode
   Generating csim.exe
Writing test data to input streams...
Running delete_q_top...
ERROR [HLS SIM]: an hls::stream is read while empty, which may result in RTL simulation hanging.
If this is not expected, execute C simulation in debug mode in the GUI and examine the source code location of the blocked hls::stream::read() call to debug.
If this is expected, add -DALLOW_EMPTY_HLS_STREAM_READS to -cflags to turn this error into a warning and allow empty hls::stream reads to return the default value for the data type.
@E Simulation failed with unknown error.
ERROR: [SIM 211-100] CSim failed with errors.
INFO: [SIM 211-3] *************** CSIM finish ***************
ERROR: 4
INFO: [HLS 200-112] Total CPU user time: 10.02 seconds. Total CPU system time: 1.26 seconds. Total elapsed time: 13.11 seconds; peak allocated memory: 326.973 MB.
