INFO: [HLS 200-2005] Using work_dir /primary/PGSQL_Vitis/DELETE_Q/DELETE_Q/DELETE_Q 
INFO: [HLS 200-1505] Using default flow_target 'vivado'
Resolution: For help on HLS 200-1505 see docs.xilinx.com/access/sources/dita/topic?Doc_Version=2024.2%20English&url=ug1448-hls-guidance&resourceid=200-1505.html
INFO: [HLS 200-1465] Applying ini 'syn.file=/primary/PGSQL_Vitis/DELETE_Q/DELETE_Q.cpp' from /primary/PGSQL_Vitis/DELETE_Q/DELETE_Q/hls_config.cfg(7)
INFO: [HLS 200-10] Adding design file '/primary/PGSQL_Vitis/DELETE_Q/DELETE_Q.cpp' to the project
INFO: [HLS 200-1465] Applying ini 'syn.file=/primary/PGSQL_Vitis/DELETE_Q/DELETE_Q.hpp' from /primary/PGSQL_Vitis/DELETE_Q/DELETE_Q/hls_config.cfg(8)
INFO: [HLS 200-10] Adding design file '/primary/PGSQL_Vitis/DELETE_Q/DELETE_Q.hpp' to the project
INFO: [HLS 200-1465] Applying ini 'tb.file=/primary/PGSQL_Vitis/DELETE_Q/DELETE_Q_Test.cpp' from /primary/PGSQL_Vitis/DELETE_Q/DELETE_Q/hls_config.cfg(9)
INFO: [HLS 200-10] Adding test bench file '/primary/PGSQL_Vitis/DELETE_Q/DELETE_Q_Test.cpp' to the project
INFO: [HLS 200-1465] Applying ini 'syn.top=delete_1' from /primary/PGSQL_Vitis/DELETE_Q/DELETE_Q/hls_config.cfg(11)
INFO: [HLS 200-1465] Applying ini 'flow_target=vitis' from /primary/PGSQL_Vitis/DELETE_Q/DELETE_Q/hls_config.cfg(4)
INFO: [HLS 200-1505] Using flow_target 'vitis'
Resolution: For help on HLS 200-1505 see docs.xilinx.com/access/sources/dita/topic?Doc_Version=2024.2%20English&url=ug1448-hls-guidance&resourceid=200-1505.html
INFO: [HLS 200-435] Setting 'open_solution -flow_target vitis' configuration: config_interface -m_axi_latency=64
INFO: [HLS 200-435] Setting 'open_solution -flow_target vitis' configuration: config_interface -m_axi_alignment_byte_size=64
INFO: [HLS 200-435] Setting 'open_solution -flow_target vitis' configuration: config_interface -m_axi_max_widen_bitwidth=512
INFO: [HLS 200-435] Setting 'open_solution -flow_target vitis' configuration: config_rtl -register_reset_num=3
INFO: [HLS 200-1465] Applying ini 'part=xcu50-fsvh2104-3-e' from /primary/PGSQL_Vitis/DELETE_Q/DELETE_Q/hls_config.cfg(1)
INFO: [HLS 200-1611] Setting target device to 'xcu50-fsvh2104-3-e'
INFO: [HLS 200-1465] Applying ini 'csim.code_analyzer=1' from /primary/PGSQL_Vitis/DELETE_Q/DELETE_Q/hls_config.cfg(10)
INFO: [HLS 200-1465] Applying ini 'package.output.format=xo' from /primary/PGSQL_Vitis/DELETE_Q/DELETE_Q/hls_config.cfg(5)
INFO: [SIM 211-200] Executing Code Analyzer instead of classic HLS C simulation
INFO: [HLS 211-200] Compiling source code /primary/PGSQL_Vitis/DELETE_Q/DELETE_Q_Test.cpp as test bench code with instrumentation
INFO: [HLS 211-200] Transforming hardware bitcode
error: No function with the configured top-level function name was found
slxcmd:0:0: warning: Non-zero exit code: 1 returned by 'INFO: [HLS 211-200] Transforming hardware bitcode'
ERROR: [SIM 211-200] Code Analyzer execution failed. Consider running the classic C simulation instead by disabling the hls.csim.code_analyzer option in the config file.
ERROR: Problem running csim: child process exited abnormally
INFO: [HLS 200-112] Total CPU user time: 10.29 seconds. Total CPU system time: 1.25 seconds. Total elapsed time: 12.97 seconds; peak allocated memory: 326.879 MB.
