/primary/PGSQL_Vitis/DELETE_Q/DELETE_Q/DELETE_Q/hls/.autopilot/db/DELETE_Q.pp.0.cpp:2264:5: warning: Added loop label VITIS_LOOP_676_1:   [xilinx-label-all-loops]
    for (unsigned i = low; i != high+1; ++i) {
    ^~~
    VITIS_LOOP_676_1: 
/primary/PGSQL_Vitis/DELETE_Q/DELETE_Q/DELETE_Q/hls/.autopilot/db/DELETE_Q.pp.0.cpp:2264:5: note: FIX-IT applied suggested code changes
/primary/PGSQL_Vitis/DELETE_Q/DELETE_Q/DELETE_Q/hls/.autopilot/db/DELETE_Q.pp.0.cpp:2278:5: warning: Added loop label VITIS_LOOP_690_1:   [xilinx-label-all-loops]
    for (unsigned i = low; i != high+1; ++i) {
    ^~~
    VITIS_LOOP_690_1: 
/primary/PGSQL_Vitis/DELETE_Q/DELETE_Q/DELETE_Q/hls/.autopilot/db/DELETE_Q.pp.0.cpp:2278:5: note: FIX-IT applied suggested code changes
/primary/PGSQL_Vitis/DELETE_Q/DELETE_Q/DELETE_Q/hls/.autopilot/db/DELETE_Q.pp.0.cpp:2292:5: warning: Added loop label VITIS_LOOP_704_1:   [xilinx-label-all-loops]
    for (unsigned i = low; i != high+1; ++i) {
    ^~~
    VITIS_LOOP_704_1: 
/primary/PGSQL_Vitis/DELETE_Q/DELETE_Q/DELETE_Q/hls/.autopilot/db/DELETE_Q.pp.0.cpp:2292:5: note: FIX-IT applied suggested code changes
/primary/PGSQL_Vitis/DELETE_Q/DELETE_Q/DELETE_Q/hls/.autopilot/db/DELETE_Q.pp.0.cpp:3926:7: warning: Added loop label VITIS_LOOP_1248_1:   [xilinx-label-all-loops]
      for (i = 0; i < __N - 1; ++i) {
      ^~~
      VITIS_LOOP_1248_1: 
/primary/PGSQL_Vitis/DELETE_Q/DELETE_Q/DELETE_Q/hls/.autopilot/db/DELETE_Q.pp.0.cpp:3926:7: note: FIX-IT applied suggested code changes
/primary/PGSQL_Vitis/DELETE_Q/DELETE_Q/DELETE_Q/hls/.autopilot/db/DELETE_Q.pp.0.cpp:34267:5: warning: Added loop label VITIS_LOOP_24_1:   [xilinx-label-all-loops]
    while (!e) {
    ^~~~~
    VITIS_LOOP_24_1: 
/primary/PGSQL_Vitis/DELETE_Q/DELETE_Q/DELETE_Q/hls/.autopilot/db/DELETE_Q.pp.0.cpp:34267:5: note: FIX-IT applied suggested code changes
/primary/PGSQL_Vitis/DELETE_Q/DELETE_Q/DELETE_Q/hls/.autopilot/db/DELETE_Q.pp.0.cpp:34319:2: warning: Added loop label VITIS_LOOP_76_1:   [xilinx-label-all-loops]
 while(!e){
 ^~~~~
 VITIS_LOOP_76_1: 
/primary/PGSQL_Vitis/DELETE_Q/DELETE_Q/DELETE_Q/hls/.autopilot/db/DELETE_Q.pp.0.cpp:34319:2: note: FIX-IT applied suggested code changes
/primary/PGSQL_Vitis/DELETE_Q/DELETE_Q/DELETE_Q/hls/.autopilot/db/DELETE_Q.pp.0.cpp:34363:2: warning: Added loop label VITIS_LOOP_120_1:   [xilinx-label-all-loops]
 while(!e){
 ^~~~~
 VITIS_LOOP_120_1: 
/primary/PGSQL_Vitis/DELETE_Q/DELETE_Q/DELETE_Q/hls/.autopilot/db/DELETE_Q.pp.0.cpp:34363:2: note: FIX-IT applied suggested code changes
