

================================================================
== Vitis HLS Report for 'filter_dut'
================================================================
* Date:           Mon Feb  3 14:21:57 2025

* Version:        2024.1 (Build 5069499 on May 21 2024)
* Project:        filter_dut
* Solution:       hls (Vivado IP Flow Target)
* Product family: virtexuplus
* Target device:  xcvu9p-flga2104-2-i


================================================================
== Performance Estimates
================================================================
+ Timing: 
    * Summary: 
    +--------+----------+----------+------------+
    |  Clock |  Target  | Estimated| Uncertainty|
    +--------+----------+----------+------------+
    |ap_clk  |  10.00 ns|  4.489 ns|     2.70 ns|
    +--------+----------+----------+------------+

+ Latency: 
    * Summary: 
    +---------+---------+----------+----------+-----+-----+---------+
    |  Latency (cycles) |  Latency (absolute) |  Interval | Pipeline|
    |   min   |   max   |    min   |    max   | min | max |   Type  |
    +---------+---------+----------+----------+-----+-----+---------+
    |        ?|        ?|         ?|         ?|    ?|    ?|       no|
    +---------+---------+----------+----------+-----+-----+---------+

    + Detail: 
        * Instance: 
        +---------------------------------+-----------------------+---------+---------+----------+----------+-----+-----+----------+
        |                                 |                       |  Latency (cycles) |  Latency (absolute) |  Interval | Pipeline |
        |             Instance            |         Module        |   min   |   max   |    min   |    max   | min | max |   Type   |
        +---------------------------------+-----------------------+---------+---------+----------+----------+-----+-----+----------+
        |grp_dynamicFilter_32_32_s_fu_36  |dynamicFilter_32_32_s  |        ?|        ?|         ?|         ?|    ?|    ?|  dataflow|
        +---------------------------------+-----------------------+---------+---------+----------+----------+-----+-----+----------+

        * Loop: 
        N/A



================================================================
== Utilization Estimates
================================================================
* Summary: 
+---------------------+---------+------+---------+---------+-----+
|         Name        | BRAM_18K|  DSP |    FF   |   LUT   | URAM|
+---------------------+---------+------+---------+---------+-----+
|DSP                  |        -|     -|        -|        -|    -|
|Expression           |        -|     -|        0|        2|    -|
|FIFO                 |        -|     -|        -|        -|    -|
|Instance             |        0|     -|     1846|     7857|    0|
|Memory               |        -|     -|        -|        -|    -|
|Multiplexer          |        -|     -|        0|       95|    -|
|Register             |        -|     -|        5|        -|    -|
+---------------------+---------+------+---------+---------+-----+
|Total                |        0|     0|     1851|     7954|    0|
+---------------------+---------+------+---------+---------+-----+
|Available SLR        |     1440|  2280|   788160|   394080|  320|
+---------------------+---------+------+---------+---------+-----+
|Utilization SLR (%)  |        0|     0|       ~0|        2|    0|
+---------------------+---------+------+---------+---------+-----+
|Available            |     4320|  6840|  2364480|  1182240|  960|
+---------------------+---------+------+---------+---------+-----+
|Utilization (%)      |        0|     0|       ~0|       ~0|    0|
+---------------------+---------+------+---------+---------+-----+

+ Detail: 
    * Instance: 
    +---------------------------------+-----------------------+---------+----+------+------+-----+
    |             Instance            |         Module        | BRAM_18K| DSP|  FF  |  LUT | URAM|
    +---------------------------------+-----------------------+---------+----+------+------+-----+
    |grp_dynamicFilter_32_32_s_fu_36  |dynamicFilter_32_32_s  |        0|   0|  1846|  7857|    0|
    +---------------------------------+-----------------------+---------+----+------+------+-----+
    |Total                            |                       |        0|   0|  1846|  7857|    0|
    +---------------------------------+-----------------------+---------+----+------+------+-----+

    * DSP: 
    N/A

    * Memory: 
    N/A

    * FIFO: 
    N/A

    * Expression: 
    +--------------------------------------------------+----------+----+---+----+------------+------------+
    |                   Variable Name                  | Operation| DSP| FF| LUT| Bitwidth P0| Bitwidth P1|
    +--------------------------------------------------+----------+----+---+----+------------+------------+
    |ap_sync_grp_dynamicFilter_32_32_s_fu_36_ap_ready  |        or|   0|  0|   2|           1|           1|
    +--------------------------------------------------+----------+----+---+----+------------+------------+
    |Total                                             |          |   0|  0|   2|           1|           1|
    +--------------------------------------------------+----------+----+---+----+------------+------------+

    * Multiplexer: 
    +----------------------+----+-----------+-----+-----------+
    |         Name         | LUT| Input Size| Bits| Total Bits|
    +----------------------+----+-----------+-----+-----------+
    |ap_NS_fsm             |  14|          3|    1|          3|
    |e_f_strm_write        |   9|          2|    1|          2|
    |e_strm_read           |   9|          2|    1|          2|
    |f_strm_write          |   9|          2|    1|          2|
    |filter_cfg_strm_read  |   9|          2|    1|          2|
    |k_strms_0_read        |   9|          2|    1|          2|
    |k_strms_1_read        |   9|          2|    1|          2|
    |k_strms_2_read        |   9|          2|    1|          2|
    |k_strms_3_read        |   9|          2|    1|          2|
    |p_strm_read           |   9|          2|    1|          2|
    +----------------------+----+-----------+-----+-----------+
    |Total                 |  95|         21|   10|         21|
    +----------------------+----+-----------+-----+-----------+

    * Register: 
    +------------------------------------------------------+---+----+-----+-----------+
    |                         Name                         | FF| LUT| Bits| Const Bits|
    +------------------------------------------------------+---+----+-----+-----------+
    |ap_CS_fsm                                             |  2|   0|    2|          0|
    |ap_sync_reg_grp_dynamicFilter_32_32_s_fu_36_ap_done   |  1|   0|    1|          0|
    |ap_sync_reg_grp_dynamicFilter_32_32_s_fu_36_ap_ready  |  1|   0|    1|          0|
    |grp_dynamicFilter_32_32_s_fu_36_ap_start_reg          |  1|   0|    1|          0|
    +------------------------------------------------------+---+----+-----+-----------+
    |Total                                                 |  5|   0|    5|          0|
    +------------------------------------------------------+---+----+-----+-----------+



================================================================
== Interface
================================================================
* Summary: 
+-------------------------+-----+-----+------------+-----------------+--------------+
|        RTL Ports        | Dir | Bits|  Protocol  |  Source Object  |    C Type    |
+-------------------------+-----+-----+------------+-----------------+--------------+
|ap_clk                   |   in|    1|  ap_ctrl_hs|       filter_dut|  return value|
|ap_rst                   |   in|    1|  ap_ctrl_hs|       filter_dut|  return value|
|ap_start                 |   in|    1|  ap_ctrl_hs|       filter_dut|  return value|
|ap_done                  |  out|    1|  ap_ctrl_hs|       filter_dut|  return value|
|ap_idle                  |  out|    1|  ap_ctrl_hs|       filter_dut|  return value|
|ap_ready                 |  out|    1|  ap_ctrl_hs|       filter_dut|  return value|
|filter_cfg_strm_dout     |   in|   32|     ap_fifo|  filter_cfg_strm|       pointer|
|filter_cfg_strm_empty_n  |   in|    1|     ap_fifo|  filter_cfg_strm|       pointer|
|filter_cfg_strm_read     |  out|    1|     ap_fifo|  filter_cfg_strm|       pointer|
|k_strms_0_dout           |   in|   32|     ap_fifo|        k_strms_0|       pointer|
|k_strms_0_empty_n        |   in|    1|     ap_fifo|        k_strms_0|       pointer|
|k_strms_0_read           |  out|    1|     ap_fifo|        k_strms_0|       pointer|
|k_strms_1_dout           |   in|   32|     ap_fifo|        k_strms_1|       pointer|
|k_strms_1_empty_n        |   in|    1|     ap_fifo|        k_strms_1|       pointer|
|k_strms_1_read           |  out|    1|     ap_fifo|        k_strms_1|       pointer|
|k_strms_2_dout           |   in|   32|     ap_fifo|        k_strms_2|       pointer|
|k_strms_2_empty_n        |   in|    1|     ap_fifo|        k_strms_2|       pointer|
|k_strms_2_read           |  out|    1|     ap_fifo|        k_strms_2|       pointer|
|k_strms_3_dout           |   in|   32|     ap_fifo|        k_strms_3|       pointer|
|k_strms_3_empty_n        |   in|    1|     ap_fifo|        k_strms_3|       pointer|
|k_strms_3_read           |  out|    1|     ap_fifo|        k_strms_3|       pointer|
|p_strm_dout              |   in|   32|     ap_fifo|           p_strm|       pointer|
|p_strm_empty_n           |   in|    1|     ap_fifo|           p_strm|       pointer|
|p_strm_read              |  out|    1|     ap_fifo|           p_strm|       pointer|
|e_strm_dout              |   in|    1|     ap_fifo|           e_strm|       pointer|
|e_strm_empty_n           |   in|    1|     ap_fifo|           e_strm|       pointer|
|e_strm_read              |  out|    1|     ap_fifo|           e_strm|       pointer|
|f_strm_din               |  out|   32|     ap_fifo|           f_strm|       pointer|
|f_strm_full_n            |   in|    1|     ap_fifo|           f_strm|       pointer|
|f_strm_write             |  out|    1|     ap_fifo|           f_strm|       pointer|
|e_f_strm_din             |  out|    1|     ap_fifo|         e_f_strm|       pointer|
|e_f_strm_full_n          |   in|    1|     ap_fifo|         e_f_strm|       pointer|
|e_f_strm_write           |  out|    1|     ap_fifo|         e_f_strm|       pointer|
+-------------------------+-----+-----+------------+-----------------+--------------+

