

================================================================
== Vitis HLS Report for 'true_table_4_Pipeline_TRUE_TABLE_READ'
================================================================
* Date:           Mon Feb  3 14:21:56 2025

* Version:        2024.1 (Build 5069499 on May 21 2024)
* Project:        filter_dut
* Solution:       hls (Vivado IP Flow Target)
* Product family: virtexuplus
* Target device:  xcvu9p-flga2104-2-i


================================================================
== Performance Estimates
================================================================
+ Timing: 
    * Summary: 
    +--------+----------+----------+------------+
    |  Clock |  Target  | Estimated| Uncertainty|
    +--------+----------+----------+------------+
    |ap_clk  |  10.00 ns|  2.314 ns|     2.70 ns|
    +--------+----------+----------+------------+

+ Latency: 
    * Summary: 
    +---------+---------+----------+----------+-----+-----+-----------------------------------------------+
    |  Latency (cycles) |  Latency (absolute) |  Interval |                    Pipeline                   |
    |   min   |   max   |    min   |    max   | min | max |                      Type                     |
    +---------+---------+----------+----------+-----+-----+-----------------------------------------------+
    |        ?|        ?|         ?|         ?|    0|    0|  loop auto-rewind stp(delay=0 clock cycles(s))|
    +---------+---------+----------+----------+-----+-----+-----------------------------------------------+

    + Detail: 
        * Instance: 
        N/A

        * Loop: 
        +-------------------+---------+---------+----------+-----------+-----------+------+----------+
        |                   |  Latency (cycles) | Iteration|  Initiation Interval  | Trip |          |
        |     Loop Name     |   min   |   max   |  Latency |  achieved |   target  | Count| Pipelined|
        +-------------------+---------+---------+----------+-----------+-----------+------+----------+
        |- TRUE_TABLE_READ  |        ?|        ?|         3|          1|          1|     ?|       yes|
        +-------------------+---------+---------+----------+-----------+-----------+------+----------+



================================================================
== Utilization Estimates
================================================================
* Summary: 
+---------------------+---------+------+---------+---------+-----+
|         Name        | BRAM_18K|  DSP |    FF   |   LUT   | URAM|
+---------------------+---------+------+---------+---------+-----+
|DSP                  |        -|     -|        -|        -|    -|
|Expression           |        -|     -|        0|       14|    -|
|FIFO                 |        -|     -|        -|        -|    -|
|Instance             |        -|     -|        -|        -|    -|
|Memory               |        -|     -|        -|        -|    -|
|Multiplexer          |        -|     -|        0|       77|    -|
|Register             |        -|     -|        8|        -|    -|
+---------------------+---------+------+---------+---------+-----+
|Total                |        0|     0|        8|       91|    0|
+---------------------+---------+------+---------+---------+-----+
|Available SLR        |     1440|  2280|   788160|   394080|  320|
+---------------------+---------+------+---------+---------+-----+
|Utilization SLR (%)  |        0|     0|       ~0|       ~0|    0|
+---------------------+---------+------+---------+---------+-----+
|Available            |     4320|  6840|  2364480|  1182240|  960|
+---------------------+---------+------+---------+---------+-----+
|Utilization (%)      |        0|     0|       ~0|       ~0|    0|
+---------------------+---------+------+---------+---------+-----+

+ Detail: 
    * Instance: 
    N/A

    * DSP: 
    N/A

    * Memory: 
    N/A

    * FIFO: 
    N/A

    * Expression: 
    +----------------------------------+----------+----+---+----+------------+------------+
    |           Variable Name          | Operation| DSP| FF| LUT| Bitwidth P0| Bitwidth P1|
    +----------------------------------+----------+----+---+----+------------+------------+
    |ap_block_state1_pp0_stage0_iter0  |       and|   0|  0|   2|           1|           1|
    |ap_block_state2_pp0_stage0_iter1  |       and|   0|  0|   2|           1|           1|
    |ap_condition_203                  |       and|   0|  0|   2|           1|           1|
    |ap_condition_208                  |       and|   0|  0|   2|           1|           1|
    |ap_block_pp0_stage0_01001         |        or|   0|  0|   2|           1|           1|
    |ap_block_state3_pp0_stage0_iter2  |        or|   0|  0|   2|           1|           1|
    |ap_enable_pp0                     |       xor|   0|  0|   2|           1|           2|
    +----------------------------------+----------+----+---+----+------------+------------+
    |Total                             |          |   0|  0|  14|           7|           8|
    +----------------------------------+----------+----+---+----+------------+------------+

    * Multiplexer: 
    +-----------------------------+----+-----------+-----+-----------+
    |             Name            | LUT| Input Size| Bits| Total Bits|
    +-----------------------------+----+-----------+-----+-----------+
    |addr_strm_blk_n              |   9|          2|    1|          2|
    |ap_done_int                  |   9|          2|    1|          2|
    |ap_enable_reg_pp0_iter1      |   9|          2|    1|          2|
    |ap_phi_mux_e_1_phi_fu_92_p4  |  14|          3|    1|          3|
    |b_strm_blk_n                 |   9|          2|    1|          2|
    |e_1_reg_89                   |   9|          2|    1|          2|
    |e_addr_strm_blk_n            |   9|          2|    1|          2|
    |e_b_strm_blk_n               |   9|          2|    1|          2|
    +-----------------------------+----+-----------+-----+-----------+
    |Total                        |  77|         17|    8|         17|
    +-----------------------------+----+-----------+-----+-----------+

    * Register: 
    +----------------------------------+---+----+-----+-----------+
    |               Name               | FF| LUT| Bits| Const Bits|
    +----------------------------------+---+----+-----+-----------+
    |ap_CS_fsm                         |  1|   0|    1|          0|
    |ap_done_reg                       |  1|   0|    1|          0|
    |ap_enable_reg_pp0_iter1           |  1|   0|    1|          0|
    |ap_enable_reg_pp0_iter2           |  1|   0|    1|          0|
    |ap_loop_exit_ready_pp0_iter1_reg  |  1|   0|    1|          0|
    |e_1_reg_89                        |  1|   0|    1|          0|
    |e_1_reg_89_pp0_iter1_reg          |  1|   0|    1|          0|
    |e_2_reg_105                       |  1|   0|    1|          0|
    +----------------------------------+---+----+-----+-----------+
    |Total                             |  8|   0|    8|          0|
    +----------------------------------+---+----+-----+-----------+



================================================================
== Interface
================================================================
* Summary: 
+----------------------------+-----+-----+------------+----------------------------------------+--------------+
|          RTL Ports         | Dir | Bits|  Protocol  |              Source Object             |    C Type    |
+----------------------------+-----+-----+------------+----------------------------------------+--------------+
|ap_clk                      |   in|    1|  ap_ctrl_hs|  true_table<4>_Pipeline_TRUE_TABLE_READ|  return value|
|ap_rst                      |   in|    1|  ap_ctrl_hs|  true_table<4>_Pipeline_TRUE_TABLE_READ|  return value|
|ap_start                    |   in|    1|  ap_ctrl_hs|  true_table<4>_Pipeline_TRUE_TABLE_READ|  return value|
|ap_done                     |  out|    1|  ap_ctrl_hs|  true_table<4>_Pipeline_TRUE_TABLE_READ|  return value|
|ap_idle                     |  out|    1|  ap_ctrl_hs|  true_table<4>_Pipeline_TRUE_TABLE_READ|  return value|
|ap_ready                    |  out|    1|  ap_ctrl_hs|  true_table<4>_Pipeline_TRUE_TABLE_READ|  return value|
|e_addr_strm_dout            |   in|    1|     ap_fifo|                             e_addr_strm|       pointer|
|e_addr_strm_num_data_valid  |   in|    4|     ap_fifo|                             e_addr_strm|       pointer|
|e_addr_strm_fifo_cap        |   in|    4|     ap_fifo|                             e_addr_strm|       pointer|
|e_addr_strm_empty_n         |   in|    1|     ap_fifo|                             e_addr_strm|       pointer|
|e_addr_strm_read            |  out|    1|     ap_fifo|                             e_addr_strm|       pointer|
|addr_strm_dout              |   in|   10|     ap_fifo|                               addr_strm|       pointer|
|addr_strm_num_data_valid    |   in|    4|     ap_fifo|                               addr_strm|       pointer|
|addr_strm_fifo_cap          |   in|    4|     ap_fifo|                               addr_strm|       pointer|
|addr_strm_empty_n           |   in|    1|     ap_fifo|                               addr_strm|       pointer|
|addr_strm_read              |  out|    1|     ap_fifo|                               addr_strm|       pointer|
|b_strm_din                  |  out|    1|     ap_fifo|                                  b_strm|       pointer|
|b_strm_num_data_valid       |   in|    4|     ap_fifo|                                  b_strm|       pointer|
|b_strm_fifo_cap             |   in|    4|     ap_fifo|                                  b_strm|       pointer|
|b_strm_full_n               |   in|    1|     ap_fifo|                                  b_strm|       pointer|
|b_strm_write                |  out|    1|     ap_fifo|                                  b_strm|       pointer|
|e_b_strm_din                |  out|    1|     ap_fifo|                                e_b_strm|       pointer|
|e_b_strm_num_data_valid     |   in|    4|     ap_fifo|                                e_b_strm|       pointer|
|e_b_strm_fifo_cap           |   in|    4|     ap_fifo|                                e_b_strm|       pointer|
|e_b_strm_full_n             |   in|    1|     ap_fifo|                                e_b_strm|       pointer|
|e_b_strm_write              |  out|    1|     ap_fifo|                                e_b_strm|       pointer|
|e                           |   in|    1|     ap_none|                                       e|        scalar|
|truetable_address0          |  out|   10|   ap_memory|                               truetable|         array|
|truetable_ce0               |  out|    1|   ap_memory|                               truetable|         array|
|truetable_q0                |   in|    1|   ap_memory|                               truetable|         array|
+----------------------------+-----+-----+------------+----------------------------------------+--------------+

