

================================================================
== Vitis HLS Report for 'var_const_cmp_32_s'
================================================================
* Date:           Mon Feb  3 14:21:56 2025

* Version:        2024.1 (Build 5069499 on May 21 2024)
* Project:        filter_dut
* Solution:       hls (Vivado IP Flow Target)
* Product family: virtexuplus
* Target device:  xcvu9p-flga2104-2-i


================================================================
== Performance Estimates
================================================================
+ Timing: 
    * Summary: 
    +--------+----------+----------+------------+
    |  Clock |  Target  | Estimated| Uncertainty|
    +--------+----------+----------+------------+
    |ap_clk  |  10.00 ns|  1.675 ns|     2.70 ns|
    +--------+----------+----------+------------+

+ Latency: 
    * Summary: 
    +---------+---------+----------+----------+-----+-----+---------+
    |  Latency (cycles) |  Latency (absolute) |  Interval | Pipeline|
    |   min   |   max   |    min   |    max   | min | max |   Type  |
    +---------+---------+----------+----------+-----+-----+---------+
    |        0|        0|      0 ns|      0 ns|    1|    1|      yes|
    +---------+---------+----------+----------+-----+-----+---------+

    + Detail: 
        * Instance: 
        N/A

        * Loop: 
        N/A



================================================================
== Utilization Estimates
================================================================
* Summary: 
+---------------------+---------+------+---------+---------+-----+
|         Name        | BRAM_18K|  DSP |    FF   |   LUT   | URAM|
+---------------------+---------+------+---------+---------+-----+
|DSP                  |        -|     -|        -|        -|    -|
|Expression           |        -|     -|        0|      646|    -|
|FIFO                 |        -|     -|        -|        -|    -|
|Instance             |        -|     -|        0|       74|    -|
|Memory               |        -|     -|        -|        -|    -|
|Multiplexer          |        -|     -|        -|        -|    -|
|Register             |        -|     -|        -|        -|    -|
+---------------------+---------+------+---------+---------+-----+
|Total                |        0|     0|        0|      720|    0|
+---------------------+---------+------+---------+---------+-----+
|Available SLR        |     1440|  2280|   788160|   394080|  320|
+---------------------+---------+------+---------+---------+-----+
|Utilization SLR (%)  |        0|     0|        0|       ~0|    0|
+---------------------+---------+------+---------+---------+-----+
|Available            |     4320|  6840|  2364480|  1182240|  960|
+---------------------+---------+------+---------+---------+-----+
|Utilization (%)      |        0|     0|        0|       ~0|    0|
+---------------------+---------+------+---------+---------+-----+

+ Detail: 
    * Instance: 
    +--------------------------+----------------------+---------+----+---+----+-----+
    |         Instance         |        Module        | BRAM_18K| DSP| FF| LUT| URAM|
    +--------------------------+----------------------+---------+----+---+----+-----+
    |sparsemux_17_7_1_1_1_U34  |sparsemux_17_7_1_1_1  |        0|   0|  0|  37|    0|
    |sparsemux_17_7_1_1_1_U35  |sparsemux_17_7_1_1_1  |        0|   0|  0|  37|    0|
    +--------------------------+----------------------+---------+----+---+----+-----+
    |Total                     |                      |        0|   0|  0|  74|    0|
    +--------------------------+----------------------+---------+----+---+----+-----+

    * DSP: 
    N/A

    * Memory: 
    N/A

    * FIFO: 
    N/A

    * Expression: 
    +------------------------+----------+----+---+----+------------+------------+
    |      Variable Name     | Operation| DSP| FF| LUT| Bitwidth P0| Bitwidth P1|
    +------------------------+----------+----+---+----+------------+------------+
    |ap_return               |       and|   0|  0|   2|           1|           1|
    |bl_6_fu_200_p12         |      icmp|   0|  0|  39|          32|          32|
    |bl_6_fu_200_p4          |      icmp|   0|  0|  39|          32|          32|
    |bl_6_fu_200_p6          |      icmp|   0|  0|  39|          32|          32|
    |bl_6_fu_200_p8          |      icmp|   0|  0|  39|          32|          32|
    |br_6_fu_348_p12         |      icmp|   0|  0|  39|          32|          32|
    |br_6_fu_348_p4          |      icmp|   0|  0|  39|          32|          32|
    |br_6_fu_348_p6          |      icmp|   0|  0|  39|          32|          32|
    |br_6_fu_348_p8          |      icmp|   0|  0|  39|          32|          32|
    |icmp_ln126_1_fu_146_p2  |      icmp|   0|  0|  12|           4|           1|
    |icmp_ln126_2_fu_152_p2  |      icmp|   0|  0|  12|           4|           2|
    |icmp_ln126_3_fu_158_p2  |      icmp|   0|  0|  12|           4|           2|
    |icmp_ln126_4_fu_164_p2  |      icmp|   0|  0|  12|           4|           3|
    |icmp_ln126_5_fu_170_p2  |      icmp|   0|  0|  12|           4|           3|
    |icmp_ln126_6_fu_176_p2  |      icmp|   0|  0|  12|           4|           4|
    |icmp_ln126_fu_140_p2    |      icmp|   0|  0|  12|           4|           1|
    |icmp_ln135_fu_110_p2    |      icmp|   0|  0|  39|          32|          32|
    |icmp_ln139_fu_128_p2    |      icmp|   0|  0|  39|          32|          32|
    |icmp_ln144_1_fu_294_p2  |      icmp|   0|  0|  12|           4|           1|
    |icmp_ln144_2_fu_300_p2  |      icmp|   0|  0|  12|           4|           2|
    |icmp_ln144_3_fu_306_p2  |      icmp|   0|  0|  12|           4|           3|
    |icmp_ln144_4_fu_312_p2  |      icmp|   0|  0|  12|           4|           3|
    |icmp_ln144_5_fu_318_p2  |      icmp|   0|  0|  12|           4|           5|
    |icmp_ln144_6_fu_324_p2  |      icmp|   0|  0|  12|           4|           4|
    |icmp_ln144_fu_288_p2    |      icmp|   0|  0|  12|           4|           1|
    |icmp_ln153_fu_258_p2    |      icmp|   0|  0|  39|          32|          32|
    |icmp_ln157_fu_276_p2    |      icmp|   0|  0|  39|          32|          32|
    |bl_6_fu_200_p10         |       xor|   0|  0|   2|           1|           2|
    |bl_6_fu_200_p14         |       xor|   0|  0|   2|           1|           2|
    |br_6_fu_348_p10         |       xor|   0|  0|   2|           1|           2|
    |br_6_fu_348_p14         |       xor|   0|  0|   2|           1|           2|
    +------------------------+----------+----+---+----+------------+------------+
    |Total                   |          |   0|  0| 646|         445|         428|
    +------------------------+----------+----+---+----+------------+------------+

    * Multiplexer: 
    N/A

    * Register: 
    N/A



================================================================
== Interface
================================================================
* Summary: 
+-----------+-----+-----+------------+-------------------+--------------+
| RTL Ports | Dir | Bits|  Protocol  |   Source Object   |    C Type    |
+-----------+-----+-----+------------+-------------------+--------------+
|ap_ready   |  out|    1|  ap_ctrl_hs|  var_const_cmp<32>|  return value|
|ap_return  |  out|    1|  ap_ctrl_hs|  var_const_cmp<32>|  return value|
|ap_rst     |   in|    1|  ap_ctrl_hs|  var_const_cmp<32>|  return value|
|cfg_lop    |   in|    4|     ap_none|            cfg_lop|        scalar|
|cfg_rop    |   in|    4|     ap_none|            cfg_rop|        scalar|
|cfg_l      |   in|   32|     ap_none|              cfg_l|        scalar|
|cfg_r      |   in|   32|     ap_none|              cfg_r|        scalar|
|xu         |   in|   32|     ap_none|                 xu|        scalar|
+-----------+-----+-----+------------+-------------------+--------------+

