#-----------------------------------------------------------
# xsim v2024.1 (64-bit)
# SW Build 5076996 on Wed May 22 18:36:09 MDT 2024
# IP Build 5075265 on Wed May 22 21:45:21 MDT 2024
# SharedData Build 5076995 on Wed May 22 18:29:18 MDT 2024
# Start of session at: Mon Feb  3 14:22:30 2025
# Process ID: 2077520
# Current directory: /home/chips/Storage/zoho/hls_component/filter_dut/hls/sim/verilog
# Command line: xsim -mode tcl -source {xsim.dir/filter_dut/xsim_script.tcl}
# Log file: /home/chips/Storage/zoho/hls_component/filter_dut/hls/sim/verilog/xsim.log
# Journal file: /home/chips/Storage/zoho/hls_component/filter_dut/hls/sim/verilog/xsim.jou
# Running On        :chips-server
# Platform          :Ubuntu
# Operating System  :Ubuntu 21.04
# Processor Detail  :11th Gen Intel(R) Core(TM) i9-11900K @ 3.50GHz
# CPU Frequency     :3500.000 MHz
# CPU Physical cores:8
# CPU Logical cores :16
# Host memory       :134797 MB
# Swap memory       :21474 MB
# Total Virtual     :156271 MB
# Available Virtual :141695 MB
#-----------------------------------------------------------
source xsim.dir/filter_dut/xsim_script.tcl
# xsim {filter_dut} -autoloadwcfg -tclbatch {filter_dut.tcl}
Time resolution is 1 ps
source filter_dut.tcl
## run all
////////////////////////////////////////////////////////////////////////////////////
// Inter-Transaction Progress: Completed Transaction / Total Transaction
// Intra-Transaction Progress: Measured Latency / Latency Estimation * 100%
//
// RTL Simulation : "Inter-Transaction Progress" ["Intra-Transaction Progress"] @ "Simulation Time"
////////////////////////////////////////////////////////////////////////////////////
// RTL Simulation : 0 / 1 [n/a] @ "125000"
// RTL Simulation : 1 / 1 [n/a] @ "21015000"
////////////////////////////////////////////////////////////////////////////////////
$finish called at time : 21075 ns : File "/home/chips/Storage/zoho/hls_component/filter_dut/hls/sim/verilog/filter_dut.autotb.v" Line 655
## quit
INFO: [Common 17-206] Exiting xsim at Mon Feb  3 14:22:33 2025...
