

================================================================
== Vitis HLS Report for 'compare_ops_32_s'
================================================================
* Date:           Mon Feb  3 14:21:54 2025

* Version:        2024.1 (Build 5069499 on May 21 2024)
* Project:        filter_dut
* Solution:       hls (Vivado IP Flow Target)
* Product family: virtexuplus
* Target device:  xcvu9p-flga2104-2-i


================================================================
== Performance Estimates
================================================================
+ Timing: 
    * Summary: 
    +--------+----------+----------+------------+
    |  Clock |  Target  | Estimated| Uncertainty|
    +--------+----------+----------+------------+
    |ap_clk  |  10.00 ns|  4.489 ns|     2.70 ns|
    +--------+----------+----------+------------+

+ Latency: 
    * Summary: 
    +---------+---------+----------+----------+-----+-----+---------+
    |  Latency (cycles) |  Latency (absolute) |  Interval | Pipeline|
    |   min   |   max   |    min   |    max   | min | max |   Type  |
    +---------+---------+----------+----------+-----+-----+---------+
    |        ?|        ?|         ?|         ?|    ?|    ?|       no|
    +---------+---------+----------+----------+-----+-----+---------+

    + Detail: 
        * Instance: 
        N/A

        * Loop: 
        N/A

============================================================
+ Verbose Summary: Synthesis Manager
============================================================
InlineROM: 1
ExposeGlobal: 0
============================================================
+ Verbose Summary: CDFG Model
============================================================
IsTopModel: 0
ResetActiveHigh: 1
IsCombinational: 2
IsDatapathOnly: 0
HasWiredReturn: 1
HasMFsm: 0
HasVarLatency: 1
IsPipeline: 0
IsRtlPipelined: 0
IsInstanceOverlapped: 0
IsDontTouch: 0
HasImplIP: 0
IsGatedGlobalClock: 0


============================================================
+ Verbose Summary: Schedule
============================================================
* Number of FSM states : 4
* Pipeline : 0
* Dataflow Pipeline: 0

* FSM state transitions: 
1 --> 2 
2 --> 3 
3 --> 4 
4 --> 

* FSM state operations: 

State 1 <SV = 0> <Delay = 1.40>
ST_1 : Operation 5 [1/1] (1.40ns)   --->   "%cmpvc_cfg_strms_0_read = read i72 @_ssdm_op_Read.ap_fifo.volatile.i72P0A, i72 %cmpvc_cfg_strms_0" [../../APZ-DA/Addon_Queries/SELECT/dynamic_filter/xf_database/dynamic_filter.hpp:232]   --->   Operation 5 'read' 'cmpvc_cfg_strms_0_read' <Predicate = true> <Delay = 1.40> <CoreInst = "FIFO_SRL">   --->   Core 80 'FIFO_SRL' <Latency = 0> <II = 1> <Delay = 1.40> <Storage> <Opcode : 'read' 'write' 'nbread' 'nbwrite'> <Ports = 0> <Width = 72> <Depth = 2> <FIFO>
ST_1 : Operation 6 [1/1] (0.00ns)   --->   "%trunc_ln232 = trunc i72 %cmpvc_cfg_strms_0_read" [../../APZ-DA/Addon_Queries/SELECT/dynamic_filter/xf_database/dynamic_filter.hpp:232]   --->   Operation 6 'trunc' 'trunc_ln232' <Predicate = true> <Delay = 0.00>
ST_1 : Operation 7 [1/1] (0.00ns)   --->   "%trunc_ln232_1 = partselect i4 @_ssdm_op_PartSelect.i4.i72.i32.i32, i72 %cmpvc_cfg_strms_0_read, i32 4, i32 7" [../../APZ-DA/Addon_Queries/SELECT/dynamic_filter/xf_database/dynamic_filter.hpp:232]   --->   Operation 7 'partselect' 'trunc_ln232_1' <Predicate = true> <Delay = 0.00>
ST_1 : Operation 8 [1/1] (0.00ns)   --->   "%trunc_ln232_2 = partselect i32 @_ssdm_op_PartSelect.i32.i72.i32.i32, i72 %cmpvc_cfg_strms_0_read, i32 8, i32 39" [../../APZ-DA/Addon_Queries/SELECT/dynamic_filter/xf_database/dynamic_filter.hpp:232]   --->   Operation 8 'partselect' 'trunc_ln232_2' <Predicate = true> <Delay = 0.00>
ST_1 : Operation 9 [1/1] (0.00ns)   --->   "%trunc_ln232_3 = partselect i32 @_ssdm_op_PartSelect.i32.i72.i32.i32, i72 %cmpvc_cfg_strms_0_read, i32 40, i32 71" [../../APZ-DA/Addon_Queries/SELECT/dynamic_filter/xf_database/dynamic_filter.hpp:232]   --->   Operation 9 'partselect' 'trunc_ln232_3' <Predicate = true> <Delay = 0.00>
ST_1 : Operation 10 [1/1] (1.40ns)   --->   "%cmpvc_cfg_strms_1_read = read i72 @_ssdm_op_Read.ap_fifo.volatile.i72P0A, i72 %cmpvc_cfg_strms_1" [../../APZ-DA/Addon_Queries/SELECT/dynamic_filter/xf_database/dynamic_filter.hpp:233]   --->   Operation 10 'read' 'cmpvc_cfg_strms_1_read' <Predicate = true> <Delay = 1.40> <CoreInst = "FIFO_SRL">   --->   Core 80 'FIFO_SRL' <Latency = 0> <II = 1> <Delay = 1.40> <Storage> <Opcode : 'read' 'write' 'nbread' 'nbwrite'> <Ports = 0> <Width = 72> <Depth = 2> <FIFO>
ST_1 : Operation 11 [1/1] (0.00ns)   --->   "%trunc_ln233 = trunc i72 %cmpvc_cfg_strms_1_read" [../../APZ-DA/Addon_Queries/SELECT/dynamic_filter/xf_database/dynamic_filter.hpp:233]   --->   Operation 11 'trunc' 'trunc_ln233' <Predicate = true> <Delay = 0.00>
ST_1 : Operation 12 [1/1] (0.00ns)   --->   "%trunc_ln233_1 = partselect i4 @_ssdm_op_PartSelect.i4.i72.i32.i32, i72 %cmpvc_cfg_strms_1_read, i32 4, i32 7" [../../APZ-DA/Addon_Queries/SELECT/dynamic_filter/xf_database/dynamic_filter.hpp:233]   --->   Operation 12 'partselect' 'trunc_ln233_1' <Predicate = true> <Delay = 0.00>
ST_1 : Operation 13 [1/1] (0.00ns)   --->   "%trunc_ln233_2 = partselect i32 @_ssdm_op_PartSelect.i32.i72.i32.i32, i72 %cmpvc_cfg_strms_1_read, i32 8, i32 39" [../../APZ-DA/Addon_Queries/SELECT/dynamic_filter/xf_database/dynamic_filter.hpp:233]   --->   Operation 13 'partselect' 'trunc_ln233_2' <Predicate = true> <Delay = 0.00>
ST_1 : Operation 14 [1/1] (0.00ns)   --->   "%trunc_ln233_3 = partselect i32 @_ssdm_op_PartSelect.i32.i72.i32.i32, i72 %cmpvc_cfg_strms_1_read, i32 40, i32 71" [../../APZ-DA/Addon_Queries/SELECT/dynamic_filter/xf_database/dynamic_filter.hpp:233]   --->   Operation 14 'partselect' 'trunc_ln233_3' <Predicate = true> <Delay = 0.00>
ST_1 : Operation 15 [1/1] (1.40ns)   --->   "%cmpvc_cfg_strms_2_read = read i72 @_ssdm_op_Read.ap_fifo.volatile.i72P0A, i72 %cmpvc_cfg_strms_2" [../../APZ-DA/Addon_Queries/SELECT/dynamic_filter/xf_database/dynamic_filter.hpp:234]   --->   Operation 15 'read' 'cmpvc_cfg_strms_2_read' <Predicate = true> <Delay = 1.40> <CoreInst = "FIFO_SRL">   --->   Core 80 'FIFO_SRL' <Latency = 0> <II = 1> <Delay = 1.40> <Storage> <Opcode : 'read' 'write' 'nbread' 'nbwrite'> <Ports = 0> <Width = 72> <Depth = 2> <FIFO>
ST_1 : Operation 16 [1/1] (0.00ns)   --->   "%trunc_ln234 = trunc i72 %cmpvc_cfg_strms_2_read" [../../APZ-DA/Addon_Queries/SELECT/dynamic_filter/xf_database/dynamic_filter.hpp:234]   --->   Operation 16 'trunc' 'trunc_ln234' <Predicate = true> <Delay = 0.00>
ST_1 : Operation 17 [1/1] (0.00ns)   --->   "%trunc_ln234_1 = partselect i4 @_ssdm_op_PartSelect.i4.i72.i32.i32, i72 %cmpvc_cfg_strms_2_read, i32 4, i32 7" [../../APZ-DA/Addon_Queries/SELECT/dynamic_filter/xf_database/dynamic_filter.hpp:234]   --->   Operation 17 'partselect' 'trunc_ln234_1' <Predicate = true> <Delay = 0.00>
ST_1 : Operation 18 [1/1] (0.00ns)   --->   "%trunc_ln234_2 = partselect i32 @_ssdm_op_PartSelect.i32.i72.i32.i32, i72 %cmpvc_cfg_strms_2_read, i32 8, i32 39" [../../APZ-DA/Addon_Queries/SELECT/dynamic_filter/xf_database/dynamic_filter.hpp:234]   --->   Operation 18 'partselect' 'trunc_ln234_2' <Predicate = true> <Delay = 0.00>
ST_1 : Operation 19 [1/1] (0.00ns)   --->   "%trunc_ln234_3 = partselect i32 @_ssdm_op_PartSelect.i32.i72.i32.i32, i72 %cmpvc_cfg_strms_2_read, i32 40, i32 71" [../../APZ-DA/Addon_Queries/SELECT/dynamic_filter/xf_database/dynamic_filter.hpp:234]   --->   Operation 19 'partselect' 'trunc_ln234_3' <Predicate = true> <Delay = 0.00>
ST_1 : Operation 20 [1/1] (1.40ns)   --->   "%cmpvc_cfg_strms_3_read = read i72 @_ssdm_op_Read.ap_fifo.volatile.i72P0A, i72 %cmpvc_cfg_strms_3" [../../APZ-DA/Addon_Queries/SELECT/dynamic_filter/xf_database/dynamic_filter.hpp:235]   --->   Operation 20 'read' 'cmpvc_cfg_strms_3_read' <Predicate = true> <Delay = 1.40> <CoreInst = "FIFO_SRL">   --->   Core 80 'FIFO_SRL' <Latency = 0> <II = 1> <Delay = 1.40> <Storage> <Opcode : 'read' 'write' 'nbread' 'nbwrite'> <Ports = 0> <Width = 72> <Depth = 2> <FIFO>
ST_1 : Operation 21 [1/1] (0.00ns)   --->   "%trunc_ln235 = trunc i72 %cmpvc_cfg_strms_3_read" [../../APZ-DA/Addon_Queries/SELECT/dynamic_filter/xf_database/dynamic_filter.hpp:235]   --->   Operation 21 'trunc' 'trunc_ln235' <Predicate = true> <Delay = 0.00>
ST_1 : Operation 22 [1/1] (0.00ns)   --->   "%trunc_ln235_1 = partselect i4 @_ssdm_op_PartSelect.i4.i72.i32.i32, i72 %cmpvc_cfg_strms_3_read, i32 4, i32 7" [../../APZ-DA/Addon_Queries/SELECT/dynamic_filter/xf_database/dynamic_filter.hpp:235]   --->   Operation 22 'partselect' 'trunc_ln235_1' <Predicate = true> <Delay = 0.00>
ST_1 : Operation 23 [1/1] (0.00ns)   --->   "%trunc_ln235_2 = partselect i32 @_ssdm_op_PartSelect.i32.i72.i32.i32, i72 %cmpvc_cfg_strms_3_read, i32 8, i32 39" [../../APZ-DA/Addon_Queries/SELECT/dynamic_filter/xf_database/dynamic_filter.hpp:235]   --->   Operation 23 'partselect' 'trunc_ln235_2' <Predicate = true> <Delay = 0.00>
ST_1 : Operation 24 [1/1] (0.00ns)   --->   "%trunc_ln235_3 = partselect i32 @_ssdm_op_PartSelect.i32.i72.i32.i32, i72 %cmpvc_cfg_strms_3_read, i32 40, i32 71" [../../APZ-DA/Addon_Queries/SELECT/dynamic_filter/xf_database/dynamic_filter.hpp:235]   --->   Operation 24 'partselect' 'trunc_ln235_3' <Predicate = true> <Delay = 0.00>
ST_1 : Operation 25 [1/1] (1.40ns)   --->   "%cmpvv_cfg_strms_0_read = read i4 @_ssdm_op_Read.ap_fifo.volatile.i4P0A, i4 %cmpvv_cfg_strms_0" [../../APZ-DA/Addon_Queries/SELECT/dynamic_filter/xf_database/dynamic_filter.hpp:237]   --->   Operation 25 'read' 'cmpvv_cfg_strms_0_read' <Predicate = true> <Delay = 1.40> <CoreInst = "FIFO_SRL">   --->   Core 80 'FIFO_SRL' <Latency = 0> <II = 1> <Delay = 1.40> <Storage> <Opcode : 'read' 'write' 'nbread' 'nbwrite'> <Ports = 0> <Width = 4> <Depth = 2> <FIFO>
ST_1 : Operation 26 [1/1] (1.40ns)   --->   "%cmpvv_cfg_strms_1_read = read i4 @_ssdm_op_Read.ap_fifo.volatile.i4P0A, i4 %cmpvv_cfg_strms_1" [../../APZ-DA/Addon_Queries/SELECT/dynamic_filter/xf_database/dynamic_filter.hpp:238]   --->   Operation 26 'read' 'cmpvv_cfg_strms_1_read' <Predicate = true> <Delay = 1.40> <CoreInst = "FIFO_SRL">   --->   Core 80 'FIFO_SRL' <Latency = 0> <II = 1> <Delay = 1.40> <Storage> <Opcode : 'read' 'write' 'nbread' 'nbwrite'> <Ports = 0> <Width = 4> <Depth = 2> <FIFO>
ST_1 : Operation 27 [1/1] (1.40ns)   --->   "%cmpvv_cfg_strms_2_read = read i4 @_ssdm_op_Read.ap_fifo.volatile.i4P0A, i4 %cmpvv_cfg_strms_2" [../../APZ-DA/Addon_Queries/SELECT/dynamic_filter/xf_database/dynamic_filter.hpp:239]   --->   Operation 27 'read' 'cmpvv_cfg_strms_2_read' <Predicate = true> <Delay = 1.40> <CoreInst = "FIFO_SRL">   --->   Core 80 'FIFO_SRL' <Latency = 0> <II = 1> <Delay = 1.40> <Storage> <Opcode : 'read' 'write' 'nbread' 'nbwrite'> <Ports = 0> <Width = 4> <Depth = 2> <FIFO>
ST_1 : Operation 28 [1/1] (1.40ns)   --->   "%cmpvv_cfg_strms_3_read = read i4 @_ssdm_op_Read.ap_fifo.volatile.i4P0A, i4 %cmpvv_cfg_strms_3" [../../APZ-DA/Addon_Queries/SELECT/dynamic_filter/xf_database/dynamic_filter.hpp:240]   --->   Operation 28 'read' 'cmpvv_cfg_strms_3_read' <Predicate = true> <Delay = 1.40> <CoreInst = "FIFO_SRL">   --->   Core 80 'FIFO_SRL' <Latency = 0> <II = 1> <Delay = 1.40> <Storage> <Opcode : 'read' 'write' 'nbread' 'nbwrite'> <Ports = 0> <Width = 4> <Depth = 2> <FIFO>
ST_1 : Operation 29 [1/1] (1.40ns)   --->   "%cmpvv_cfg_strms_4_read = read i4 @_ssdm_op_Read.ap_fifo.volatile.i4P0A, i4 %cmpvv_cfg_strms_4" [../../APZ-DA/Addon_Queries/SELECT/dynamic_filter/xf_database/dynamic_filter.hpp:241]   --->   Operation 29 'read' 'cmpvv_cfg_strms_4_read' <Predicate = true> <Delay = 1.40> <CoreInst = "FIFO_SRL">   --->   Core 80 'FIFO_SRL' <Latency = 0> <II = 1> <Delay = 1.40> <Storage> <Opcode : 'read' 'write' 'nbread' 'nbwrite'> <Ports = 0> <Width = 4> <Depth = 2> <FIFO>
ST_1 : Operation 30 [1/1] (1.40ns)   --->   "%cmpvv_cfg_strms_5_read = read i4 @_ssdm_op_Read.ap_fifo.volatile.i4P0A, i4 %cmpvv_cfg_strms_5" [../../APZ-DA/Addon_Queries/SELECT/dynamic_filter/xf_database/dynamic_filter.hpp:242]   --->   Operation 30 'read' 'cmpvv_cfg_strms_5_read' <Predicate = true> <Delay = 1.40> <CoreInst = "FIFO_SRL">   --->   Core 80 'FIFO_SRL' <Latency = 0> <II = 1> <Delay = 1.40> <Storage> <Opcode : 'read' 'write' 'nbread' 'nbwrite'> <Ports = 0> <Width = 4> <Depth = 2> <FIFO>
ST_1 : Operation 31 [1/1] (1.31ns)   --->   "%e = read i1 @_ssdm_op_Read.ap_fifo.volatile.i1P0A, i1 %e_v_strm" [../../APZ-DA/Addon_Queries/SELECT/dynamic_filter/xf_database/dynamic_filter.hpp:248]   --->   Operation 31 'read' 'e' <Predicate = true> <Delay = 1.31> <CoreInst = "FIFO_SRL">   --->   Core 80 'FIFO_SRL' <Latency = 0> <II = 1> <Delay = 1.31> <Storage> <Opcode : 'read' 'write' 'nbread' 'nbwrite'> <Ports = 0> <Width = 1> <Depth = 8> <FIFO>

State 2 <SV = 1> <Delay = 1.31>
ST_2 : Operation 32 [1/1] (0.00ns)   --->   "%empty = wait i32 @_ssdm_op_Wait"   --->   Operation 32 'wait' 'empty' <Predicate = true> <Delay = 0.00>
ST_2 : Operation 33 [2/2] (1.31ns)   --->   "%call_ln248 = call void @compare_ops<32>_Pipeline_FILTER_MAIN_LOOP, i1 %e, i1 %e_v_strm, i32 %k_strms_0, i32 %k_strms_1, i32 %k_strms_2, i32 %k_strms_3, i4 %trunc_ln232, i4 %trunc_ln232_1, i32 %trunc_ln232_2, i32 %trunc_ln232_3, i4 %trunc_ln233, i4 %trunc_ln233_1, i32 %trunc_ln233_2, i32 %trunc_ln233_3, i4 %trunc_ln234, i4 %trunc_ln234_1, i32 %trunc_ln234_2, i32 %trunc_ln234_3, i4 %trunc_ln235, i4 %trunc_ln235_1, i32 %trunc_ln235_2, i32 %trunc_ln235_3, i4 %cmpvv_cfg_strms_0_read, i4 %cmpvv_cfg_strms_1_read, i4 %cmpvv_cfg_strms_2_read, i4 %cmpvv_cfg_strms_3_read, i4 %cmpvv_cfg_strms_4_read, i4 %cmpvv_cfg_strms_5_read, i10 %addr_strm, i1 %e_addr_strm" [../../APZ-DA/Addon_Queries/SELECT/dynamic_filter/xf_database/dynamic_filter.hpp:248]   --->   Operation 33 'call' 'call_ln248' <Predicate = true> <Delay = 1.31> <CoreType = "Generic">   --->   Core 0 '' <Latency = 0> <II = 1> <Delay = 1.00> <Generic> <Opcode : >

State 3 <SV = 2> <Delay = 0.77>
ST_3 : Operation 34 [1/2] (0.77ns)   --->   "%call_ln248 = call void @compare_ops<32>_Pipeline_FILTER_MAIN_LOOP, i1 %e, i1 %e_v_strm, i32 %k_strms_0, i32 %k_strms_1, i32 %k_strms_2, i32 %k_strms_3, i4 %trunc_ln232, i4 %trunc_ln232_1, i32 %trunc_ln232_2, i32 %trunc_ln232_3, i4 %trunc_ln233, i4 %trunc_ln233_1, i32 %trunc_ln233_2, i32 %trunc_ln233_3, i4 %trunc_ln234, i4 %trunc_ln234_1, i32 %trunc_ln234_2, i32 %trunc_ln234_3, i4 %trunc_ln235, i4 %trunc_ln235_1, i32 %trunc_ln235_2, i32 %trunc_ln235_3, i4 %cmpvv_cfg_strms_0_read, i4 %cmpvv_cfg_strms_1_read, i4 %cmpvv_cfg_strms_2_read, i4 %cmpvv_cfg_strms_3_read, i4 %cmpvv_cfg_strms_4_read, i4 %cmpvv_cfg_strms_5_read, i10 %addr_strm, i1 %e_addr_strm" [../../APZ-DA/Addon_Queries/SELECT/dynamic_filter/xf_database/dynamic_filter.hpp:248]   --->   Operation 34 'call' 'call_ln248' <Predicate = true> <Delay = 0.77> <CoreType = "Generic">   --->   Core 0 '' <Latency = 0> <II = 1> <Delay = 1.00> <Generic> <Opcode : >

State 4 <SV = 3> <Delay = 1.31>
ST_4 : Operation 35 [1/1] (0.00ns)   --->   "%specinterface_ln0 = specinterface void @_ssdm_op_SpecInterface, i1 %e_addr_strm, void @empty_8, i32 0, i32 0, void @empty, i32 0, i32 0, void @empty, void @empty, void @empty, i32 0, i32 0, i32 0, i32 0, void @empty, void @empty, i32 4294967295, i32 0, i32 0"   --->   Operation 35 'specinterface' 'specinterface_ln0' <Predicate = true> <Delay = 0.00>
ST_4 : Operation 36 [1/1] (0.00ns)   --->   "%specinterface_ln0 = specinterface void @_ssdm_op_SpecInterface, i10 %addr_strm, void @empty_8, i32 0, i32 0, void @empty, i32 0, i32 0, void @empty, void @empty, void @empty, i32 0, i32 0, i32 0, i32 0, void @empty, void @empty, i32 4294967295, i32 0, i32 0"   --->   Operation 36 'specinterface' 'specinterface_ln0' <Predicate = true> <Delay = 0.00>
ST_4 : Operation 37 [1/1] (0.00ns)   --->   "%specinterface_ln0 = specinterface void @_ssdm_op_SpecInterface, i1 %e_v_strm, void @empty_8, i32 0, i32 0, void @empty, i32 0, i32 0, void @empty, void @empty, void @empty, i32 0, i32 0, i32 0, i32 0, void @empty, void @empty, i32 4294967295, i32 0, i32 0"   --->   Operation 37 'specinterface' 'specinterface_ln0' <Predicate = true> <Delay = 0.00>
ST_4 : Operation 38 [1/1] (0.00ns)   --->   "%specinterface_ln0 = specinterface void @_ssdm_op_SpecInterface, i4 %cmpvv_cfg_strms_5, void @empty_8, i32 0, i32 0, void @empty, i32 0, i32 0, void @empty, void @empty, void @empty, i32 0, i32 0, i32 0, i32 0, void @empty, void @empty, i32 4294967295, i32 0, i32 0"   --->   Operation 38 'specinterface' 'specinterface_ln0' <Predicate = true> <Delay = 0.00>
ST_4 : Operation 39 [1/1] (0.00ns)   --->   "%specinterface_ln0 = specinterface void @_ssdm_op_SpecInterface, i4 %cmpvv_cfg_strms_4, void @empty_8, i32 0, i32 0, void @empty, i32 0, i32 0, void @empty, void @empty, void @empty, i32 0, i32 0, i32 0, i32 0, void @empty, void @empty, i32 4294967295, i32 0, i32 0"   --->   Operation 39 'specinterface' 'specinterface_ln0' <Predicate = true> <Delay = 0.00>
ST_4 : Operation 40 [1/1] (0.00ns)   --->   "%specinterface_ln0 = specinterface void @_ssdm_op_SpecInterface, i4 %cmpvv_cfg_strms_3, void @empty_8, i32 0, i32 0, void @empty, i32 0, i32 0, void @empty, void @empty, void @empty, i32 0, i32 0, i32 0, i32 0, void @empty, void @empty, i32 4294967295, i32 0, i32 0"   --->   Operation 40 'specinterface' 'specinterface_ln0' <Predicate = true> <Delay = 0.00>
ST_4 : Operation 41 [1/1] (0.00ns)   --->   "%specinterface_ln0 = specinterface void @_ssdm_op_SpecInterface, i4 %cmpvv_cfg_strms_2, void @empty_8, i32 0, i32 0, void @empty, i32 0, i32 0, void @empty, void @empty, void @empty, i32 0, i32 0, i32 0, i32 0, void @empty, void @empty, i32 4294967295, i32 0, i32 0"   --->   Operation 41 'specinterface' 'specinterface_ln0' <Predicate = true> <Delay = 0.00>
ST_4 : Operation 42 [1/1] (0.00ns)   --->   "%specinterface_ln0 = specinterface void @_ssdm_op_SpecInterface, i4 %cmpvv_cfg_strms_1, void @empty_8, i32 0, i32 0, void @empty, i32 0, i32 0, void @empty, void @empty, void @empty, i32 0, i32 0, i32 0, i32 0, void @empty, void @empty, i32 4294967295, i32 0, i32 0"   --->   Operation 42 'specinterface' 'specinterface_ln0' <Predicate = true> <Delay = 0.00>
ST_4 : Operation 43 [1/1] (0.00ns)   --->   "%specinterface_ln0 = specinterface void @_ssdm_op_SpecInterface, i4 %cmpvv_cfg_strms_0, void @empty_8, i32 0, i32 0, void @empty, i32 0, i32 0, void @empty, void @empty, void @empty, i32 0, i32 0, i32 0, i32 0, void @empty, void @empty, i32 4294967295, i32 0, i32 0"   --->   Operation 43 'specinterface' 'specinterface_ln0' <Predicate = true> <Delay = 0.00>
ST_4 : Operation 44 [1/1] (0.00ns)   --->   "%specinterface_ln0 = specinterface void @_ssdm_op_SpecInterface, i72 %cmpvc_cfg_strms_3, void @empty_8, i32 0, i32 0, void @empty, i32 0, i32 0, void @empty, void @empty, void @empty, i32 0, i32 0, i32 0, i32 0, void @empty, void @empty, i32 4294967295, i32 0, i32 0"   --->   Operation 44 'specinterface' 'specinterface_ln0' <Predicate = true> <Delay = 0.00>
ST_4 : Operation 45 [1/1] (0.00ns)   --->   "%specinterface_ln0 = specinterface void @_ssdm_op_SpecInterface, i72 %cmpvc_cfg_strms_2, void @empty_8, i32 0, i32 0, void @empty, i32 0, i32 0, void @empty, void @empty, void @empty, i32 0, i32 0, i32 0, i32 0, void @empty, void @empty, i32 4294967295, i32 0, i32 0"   --->   Operation 45 'specinterface' 'specinterface_ln0' <Predicate = true> <Delay = 0.00>
ST_4 : Operation 46 [1/1] (0.00ns)   --->   "%specinterface_ln0 = specinterface void @_ssdm_op_SpecInterface, i72 %cmpvc_cfg_strms_1, void @empty_8, i32 0, i32 0, void @empty, i32 0, i32 0, void @empty, void @empty, void @empty, i32 0, i32 0, i32 0, i32 0, void @empty, void @empty, i32 4294967295, i32 0, i32 0"   --->   Operation 46 'specinterface' 'specinterface_ln0' <Predicate = true> <Delay = 0.00>
ST_4 : Operation 47 [1/1] (0.00ns)   --->   "%specinterface_ln0 = specinterface void @_ssdm_op_SpecInterface, i72 %cmpvc_cfg_strms_0, void @empty_8, i32 0, i32 0, void @empty, i32 0, i32 0, void @empty, void @empty, void @empty, i32 0, i32 0, i32 0, i32 0, void @empty, void @empty, i32 4294967295, i32 0, i32 0"   --->   Operation 47 'specinterface' 'specinterface_ln0' <Predicate = true> <Delay = 0.00>
ST_4 : Operation 48 [1/1] (0.00ns)   --->   "%specinterface_ln0 = specinterface void @_ssdm_op_SpecInterface, i32 %k_strms_0, void @empty_8, i32 0, i32 0, void @empty, i32 0, i32 0, void @empty, void @empty, void @empty, i32 0, i32 0, i32 0, i32 0, void @empty, void @empty, i32 4294967295, i32 0, i32 0"   --->   Operation 48 'specinterface' 'specinterface_ln0' <Predicate = true> <Delay = 0.00>
ST_4 : Operation 49 [1/1] (0.00ns)   --->   "%specinterface_ln0 = specinterface void @_ssdm_op_SpecInterface, i32 %k_strms_1, void @empty_8, i32 0, i32 0, void @empty, i32 0, i32 0, void @empty, void @empty, void @empty, i32 0, i32 0, i32 0, i32 0, void @empty, void @empty, i32 4294967295, i32 0, i32 0"   --->   Operation 49 'specinterface' 'specinterface_ln0' <Predicate = true> <Delay = 0.00>
ST_4 : Operation 50 [1/1] (0.00ns)   --->   "%specinterface_ln0 = specinterface void @_ssdm_op_SpecInterface, i32 %k_strms_2, void @empty_8, i32 0, i32 0, void @empty, i32 0, i32 0, void @empty, void @empty, void @empty, i32 0, i32 0, i32 0, i32 0, void @empty, void @empty, i32 4294967295, i32 0, i32 0"   --->   Operation 50 'specinterface' 'specinterface_ln0' <Predicate = true> <Delay = 0.00>
ST_4 : Operation 51 [1/1] (0.00ns)   --->   "%specinterface_ln0 = specinterface void @_ssdm_op_SpecInterface, i32 %k_strms_3, void @empty_8, i32 0, i32 0, void @empty, i32 0, i32 0, void @empty, void @empty, void @empty, i32 0, i32 0, i32 0, i32 0, void @empty, void @empty, i32 4294967295, i32 0, i32 0"   --->   Operation 51 'specinterface' 'specinterface_ln0' <Predicate = true> <Delay = 0.00>
ST_4 : Operation 52 [1/1] (0.00ns)   --->   "%empty_56 = wait i32 @_ssdm_op_Wait"   --->   Operation 52 'wait' 'empty_56' <Predicate = true> <Delay = 0.00>
ST_4 : Operation 53 [1/1] (1.31ns)   --->   "%write_ln290 = write void @_ssdm_op_Write.ap_fifo.volatile.i1P0A, i1 %e_addr_strm, i1 1" [../../APZ-DA/Addon_Queries/SELECT/dynamic_filter/xf_database/dynamic_filter.hpp:290]   --->   Operation 53 'write' 'write_ln290' <Predicate = true> <Delay = 1.31> <CoreInst = "FIFO_SRL">   --->   Core 80 'FIFO_SRL' <Latency = 0> <II = 1> <Delay = 1.31> <Storage> <Opcode : 'read' 'write' 'nbread' 'nbwrite'> <Ports = 0> <Width = 1> <Depth = 8> <FIFO>
ST_4 : Operation 54 [1/1] (0.00ns)   --->   "%ret_ln294 = ret" [../../APZ-DA/Addon_Queries/SELECT/dynamic_filter/xf_database/dynamic_filter.hpp:294]   --->   Operation 54 'ret' 'ret_ln294' <Predicate = true> <Delay = 0.00>


============================================================
+ Verbose Summary: Timing violations
============================================================
Target clock period: 10.000ns, clock uncertainty: 2.700ns.

 <State 1>: 1.405ns
The critical path consists of the following:
	fifo read operation ('cmpvc_cfg_strms_0_read', ../../APZ-DA/Addon_Queries/SELECT/dynamic_filter/xf_database/dynamic_filter.hpp:232) on port 'cmpvc_cfg_strms_0' (../../APZ-DA/Addon_Queries/SELECT/dynamic_filter/xf_database/dynamic_filter.hpp:232) [35]  (1.405 ns)

 <State 2>: 1.314ns
The critical path consists of the following:
	'call' operation 0 bit ('call_ln248', ../../APZ-DA/Addon_Queries/SELECT/dynamic_filter/xf_database/dynamic_filter.hpp:248) to 'compare_ops<32>_Pipeline_FILTER_MAIN_LOOP' [63]  (1.314 ns)

 <State 3>: 0.774ns
The critical path consists of the following:
	'call' operation 0 bit ('call_ln248', ../../APZ-DA/Addon_Queries/SELECT/dynamic_filter/xf_database/dynamic_filter.hpp:248) to 'compare_ops<32>_Pipeline_FILTER_MAIN_LOOP' [63]  (0.774 ns)

 <State 4>: 1.314ns
The critical path consists of the following:
	fifo write operation ('write_ln290', ../../APZ-DA/Addon_Queries/SELECT/dynamic_filter/xf_database/dynamic_filter.hpp:290) on port 'e_addr_strm' (../../APZ-DA/Addon_Queries/SELECT/dynamic_filter/xf_database/dynamic_filter.hpp:290) [65]  (1.314 ns)


============================================================
+ Verbose Summary: Binding
============================================================
N/A
* FSMD analyzer results:
  - Output states:
 - Input state : 
  - Chain level:
	State 1
	State 2
	State 3
	State 4


============================================================
+ Verbose Summary: Datapath Resource usage 
============================================================
N/A
