

================================================================
== Vitis HLS Report for 'compare_ops_32_Pipeline_FILTER_MAIN_LOOP'
================================================================
* Date:           Mon Feb  3 14:21:54 2025

* Version:        2024.1 (Build 5069499 on May 21 2024)
* Project:        filter_dut
* Solution:       hls (Vivado IP Flow Target)
* Product family: virtexuplus
* Target device:  xcvu9p-flga2104-2-i


================================================================
== Performance Estimates
================================================================
+ Timing: 
    * Summary: 
    +--------+----------+----------+------------+
    |  Clock |  Target  | Estimated| Uncertainty|
    +--------+----------+----------+------------+
    |ap_clk  |  10.00 ns|  4.489 ns|     2.70 ns|
    +--------+----------+----------+------------+

+ Latency: 
    * Summary: 
    +---------+---------+----------+----------+-----+-----+-----------------------------------------------+
    |  Latency (cycles) |  Latency (absolute) |  Interval |                    Pipeline                   |
    |   min   |   max   |    min   |    max   | min | max |                      Type                     |
    +---------+---------+----------+----------+-----+-----+-----------------------------------------------+
    |        ?|        ?|         ?|         ?|    0|    0|  loop auto-rewind stp(delay=0 clock cycles(s))|
    +---------+---------+----------+----------+-----+-----+-----------------------------------------------+

    + Detail: 
        * Instance: 
        +--------------------------------+--------------------+---------+---------+----------+----------+-----+-----+---------+
        |                                |                    |  Latency (cycles) |  Latency (absolute) |  Interval | Pipeline|
        |            Instance            |       Module       |   min   |   max   |    min   |    max   | min | max |   Type  |
        +--------------------------------+--------------------+---------+---------+----------+----------+-----+-----+---------+
        |bv0c_var_const_cmp_32_s_fu_294  |var_const_cmp_32_s  |        0|        0|      0 ns|      0 ns|    1|    1|      yes|
        |bv1c_var_const_cmp_32_s_fu_304  |var_const_cmp_32_s  |        0|        0|      0 ns|      0 ns|    1|    1|      yes|
        |bv2c_var_const_cmp_32_s_fu_314  |var_const_cmp_32_s  |        0|        0|      0 ns|      0 ns|    1|    1|      yes|
        |bv3c_var_const_cmp_32_s_fu_324  |var_const_cmp_32_s  |        0|        0|      0 ns|      0 ns|    1|    1|      yes|
        |bv0v1_var_var_cmp_32_s_fu_334   |var_var_cmp_32_s    |        0|        0|      0 ns|      0 ns|    1|    1|      yes|
        |bv0v2_var_var_cmp_32_s_fu_343   |var_var_cmp_32_s    |        0|        0|      0 ns|      0 ns|    1|    1|      yes|
        |bv0v3_var_var_cmp_32_s_fu_352   |var_var_cmp_32_s    |        0|        0|      0 ns|      0 ns|    1|    1|      yes|
        |bv1v2_var_var_cmp_32_s_fu_361   |var_var_cmp_32_s    |        0|        0|      0 ns|      0 ns|    1|    1|      yes|
        |bv1v3_var_var_cmp_32_s_fu_370   |var_var_cmp_32_s    |        0|        0|      0 ns|      0 ns|    1|    1|      yes|
        |bv2v3_var_var_cmp_32_s_fu_379   |var_var_cmp_32_s    |        0|        0|      0 ns|      0 ns|    1|    1|      yes|
        +--------------------------------+--------------------+---------+---------+----------+----------+-----+-----+---------+

        * Loop: 
        +--------------------+---------+---------+----------+-----------+-----------+------+----------+
        |                    |  Latency (cycles) | Iteration|  Initiation Interval  | Trip |          |
        |      Loop Name     |   min   |   max   |  Latency |  achieved |   target  | Count| Pipelined|
        +--------------------+---------+---------+----------+-----------+-----------+------+----------+
        |- FILTER_MAIN_LOOP  |        ?|        ?|         2|          1|          1|     ?|       yes|
        +--------------------+---------+---------+----------+-----------+-----------+------+----------+

============================================================
+ Verbose Summary: Synthesis Manager
============================================================
InlineROM: 1
ExposeGlobal: 0
============================================================
+ Verbose Summary: CDFG Model
============================================================
IsTopModel: 0
ResetActiveHigh: 1
IsCombinational: 0
IsDatapathOnly: 0
HasWiredReturn: 1
HasMFsm: 2
HasVarLatency: 1
IsPipeline: 0
IsRtlPipelined: 0
IsInstanceOverlapped: 0
IsDontTouch: 0
HasImplIP: 0
IsGatedGlobalClock: 0

+ Individual pipeline summary: 
  * Pipeline-0: initiation interval (II) = 1, depth = 2


============================================================
+ Verbose Summary: Schedule
============================================================
* Number of FSM states : 2
* Pipeline : 1
  Pipeline-0 : II = 1, D = 2, States = { 1 2 }
* Dataflow Pipeline: 0

* FSM state transitions: 
1 --> 2 
2 --> 

* FSM state operations: 

State 1 <SV = 0> <Delay = 1.70>
ST_1 : Operation 5 [1/1] (0.00ns)   --->   "%specinterface_ln0 = specinterface void @_ssdm_op_SpecInterface, i32 %k_strms_3, void @empty_8, i32 0, i32 0, void @empty, i32 0, i32 0, void @empty, void @empty, void @empty, i32 0, i32 0, i32 0, i32 0, void @empty, void @empty, i32 4294967295, i32 0, i32 0"   --->   Operation 5 'specinterface' 'specinterface_ln0' <Predicate = true> <Delay = 0.00>
ST_1 : Operation 6 [1/1] (0.00ns)   --->   "%specinterface_ln0 = specinterface void @_ssdm_op_SpecInterface, i32 %k_strms_2, void @empty_8, i32 0, i32 0, void @empty, i32 0, i32 0, void @empty, void @empty, void @empty, i32 0, i32 0, i32 0, i32 0, void @empty, void @empty, i32 4294967295, i32 0, i32 0"   --->   Operation 6 'specinterface' 'specinterface_ln0' <Predicate = true> <Delay = 0.00>
ST_1 : Operation 7 [1/1] (0.00ns)   --->   "%specinterface_ln0 = specinterface void @_ssdm_op_SpecInterface, i32 %k_strms_1, void @empty_8, i32 0, i32 0, void @empty, i32 0, i32 0, void @empty, void @empty, void @empty, i32 0, i32 0, i32 0, i32 0, void @empty, void @empty, i32 4294967295, i32 0, i32 0"   --->   Operation 7 'specinterface' 'specinterface_ln0' <Predicate = true> <Delay = 0.00>
ST_1 : Operation 8 [1/1] (0.00ns)   --->   "%specinterface_ln0 = specinterface void @_ssdm_op_SpecInterface, i32 %k_strms_0, void @empty_8, i32 0, i32 0, void @empty, i32 0, i32 0, void @empty, void @empty, void @empty, i32 0, i32 0, i32 0, i32 0, void @empty, void @empty, i32 4294967295, i32 0, i32 0"   --->   Operation 8 'specinterface' 'specinterface_ln0' <Predicate = true> <Delay = 0.00>
ST_1 : Operation 9 [1/1] (0.00ns)   --->   "%specinterface_ln0 = specinterface void @_ssdm_op_SpecInterface, i1 %e_v_strm, void @empty_8, i32 0, i32 0, void @empty, i32 0, i32 0, void @empty, void @empty, void @empty, i32 0, i32 0, i32 0, i32 0, void @empty, void @empty, i32 4294967295, i32 0, i32 0"   --->   Operation 9 'specinterface' 'specinterface_ln0' <Predicate = true> <Delay = 0.00>
ST_1 : Operation 10 [1/1] (0.00ns)   --->   "%specinterface_ln0 = specinterface void @_ssdm_op_SpecInterface, i10 %addr_strm, void @empty_8, i32 0, i32 0, void @empty, i32 0, i32 0, void @empty, void @empty, void @empty, i32 0, i32 0, i32 0, i32 0, void @empty, void @empty, i32 4294967295, i32 0, i32 0"   --->   Operation 10 'specinterface' 'specinterface_ln0' <Predicate = true> <Delay = 0.00>
ST_1 : Operation 11 [1/1] (0.00ns)   --->   "%specinterface_ln0 = specinterface void @_ssdm_op_SpecInterface, i1 %e_addr_strm, void @empty_8, i32 0, i32 0, void @empty, i32 0, i32 0, void @empty, void @empty, void @empty, i32 0, i32 0, i32 0, i32 0, void @empty, void @empty, i32 4294967295, i32 0, i32 0"   --->   Operation 11 'specinterface' 'specinterface_ln0' <Predicate = true> <Delay = 0.00>
ST_1 : Operation 12 [1/1] (0.00ns)   --->   "%tmp = read i4 @_ssdm_op_Read.ap_auto.i4, i4 %empty" [../../APZ-DA/Addon_Queries/SELECT/dynamic_filter/xf_database/dynamic_filter.hpp:217]   --->   Operation 12 'read' 'tmp' <Predicate = true> <Delay = 0.00>
ST_1 : Operation 13 [1/1] (0.00ns)   --->   "%tmp_1 = read i4 @_ssdm_op_Read.ap_auto.i4, i4 %empty_26" [../../APZ-DA/Addon_Queries/SELECT/dynamic_filter/xf_database/dynamic_filter.hpp:217]   --->   Operation 13 'read' 'tmp_1' <Predicate = true> <Delay = 0.00>
ST_1 : Operation 14 [1/1] (0.00ns)   --->   "%tmp_2 = read i4 @_ssdm_op_Read.ap_auto.i4, i4 %empty_25" [../../APZ-DA/Addon_Queries/SELECT/dynamic_filter/xf_database/dynamic_filter.hpp:217]   --->   Operation 14 'read' 'tmp_2' <Predicate = true> <Delay = 0.00>
ST_1 : Operation 15 [1/1] (0.00ns)   --->   "%tmp_3 = read i4 @_ssdm_op_Read.ap_auto.i4, i4 %empty_24" [../../APZ-DA/Addon_Queries/SELECT/dynamic_filter/xf_database/dynamic_filter.hpp:217]   --->   Operation 15 'read' 'tmp_3' <Predicate = true> <Delay = 0.00>
ST_1 : Operation 16 [1/1] (0.00ns)   --->   "%tmp_4 = read i4 @_ssdm_op_Read.ap_auto.i4, i4 %empty_23" [../../APZ-DA/Addon_Queries/SELECT/dynamic_filter/xf_database/dynamic_filter.hpp:217]   --->   Operation 16 'read' 'tmp_4' <Predicate = true> <Delay = 0.00>
ST_1 : Operation 17 [1/1] (0.00ns)   --->   "%tmp_5 = read i4 @_ssdm_op_Read.ap_auto.i4, i4 %empty_22" [../../APZ-DA/Addon_Queries/SELECT/dynamic_filter/xf_database/dynamic_filter.hpp:217]   --->   Operation 17 'read' 'tmp_5' <Predicate = true> <Delay = 0.00>
ST_1 : Operation 18 [1/1] (0.00ns)   --->   "%trunc_ln235_3_read = read i32 @_ssdm_op_Read.ap_auto.i32, i32 %trunc_ln235_3" [../../APZ-DA/Addon_Queries/SELECT/dynamic_filter/xf_database/dynamic_filter.hpp:217]   --->   Operation 18 'read' 'trunc_ln235_3_read' <Predicate = true> <Delay = 0.00>
ST_1 : Operation 19 [1/1] (0.00ns)   --->   "%trunc_ln235_2_read = read i32 @_ssdm_op_Read.ap_auto.i32, i32 %trunc_ln235_2" [../../APZ-DA/Addon_Queries/SELECT/dynamic_filter/xf_database/dynamic_filter.hpp:217]   --->   Operation 19 'read' 'trunc_ln235_2_read' <Predicate = true> <Delay = 0.00>
ST_1 : Operation 20 [1/1] (0.00ns)   --->   "%trunc_ln235_1_read = read i4 @_ssdm_op_Read.ap_auto.i4, i4 %trunc_ln235_1" [../../APZ-DA/Addon_Queries/SELECT/dynamic_filter/xf_database/dynamic_filter.hpp:217]   --->   Operation 20 'read' 'trunc_ln235_1_read' <Predicate = true> <Delay = 0.00>
ST_1 : Operation 21 [1/1] (0.00ns)   --->   "%tmp_6 = read i4 @_ssdm_op_Read.ap_auto.i4, i4 %empty_21" [../../APZ-DA/Addon_Queries/SELECT/dynamic_filter/xf_database/dynamic_filter.hpp:217]   --->   Operation 21 'read' 'tmp_6' <Predicate = true> <Delay = 0.00>
ST_1 : Operation 22 [1/1] (0.00ns)   --->   "%trunc_ln234_3_read = read i32 @_ssdm_op_Read.ap_auto.i32, i32 %trunc_ln234_3" [../../APZ-DA/Addon_Queries/SELECT/dynamic_filter/xf_database/dynamic_filter.hpp:217]   --->   Operation 22 'read' 'trunc_ln234_3_read' <Predicate = true> <Delay = 0.00>
ST_1 : Operation 23 [1/1] (0.00ns)   --->   "%trunc_ln234_2_read = read i32 @_ssdm_op_Read.ap_auto.i32, i32 %trunc_ln234_2" [../../APZ-DA/Addon_Queries/SELECT/dynamic_filter/xf_database/dynamic_filter.hpp:217]   --->   Operation 23 'read' 'trunc_ln234_2_read' <Predicate = true> <Delay = 0.00>
ST_1 : Operation 24 [1/1] (0.00ns)   --->   "%trunc_ln234_1_read = read i4 @_ssdm_op_Read.ap_auto.i4, i4 %trunc_ln234_1" [../../APZ-DA/Addon_Queries/SELECT/dynamic_filter/xf_database/dynamic_filter.hpp:217]   --->   Operation 24 'read' 'trunc_ln234_1_read' <Predicate = true> <Delay = 0.00>
ST_1 : Operation 25 [1/1] (0.00ns)   --->   "%tmp_7 = read i4 @_ssdm_op_Read.ap_auto.i4, i4 %empty_20" [../../APZ-DA/Addon_Queries/SELECT/dynamic_filter/xf_database/dynamic_filter.hpp:217]   --->   Operation 25 'read' 'tmp_7' <Predicate = true> <Delay = 0.00>
ST_1 : Operation 26 [1/1] (0.00ns)   --->   "%trunc_ln233_3_read = read i32 @_ssdm_op_Read.ap_auto.i32, i32 %trunc_ln233_3" [../../APZ-DA/Addon_Queries/SELECT/dynamic_filter/xf_database/dynamic_filter.hpp:217]   --->   Operation 26 'read' 'trunc_ln233_3_read' <Predicate = true> <Delay = 0.00>
ST_1 : Operation 27 [1/1] (0.00ns)   --->   "%trunc_ln233_2_read = read i32 @_ssdm_op_Read.ap_auto.i32, i32 %trunc_ln233_2" [../../APZ-DA/Addon_Queries/SELECT/dynamic_filter/xf_database/dynamic_filter.hpp:217]   --->   Operation 27 'read' 'trunc_ln233_2_read' <Predicate = true> <Delay = 0.00>
ST_1 : Operation 28 [1/1] (0.00ns)   --->   "%trunc_ln233_1_read = read i4 @_ssdm_op_Read.ap_auto.i4, i4 %trunc_ln233_1" [../../APZ-DA/Addon_Queries/SELECT/dynamic_filter/xf_database/dynamic_filter.hpp:217]   --->   Operation 28 'read' 'trunc_ln233_1_read' <Predicate = true> <Delay = 0.00>
ST_1 : Operation 29 [1/1] (0.00ns)   --->   "%tmp_8 = read i4 @_ssdm_op_Read.ap_auto.i4, i4 %empty_19" [../../APZ-DA/Addon_Queries/SELECT/dynamic_filter/xf_database/dynamic_filter.hpp:217]   --->   Operation 29 'read' 'tmp_8' <Predicate = true> <Delay = 0.00>
ST_1 : Operation 30 [1/1] (0.00ns)   --->   "%trunc_ln232_3_read = read i32 @_ssdm_op_Read.ap_auto.i32, i32 %trunc_ln232_3" [../../APZ-DA/Addon_Queries/SELECT/dynamic_filter/xf_database/dynamic_filter.hpp:217]   --->   Operation 30 'read' 'trunc_ln232_3_read' <Predicate = true> <Delay = 0.00>
ST_1 : Operation 31 [1/1] (0.00ns)   --->   "%trunc_ln232_2_read = read i32 @_ssdm_op_Read.ap_auto.i32, i32 %trunc_ln232_2" [../../APZ-DA/Addon_Queries/SELECT/dynamic_filter/xf_database/dynamic_filter.hpp:217]   --->   Operation 31 'read' 'trunc_ln232_2_read' <Predicate = true> <Delay = 0.00>
ST_1 : Operation 32 [1/1] (0.00ns)   --->   "%trunc_ln232_1_read = read i4 @_ssdm_op_Read.ap_auto.i4, i4 %trunc_ln232_1" [../../APZ-DA/Addon_Queries/SELECT/dynamic_filter/xf_database/dynamic_filter.hpp:217]   --->   Operation 32 'read' 'trunc_ln232_1_read' <Predicate = true> <Delay = 0.00>
ST_1 : Operation 33 [1/1] (0.00ns)   --->   "%tmp_9 = read i4 @_ssdm_op_Read.ap_auto.i4, i4 %empty_18" [../../APZ-DA/Addon_Queries/SELECT/dynamic_filter/xf_database/dynamic_filter.hpp:217]   --->   Operation 33 'read' 'tmp_9' <Predicate = true> <Delay = 0.00>
ST_1 : Operation 34 [1/1] (0.00ns)   --->   "%e_read = read i1 @_ssdm_op_Read.ap_auto.i1, i1 %e" [../../APZ-DA/Addon_Queries/SELECT/dynamic_filter/xf_database/dynamic_filter.hpp:217]   --->   Operation 34 'read' 'e_read' <Predicate = true> <Delay = 0.00>
ST_1 : Operation 35 [1/1] (0.38ns)   --->   "%br_ln250 = br void %while.cond" [../../APZ-DA/Addon_Queries/SELECT/dynamic_filter/xf_database/dynamic_filter.hpp:250]   --->   Operation 35 'br' 'br_ln250' <Predicate = true> <Delay = 0.38>
ST_1 : Operation 36 [1/1] (0.00ns)   --->   "%e_3 = phi i1 %e_read, void %newFuncRoot, i1 %e_4, void %while.body"   --->   Operation 36 'phi' 'e_3' <Predicate = true> <Delay = 0.00>
ST_1 : Operation 37 [1/1] (0.00ns)   --->   "%br_ln250 = br i1 %e_3, void %while.body, void %while.end.exitStub" [../../APZ-DA/Addon_Queries/SELECT/dynamic_filter/xf_database/dynamic_filter.hpp:250]   --->   Operation 37 'br' 'br_ln250' <Predicate = true> <Delay = 0.00>
ST_1 : Operation 38 [1/1] (1.31ns)   --->   "%e_4 = read i1 @_ssdm_op_Read.ap_fifo.volatile.i1P0A, i1 %e_v_strm" [../../APZ-DA/Addon_Queries/SELECT/dynamic_filter/xf_database/dynamic_filter.hpp:252]   --->   Operation 38 'read' 'e_4' <Predicate = (!e_3)> <Delay = 1.31> <CoreInst = "FIFO_SRL">   --->   Core 80 'FIFO_SRL' <Latency = 0> <II = 1> <Delay = 1.31> <Storage> <Opcode : 'read' 'write' 'nbread' 'nbwrite'> <Ports = 0> <Width = 1> <Depth = 8> <FIFO>
ST_1 : Operation 59 [1/1] (0.38ns)   --->   "%ret_ln0 = ret"   --->   Operation 59 'ret' 'ret_ln0' <Predicate = (e_3)> <Delay = 0.38>

State 2 <SV = 1> <Delay = 4.48>
ST_2 : Operation 39 [1/1] (0.00ns)   --->   "%specpipeline_ln251 = specpipeline void @_ssdm_op_SpecPipeline, i32 1, i32 0, i32 0, i32 0, void @empty" [../../APZ-DA/Addon_Queries/SELECT/dynamic_filter/xf_database/dynamic_filter.hpp:251]   --->   Operation 39 'specpipeline' 'specpipeline_ln251' <Predicate = (!e_3)> <Delay = 0.00>
ST_2 : Operation 40 [1/1] (0.00ns)   --->   "%specloopname_ln250 = specloopname void @_ssdm_op_SpecLoopName, void @empty_6" [../../APZ-DA/Addon_Queries/SELECT/dynamic_filter/xf_database/dynamic_filter.hpp:250]   --->   Operation 40 'specloopname' 'specloopname_ln250' <Predicate = (!e_3)> <Delay = 0.00>
ST_2 : Operation 41 [1/1] (1.42ns)   --->   "%k_strms_0_read = read i32 @_ssdm_op_Read.ap_fifo.volatile.i32P0A, i32 %k_strms_0" [../../APZ-DA/Addon_Queries/SELECT/dynamic_filter/xf_database/dynamic_filter.hpp:253]   --->   Operation 41 'read' 'k_strms_0_read' <Predicate = (!e_3)> <Delay = 1.42> <CoreInst = "FIFO">   --->   Core 77 'FIFO' <Latency = 0> <II = 1> <Delay = 1.42> <Storage> <Opcode : 'read' 'write' 'nbread' 'nbwrite'> <Ports = 0> <Width = -1> <Depth = -1> <FIFO>
ST_2 : Operation 42 [1/1] (1.42ns)   --->   "%k_strms_1_read = read i32 @_ssdm_op_Read.ap_fifo.volatile.i32P0A, i32 %k_strms_1" [../../APZ-DA/Addon_Queries/SELECT/dynamic_filter/xf_database/dynamic_filter.hpp:254]   --->   Operation 42 'read' 'k_strms_1_read' <Predicate = (!e_3)> <Delay = 1.42> <CoreInst = "FIFO">   --->   Core 77 'FIFO' <Latency = 0> <II = 1> <Delay = 1.42> <Storage> <Opcode : 'read' 'write' 'nbread' 'nbwrite'> <Ports = 0> <Width = -1> <Depth = -1> <FIFO>
ST_2 : Operation 43 [1/1] (1.42ns)   --->   "%k_strms_2_read = read i32 @_ssdm_op_Read.ap_fifo.volatile.i32P0A, i32 %k_strms_2" [../../APZ-DA/Addon_Queries/SELECT/dynamic_filter/xf_database/dynamic_filter.hpp:255]   --->   Operation 43 'read' 'k_strms_2_read' <Predicate = (!e_3)> <Delay = 1.42> <CoreInst = "FIFO">   --->   Core 77 'FIFO' <Latency = 0> <II = 1> <Delay = 1.42> <Storage> <Opcode : 'read' 'write' 'nbread' 'nbwrite'> <Ports = 0> <Width = -1> <Depth = -1> <FIFO>
ST_2 : Operation 44 [1/1] (1.42ns)   --->   "%k_strms_3_read = read i32 @_ssdm_op_Read.ap_fifo.volatile.i32P0A, i32 %k_strms_3" [../../APZ-DA/Addon_Queries/SELECT/dynamic_filter/xf_database/dynamic_filter.hpp:256]   --->   Operation 44 'read' 'k_strms_3_read' <Predicate = (!e_3)> <Delay = 1.42> <CoreInst = "FIFO">   --->   Core 77 'FIFO' <Latency = 0> <II = 1> <Delay = 1.42> <Storage> <Opcode : 'read' 'write' 'nbread' 'nbwrite'> <Ports = 0> <Width = -1> <Depth = -1> <FIFO>
ST_2 : Operation 45 [1/1] (1.67ns)   --->   "%bv0c = call i1 @var_const_cmp<32>, i4 %tmp_9, i4 %trunc_ln232_1_read, i32 %trunc_ln232_2_read, i32 %trunc_ln232_3_read, i32 %k_strms_0_read" [../../APZ-DA/Addon_Queries/SELECT/dynamic_filter/xf_database/dynamic_filter.hpp:258]   --->   Operation 45 'call' 'bv0c' <Predicate = (!e_3)> <Delay = 1.67> <CoreType = "Generic">   --->   Core 0 '' <Latency = 0> <II = 1> <Delay = 1.00> <Generic> <Opcode : >
ST_2 : Operation 46 [1/1] (1.67ns)   --->   "%bv1c = call i1 @var_const_cmp<32>, i4 %tmp_8, i4 %trunc_ln233_1_read, i32 %trunc_ln233_2_read, i32 %trunc_ln233_3_read, i32 %k_strms_1_read" [../../APZ-DA/Addon_Queries/SELECT/dynamic_filter/xf_database/dynamic_filter.hpp:259]   --->   Operation 46 'call' 'bv1c' <Predicate = (!e_3)> <Delay = 1.67> <CoreType = "Generic">   --->   Core 0 '' <Latency = 0> <II = 1> <Delay = 1.00> <Generic> <Opcode : >
ST_2 : Operation 47 [1/1] (1.67ns)   --->   "%bv2c = call i1 @var_const_cmp<32>, i4 %tmp_7, i4 %trunc_ln234_1_read, i32 %trunc_ln234_2_read, i32 %trunc_ln234_3_read, i32 %k_strms_2_read" [../../APZ-DA/Addon_Queries/SELECT/dynamic_filter/xf_database/dynamic_filter.hpp:260]   --->   Operation 47 'call' 'bv2c' <Predicate = (!e_3)> <Delay = 1.67> <CoreType = "Generic">   --->   Core 0 '' <Latency = 0> <II = 1> <Delay = 1.00> <Generic> <Opcode : >
ST_2 : Operation 48 [1/1] (1.67ns)   --->   "%bv3c = call i1 @var_const_cmp<32>, i4 %tmp_6, i4 %trunc_ln235_1_read, i32 %trunc_ln235_2_read, i32 %trunc_ln235_3_read, i32 %k_strms_3_read" [../../APZ-DA/Addon_Queries/SELECT/dynamic_filter/xf_database/dynamic_filter.hpp:261]   --->   Operation 48 'call' 'bv3c' <Predicate = (!e_3)> <Delay = 1.67> <CoreType = "Generic">   --->   Core 0 '' <Latency = 0> <II = 1> <Delay = 1.00> <Generic> <Opcode : >
ST_2 : Operation 49 [1/1] (1.29ns)   --->   "%bv0v1 = call i1 @var_var_cmp<32>, i4 %tmp_5, i32 %k_strms_0_read, i32 %k_strms_1_read" [../../APZ-DA/Addon_Queries/SELECT/dynamic_filter/xf_database/dynamic_filter.hpp:263]   --->   Operation 49 'call' 'bv0v1' <Predicate = (!e_3)> <Delay = 1.29> <CoreType = "Generic">   --->   Core 0 '' <Latency = 0> <II = 1> <Delay = 1.00> <Generic> <Opcode : >
ST_2 : Operation 50 [1/1] (1.29ns)   --->   "%bv0v2 = call i1 @var_var_cmp<32>, i4 %tmp_4, i32 %k_strms_0_read, i32 %k_strms_2_read" [../../APZ-DA/Addon_Queries/SELECT/dynamic_filter/xf_database/dynamic_filter.hpp:264]   --->   Operation 50 'call' 'bv0v2' <Predicate = (!e_3)> <Delay = 1.29> <CoreType = "Generic">   --->   Core 0 '' <Latency = 0> <II = 1> <Delay = 1.00> <Generic> <Opcode : >
ST_2 : Operation 51 [1/1] (1.29ns)   --->   "%bv0v3 = call i1 @var_var_cmp<32>, i4 %tmp_3, i32 %k_strms_0_read, i32 %k_strms_3_read" [../../APZ-DA/Addon_Queries/SELECT/dynamic_filter/xf_database/dynamic_filter.hpp:265]   --->   Operation 51 'call' 'bv0v3' <Predicate = (!e_3)> <Delay = 1.29> <CoreType = "Generic">   --->   Core 0 '' <Latency = 0> <II = 1> <Delay = 1.00> <Generic> <Opcode : >
ST_2 : Operation 52 [1/1] (1.29ns)   --->   "%bv1v2 = call i1 @var_var_cmp<32>, i4 %tmp_2, i32 %k_strms_1_read, i32 %k_strms_2_read" [../../APZ-DA/Addon_Queries/SELECT/dynamic_filter/xf_database/dynamic_filter.hpp:266]   --->   Operation 52 'call' 'bv1v2' <Predicate = (!e_3)> <Delay = 1.29> <CoreType = "Generic">   --->   Core 0 '' <Latency = 0> <II = 1> <Delay = 1.00> <Generic> <Opcode : >
ST_2 : Operation 53 [1/1] (1.29ns)   --->   "%bv1v3 = call i1 @var_var_cmp<32>, i4 %tmp_1, i32 %k_strms_1_read, i32 %k_strms_3_read" [../../APZ-DA/Addon_Queries/SELECT/dynamic_filter/xf_database/dynamic_filter.hpp:267]   --->   Operation 53 'call' 'bv1v3' <Predicate = (!e_3)> <Delay = 1.29> <CoreType = "Generic">   --->   Core 0 '' <Latency = 0> <II = 1> <Delay = 1.00> <Generic> <Opcode : >
ST_2 : Operation 54 [1/1] (1.29ns)   --->   "%bv2v3 = call i1 @var_var_cmp<32>, i4 %tmp, i32 %k_strms_2_read, i32 %k_strms_3_read" [../../APZ-DA/Addon_Queries/SELECT/dynamic_filter/xf_database/dynamic_filter.hpp:268]   --->   Operation 54 'call' 'bv2v3' <Predicate = (!e_3)> <Delay = 1.29> <CoreType = "Generic">   --->   Core 0 '' <Latency = 0> <II = 1> <Delay = 1.00> <Generic> <Opcode : >
ST_2 : Operation 55 [1/1] (0.00ns)   --->   "%bvec = bitconcatenate i10 @_ssdm_op_BitConcatenate.i10.i1.i1.i1.i1.i1.i1.i1.i1.i1.i1, i1 %bv2v3, i1 %bv1v3, i1 %bv1v2, i1 %bv0v3, i1 %bv0v2, i1 %bv0v1, i1 %bv3c, i1 %bv2c, i1 %bv1c, i1 %bv0c" [../../APZ-DA/Addon_Queries/SELECT/dynamic_filter/xf_database/dynamic_filter.hpp:280]   --->   Operation 55 'bitconcatenate' 'bvec' <Predicate = (!e_3)> <Delay = 0.00>
ST_2 : Operation 56 [1/1] (1.38ns)   --->   "%write_ln282 = write void @_ssdm_op_Write.ap_fifo.volatile.i10P0A, i10 %addr_strm, i10 %bvec" [../../APZ-DA/Addon_Queries/SELECT/dynamic_filter/xf_database/dynamic_filter.hpp:282]   --->   Operation 56 'write' 'write_ln282' <Predicate = (!e_3)> <Delay = 1.38> <CoreInst = "FIFO_SRL">   --->   Core 80 'FIFO_SRL' <Latency = 0> <II = 1> <Delay = 1.38> <Storage> <Opcode : 'read' 'write' 'nbread' 'nbwrite'> <Ports = 0> <Width = 10> <Depth = 8> <FIFO>
ST_2 : Operation 57 [1/1] (1.31ns)   --->   "%write_ln283 = write void @_ssdm_op_Write.ap_fifo.volatile.i1P0A, i1 %e_addr_strm, i1 0" [../../APZ-DA/Addon_Queries/SELECT/dynamic_filter/xf_database/dynamic_filter.hpp:283]   --->   Operation 57 'write' 'write_ln283' <Predicate = (!e_3)> <Delay = 1.31> <CoreInst = "FIFO_SRL">   --->   Core 80 'FIFO_SRL' <Latency = 0> <II = 1> <Delay = 1.31> <Storage> <Opcode : 'read' 'write' 'nbread' 'nbwrite'> <Ports = 0> <Width = 1> <Depth = 8> <FIFO>
ST_2 : Operation 58 [1/1] (0.00ns)   --->   "%br_ln250 = br void %while.cond" [../../APZ-DA/Addon_Queries/SELECT/dynamic_filter/xf_database/dynamic_filter.hpp:250]   --->   Operation 58 'br' 'br_ln250' <Predicate = (!e_3)> <Delay = 0.00>


============================================================
+ Verbose Summary: Binding
============================================================
STG Binding: 
---------------- STG Properties BEGIN ----------------
- Is combinational: 0
- Is one-state seq: 0
- Is datapath-only: 0
- Is pipelined: 0
- Is top level: 0
Port [ Return ] is wired: 1; IO mode=ap_ctrl_hs:ce=0
Port [ e]:  wired=1; compound=0; hidden=0; nouse=0; global=0; static=0; extern=0; dir=0; type=0; pingpong=0; private_global=0; IO mode=ap_none:ce=0
Port [ e_v_strm]:  wired=1; compound=1; hidden=0; nouse=0; global=0; static=0; extern=0; dir=0; type=3; pingpong=0; private_global=0; IO mode=ap_fifo:ce=0
Port [ k_strms_0]:  wired=1; compound=1; hidden=0; nouse=0; global=0; static=0; extern=0; dir=0; type=3; pingpong=0; private_global=0; IO mode=ap_fifo:ce=0
Port [ k_strms_1]:  wired=1; compound=1; hidden=0; nouse=0; global=0; static=0; extern=0; dir=0; type=3; pingpong=0; private_global=0; IO mode=ap_fifo:ce=0
Port [ k_strms_2]:  wired=1; compound=1; hidden=0; nouse=0; global=0; static=0; extern=0; dir=0; type=3; pingpong=0; private_global=0; IO mode=ap_fifo:ce=0
Port [ k_strms_3]:  wired=1; compound=1; hidden=0; nouse=0; global=0; static=0; extern=0; dir=0; type=3; pingpong=0; private_global=0; IO mode=ap_fifo:ce=0
Port [ empty_18]:  wired=1; compound=0; hidden=0; nouse=0; global=0; static=0; extern=0; dir=0; type=0; pingpong=0; private_global=0; IO mode=ap_none:ce=0
Port [ trunc_ln232_1]:  wired=1; compound=0; hidden=0; nouse=0; global=0; static=0; extern=0; dir=0; type=0; pingpong=0; private_global=0; IO mode=ap_none:ce=0
Port [ trunc_ln232_2]:  wired=1; compound=0; hidden=0; nouse=0; global=0; static=0; extern=0; dir=0; type=0; pingpong=0; private_global=0; IO mode=ap_none:ce=0
Port [ trunc_ln232_3]:  wired=1; compound=0; hidden=0; nouse=0; global=0; static=0; extern=0; dir=0; type=0; pingpong=0; private_global=0; IO mode=ap_none:ce=0
Port [ empty_19]:  wired=1; compound=0; hidden=0; nouse=0; global=0; static=0; extern=0; dir=0; type=0; pingpong=0; private_global=0; IO mode=ap_none:ce=0
Port [ trunc_ln233_1]:  wired=1; compound=0; hidden=0; nouse=0; global=0; static=0; extern=0; dir=0; type=0; pingpong=0; private_global=0; IO mode=ap_none:ce=0
Port [ trunc_ln233_2]:  wired=1; compound=0; hidden=0; nouse=0; global=0; static=0; extern=0; dir=0; type=0; pingpong=0; private_global=0; IO mode=ap_none:ce=0
Port [ trunc_ln233_3]:  wired=1; compound=0; hidden=0; nouse=0; global=0; static=0; extern=0; dir=0; type=0; pingpong=0; private_global=0; IO mode=ap_none:ce=0
Port [ empty_20]:  wired=1; compound=0; hidden=0; nouse=0; global=0; static=0; extern=0; dir=0; type=0; pingpong=0; private_global=0; IO mode=ap_none:ce=0
Port [ trunc_ln234_1]:  wired=1; compound=0; hidden=0; nouse=0; global=0; static=0; extern=0; dir=0; type=0; pingpong=0; private_global=0; IO mode=ap_none:ce=0
Port [ trunc_ln234_2]:  wired=1; compound=0; hidden=0; nouse=0; global=0; static=0; extern=0; dir=0; type=0; pingpong=0; private_global=0; IO mode=ap_none:ce=0
Port [ trunc_ln234_3]:  wired=1; compound=0; hidden=0; nouse=0; global=0; static=0; extern=0; dir=0; type=0; pingpong=0; private_global=0; IO mode=ap_none:ce=0
Port [ empty_21]:  wired=1; compound=0; hidden=0; nouse=0; global=0; static=0; extern=0; dir=0; type=0; pingpong=0; private_global=0; IO mode=ap_none:ce=0
Port [ trunc_ln235_1]:  wired=1; compound=0; hidden=0; nouse=0; global=0; static=0; extern=0; dir=0; type=0; pingpong=0; private_global=0; IO mode=ap_none:ce=0
Port [ trunc_ln235_2]:  wired=1; compound=0; hidden=0; nouse=0; global=0; static=0; extern=0; dir=0; type=0; pingpong=0; private_global=0; IO mode=ap_none:ce=0
Port [ trunc_ln235_3]:  wired=1; compound=0; hidden=0; nouse=0; global=0; static=0; extern=0; dir=0; type=0; pingpong=0; private_global=0; IO mode=ap_none:ce=0
Port [ empty_22]:  wired=1; compound=0; hidden=0; nouse=0; global=0; static=0; extern=0; dir=0; type=0; pingpong=0; private_global=0; IO mode=ap_none:ce=0
Port [ empty_23]:  wired=1; compound=0; hidden=0; nouse=0; global=0; static=0; extern=0; dir=0; type=0; pingpong=0; private_global=0; IO mode=ap_none:ce=0
Port [ empty_24]:  wired=1; compound=0; hidden=0; nouse=0; global=0; static=0; extern=0; dir=0; type=0; pingpong=0; private_global=0; IO mode=ap_none:ce=0
Port [ empty_25]:  wired=1; compound=0; hidden=0; nouse=0; global=0; static=0; extern=0; dir=0; type=0; pingpong=0; private_global=0; IO mode=ap_none:ce=0
Port [ empty_26]:  wired=1; compound=0; hidden=0; nouse=0; global=0; static=0; extern=0; dir=0; type=0; pingpong=0; private_global=0; IO mode=ap_none:ce=0
Port [ empty]:  wired=1; compound=0; hidden=0; nouse=0; global=0; static=0; extern=0; dir=0; type=0; pingpong=0; private_global=0; IO mode=ap_none:ce=0
Port [ addr_strm]:  wired=1; compound=1; hidden=0; nouse=0; global=0; static=0; extern=0; dir=1; type=3; pingpong=0; private_global=0; IO mode=ap_fifo:ce=0
Port [ e_addr_strm]:  wired=1; compound=1; hidden=0; nouse=0; global=0; static=0; extern=0; dir=1; type=3; pingpong=0; private_global=0; IO mode=ap_fifo:ce=0
---------------- STG Properties END ------------------

---------------- Datapath Model BEGIN ----------------

<LifeTime>
<method=bitvector/>
specinterface_ln0  (specinterface ) [ 000]
specinterface_ln0  (specinterface ) [ 000]
specinterface_ln0  (specinterface ) [ 000]
specinterface_ln0  (specinterface ) [ 000]
specinterface_ln0  (specinterface ) [ 000]
specinterface_ln0  (specinterface ) [ 000]
specinterface_ln0  (specinterface ) [ 000]
tmp                (read          ) [ 011]
tmp_1              (read          ) [ 011]
tmp_2              (read          ) [ 011]
tmp_3              (read          ) [ 011]
tmp_4              (read          ) [ 011]
tmp_5              (read          ) [ 011]
trunc_ln235_3_read (read          ) [ 011]
trunc_ln235_2_read (read          ) [ 011]
trunc_ln235_1_read (read          ) [ 011]
tmp_6              (read          ) [ 011]
trunc_ln234_3_read (read          ) [ 011]
trunc_ln234_2_read (read          ) [ 011]
trunc_ln234_1_read (read          ) [ 011]
tmp_7              (read          ) [ 011]
trunc_ln233_3_read (read          ) [ 011]
trunc_ln233_2_read (read          ) [ 011]
trunc_ln233_1_read (read          ) [ 011]
tmp_8              (read          ) [ 011]
trunc_ln232_3_read (read          ) [ 011]
trunc_ln232_2_read (read          ) [ 011]
trunc_ln232_1_read (read          ) [ 011]
tmp_9              (read          ) [ 011]
e_read             (read          ) [ 000]
br_ln250           (br            ) [ 000]
e_3                (phi           ) [ 011]
br_ln250           (br            ) [ 000]
e_4                (read          ) [ 011]
specpipeline_ln251 (specpipeline  ) [ 000]
specloopname_ln250 (specloopname  ) [ 000]
k_strms_0_read     (read          ) [ 000]
k_strms_1_read     (read          ) [ 000]
k_strms_2_read     (read          ) [ 000]
k_strms_3_read     (read          ) [ 000]
bv0c               (call          ) [ 000]
bv1c               (call          ) [ 000]
bv2c               (call          ) [ 000]
bv3c               (call          ) [ 000]
bv0v1              (call          ) [ 000]
bv0v2              (call          ) [ 000]
bv0v3              (call          ) [ 000]
bv1v2              (call          ) [ 000]
bv1v3              (call          ) [ 000]
bv2v3              (call          ) [ 000]
bvec               (bitconcatenate) [ 000]
write_ln282        (write         ) [ 000]
write_ln283        (write         ) [ 000]
br_ln250           (br            ) [ 011]
ret_ln0            (ret           ) [ 000]
</LifeTime>

<model>

<comp_list>
<comp id="0" class="1000" name="e">
<pin_list>
<pin id="1" dir="1" index="0" bw="1" slack="0"/>
</pin_list>
<bind>
<StgValue><ssdm name="e"/></StgValue>
</bind>
</comp>

<comp id="2" class="1000" name="e_v_strm">
<pin_list>
<pin id="3" dir="1" index="0" bw="1" slack="0"/>
</pin_list>
<bind>
<StgValue><ssdm name="e_v_strm"/></StgValue>
</bind>
</comp>

<comp id="4" class="1000" name="k_strms_0">
<pin_list>
<pin id="5" dir="1" index="0" bw="1" slack="0"/>
</pin_list>
<bind>
<StgValue><ssdm name="k_strms_0"/></StgValue>
</bind>
</comp>

<comp id="6" class="1000" name="k_strms_1">
<pin_list>
<pin id="7" dir="1" index="0" bw="1" slack="0"/>
</pin_list>
<bind>
<StgValue><ssdm name="k_strms_1"/></StgValue>
</bind>
</comp>

<comp id="8" class="1000" name="k_strms_2">
<pin_list>
<pin id="9" dir="1" index="0" bw="1" slack="0"/>
</pin_list>
<bind>
<StgValue><ssdm name="k_strms_2"/></StgValue>
</bind>
</comp>

<comp id="10" class="1000" name="k_strms_3">
<pin_list>
<pin id="11" dir="1" index="0" bw="1" slack="0"/>
</pin_list>
<bind>
<StgValue><ssdm name="k_strms_3"/></StgValue>
</bind>
</comp>

<comp id="12" class="1000" name="empty_18">
<pin_list>
<pin id="13" dir="1" index="0" bw="1" slack="0"/>
</pin_list>
<bind>
<StgValue><ssdm name="empty_18"/></StgValue>
</bind>
</comp>

<comp id="14" class="1000" name="trunc_ln232_1">
<pin_list>
<pin id="15" dir="1" index="0" bw="1" slack="0"/>
</pin_list>
<bind>
<StgValue><ssdm name="trunc_ln232_1"/></StgValue>
</bind>
</comp>

<comp id="16" class="1000" name="trunc_ln232_2">
<pin_list>
<pin id="17" dir="1" index="0" bw="1" slack="0"/>
</pin_list>
<bind>
<StgValue><ssdm name="trunc_ln232_2"/></StgValue>
</bind>
</comp>

<comp id="18" class="1000" name="trunc_ln232_3">
<pin_list>
<pin id="19" dir="1" index="0" bw="1" slack="0"/>
</pin_list>
<bind>
<StgValue><ssdm name="trunc_ln232_3"/></StgValue>
</bind>
</comp>

<comp id="20" class="1000" name="empty_19">
<pin_list>
<pin id="21" dir="1" index="0" bw="1" slack="0"/>
</pin_list>
<bind>
<StgValue><ssdm name="empty_19"/></StgValue>
</bind>
</comp>

<comp id="22" class="1000" name="trunc_ln233_1">
<pin_list>
<pin id="23" dir="1" index="0" bw="1" slack="0"/>
</pin_list>
<bind>
<StgValue><ssdm name="trunc_ln233_1"/></StgValue>
</bind>
</comp>

<comp id="24" class="1000" name="trunc_ln233_2">
<pin_list>
<pin id="25" dir="1" index="0" bw="1" slack="0"/>
</pin_list>
<bind>
<StgValue><ssdm name="trunc_ln233_2"/></StgValue>
</bind>
</comp>

<comp id="26" class="1000" name="trunc_ln233_3">
<pin_list>
<pin id="27" dir="1" index="0" bw="1" slack="0"/>
</pin_list>
<bind>
<StgValue><ssdm name="trunc_ln233_3"/></StgValue>
</bind>
</comp>

<comp id="28" class="1000" name="empty_20">
<pin_list>
<pin id="29" dir="1" index="0" bw="1" slack="0"/>
</pin_list>
<bind>
<StgValue><ssdm name="empty_20"/></StgValue>
</bind>
</comp>

<comp id="30" class="1000" name="trunc_ln234_1">
<pin_list>
<pin id="31" dir="1" index="0" bw="1" slack="0"/>
</pin_list>
<bind>
<StgValue><ssdm name="trunc_ln234_1"/></StgValue>
</bind>
</comp>

<comp id="32" class="1000" name="trunc_ln234_2">
<pin_list>
<pin id="33" dir="1" index="0" bw="1" slack="0"/>
</pin_list>
<bind>
<StgValue><ssdm name="trunc_ln234_2"/></StgValue>
</bind>
</comp>

<comp id="34" class="1000" name="trunc_ln234_3">
<pin_list>
<pin id="35" dir="1" index="0" bw="1" slack="0"/>
</pin_list>
<bind>
<StgValue><ssdm name="trunc_ln234_3"/></StgValue>
</bind>
</comp>

<comp id="36" class="1000" name="empty_21">
<pin_list>
<pin id="37" dir="1" index="0" bw="1" slack="0"/>
</pin_list>
<bind>
<StgValue><ssdm name="empty_21"/></StgValue>
</bind>
</comp>

<comp id="38" class="1000" name="trunc_ln235_1">
<pin_list>
<pin id="39" dir="1" index="0" bw="1" slack="0"/>
</pin_list>
<bind>
<StgValue><ssdm name="trunc_ln235_1"/></StgValue>
</bind>
</comp>

<comp id="40" class="1000" name="trunc_ln235_2">
<pin_list>
<pin id="41" dir="1" index="0" bw="1" slack="0"/>
</pin_list>
<bind>
<StgValue><ssdm name="trunc_ln235_2"/></StgValue>
</bind>
</comp>

<comp id="42" class="1000" name="trunc_ln235_3">
<pin_list>
<pin id="43" dir="1" index="0" bw="1" slack="0"/>
</pin_list>
<bind>
<StgValue><ssdm name="trunc_ln235_3"/></StgValue>
</bind>
</comp>

<comp id="44" class="1000" name="empty_22">
<pin_list>
<pin id="45" dir="1" index="0" bw="1" slack="0"/>
</pin_list>
<bind>
<StgValue><ssdm name="empty_22"/></StgValue>
</bind>
</comp>

<comp id="46" class="1000" name="empty_23">
<pin_list>
<pin id="47" dir="1" index="0" bw="1" slack="0"/>
</pin_list>
<bind>
<StgValue><ssdm name="empty_23"/></StgValue>
</bind>
</comp>

<comp id="48" class="1000" name="empty_24">
<pin_list>
<pin id="49" dir="1" index="0" bw="1" slack="0"/>
</pin_list>
<bind>
<StgValue><ssdm name="empty_24"/></StgValue>
</bind>
</comp>

<comp id="50" class="1000" name="empty_25">
<pin_list>
<pin id="51" dir="1" index="0" bw="1" slack="0"/>
</pin_list>
<bind>
<StgValue><ssdm name="empty_25"/></StgValue>
</bind>
</comp>

<comp id="52" class="1000" name="empty_26">
<pin_list>
<pin id="53" dir="1" index="0" bw="1" slack="0"/>
</pin_list>
<bind>
<StgValue><ssdm name="empty_26"/></StgValue>
</bind>
</comp>

<comp id="54" class="1000" name="empty">
<pin_list>
<pin id="55" dir="1" index="0" bw="1" slack="0"/>
</pin_list>
<bind>
<StgValue><ssdm name="empty"/></StgValue>
</bind>
</comp>

<comp id="56" class="1000" name="addr_strm">
<pin_list>
<pin id="57" dir="1" index="0" bw="1" slack="0"/>
</pin_list>
<bind>
<StgValue><ssdm name="addr_strm"/></StgValue>
</bind>
</comp>

<comp id="58" class="1000" name="e_addr_strm">
<pin_list>
<pin id="59" dir="1" index="0" bw="1" slack="0"/>
</pin_list>
<bind>
<StgValue><ssdm name="e_addr_strm"/></StgValue>
</bind>
</comp>

<comp id="60" class="1001" name="const_60">
<pin_list>
<pin id="61" dir="1" index="0" bw="1" slack="2147483647"/>
</pin_list>
<bind>
<StgValue><ssdm name="_ssdm_op_SpecInterface"/></StgValue>
</bind>
</comp>

<comp id="62" class="1001" name="const_62">
<pin_list>
<pin id="63" dir="1" index="0" bw="1" slack="2147483647"/>
</pin_list>
<bind>
<StgValue><ssdm name="empty_8"/></StgValue>
</bind>
</comp>

<comp id="64" class="1001" name="const_64">
<pin_list>
<pin id="65" dir="1" index="0" bw="1" slack="2147483647"/>
</pin_list>
<bind>
<StgValue><ssdm name=""/></StgValue>
</bind>
</comp>

<comp id="66" class="1001" name="const_66">
<pin_list>
<pin id="67" dir="1" index="0" bw="1" slack="2147483647"/>
</pin_list>
<bind>
<StgValue><ssdm name="empty"/></StgValue>
</bind>
</comp>

<comp id="68" class="1001" name="const_68">
<pin_list>
<pin id="69" dir="1" index="0" bw="1" slack="2147483647"/>
</pin_list>
<bind>
<StgValue><ssdm name=""/></StgValue>
</bind>
</comp>

<comp id="70" class="1001" name="const_70">
<pin_list>
<pin id="71" dir="1" index="0" bw="1" slack="0"/>
</pin_list>
<bind>
<StgValue><ssdm name="_ssdm_op_Read.ap_auto.i4"/></StgValue>
</bind>
</comp>

<comp id="72" class="1001" name="const_72">
<pin_list>
<pin id="73" dir="1" index="0" bw="1" slack="0"/>
</pin_list>
<bind>
<StgValue><ssdm name="_ssdm_op_Read.ap_auto.i32"/></StgValue>
</bind>
</comp>

<comp id="74" class="1001" name="const_74">
<pin_list>
<pin id="75" dir="1" index="0" bw="1" slack="0"/>
</pin_list>
<bind>
<StgValue><ssdm name="_ssdm_op_Read.ap_auto.i1"/></StgValue>
</bind>
</comp>

<comp id="76" class="1001" name="const_76">
<pin_list>
<pin id="77" dir="1" index="0" bw="1" slack="0"/>
</pin_list>
<bind>
<StgValue><ssdm name="_ssdm_op_Read.ap_fifo.volatile.i1P0A"/></StgValue>
</bind>
</comp>

<comp id="78" class="1001" name="const_78">
<pin_list>
<pin id="79" dir="1" index="0" bw="1" slack="2147483647"/>
</pin_list>
<bind>
<StgValue><ssdm name="_ssdm_op_SpecPipeline"/></StgValue>
</bind>
</comp>

<comp id="80" class="1001" name="const_80">
<pin_list>
<pin id="81" dir="1" index="0" bw="1" slack="2147483647"/>
</pin_list>
<bind>
<StgValue><ssdm name=""/></StgValue>
</bind>
</comp>

<comp id="82" class="1001" name="const_82">
<pin_list>
<pin id="83" dir="1" index="0" bw="1" slack="2147483647"/>
</pin_list>
<bind>
<StgValue><ssdm name="_ssdm_op_SpecLoopName"/></StgValue>
</bind>
</comp>

<comp id="84" class="1001" name="const_84">
<pin_list>
<pin id="85" dir="1" index="0" bw="1" slack="2147483647"/>
</pin_list>
<bind>
<StgValue><ssdm name="empty_6"/></StgValue>
</bind>
</comp>

<comp id="86" class="1001" name="const_86">
<pin_list>
<pin id="87" dir="1" index="0" bw="1" slack="0"/>
</pin_list>
<bind>
<StgValue><ssdm name="_ssdm_op_Read.ap_fifo.volatile.i32P0A"/></StgValue>
</bind>
</comp>

<comp id="88" class="1001" name="const_88">
<pin_list>
<pin id="89" dir="1" index="0" bw="1" slack="0"/>
</pin_list>
<bind>
<StgValue><ssdm name="var_const_cmp<32>"/></StgValue>
</bind>
</comp>

<comp id="90" class="1001" name="const_90">
<pin_list>
<pin id="91" dir="1" index="0" bw="1" slack="0"/>
</pin_list>
<bind>
<StgValue><ssdm name="var_var_cmp<32>"/></StgValue>
</bind>
</comp>

<comp id="92" class="1001" name="const_92">
<pin_list>
<pin id="93" dir="1" index="0" bw="1" slack="0"/>
</pin_list>
<bind>
<StgValue><ssdm name="_ssdm_op_BitConcatenate.i10.i1.i1.i1.i1.i1.i1.i1.i1.i1.i1"/></StgValue>
</bind>
</comp>

<comp id="94" class="1001" name="const_94">
<pin_list>
<pin id="95" dir="1" index="0" bw="1" slack="0"/>
</pin_list>
<bind>
<StgValue><ssdm name="_ssdm_op_Write.ap_fifo.volatile.i10P0A"/></StgValue>
</bind>
</comp>

<comp id="96" class="1001" name="const_96">
<pin_list>
<pin id="97" dir="1" index="0" bw="1" slack="0"/>
</pin_list>
<bind>
<StgValue><ssdm name="_ssdm_op_Write.ap_fifo.volatile.i1P0A"/></StgValue>
</bind>
</comp>

<comp id="98" class="1001" name="const_98">
<pin_list>
<pin id="99" dir="1" index="0" bw="1" slack="0"/>
</pin_list>
<bind>
<StgValue><ssdm name=""/></StgValue>
</bind>
</comp>

<comp id="100" class="1004" name="tmp_read_fu_100">
<pin_list>
<pin id="101" dir="0" index="0" bw="4" slack="0"/>
<pin id="102" dir="0" index="1" bw="4" slack="0"/>
<pin id="103" dir="1" index="2" bw="4" slack="1"/>
</pin_list>
<bind>
<opcode="read(1150) " fcode="read"/>
<opset="tmp/1 "/>
</bind>
</comp>

<comp id="106" class="1004" name="tmp_1_read_fu_106">
<pin_list>
<pin id="107" dir="0" index="0" bw="4" slack="0"/>
<pin id="108" dir="0" index="1" bw="4" slack="0"/>
<pin id="109" dir="1" index="2" bw="4" slack="1"/>
</pin_list>
<bind>
<opcode="read(1150) " fcode="read"/>
<opset="tmp_1/1 "/>
</bind>
</comp>

<comp id="112" class="1004" name="tmp_2_read_fu_112">
<pin_list>
<pin id="113" dir="0" index="0" bw="4" slack="0"/>
<pin id="114" dir="0" index="1" bw="4" slack="0"/>
<pin id="115" dir="1" index="2" bw="4" slack="1"/>
</pin_list>
<bind>
<opcode="read(1150) " fcode="read"/>
<opset="tmp_2/1 "/>
</bind>
</comp>

<comp id="118" class="1004" name="tmp_3_read_fu_118">
<pin_list>
<pin id="119" dir="0" index="0" bw="4" slack="0"/>
<pin id="120" dir="0" index="1" bw="4" slack="0"/>
<pin id="121" dir="1" index="2" bw="4" slack="1"/>
</pin_list>
<bind>
<opcode="read(1150) " fcode="read"/>
<opset="tmp_3/1 "/>
</bind>
</comp>

<comp id="124" class="1004" name="tmp_4_read_fu_124">
<pin_list>
<pin id="125" dir="0" index="0" bw="4" slack="0"/>
<pin id="126" dir="0" index="1" bw="4" slack="0"/>
<pin id="127" dir="1" index="2" bw="4" slack="1"/>
</pin_list>
<bind>
<opcode="read(1150) " fcode="read"/>
<opset="tmp_4/1 "/>
</bind>
</comp>

<comp id="130" class="1004" name="tmp_5_read_fu_130">
<pin_list>
<pin id="131" dir="0" index="0" bw="4" slack="0"/>
<pin id="132" dir="0" index="1" bw="4" slack="0"/>
<pin id="133" dir="1" index="2" bw="4" slack="1"/>
</pin_list>
<bind>
<opcode="read(1150) " fcode="read"/>
<opset="tmp_5/1 "/>
</bind>
</comp>

<comp id="136" class="1004" name="trunc_ln235_3_read_read_fu_136">
<pin_list>
<pin id="137" dir="0" index="0" bw="32" slack="0"/>
<pin id="138" dir="0" index="1" bw="32" slack="0"/>
<pin id="139" dir="1" index="2" bw="32" slack="1"/>
</pin_list>
<bind>
<opcode="read(1150) " fcode="read"/>
<opset="trunc_ln235_3_read/1 "/>
</bind>
</comp>

<comp id="142" class="1004" name="trunc_ln235_2_read_read_fu_142">
<pin_list>
<pin id="143" dir="0" index="0" bw="32" slack="0"/>
<pin id="144" dir="0" index="1" bw="32" slack="0"/>
<pin id="145" dir="1" index="2" bw="32" slack="1"/>
</pin_list>
<bind>
<opcode="read(1150) " fcode="read"/>
<opset="trunc_ln235_2_read/1 "/>
</bind>
</comp>

<comp id="148" class="1004" name="trunc_ln235_1_read_read_fu_148">
<pin_list>
<pin id="149" dir="0" index="0" bw="4" slack="0"/>
<pin id="150" dir="0" index="1" bw="4" slack="0"/>
<pin id="151" dir="1" index="2" bw="4" slack="1"/>
</pin_list>
<bind>
<opcode="read(1150) " fcode="read"/>
<opset="trunc_ln235_1_read/1 "/>
</bind>
</comp>

<comp id="154" class="1004" name="tmp_6_read_fu_154">
<pin_list>
<pin id="155" dir="0" index="0" bw="4" slack="0"/>
<pin id="156" dir="0" index="1" bw="4" slack="0"/>
<pin id="157" dir="1" index="2" bw="4" slack="1"/>
</pin_list>
<bind>
<opcode="read(1150) " fcode="read"/>
<opset="tmp_6/1 "/>
</bind>
</comp>

<comp id="160" class="1004" name="trunc_ln234_3_read_read_fu_160">
<pin_list>
<pin id="161" dir="0" index="0" bw="32" slack="0"/>
<pin id="162" dir="0" index="1" bw="32" slack="0"/>
<pin id="163" dir="1" index="2" bw="32" slack="1"/>
</pin_list>
<bind>
<opcode="read(1150) " fcode="read"/>
<opset="trunc_ln234_3_read/1 "/>
</bind>
</comp>

<comp id="166" class="1004" name="trunc_ln234_2_read_read_fu_166">
<pin_list>
<pin id="167" dir="0" index="0" bw="32" slack="0"/>
<pin id="168" dir="0" index="1" bw="32" slack="0"/>
<pin id="169" dir="1" index="2" bw="32" slack="1"/>
</pin_list>
<bind>
<opcode="read(1150) " fcode="read"/>
<opset="trunc_ln234_2_read/1 "/>
</bind>
</comp>

<comp id="172" class="1004" name="trunc_ln234_1_read_read_fu_172">
<pin_list>
<pin id="173" dir="0" index="0" bw="4" slack="0"/>
<pin id="174" dir="0" index="1" bw="4" slack="0"/>
<pin id="175" dir="1" index="2" bw="4" slack="1"/>
</pin_list>
<bind>
<opcode="read(1150) " fcode="read"/>
<opset="trunc_ln234_1_read/1 "/>
</bind>
</comp>

<comp id="178" class="1004" name="tmp_7_read_fu_178">
<pin_list>
<pin id="179" dir="0" index="0" bw="4" slack="0"/>
<pin id="180" dir="0" index="1" bw="4" slack="0"/>
<pin id="181" dir="1" index="2" bw="4" slack="1"/>
</pin_list>
<bind>
<opcode="read(1150) " fcode="read"/>
<opset="tmp_7/1 "/>
</bind>
</comp>

<comp id="184" class="1004" name="trunc_ln233_3_read_read_fu_184">
<pin_list>
<pin id="185" dir="0" index="0" bw="32" slack="0"/>
<pin id="186" dir="0" index="1" bw="32" slack="0"/>
<pin id="187" dir="1" index="2" bw="32" slack="1"/>
</pin_list>
<bind>
<opcode="read(1150) " fcode="read"/>
<opset="trunc_ln233_3_read/1 "/>
</bind>
</comp>

<comp id="190" class="1004" name="trunc_ln233_2_read_read_fu_190">
<pin_list>
<pin id="191" dir="0" index="0" bw="32" slack="0"/>
<pin id="192" dir="0" index="1" bw="32" slack="0"/>
<pin id="193" dir="1" index="2" bw="32" slack="1"/>
</pin_list>
<bind>
<opcode="read(1150) " fcode="read"/>
<opset="trunc_ln233_2_read/1 "/>
</bind>
</comp>

<comp id="196" class="1004" name="trunc_ln233_1_read_read_fu_196">
<pin_list>
<pin id="197" dir="0" index="0" bw="4" slack="0"/>
<pin id="198" dir="0" index="1" bw="4" slack="0"/>
<pin id="199" dir="1" index="2" bw="4" slack="1"/>
</pin_list>
<bind>
<opcode="read(1150) " fcode="read"/>
<opset="trunc_ln233_1_read/1 "/>
</bind>
</comp>

<comp id="202" class="1004" name="tmp_8_read_fu_202">
<pin_list>
<pin id="203" dir="0" index="0" bw="4" slack="0"/>
<pin id="204" dir="0" index="1" bw="4" slack="0"/>
<pin id="205" dir="1" index="2" bw="4" slack="1"/>
</pin_list>
<bind>
<opcode="read(1150) " fcode="read"/>
<opset="tmp_8/1 "/>
</bind>
</comp>

<comp id="208" class="1004" name="trunc_ln232_3_read_read_fu_208">
<pin_list>
<pin id="209" dir="0" index="0" bw="32" slack="0"/>
<pin id="210" dir="0" index="1" bw="32" slack="0"/>
<pin id="211" dir="1" index="2" bw="32" slack="1"/>
</pin_list>
<bind>
<opcode="read(1150) " fcode="read"/>
<opset="trunc_ln232_3_read/1 "/>
</bind>
</comp>

<comp id="214" class="1004" name="trunc_ln232_2_read_read_fu_214">
<pin_list>
<pin id="215" dir="0" index="0" bw="32" slack="0"/>
<pin id="216" dir="0" index="1" bw="32" slack="0"/>
<pin id="217" dir="1" index="2" bw="32" slack="1"/>
</pin_list>
<bind>
<opcode="read(1150) " fcode="read"/>
<opset="trunc_ln232_2_read/1 "/>
</bind>
</comp>

<comp id="220" class="1004" name="trunc_ln232_1_read_read_fu_220">
<pin_list>
<pin id="221" dir="0" index="0" bw="4" slack="0"/>
<pin id="222" dir="0" index="1" bw="4" slack="0"/>
<pin id="223" dir="1" index="2" bw="4" slack="1"/>
</pin_list>
<bind>
<opcode="read(1150) " fcode="read"/>
<opset="trunc_ln232_1_read/1 "/>
</bind>
</comp>

<comp id="226" class="1004" name="tmp_9_read_fu_226">
<pin_list>
<pin id="227" dir="0" index="0" bw="4" slack="0"/>
<pin id="228" dir="0" index="1" bw="4" slack="0"/>
<pin id="229" dir="1" index="2" bw="4" slack="1"/>
</pin_list>
<bind>
<opcode="read(1150) " fcode="read"/>
<opset="tmp_9/1 "/>
</bind>
</comp>

<comp id="232" class="1004" name="e_read_read_fu_232">
<pin_list>
<pin id="233" dir="0" index="0" bw="1" slack="0"/>
<pin id="234" dir="0" index="1" bw="1" slack="0"/>
<pin id="235" dir="1" index="2" bw="1" slack="0"/>
</pin_list>
<bind>
<opcode="read(1150) " fcode="read"/>
<opset="e_read/1 "/>
</bind>
</comp>

<comp id="238" class="1004" name="e_4_read_fu_238">
<pin_list>
<pin id="239" dir="0" index="0" bw="1" slack="0"/>
<pin id="240" dir="0" index="1" bw="1" slack="0"/>
<pin id="241" dir="1" index="2" bw="1" slack="0"/>
</pin_list>
<bind>
<opcode="read(1150) " fcode="read"/>
<opset="e_4/1 "/>
</bind>
</comp>

<comp id="244" class="1004" name="k_strms_0_read_read_fu_244">
<pin_list>
<pin id="245" dir="0" index="0" bw="32" slack="0"/>
<pin id="246" dir="0" index="1" bw="32" slack="0"/>
<pin id="247" dir="1" index="2" bw="32" slack="0"/>
</pin_list>
<bind>
<opcode="read(1150) " fcode="read"/>
<opset="k_strms_0_read/2 "/>
</bind>
</comp>

<comp id="250" class="1004" name="k_strms_1_read_read_fu_250">
<pin_list>
<pin id="251" dir="0" index="0" bw="32" slack="0"/>
<pin id="252" dir="0" index="1" bw="32" slack="0"/>
<pin id="253" dir="1" index="2" bw="32" slack="0"/>
</pin_list>
<bind>
<opcode="read(1150) " fcode="read"/>
<opset="k_strms_1_read/2 "/>
</bind>
</comp>

<comp id="256" class="1004" name="k_strms_2_read_read_fu_256">
<pin_list>
<pin id="257" dir="0" index="0" bw="32" slack="0"/>
<pin id="258" dir="0" index="1" bw="32" slack="0"/>
<pin id="259" dir="1" index="2" bw="32" slack="0"/>
</pin_list>
<bind>
<opcode="read(1150) " fcode="read"/>
<opset="k_strms_2_read/2 "/>
</bind>
</comp>

<comp id="262" class="1004" name="k_strms_3_read_read_fu_262">
<pin_list>
<pin id="263" dir="0" index="0" bw="32" slack="0"/>
<pin id="264" dir="0" index="1" bw="32" slack="0"/>
<pin id="265" dir="1" index="2" bw="32" slack="0"/>
</pin_list>
<bind>
<opcode="read(1150) " fcode="read"/>
<opset="k_strms_3_read/2 "/>
</bind>
</comp>

<comp id="268" class="1004" name="write_ln282_write_fu_268">
<pin_list>
<pin id="269" dir="0" index="0" bw="0" slack="0"/>
<pin id="270" dir="0" index="1" bw="10" slack="0"/>
<pin id="271" dir="0" index="2" bw="10" slack="0"/>
<pin id="272" dir="1" index="3" bw="0" slack="2147483647"/>
</pin_list>
<bind>
<opcode="write(1151) " fcode="write"/>
<opset="write_ln282/2 "/>
</bind>
</comp>

<comp id="275" class="1004" name="write_ln283_write_fu_275">
<pin_list>
<pin id="276" dir="0" index="0" bw="0" slack="0"/>
<pin id="277" dir="0" index="1" bw="1" slack="0"/>
<pin id="278" dir="0" index="2" bw="1" slack="0"/>
<pin id="279" dir="1" index="3" bw="0" slack="2147483647"/>
</pin_list>
<bind>
<opcode="write(1151) " fcode="write"/>
<opset="write_ln283/2 "/>
</bind>
</comp>

<comp id="283" class="1005" name="e_3_reg_283">
<pin_list>
<pin id="284" dir="0" index="0" bw="1" slack="1"/>
<pin id="285" dir="1" index="1" bw="1" slack="2147483647"/>
</pin_list>
<bind>
<opset="e_3 (phireg) "/>
</bind>
</comp>

<comp id="286" class="1004" name="e_3_phi_fu_286">
<pin_list>
<pin id="287" dir="0" index="0" bw="1" slack="0"/>
<pin id="288" dir="0" index="1" bw="0" slack="2147483647"/>
<pin id="289" dir="0" index="2" bw="1" slack="0"/>
<pin id="290" dir="0" index="3" bw="0" slack="2147483647"/>
<pin id="291" dir="1" index="4" bw="1" slack="1"/>
</pin_list>
<bind>
<opcode="phi(47) " fcode="phi"/>
<opset="e_3/1 "/>
</bind>
</comp>

<comp id="294" class="1004" name="bv0c_var_const_cmp_32_s_fu_294">
<pin_list>
<pin id="295" dir="0" index="0" bw="1" slack="0"/>
<pin id="296" dir="0" index="1" bw="4" slack="1"/>
<pin id="297" dir="0" index="2" bw="4" slack="1"/>
<pin id="298" dir="0" index="3" bw="32" slack="1"/>
<pin id="299" dir="0" index="4" bw="32" slack="1"/>
<pin id="300" dir="0" index="5" bw="32" slack="0"/>
<pin id="301" dir="1" index="6" bw="1" slack="0"/>
</pin_list>
<bind>
<opcode="call(48) " fcode="call"/>
<opset="bv0c/2 "/>
</bind>
</comp>

<comp id="304" class="1004" name="bv1c_var_const_cmp_32_s_fu_304">
<pin_list>
<pin id="305" dir="0" index="0" bw="1" slack="0"/>
<pin id="306" dir="0" index="1" bw="4" slack="1"/>
<pin id="307" dir="0" index="2" bw="4" slack="1"/>
<pin id="308" dir="0" index="3" bw="32" slack="1"/>
<pin id="309" dir="0" index="4" bw="32" slack="1"/>
<pin id="310" dir="0" index="5" bw="32" slack="0"/>
<pin id="311" dir="1" index="6" bw="1" slack="0"/>
</pin_list>
<bind>
<opcode="call(48) " fcode="call"/>
<opset="bv1c/2 "/>
</bind>
</comp>

<comp id="314" class="1004" name="bv2c_var_const_cmp_32_s_fu_314">
<pin_list>
<pin id="315" dir="0" index="0" bw="1" slack="0"/>
<pin id="316" dir="0" index="1" bw="4" slack="1"/>
<pin id="317" dir="0" index="2" bw="4" slack="1"/>
<pin id="318" dir="0" index="3" bw="32" slack="1"/>
<pin id="319" dir="0" index="4" bw="32" slack="1"/>
<pin id="320" dir="0" index="5" bw="32" slack="0"/>
<pin id="321" dir="1" index="6" bw="1" slack="0"/>
</pin_list>
<bind>
<opcode="call(48) " fcode="call"/>
<opset="bv2c/2 "/>
</bind>
</comp>

<comp id="324" class="1004" name="bv3c_var_const_cmp_32_s_fu_324">
<pin_list>
<pin id="325" dir="0" index="0" bw="1" slack="0"/>
<pin id="326" dir="0" index="1" bw="4" slack="1"/>
<pin id="327" dir="0" index="2" bw="4" slack="1"/>
<pin id="328" dir="0" index="3" bw="32" slack="1"/>
<pin id="329" dir="0" index="4" bw="32" slack="1"/>
<pin id="330" dir="0" index="5" bw="32" slack="0"/>
<pin id="331" dir="1" index="6" bw="1" slack="0"/>
</pin_list>
<bind>
<opcode="call(48) " fcode="call"/>
<opset="bv3c/2 "/>
</bind>
</comp>

<comp id="334" class="1004" name="bv0v1_var_var_cmp_32_s_fu_334">
<pin_list>
<pin id="335" dir="0" index="0" bw="1" slack="0"/>
<pin id="336" dir="0" index="1" bw="4" slack="1"/>
<pin id="337" dir="0" index="2" bw="32" slack="0"/>
<pin id="338" dir="0" index="3" bw="32" slack="0"/>
<pin id="339" dir="1" index="4" bw="1" slack="0"/>
</pin_list>
<bind>
<opcode="call(48) " fcode="call"/>
<opset="bv0v1/2 "/>
</bind>
</comp>

<comp id="343" class="1004" name="bv0v2_var_var_cmp_32_s_fu_343">
<pin_list>
<pin id="344" dir="0" index="0" bw="1" slack="0"/>
<pin id="345" dir="0" index="1" bw="4" slack="1"/>
<pin id="346" dir="0" index="2" bw="32" slack="0"/>
<pin id="347" dir="0" index="3" bw="32" slack="0"/>
<pin id="348" dir="1" index="4" bw="1" slack="0"/>
</pin_list>
<bind>
<opcode="call(48) " fcode="call"/>
<opset="bv0v2/2 "/>
</bind>
</comp>

<comp id="352" class="1004" name="bv0v3_var_var_cmp_32_s_fu_352">
<pin_list>
<pin id="353" dir="0" index="0" bw="1" slack="0"/>
<pin id="354" dir="0" index="1" bw="4" slack="1"/>
<pin id="355" dir="0" index="2" bw="32" slack="0"/>
<pin id="356" dir="0" index="3" bw="32" slack="0"/>
<pin id="357" dir="1" index="4" bw="1" slack="0"/>
</pin_list>
<bind>
<opcode="call(48) " fcode="call"/>
<opset="bv0v3/2 "/>
</bind>
</comp>

<comp id="361" class="1004" name="bv1v2_var_var_cmp_32_s_fu_361">
<pin_list>
<pin id="362" dir="0" index="0" bw="1" slack="0"/>
<pin id="363" dir="0" index="1" bw="4" slack="1"/>
<pin id="364" dir="0" index="2" bw="32" slack="0"/>
<pin id="365" dir="0" index="3" bw="32" slack="0"/>
<pin id="366" dir="1" index="4" bw="1" slack="0"/>
</pin_list>
<bind>
<opcode="call(48) " fcode="call"/>
<opset="bv1v2/2 "/>
</bind>
</comp>

<comp id="370" class="1004" name="bv1v3_var_var_cmp_32_s_fu_370">
<pin_list>
<pin id="371" dir="0" index="0" bw="1" slack="0"/>
<pin id="372" dir="0" index="1" bw="4" slack="1"/>
<pin id="373" dir="0" index="2" bw="32" slack="0"/>
<pin id="374" dir="0" index="3" bw="32" slack="0"/>
<pin id="375" dir="1" index="4" bw="1" slack="0"/>
</pin_list>
<bind>
<opcode="call(48) " fcode="call"/>
<opset="bv1v3/2 "/>
</bind>
</comp>

<comp id="379" class="1004" name="bv2v3_var_var_cmp_32_s_fu_379">
<pin_list>
<pin id="380" dir="0" index="0" bw="1" slack="0"/>
<pin id="381" dir="0" index="1" bw="4" slack="1"/>
<pin id="382" dir="0" index="2" bw="32" slack="0"/>
<pin id="383" dir="0" index="3" bw="32" slack="0"/>
<pin id="384" dir="1" index="4" bw="1" slack="0"/>
</pin_list>
<bind>
<opcode="call(48) " fcode="call"/>
<opset="bv2v3/2 "/>
</bind>
</comp>

<comp id="388" class="1004" name="bvec_fu_388">
<pin_list>
<pin id="389" dir="0" index="0" bw="10" slack="0"/>
<pin id="390" dir="0" index="1" bw="1" slack="0"/>
<pin id="391" dir="0" index="2" bw="1" slack="0"/>
<pin id="392" dir="0" index="3" bw="1" slack="0"/>
<pin id="393" dir="0" index="4" bw="1" slack="0"/>
<pin id="394" dir="0" index="5" bw="1" slack="0"/>
<pin id="395" dir="0" index="6" bw="1" slack="0"/>
<pin id="396" dir="0" index="7" bw="1" slack="0"/>
<pin id="397" dir="0" index="8" bw="1" slack="0"/>
<pin id="398" dir="0" index="9" bw="1" slack="0"/>
<pin id="399" dir="0" index="10" bw="1" slack="0"/>
<pin id="400" dir="1" index="11" bw="10" slack="0"/>
</pin_list>
<bind>
<opcode="bitconcatenate(1004) " fcode="bitconcatenate"/>
<opset="bvec/2 "/>
</bind>
</comp>

<comp id="413" class="1005" name="tmp_reg_413">
<pin_list>
<pin id="414" dir="0" index="0" bw="4" slack="1"/>
<pin id="415" dir="1" index="1" bw="4" slack="1"/>
</pin_list>
<bind>
<opset="tmp "/>
</bind>
</comp>

<comp id="418" class="1005" name="tmp_1_reg_418">
<pin_list>
<pin id="419" dir="0" index="0" bw="4" slack="1"/>
<pin id="420" dir="1" index="1" bw="4" slack="1"/>
</pin_list>
<bind>
<opset="tmp_1 "/>
</bind>
</comp>

<comp id="423" class="1005" name="tmp_2_reg_423">
<pin_list>
<pin id="424" dir="0" index="0" bw="4" slack="1"/>
<pin id="425" dir="1" index="1" bw="4" slack="1"/>
</pin_list>
<bind>
<opset="tmp_2 "/>
</bind>
</comp>

<comp id="428" class="1005" name="tmp_3_reg_428">
<pin_list>
<pin id="429" dir="0" index="0" bw="4" slack="1"/>
<pin id="430" dir="1" index="1" bw="4" slack="1"/>
</pin_list>
<bind>
<opset="tmp_3 "/>
</bind>
</comp>

<comp id="433" class="1005" name="tmp_4_reg_433">
<pin_list>
<pin id="434" dir="0" index="0" bw="4" slack="1"/>
<pin id="435" dir="1" index="1" bw="4" slack="1"/>
</pin_list>
<bind>
<opset="tmp_4 "/>
</bind>
</comp>

<comp id="438" class="1005" name="tmp_5_reg_438">
<pin_list>
<pin id="439" dir="0" index="0" bw="4" slack="1"/>
<pin id="440" dir="1" index="1" bw="4" slack="1"/>
</pin_list>
<bind>
<opset="tmp_5 "/>
</bind>
</comp>

<comp id="443" class="1005" name="trunc_ln235_3_read_reg_443">
<pin_list>
<pin id="444" dir="0" index="0" bw="32" slack="1"/>
<pin id="445" dir="1" index="1" bw="32" slack="1"/>
</pin_list>
<bind>
<opset="trunc_ln235_3_read "/>
</bind>
</comp>

<comp id="448" class="1005" name="trunc_ln235_2_read_reg_448">
<pin_list>
<pin id="449" dir="0" index="0" bw="32" slack="1"/>
<pin id="450" dir="1" index="1" bw="32" slack="1"/>
</pin_list>
<bind>
<opset="trunc_ln235_2_read "/>
</bind>
</comp>

<comp id="453" class="1005" name="trunc_ln235_1_read_reg_453">
<pin_list>
<pin id="454" dir="0" index="0" bw="4" slack="1"/>
<pin id="455" dir="1" index="1" bw="4" slack="1"/>
</pin_list>
<bind>
<opset="trunc_ln235_1_read "/>
</bind>
</comp>

<comp id="458" class="1005" name="tmp_6_reg_458">
<pin_list>
<pin id="459" dir="0" index="0" bw="4" slack="1"/>
<pin id="460" dir="1" index="1" bw="4" slack="1"/>
</pin_list>
<bind>
<opset="tmp_6 "/>
</bind>
</comp>

<comp id="463" class="1005" name="trunc_ln234_3_read_reg_463">
<pin_list>
<pin id="464" dir="0" index="0" bw="32" slack="1"/>
<pin id="465" dir="1" index="1" bw="32" slack="1"/>
</pin_list>
<bind>
<opset="trunc_ln234_3_read "/>
</bind>
</comp>

<comp id="468" class="1005" name="trunc_ln234_2_read_reg_468">
<pin_list>
<pin id="469" dir="0" index="0" bw="32" slack="1"/>
<pin id="470" dir="1" index="1" bw="32" slack="1"/>
</pin_list>
<bind>
<opset="trunc_ln234_2_read "/>
</bind>
</comp>

<comp id="473" class="1005" name="trunc_ln234_1_read_reg_473">
<pin_list>
<pin id="474" dir="0" index="0" bw="4" slack="1"/>
<pin id="475" dir="1" index="1" bw="4" slack="1"/>
</pin_list>
<bind>
<opset="trunc_ln234_1_read "/>
</bind>
</comp>

<comp id="478" class="1005" name="tmp_7_reg_478">
<pin_list>
<pin id="479" dir="0" index="0" bw="4" slack="1"/>
<pin id="480" dir="1" index="1" bw="4" slack="1"/>
</pin_list>
<bind>
<opset="tmp_7 "/>
</bind>
</comp>

<comp id="483" class="1005" name="trunc_ln233_3_read_reg_483">
<pin_list>
<pin id="484" dir="0" index="0" bw="32" slack="1"/>
<pin id="485" dir="1" index="1" bw="32" slack="1"/>
</pin_list>
<bind>
<opset="trunc_ln233_3_read "/>
</bind>
</comp>

<comp id="488" class="1005" name="trunc_ln233_2_read_reg_488">
<pin_list>
<pin id="489" dir="0" index="0" bw="32" slack="1"/>
<pin id="490" dir="1" index="1" bw="32" slack="1"/>
</pin_list>
<bind>
<opset="trunc_ln233_2_read "/>
</bind>
</comp>

<comp id="493" class="1005" name="trunc_ln233_1_read_reg_493">
<pin_list>
<pin id="494" dir="0" index="0" bw="4" slack="1"/>
<pin id="495" dir="1" index="1" bw="4" slack="1"/>
</pin_list>
<bind>
<opset="trunc_ln233_1_read "/>
</bind>
</comp>

<comp id="498" class="1005" name="tmp_8_reg_498">
<pin_list>
<pin id="499" dir="0" index="0" bw="4" slack="1"/>
<pin id="500" dir="1" index="1" bw="4" slack="1"/>
</pin_list>
<bind>
<opset="tmp_8 "/>
</bind>
</comp>

<comp id="503" class="1005" name="trunc_ln232_3_read_reg_503">
<pin_list>
<pin id="504" dir="0" index="0" bw="32" slack="1"/>
<pin id="505" dir="1" index="1" bw="32" slack="1"/>
</pin_list>
<bind>
<opset="trunc_ln232_3_read "/>
</bind>
</comp>

<comp id="508" class="1005" name="trunc_ln232_2_read_reg_508">
<pin_list>
<pin id="509" dir="0" index="0" bw="32" slack="1"/>
<pin id="510" dir="1" index="1" bw="32" slack="1"/>
</pin_list>
<bind>
<opset="trunc_ln232_2_read "/>
</bind>
</comp>

<comp id="513" class="1005" name="trunc_ln232_1_read_reg_513">
<pin_list>
<pin id="514" dir="0" index="0" bw="4" slack="1"/>
<pin id="515" dir="1" index="1" bw="4" slack="1"/>
</pin_list>
<bind>
<opset="trunc_ln232_1_read "/>
</bind>
</comp>

<comp id="518" class="1005" name="tmp_9_reg_518">
<pin_list>
<pin id="519" dir="0" index="0" bw="4" slack="1"/>
<pin id="520" dir="1" index="1" bw="4" slack="1"/>
</pin_list>
<bind>
<opset="tmp_9 "/>
</bind>
</comp>

<comp id="523" class="1005" name="e_4_reg_523">
<pin_list>
<pin id="524" dir="0" index="0" bw="1" slack="0"/>
<pin id="525" dir="1" index="1" bw="1" slack="0"/>
</pin_list>
<bind>
<opset="e_4 "/>
</bind>
</comp>

</comp_list>

<net_list>
<net id="104"><net_src comp="70" pin="0"/><net_sink comp="100" pin=0"/></net>

<net id="105"><net_src comp="54" pin="0"/><net_sink comp="100" pin=1"/></net>

<net id="110"><net_src comp="70" pin="0"/><net_sink comp="106" pin=0"/></net>

<net id="111"><net_src comp="52" pin="0"/><net_sink comp="106" pin=1"/></net>

<net id="116"><net_src comp="70" pin="0"/><net_sink comp="112" pin=0"/></net>

<net id="117"><net_src comp="50" pin="0"/><net_sink comp="112" pin=1"/></net>

<net id="122"><net_src comp="70" pin="0"/><net_sink comp="118" pin=0"/></net>

<net id="123"><net_src comp="48" pin="0"/><net_sink comp="118" pin=1"/></net>

<net id="128"><net_src comp="70" pin="0"/><net_sink comp="124" pin=0"/></net>

<net id="129"><net_src comp="46" pin="0"/><net_sink comp="124" pin=1"/></net>

<net id="134"><net_src comp="70" pin="0"/><net_sink comp="130" pin=0"/></net>

<net id="135"><net_src comp="44" pin="0"/><net_sink comp="130" pin=1"/></net>

<net id="140"><net_src comp="72" pin="0"/><net_sink comp="136" pin=0"/></net>

<net id="141"><net_src comp="42" pin="0"/><net_sink comp="136" pin=1"/></net>

<net id="146"><net_src comp="72" pin="0"/><net_sink comp="142" pin=0"/></net>

<net id="147"><net_src comp="40" pin="0"/><net_sink comp="142" pin=1"/></net>

<net id="152"><net_src comp="70" pin="0"/><net_sink comp="148" pin=0"/></net>

<net id="153"><net_src comp="38" pin="0"/><net_sink comp="148" pin=1"/></net>

<net id="158"><net_src comp="70" pin="0"/><net_sink comp="154" pin=0"/></net>

<net id="159"><net_src comp="36" pin="0"/><net_sink comp="154" pin=1"/></net>

<net id="164"><net_src comp="72" pin="0"/><net_sink comp="160" pin=0"/></net>

<net id="165"><net_src comp="34" pin="0"/><net_sink comp="160" pin=1"/></net>

<net id="170"><net_src comp="72" pin="0"/><net_sink comp="166" pin=0"/></net>

<net id="171"><net_src comp="32" pin="0"/><net_sink comp="166" pin=1"/></net>

<net id="176"><net_src comp="70" pin="0"/><net_sink comp="172" pin=0"/></net>

<net id="177"><net_src comp="30" pin="0"/><net_sink comp="172" pin=1"/></net>

<net id="182"><net_src comp="70" pin="0"/><net_sink comp="178" pin=0"/></net>

<net id="183"><net_src comp="28" pin="0"/><net_sink comp="178" pin=1"/></net>

<net id="188"><net_src comp="72" pin="0"/><net_sink comp="184" pin=0"/></net>

<net id="189"><net_src comp="26" pin="0"/><net_sink comp="184" pin=1"/></net>

<net id="194"><net_src comp="72" pin="0"/><net_sink comp="190" pin=0"/></net>

<net id="195"><net_src comp="24" pin="0"/><net_sink comp="190" pin=1"/></net>

<net id="200"><net_src comp="70" pin="0"/><net_sink comp="196" pin=0"/></net>

<net id="201"><net_src comp="22" pin="0"/><net_sink comp="196" pin=1"/></net>

<net id="206"><net_src comp="70" pin="0"/><net_sink comp="202" pin=0"/></net>

<net id="207"><net_src comp="20" pin="0"/><net_sink comp="202" pin=1"/></net>

<net id="212"><net_src comp="72" pin="0"/><net_sink comp="208" pin=0"/></net>

<net id="213"><net_src comp="18" pin="0"/><net_sink comp="208" pin=1"/></net>

<net id="218"><net_src comp="72" pin="0"/><net_sink comp="214" pin=0"/></net>

<net id="219"><net_src comp="16" pin="0"/><net_sink comp="214" pin=1"/></net>

<net id="224"><net_src comp="70" pin="0"/><net_sink comp="220" pin=0"/></net>

<net id="225"><net_src comp="14" pin="0"/><net_sink comp="220" pin=1"/></net>

<net id="230"><net_src comp="70" pin="0"/><net_sink comp="226" pin=0"/></net>

<net id="231"><net_src comp="12" pin="0"/><net_sink comp="226" pin=1"/></net>

<net id="236"><net_src comp="74" pin="0"/><net_sink comp="232" pin=0"/></net>

<net id="237"><net_src comp="0" pin="0"/><net_sink comp="232" pin=1"/></net>

<net id="242"><net_src comp="76" pin="0"/><net_sink comp="238" pin=0"/></net>

<net id="243"><net_src comp="2" pin="0"/><net_sink comp="238" pin=1"/></net>

<net id="248"><net_src comp="86" pin="0"/><net_sink comp="244" pin=0"/></net>

<net id="249"><net_src comp="4" pin="0"/><net_sink comp="244" pin=1"/></net>

<net id="254"><net_src comp="86" pin="0"/><net_sink comp="250" pin=0"/></net>

<net id="255"><net_src comp="6" pin="0"/><net_sink comp="250" pin=1"/></net>

<net id="260"><net_src comp="86" pin="0"/><net_sink comp="256" pin=0"/></net>

<net id="261"><net_src comp="8" pin="0"/><net_sink comp="256" pin=1"/></net>

<net id="266"><net_src comp="86" pin="0"/><net_sink comp="262" pin=0"/></net>

<net id="267"><net_src comp="10" pin="0"/><net_sink comp="262" pin=1"/></net>

<net id="273"><net_src comp="94" pin="0"/><net_sink comp="268" pin=0"/></net>

<net id="274"><net_src comp="56" pin="0"/><net_sink comp="268" pin=1"/></net>

<net id="280"><net_src comp="96" pin="0"/><net_sink comp="275" pin=0"/></net>

<net id="281"><net_src comp="58" pin="0"/><net_sink comp="275" pin=1"/></net>

<net id="282"><net_src comp="98" pin="0"/><net_sink comp="275" pin=2"/></net>

<net id="292"><net_src comp="232" pin="2"/><net_sink comp="286" pin=0"/></net>

<net id="293"><net_src comp="286" pin="4"/><net_sink comp="283" pin=0"/></net>

<net id="302"><net_src comp="88" pin="0"/><net_sink comp="294" pin=0"/></net>

<net id="303"><net_src comp="244" pin="2"/><net_sink comp="294" pin=5"/></net>

<net id="312"><net_src comp="88" pin="0"/><net_sink comp="304" pin=0"/></net>

<net id="313"><net_src comp="250" pin="2"/><net_sink comp="304" pin=5"/></net>

<net id="322"><net_src comp="88" pin="0"/><net_sink comp="314" pin=0"/></net>

<net id="323"><net_src comp="256" pin="2"/><net_sink comp="314" pin=5"/></net>

<net id="332"><net_src comp="88" pin="0"/><net_sink comp="324" pin=0"/></net>

<net id="333"><net_src comp="262" pin="2"/><net_sink comp="324" pin=5"/></net>

<net id="340"><net_src comp="90" pin="0"/><net_sink comp="334" pin=0"/></net>

<net id="341"><net_src comp="244" pin="2"/><net_sink comp="334" pin=2"/></net>

<net id="342"><net_src comp="250" pin="2"/><net_sink comp="334" pin=3"/></net>

<net id="349"><net_src comp="90" pin="0"/><net_sink comp="343" pin=0"/></net>

<net id="350"><net_src comp="244" pin="2"/><net_sink comp="343" pin=2"/></net>

<net id="351"><net_src comp="256" pin="2"/><net_sink comp="343" pin=3"/></net>

<net id="358"><net_src comp="90" pin="0"/><net_sink comp="352" pin=0"/></net>

<net id="359"><net_src comp="244" pin="2"/><net_sink comp="352" pin=2"/></net>

<net id="360"><net_src comp="262" pin="2"/><net_sink comp="352" pin=3"/></net>

<net id="367"><net_src comp="90" pin="0"/><net_sink comp="361" pin=0"/></net>

<net id="368"><net_src comp="250" pin="2"/><net_sink comp="361" pin=2"/></net>

<net id="369"><net_src comp="256" pin="2"/><net_sink comp="361" pin=3"/></net>

<net id="376"><net_src comp="90" pin="0"/><net_sink comp="370" pin=0"/></net>

<net id="377"><net_src comp="250" pin="2"/><net_sink comp="370" pin=2"/></net>

<net id="378"><net_src comp="262" pin="2"/><net_sink comp="370" pin=3"/></net>

<net id="385"><net_src comp="90" pin="0"/><net_sink comp="379" pin=0"/></net>

<net id="386"><net_src comp="256" pin="2"/><net_sink comp="379" pin=2"/></net>

<net id="387"><net_src comp="262" pin="2"/><net_sink comp="379" pin=3"/></net>

<net id="401"><net_src comp="92" pin="0"/><net_sink comp="388" pin=0"/></net>

<net id="402"><net_src comp="379" pin="4"/><net_sink comp="388" pin=1"/></net>

<net id="403"><net_src comp="370" pin="4"/><net_sink comp="388" pin=2"/></net>

<net id="404"><net_src comp="361" pin="4"/><net_sink comp="388" pin=3"/></net>

<net id="405"><net_src comp="352" pin="4"/><net_sink comp="388" pin=4"/></net>

<net id="406"><net_src comp="343" pin="4"/><net_sink comp="388" pin=5"/></net>

<net id="407"><net_src comp="334" pin="4"/><net_sink comp="388" pin=6"/></net>

<net id="408"><net_src comp="324" pin="6"/><net_sink comp="388" pin=7"/></net>

<net id="409"><net_src comp="314" pin="6"/><net_sink comp="388" pin=8"/></net>

<net id="410"><net_src comp="304" pin="6"/><net_sink comp="388" pin=9"/></net>

<net id="411"><net_src comp="294" pin="6"/><net_sink comp="388" pin=10"/></net>

<net id="412"><net_src comp="388" pin="11"/><net_sink comp="268" pin=2"/></net>

<net id="416"><net_src comp="100" pin="2"/><net_sink comp="413" pin=0"/></net>

<net id="417"><net_src comp="413" pin="1"/><net_sink comp="379" pin=1"/></net>

<net id="421"><net_src comp="106" pin="2"/><net_sink comp="418" pin=0"/></net>

<net id="422"><net_src comp="418" pin="1"/><net_sink comp="370" pin=1"/></net>

<net id="426"><net_src comp="112" pin="2"/><net_sink comp="423" pin=0"/></net>

<net id="427"><net_src comp="423" pin="1"/><net_sink comp="361" pin=1"/></net>

<net id="431"><net_src comp="118" pin="2"/><net_sink comp="428" pin=0"/></net>

<net id="432"><net_src comp="428" pin="1"/><net_sink comp="352" pin=1"/></net>

<net id="436"><net_src comp="124" pin="2"/><net_sink comp="433" pin=0"/></net>

<net id="437"><net_src comp="433" pin="1"/><net_sink comp="343" pin=1"/></net>

<net id="441"><net_src comp="130" pin="2"/><net_sink comp="438" pin=0"/></net>

<net id="442"><net_src comp="438" pin="1"/><net_sink comp="334" pin=1"/></net>

<net id="446"><net_src comp="136" pin="2"/><net_sink comp="443" pin=0"/></net>

<net id="447"><net_src comp="443" pin="1"/><net_sink comp="324" pin=4"/></net>

<net id="451"><net_src comp="142" pin="2"/><net_sink comp="448" pin=0"/></net>

<net id="452"><net_src comp="448" pin="1"/><net_sink comp="324" pin=3"/></net>

<net id="456"><net_src comp="148" pin="2"/><net_sink comp="453" pin=0"/></net>

<net id="457"><net_src comp="453" pin="1"/><net_sink comp="324" pin=2"/></net>

<net id="461"><net_src comp="154" pin="2"/><net_sink comp="458" pin=0"/></net>

<net id="462"><net_src comp="458" pin="1"/><net_sink comp="324" pin=1"/></net>

<net id="466"><net_src comp="160" pin="2"/><net_sink comp="463" pin=0"/></net>

<net id="467"><net_src comp="463" pin="1"/><net_sink comp="314" pin=4"/></net>

<net id="471"><net_src comp="166" pin="2"/><net_sink comp="468" pin=0"/></net>

<net id="472"><net_src comp="468" pin="1"/><net_sink comp="314" pin=3"/></net>

<net id="476"><net_src comp="172" pin="2"/><net_sink comp="473" pin=0"/></net>

<net id="477"><net_src comp="473" pin="1"/><net_sink comp="314" pin=2"/></net>

<net id="481"><net_src comp="178" pin="2"/><net_sink comp="478" pin=0"/></net>

<net id="482"><net_src comp="478" pin="1"/><net_sink comp="314" pin=1"/></net>

<net id="486"><net_src comp="184" pin="2"/><net_sink comp="483" pin=0"/></net>

<net id="487"><net_src comp="483" pin="1"/><net_sink comp="304" pin=4"/></net>

<net id="491"><net_src comp="190" pin="2"/><net_sink comp="488" pin=0"/></net>

<net id="492"><net_src comp="488" pin="1"/><net_sink comp="304" pin=3"/></net>

<net id="496"><net_src comp="196" pin="2"/><net_sink comp="493" pin=0"/></net>

<net id="497"><net_src comp="493" pin="1"/><net_sink comp="304" pin=2"/></net>

<net id="501"><net_src comp="202" pin="2"/><net_sink comp="498" pin=0"/></net>

<net id="502"><net_src comp="498" pin="1"/><net_sink comp="304" pin=1"/></net>

<net id="506"><net_src comp="208" pin="2"/><net_sink comp="503" pin=0"/></net>

<net id="507"><net_src comp="503" pin="1"/><net_sink comp="294" pin=4"/></net>

<net id="511"><net_src comp="214" pin="2"/><net_sink comp="508" pin=0"/></net>

<net id="512"><net_src comp="508" pin="1"/><net_sink comp="294" pin=3"/></net>

<net id="516"><net_src comp="220" pin="2"/><net_sink comp="513" pin=0"/></net>

<net id="517"><net_src comp="513" pin="1"/><net_sink comp="294" pin=2"/></net>

<net id="521"><net_src comp="226" pin="2"/><net_sink comp="518" pin=0"/></net>

<net id="522"><net_src comp="518" pin="1"/><net_sink comp="294" pin=1"/></net>

<net id="526"><net_src comp="238" pin="2"/><net_sink comp="523" pin=0"/></net>

<net id="527"><net_src comp="523" pin="1"/><net_sink comp="286" pin=2"/></net>

</net_list>

</model> 
---------------- Datapath Model END ------------------

* FSMD analyzer results:
  - Output states:
	Port: addr_strm | {2 }
	Port: e_addr_strm | {2 }
 - Input state : 
	Port: compare_ops<32>_Pipeline_FILTER_MAIN_LOOP : e | {1 }
	Port: compare_ops<32>_Pipeline_FILTER_MAIN_LOOP : e_v_strm | {1 }
	Port: compare_ops<32>_Pipeline_FILTER_MAIN_LOOP : k_strms_0 | {2 }
	Port: compare_ops<32>_Pipeline_FILTER_MAIN_LOOP : k_strms_1 | {2 }
	Port: compare_ops<32>_Pipeline_FILTER_MAIN_LOOP : k_strms_2 | {2 }
	Port: compare_ops<32>_Pipeline_FILTER_MAIN_LOOP : k_strms_3 | {2 }
	Port: compare_ops<32>_Pipeline_FILTER_MAIN_LOOP : empty_18 | {1 }
	Port: compare_ops<32>_Pipeline_FILTER_MAIN_LOOP : trunc_ln232_1 | {1 }
	Port: compare_ops<32>_Pipeline_FILTER_MAIN_LOOP : trunc_ln232_2 | {1 }
	Port: compare_ops<32>_Pipeline_FILTER_MAIN_LOOP : trunc_ln232_3 | {1 }
	Port: compare_ops<32>_Pipeline_FILTER_MAIN_LOOP : empty_19 | {1 }
	Port: compare_ops<32>_Pipeline_FILTER_MAIN_LOOP : trunc_ln233_1 | {1 }
	Port: compare_ops<32>_Pipeline_FILTER_MAIN_LOOP : trunc_ln233_2 | {1 }
	Port: compare_ops<32>_Pipeline_FILTER_MAIN_LOOP : trunc_ln233_3 | {1 }
	Port: compare_ops<32>_Pipeline_FILTER_MAIN_LOOP : empty_20 | {1 }
	Port: compare_ops<32>_Pipeline_FILTER_MAIN_LOOP : trunc_ln234_1 | {1 }
	Port: compare_ops<32>_Pipeline_FILTER_MAIN_LOOP : trunc_ln234_2 | {1 }
	Port: compare_ops<32>_Pipeline_FILTER_MAIN_LOOP : trunc_ln234_3 | {1 }
	Port: compare_ops<32>_Pipeline_FILTER_MAIN_LOOP : empty_21 | {1 }
	Port: compare_ops<32>_Pipeline_FILTER_MAIN_LOOP : trunc_ln235_1 | {1 }
	Port: compare_ops<32>_Pipeline_FILTER_MAIN_LOOP : trunc_ln235_2 | {1 }
	Port: compare_ops<32>_Pipeline_FILTER_MAIN_LOOP : trunc_ln235_3 | {1 }
	Port: compare_ops<32>_Pipeline_FILTER_MAIN_LOOP : empty_22 | {1 }
	Port: compare_ops<32>_Pipeline_FILTER_MAIN_LOOP : empty_23 | {1 }
	Port: compare_ops<32>_Pipeline_FILTER_MAIN_LOOP : empty_24 | {1 }
	Port: compare_ops<32>_Pipeline_FILTER_MAIN_LOOP : empty_25 | {1 }
	Port: compare_ops<32>_Pipeline_FILTER_MAIN_LOOP : empty_26 | {1 }
	Port: compare_ops<32>_Pipeline_FILTER_MAIN_LOOP : empty | {1 }
  - Chain level:
	State 1
		e_3 : 1
		br_ln250 : 2
	State 2
		bvec : 1
		write_ln282 : 2


============================================================
+ Verbose Summary: Datapath Resource usage 
============================================================

* Functional unit list:
|----------|--------------------------------|---------|---------|
| Operation|         Functional Unit        |    FF   |   LUT   |
|----------|--------------------------------|---------|---------|
|          | bv0c_var_const_cmp_32_s_fu_294 |    0    |   720   |
|          | bv1c_var_const_cmp_32_s_fu_304 |    0    |   720   |
|          | bv2c_var_const_cmp_32_s_fu_314 |    0    |   720   |
|          | bv3c_var_const_cmp_32_s_fu_324 |    0    |   720   |
|   call   |  bv0v1_var_var_cmp_32_s_fu_334 |    1    |   320   |
|          |  bv0v2_var_var_cmp_32_s_fu_343 |    1    |   320   |
|          |  bv0v3_var_var_cmp_32_s_fu_352 |    1    |   320   |
|          |  bv1v2_var_var_cmp_32_s_fu_361 |    1    |   320   |
|          |  bv1v3_var_var_cmp_32_s_fu_370 |    1    |   320   |
|          |  bv2v3_var_var_cmp_32_s_fu_379 |    1    |   320   |
|----------|--------------------------------|---------|---------|
|          |         tmp_read_fu_100        |    0    |    0    |
|          |        tmp_1_read_fu_106       |    0    |    0    |
|          |        tmp_2_read_fu_112       |    0    |    0    |
|          |        tmp_3_read_fu_118       |    0    |    0    |
|          |        tmp_4_read_fu_124       |    0    |    0    |
|          |        tmp_5_read_fu_130       |    0    |    0    |
|          | trunc_ln235_3_read_read_fu_136 |    0    |    0    |
|          | trunc_ln235_2_read_read_fu_142 |    0    |    0    |
|          | trunc_ln235_1_read_read_fu_148 |    0    |    0    |
|          |        tmp_6_read_fu_154       |    0    |    0    |
|          | trunc_ln234_3_read_read_fu_160 |    0    |    0    |
|          | trunc_ln234_2_read_read_fu_166 |    0    |    0    |
|          | trunc_ln234_1_read_read_fu_172 |    0    |    0    |
|   read   |        tmp_7_read_fu_178       |    0    |    0    |
|          | trunc_ln233_3_read_read_fu_184 |    0    |    0    |
|          | trunc_ln233_2_read_read_fu_190 |    0    |    0    |
|          | trunc_ln233_1_read_read_fu_196 |    0    |    0    |
|          |        tmp_8_read_fu_202       |    0    |    0    |
|          | trunc_ln232_3_read_read_fu_208 |    0    |    0    |
|          | trunc_ln232_2_read_read_fu_214 |    0    |    0    |
|          | trunc_ln232_1_read_read_fu_220 |    0    |    0    |
|          |        tmp_9_read_fu_226       |    0    |    0    |
|          |       e_read_read_fu_232       |    0    |    0    |
|          |         e_4_read_fu_238        |    0    |    0    |
|          |   k_strms_0_read_read_fu_244   |    0    |    0    |
|          |   k_strms_1_read_read_fu_250   |    0    |    0    |
|          |   k_strms_2_read_read_fu_256   |    0    |    0    |
|          |   k_strms_3_read_read_fu_262   |    0    |    0    |
|----------|--------------------------------|---------|---------|
|   write  |    write_ln282_write_fu_268    |    0    |    0    |
|          |    write_ln283_write_fu_275    |    0    |    0    |
|----------|--------------------------------|---------|---------|
|bitconcatenate|           bvec_fu_388          |    0    |    0    |
|----------|--------------------------------|---------|---------|
|   Total  |                                |    6    |   4800  |
|----------|--------------------------------|---------|---------|

Memories:
N/A

* Register list:
+--------------------------+--------+
|                          |   FF   |
+--------------------------+--------+
|        e_3_reg_283       |    1   |
|        e_4_reg_523       |    1   |
|       tmp_1_reg_418      |    4   |
|       tmp_2_reg_423      |    4   |
|       tmp_3_reg_428      |    4   |
|       tmp_4_reg_433      |    4   |
|       tmp_5_reg_438      |    4   |
|       tmp_6_reg_458      |    4   |
|       tmp_7_reg_478      |    4   |
|       tmp_8_reg_498      |    4   |
|       tmp_9_reg_518      |    4   |
|        tmp_reg_413       |    4   |
|trunc_ln232_1_read_reg_513|    4   |
|trunc_ln232_2_read_reg_508|   32   |
|trunc_ln232_3_read_reg_503|   32   |
|trunc_ln233_1_read_reg_493|    4   |
|trunc_ln233_2_read_reg_488|   32   |
|trunc_ln233_3_read_reg_483|   32   |
|trunc_ln234_1_read_reg_473|    4   |
|trunc_ln234_2_read_reg_468|   32   |
|trunc_ln234_3_read_reg_463|   32   |
|trunc_ln235_1_read_reg_453|    4   |
|trunc_ln235_2_read_reg_448|   32   |
|trunc_ln235_3_read_reg_443|   32   |
+--------------------------+--------+
|           Total          |   314  |
+--------------------------+--------+

* Multiplexer (MUX) list: 
|--------|------|------|------|--------|
|  Comp  |  Pin | Size |  BW  | S x BW |
|--------|------|------|------|--------|
|  Total |      |      |      |    0   |
|--------|------|------|------|--------|



* Summary:
+-----------+--------+--------+
|           |   FF   |   LUT  |
+-----------+--------+--------+
|  Function |    6   |  4800  |
|   Memory  |    -   |    -   |
|Multiplexer|    -   |    -   |
|  Register |   314  |    -   |
+-----------+--------+--------+
|   Total   |   320  |  4800  |
+-----------+--------+--------+
