

================================================================
== Vitis HLS Report for 'compare_ops_32_Pipeline_FILTER_MAIN_LOOP'
================================================================
* Date:           Mon Feb  3 14:21:54 2025

* Version:        2024.1 (Build 5069499 on May 21 2024)
* Project:        filter_dut
* Solution:       hls (Vivado IP Flow Target)
* Product family: virtexuplus
* Target device:  xcvu9p-flga2104-2-i


================================================================
== Performance Estimates
================================================================
+ Timing: 
    * Summary: 
    +--------+----------+----------+------------+
    |  Clock |  Target  | Estimated| Uncertainty|
    +--------+----------+----------+------------+
    |ap_clk  |  10.00 ns|  4.489 ns|     2.70 ns|
    +--------+----------+----------+------------+

+ Latency: 
    * Summary: 
    +---------+---------+----------+----------+-----+-----+-----------------------------------------------+
    |  Latency (cycles) |  Latency (absolute) |  Interval |                    Pipeline                   |
    |   min   |   max   |    min   |    max   | min | max |                      Type                     |
    +---------+---------+----------+----------+-----+-----+-----------------------------------------------+
    |        ?|        ?|         ?|         ?|    0|    0|  loop auto-rewind stp(delay=0 clock cycles(s))|
    +---------+---------+----------+----------+-----+-----+-----------------------------------------------+

    + Detail: 
        * Instance: 
        N/A

        * Loop: 
        +--------------------+---------+---------+----------+-----------+-----------+------+----------+
        |                    |  Latency (cycles) | Iteration|  Initiation Interval  | Trip |          |
        |      Loop Name     |   min   |   max   |  Latency |  achieved |   target  | Count| Pipelined|
        +--------------------+---------+---------+----------+-----------+-----------+------+----------+
        |- FILTER_MAIN_LOOP  |        ?|        ?|         2|          1|          1|     ?|       yes|
        +--------------------+---------+---------+----------+-----------+-----------+------+----------+

============================================================
+ Verbose Summary: Synthesis Manager
============================================================
InlineROM: 1
ExposeGlobal: 0
============================================================
+ Verbose Summary: CDFG Model
============================================================
IsTopModel: 0
ResetActiveHigh: 1
IsCombinational: 0
IsDatapathOnly: 0
HasWiredReturn: 1
HasMFsm: 2
HasVarLatency: 1
IsPipeline: 0
IsRtlPipelined: 0
IsInstanceOverlapped: 0
IsDontTouch: 0
HasImplIP: 0
IsGatedGlobalClock: 0

+ Individual pipeline summary: 
  * Pipeline-0: initiation interval (II) = 1, depth = 2


============================================================
+ Verbose Summary: Schedule
============================================================
* Number of FSM states : 2
* Pipeline : 1
  Pipeline-0 : II = 1, D = 2, States = { 1 2 }
* Dataflow Pipeline: 0

* FSM state transitions: 
1 --> 2 
2 --> 

* FSM state operations: 

State 1 <SV = 0> <Delay = 1.70>
ST_1 : Operation 5 [1/1] (0.00ns)   --->   "%specinterface_ln0 = specinterface void @_ssdm_op_SpecInterface, i32 %k_strms_3, void @empty_8, i32 0, i32 0, void @empty, i32 0, i32 0, void @empty, void @empty, void @empty, i32 0, i32 0, i32 0, i32 0, void @empty, void @empty, i32 4294967295, i32 0, i32 0"   --->   Operation 5 'specinterface' 'specinterface_ln0' <Predicate = true> <Delay = 0.00>
ST_1 : Operation 6 [1/1] (0.00ns)   --->   "%specinterface_ln0 = specinterface void @_ssdm_op_SpecInterface, i32 %k_strms_2, void @empty_8, i32 0, i32 0, void @empty, i32 0, i32 0, void @empty, void @empty, void @empty, i32 0, i32 0, i32 0, i32 0, void @empty, void @empty, i32 4294967295, i32 0, i32 0"   --->   Operation 6 'specinterface' 'specinterface_ln0' <Predicate = true> <Delay = 0.00>
ST_1 : Operation 7 [1/1] (0.00ns)   --->   "%specinterface_ln0 = specinterface void @_ssdm_op_SpecInterface, i32 %k_strms_1, void @empty_8, i32 0, i32 0, void @empty, i32 0, i32 0, void @empty, void @empty, void @empty, i32 0, i32 0, i32 0, i32 0, void @empty, void @empty, i32 4294967295, i32 0, i32 0"   --->   Operation 7 'specinterface' 'specinterface_ln0' <Predicate = true> <Delay = 0.00>
ST_1 : Operation 8 [1/1] (0.00ns)   --->   "%specinterface_ln0 = specinterface void @_ssdm_op_SpecInterface, i32 %k_strms_0, void @empty_8, i32 0, i32 0, void @empty, i32 0, i32 0, void @empty, void @empty, void @empty, i32 0, i32 0, i32 0, i32 0, void @empty, void @empty, i32 4294967295, i32 0, i32 0"   --->   Operation 8 'specinterface' 'specinterface_ln0' <Predicate = true> <Delay = 0.00>
ST_1 : Operation 9 [1/1] (0.00ns)   --->   "%specinterface_ln0 = specinterface void @_ssdm_op_SpecInterface, i1 %e_v_strm, void @empty_8, i32 0, i32 0, void @empty, i32 0, i32 0, void @empty, void @empty, void @empty, i32 0, i32 0, i32 0, i32 0, void @empty, void @empty, i32 4294967295, i32 0, i32 0"   --->   Operation 9 'specinterface' 'specinterface_ln0' <Predicate = true> <Delay = 0.00>
ST_1 : Operation 10 [1/1] (0.00ns)   --->   "%specinterface_ln0 = specinterface void @_ssdm_op_SpecInterface, i10 %addr_strm, void @empty_8, i32 0, i32 0, void @empty, i32 0, i32 0, void @empty, void @empty, void @empty, i32 0, i32 0, i32 0, i32 0, void @empty, void @empty, i32 4294967295, i32 0, i32 0"   --->   Operation 10 'specinterface' 'specinterface_ln0' <Predicate = true> <Delay = 0.00>
ST_1 : Operation 11 [1/1] (0.00ns)   --->   "%specinterface_ln0 = specinterface void @_ssdm_op_SpecInterface, i1 %e_addr_strm, void @empty_8, i32 0, i32 0, void @empty, i32 0, i32 0, void @empty, void @empty, void @empty, i32 0, i32 0, i32 0, i32 0, void @empty, void @empty, i32 4294967295, i32 0, i32 0"   --->   Operation 11 'specinterface' 'specinterface_ln0' <Predicate = true> <Delay = 0.00>
ST_1 : Operation 12 [1/1] (0.00ns)   --->   "%tmp = read i4 @_ssdm_op_Read.ap_auto.i4, i4 %empty" [../../APZ-DA/Addon_Queries/SELECT/dynamic_filter/xf_database/dynamic_filter.hpp:217]   --->   Operation 12 'read' 'tmp' <Predicate = true> <Delay = 0.00>
ST_1 : Operation 13 [1/1] (0.00ns)   --->   "%tmp_1 = read i4 @_ssdm_op_Read.ap_auto.i4, i4 %empty_26" [../../APZ-DA/Addon_Queries/SELECT/dynamic_filter/xf_database/dynamic_filter.hpp:217]   --->   Operation 13 'read' 'tmp_1' <Predicate = true> <Delay = 0.00>
ST_1 : Operation 14 [1/1] (0.00ns)   --->   "%tmp_2 = read i4 @_ssdm_op_Read.ap_auto.i4, i4 %empty_25" [../../APZ-DA/Addon_Queries/SELECT/dynamic_filter/xf_database/dynamic_filter.hpp:217]   --->   Operation 14 'read' 'tmp_2' <Predicate = true> <Delay = 0.00>
ST_1 : Operation 15 [1/1] (0.00ns)   --->   "%tmp_3 = read i4 @_ssdm_op_Read.ap_auto.i4, i4 %empty_24" [../../APZ-DA/Addon_Queries/SELECT/dynamic_filter/xf_database/dynamic_filter.hpp:217]   --->   Operation 15 'read' 'tmp_3' <Predicate = true> <Delay = 0.00>
ST_1 : Operation 16 [1/1] (0.00ns)   --->   "%tmp_4 = read i4 @_ssdm_op_Read.ap_auto.i4, i4 %empty_23" [../../APZ-DA/Addon_Queries/SELECT/dynamic_filter/xf_database/dynamic_filter.hpp:217]   --->   Operation 16 'read' 'tmp_4' <Predicate = true> <Delay = 0.00>
ST_1 : Operation 17 [1/1] (0.00ns)   --->   "%tmp_5 = read i4 @_ssdm_op_Read.ap_auto.i4, i4 %empty_22" [../../APZ-DA/Addon_Queries/SELECT/dynamic_filter/xf_database/dynamic_filter.hpp:217]   --->   Operation 17 'read' 'tmp_5' <Predicate = true> <Delay = 0.00>
ST_1 : Operation 18 [1/1] (0.00ns)   --->   "%trunc_ln235_3_read = read i32 @_ssdm_op_Read.ap_auto.i32, i32 %trunc_ln235_3" [../../APZ-DA/Addon_Queries/SELECT/dynamic_filter/xf_database/dynamic_filter.hpp:217]   --->   Operation 18 'read' 'trunc_ln235_3_read' <Predicate = true> <Delay = 0.00>
ST_1 : Operation 19 [1/1] (0.00ns)   --->   "%trunc_ln235_2_read = read i32 @_ssdm_op_Read.ap_auto.i32, i32 %trunc_ln235_2" [../../APZ-DA/Addon_Queries/SELECT/dynamic_filter/xf_database/dynamic_filter.hpp:217]   --->   Operation 19 'read' 'trunc_ln235_2_read' <Predicate = true> <Delay = 0.00>
ST_1 : Operation 20 [1/1] (0.00ns)   --->   "%trunc_ln235_1_read = read i4 @_ssdm_op_Read.ap_auto.i4, i4 %trunc_ln235_1" [../../APZ-DA/Addon_Queries/SELECT/dynamic_filter/xf_database/dynamic_filter.hpp:217]   --->   Operation 20 'read' 'trunc_ln235_1_read' <Predicate = true> <Delay = 0.00>
ST_1 : Operation 21 [1/1] (0.00ns)   --->   "%tmp_6 = read i4 @_ssdm_op_Read.ap_auto.i4, i4 %empty_21" [../../APZ-DA/Addon_Queries/SELECT/dynamic_filter/xf_database/dynamic_filter.hpp:217]   --->   Operation 21 'read' 'tmp_6' <Predicate = true> <Delay = 0.00>
ST_1 : Operation 22 [1/1] (0.00ns)   --->   "%trunc_ln234_3_read = read i32 @_ssdm_op_Read.ap_auto.i32, i32 %trunc_ln234_3" [../../APZ-DA/Addon_Queries/SELECT/dynamic_filter/xf_database/dynamic_filter.hpp:217]   --->   Operation 22 'read' 'trunc_ln234_3_read' <Predicate = true> <Delay = 0.00>
ST_1 : Operation 23 [1/1] (0.00ns)   --->   "%trunc_ln234_2_read = read i32 @_ssdm_op_Read.ap_auto.i32, i32 %trunc_ln234_2" [../../APZ-DA/Addon_Queries/SELECT/dynamic_filter/xf_database/dynamic_filter.hpp:217]   --->   Operation 23 'read' 'trunc_ln234_2_read' <Predicate = true> <Delay = 0.00>
ST_1 : Operation 24 [1/1] (0.00ns)   --->   "%trunc_ln234_1_read = read i4 @_ssdm_op_Read.ap_auto.i4, i4 %trunc_ln234_1" [../../APZ-DA/Addon_Queries/SELECT/dynamic_filter/xf_database/dynamic_filter.hpp:217]   --->   Operation 24 'read' 'trunc_ln234_1_read' <Predicate = true> <Delay = 0.00>
ST_1 : Operation 25 [1/1] (0.00ns)   --->   "%tmp_7 = read i4 @_ssdm_op_Read.ap_auto.i4, i4 %empty_20" [../../APZ-DA/Addon_Queries/SELECT/dynamic_filter/xf_database/dynamic_filter.hpp:217]   --->   Operation 25 'read' 'tmp_7' <Predicate = true> <Delay = 0.00>
ST_1 : Operation 26 [1/1] (0.00ns)   --->   "%trunc_ln233_3_read = read i32 @_ssdm_op_Read.ap_auto.i32, i32 %trunc_ln233_3" [../../APZ-DA/Addon_Queries/SELECT/dynamic_filter/xf_database/dynamic_filter.hpp:217]   --->   Operation 26 'read' 'trunc_ln233_3_read' <Predicate = true> <Delay = 0.00>
ST_1 : Operation 27 [1/1] (0.00ns)   --->   "%trunc_ln233_2_read = read i32 @_ssdm_op_Read.ap_auto.i32, i32 %trunc_ln233_2" [../../APZ-DA/Addon_Queries/SELECT/dynamic_filter/xf_database/dynamic_filter.hpp:217]   --->   Operation 27 'read' 'trunc_ln233_2_read' <Predicate = true> <Delay = 0.00>
ST_1 : Operation 28 [1/1] (0.00ns)   --->   "%trunc_ln233_1_read = read i4 @_ssdm_op_Read.ap_auto.i4, i4 %trunc_ln233_1" [../../APZ-DA/Addon_Queries/SELECT/dynamic_filter/xf_database/dynamic_filter.hpp:217]   --->   Operation 28 'read' 'trunc_ln233_1_read' <Predicate = true> <Delay = 0.00>
ST_1 : Operation 29 [1/1] (0.00ns)   --->   "%tmp_8 = read i4 @_ssdm_op_Read.ap_auto.i4, i4 %empty_19" [../../APZ-DA/Addon_Queries/SELECT/dynamic_filter/xf_database/dynamic_filter.hpp:217]   --->   Operation 29 'read' 'tmp_8' <Predicate = true> <Delay = 0.00>
ST_1 : Operation 30 [1/1] (0.00ns)   --->   "%trunc_ln232_3_read = read i32 @_ssdm_op_Read.ap_auto.i32, i32 %trunc_ln232_3" [../../APZ-DA/Addon_Queries/SELECT/dynamic_filter/xf_database/dynamic_filter.hpp:217]   --->   Operation 30 'read' 'trunc_ln232_3_read' <Predicate = true> <Delay = 0.00>
ST_1 : Operation 31 [1/1] (0.00ns)   --->   "%trunc_ln232_2_read = read i32 @_ssdm_op_Read.ap_auto.i32, i32 %trunc_ln232_2" [../../APZ-DA/Addon_Queries/SELECT/dynamic_filter/xf_database/dynamic_filter.hpp:217]   --->   Operation 31 'read' 'trunc_ln232_2_read' <Predicate = true> <Delay = 0.00>
ST_1 : Operation 32 [1/1] (0.00ns)   --->   "%trunc_ln232_1_read = read i4 @_ssdm_op_Read.ap_auto.i4, i4 %trunc_ln232_1" [../../APZ-DA/Addon_Queries/SELECT/dynamic_filter/xf_database/dynamic_filter.hpp:217]   --->   Operation 32 'read' 'trunc_ln232_1_read' <Predicate = true> <Delay = 0.00>
ST_1 : Operation 33 [1/1] (0.00ns)   --->   "%tmp_9 = read i4 @_ssdm_op_Read.ap_auto.i4, i4 %empty_18" [../../APZ-DA/Addon_Queries/SELECT/dynamic_filter/xf_database/dynamic_filter.hpp:217]   --->   Operation 33 'read' 'tmp_9' <Predicate = true> <Delay = 0.00>
ST_1 : Operation 34 [1/1] (0.00ns)   --->   "%e_read = read i1 @_ssdm_op_Read.ap_auto.i1, i1 %e" [../../APZ-DA/Addon_Queries/SELECT/dynamic_filter/xf_database/dynamic_filter.hpp:217]   --->   Operation 34 'read' 'e_read' <Predicate = true> <Delay = 0.00>
ST_1 : Operation 35 [1/1] (0.38ns)   --->   "%br_ln250 = br void %while.cond" [../../APZ-DA/Addon_Queries/SELECT/dynamic_filter/xf_database/dynamic_filter.hpp:250]   --->   Operation 35 'br' 'br_ln250' <Predicate = true> <Delay = 0.38>
ST_1 : Operation 36 [1/1] (0.00ns)   --->   "%e_3 = phi i1 %e_read, void %newFuncRoot, i1 %e_4, void %while.body"   --->   Operation 36 'phi' 'e_3' <Predicate = true> <Delay = 0.00>
ST_1 : Operation 37 [1/1] (0.00ns)   --->   "%br_ln250 = br i1 %e_3, void %while.body, void %while.end.exitStub" [../../APZ-DA/Addon_Queries/SELECT/dynamic_filter/xf_database/dynamic_filter.hpp:250]   --->   Operation 37 'br' 'br_ln250' <Predicate = true> <Delay = 0.00>
ST_1 : Operation 38 [1/1] (1.31ns)   --->   "%e_4 = read i1 @_ssdm_op_Read.ap_fifo.volatile.i1P0A, i1 %e_v_strm" [../../APZ-DA/Addon_Queries/SELECT/dynamic_filter/xf_database/dynamic_filter.hpp:252]   --->   Operation 38 'read' 'e_4' <Predicate = (!e_3)> <Delay = 1.31> <CoreInst = "FIFO_SRL">   --->   Core 80 'FIFO_SRL' <Latency = 0> <II = 1> <Delay = 1.31> <Storage> <Opcode : 'read' 'write' 'nbread' 'nbwrite'> <Ports = 0> <Width = 1> <Depth = 8> <FIFO>
ST_1 : Operation 59 [1/1] (0.38ns)   --->   "%ret_ln0 = ret"   --->   Operation 59 'ret' 'ret_ln0' <Predicate = (e_3)> <Delay = 0.38>

State 2 <SV = 1> <Delay = 4.48>
ST_2 : Operation 39 [1/1] (0.00ns)   --->   "%specpipeline_ln251 = specpipeline void @_ssdm_op_SpecPipeline, i32 1, i32 0, i32 0, i32 0, void @empty" [../../APZ-DA/Addon_Queries/SELECT/dynamic_filter/xf_database/dynamic_filter.hpp:251]   --->   Operation 39 'specpipeline' 'specpipeline_ln251' <Predicate = (!e_3)> <Delay = 0.00>
ST_2 : Operation 40 [1/1] (0.00ns)   --->   "%specloopname_ln250 = specloopname void @_ssdm_op_SpecLoopName, void @empty_6" [../../APZ-DA/Addon_Queries/SELECT/dynamic_filter/xf_database/dynamic_filter.hpp:250]   --->   Operation 40 'specloopname' 'specloopname_ln250' <Predicate = (!e_3)> <Delay = 0.00>
ST_2 : Operation 41 [1/1] (1.42ns)   --->   "%k_strms_0_read = read i32 @_ssdm_op_Read.ap_fifo.volatile.i32P0A, i32 %k_strms_0" [../../APZ-DA/Addon_Queries/SELECT/dynamic_filter/xf_database/dynamic_filter.hpp:253]   --->   Operation 41 'read' 'k_strms_0_read' <Predicate = (!e_3)> <Delay = 1.42> <CoreInst = "FIFO">   --->   Core 77 'FIFO' <Latency = 0> <II = 1> <Delay = 1.42> <Storage> <Opcode : 'read' 'write' 'nbread' 'nbwrite'> <Ports = 0> <Width = -1> <Depth = -1> <FIFO>
ST_2 : Operation 42 [1/1] (1.42ns)   --->   "%k_strms_1_read = read i32 @_ssdm_op_Read.ap_fifo.volatile.i32P0A, i32 %k_strms_1" [../../APZ-DA/Addon_Queries/SELECT/dynamic_filter/xf_database/dynamic_filter.hpp:254]   --->   Operation 42 'read' 'k_strms_1_read' <Predicate = (!e_3)> <Delay = 1.42> <CoreInst = "FIFO">   --->   Core 77 'FIFO' <Latency = 0> <II = 1> <Delay = 1.42> <Storage> <Opcode : 'read' 'write' 'nbread' 'nbwrite'> <Ports = 0> <Width = -1> <Depth = -1> <FIFO>
ST_2 : Operation 43 [1/1] (1.42ns)   --->   "%k_strms_2_read = read i32 @_ssdm_op_Read.ap_fifo.volatile.i32P0A, i32 %k_strms_2" [../../APZ-DA/Addon_Queries/SELECT/dynamic_filter/xf_database/dynamic_filter.hpp:255]   --->   Operation 43 'read' 'k_strms_2_read' <Predicate = (!e_3)> <Delay = 1.42> <CoreInst = "FIFO">   --->   Core 77 'FIFO' <Latency = 0> <II = 1> <Delay = 1.42> <Storage> <Opcode : 'read' 'write' 'nbread' 'nbwrite'> <Ports = 0> <Width = -1> <Depth = -1> <FIFO>
ST_2 : Operation 44 [1/1] (1.42ns)   --->   "%k_strms_3_read = read i32 @_ssdm_op_Read.ap_fifo.volatile.i32P0A, i32 %k_strms_3" [../../APZ-DA/Addon_Queries/SELECT/dynamic_filter/xf_database/dynamic_filter.hpp:256]   --->   Operation 44 'read' 'k_strms_3_read' <Predicate = (!e_3)> <Delay = 1.42> <CoreInst = "FIFO">   --->   Core 77 'FIFO' <Latency = 0> <II = 1> <Delay = 1.42> <Storage> <Opcode : 'read' 'write' 'nbread' 'nbwrite'> <Ports = 0> <Width = -1> <Depth = -1> <FIFO>
ST_2 : Operation 45 [1/1] (1.67ns)   --->   "%bv0c = call i1 @var_const_cmp<32>, i4 %tmp_9, i4 %trunc_ln232_1_read, i32 %trunc_ln232_2_read, i32 %trunc_ln232_3_read, i32 %k_strms_0_read" [../../APZ-DA/Addon_Queries/SELECT/dynamic_filter/xf_database/dynamic_filter.hpp:258]   --->   Operation 45 'call' 'bv0c' <Predicate = (!e_3)> <Delay = 1.67> <CoreType = "Generic">   --->   Core 0 '' <Latency = 0> <II = 1> <Delay = 1.00> <Generic> <Opcode : >
ST_2 : Operation 46 [1/1] (1.67ns)   --->   "%bv1c = call i1 @var_const_cmp<32>, i4 %tmp_8, i4 %trunc_ln233_1_read, i32 %trunc_ln233_2_read, i32 %trunc_ln233_3_read, i32 %k_strms_1_read" [../../APZ-DA/Addon_Queries/SELECT/dynamic_filter/xf_database/dynamic_filter.hpp:259]   --->   Operation 46 'call' 'bv1c' <Predicate = (!e_3)> <Delay = 1.67> <CoreType = "Generic">   --->   Core 0 '' <Latency = 0> <II = 1> <Delay = 1.00> <Generic> <Opcode : >
ST_2 : Operation 47 [1/1] (1.67ns)   --->   "%bv2c = call i1 @var_const_cmp<32>, i4 %tmp_7, i4 %trunc_ln234_1_read, i32 %trunc_ln234_2_read, i32 %trunc_ln234_3_read, i32 %k_strms_2_read" [../../APZ-DA/Addon_Queries/SELECT/dynamic_filter/xf_database/dynamic_filter.hpp:260]   --->   Operation 47 'call' 'bv2c' <Predicate = (!e_3)> <Delay = 1.67> <CoreType = "Generic">   --->   Core 0 '' <Latency = 0> <II = 1> <Delay = 1.00> <Generic> <Opcode : >
ST_2 : Operation 48 [1/1] (1.67ns)   --->   "%bv3c = call i1 @var_const_cmp<32>, i4 %tmp_6, i4 %trunc_ln235_1_read, i32 %trunc_ln235_2_read, i32 %trunc_ln235_3_read, i32 %k_strms_3_read" [../../APZ-DA/Addon_Queries/SELECT/dynamic_filter/xf_database/dynamic_filter.hpp:261]   --->   Operation 48 'call' 'bv3c' <Predicate = (!e_3)> <Delay = 1.67> <CoreType = "Generic">   --->   Core 0 '' <Latency = 0> <II = 1> <Delay = 1.00> <Generic> <Opcode : >
ST_2 : Operation 49 [1/1] (1.29ns)   --->   "%bv0v1 = call i1 @var_var_cmp<32>, i4 %tmp_5, i32 %k_strms_0_read, i32 %k_strms_1_read" [../../APZ-DA/Addon_Queries/SELECT/dynamic_filter/xf_database/dynamic_filter.hpp:263]   --->   Operation 49 'call' 'bv0v1' <Predicate = (!e_3)> <Delay = 1.29> <CoreType = "Generic">   --->   Core 0 '' <Latency = 0> <II = 1> <Delay = 1.00> <Generic> <Opcode : >
ST_2 : Operation 50 [1/1] (1.29ns)   --->   "%bv0v2 = call i1 @var_var_cmp<32>, i4 %tmp_4, i32 %k_strms_0_read, i32 %k_strms_2_read" [../../APZ-DA/Addon_Queries/SELECT/dynamic_filter/xf_database/dynamic_filter.hpp:264]   --->   Operation 50 'call' 'bv0v2' <Predicate = (!e_3)> <Delay = 1.29> <CoreType = "Generic">   --->   Core 0 '' <Latency = 0> <II = 1> <Delay = 1.00> <Generic> <Opcode : >
ST_2 : Operation 51 [1/1] (1.29ns)   --->   "%bv0v3 = call i1 @var_var_cmp<32>, i4 %tmp_3, i32 %k_strms_0_read, i32 %k_strms_3_read" [../../APZ-DA/Addon_Queries/SELECT/dynamic_filter/xf_database/dynamic_filter.hpp:265]   --->   Operation 51 'call' 'bv0v3' <Predicate = (!e_3)> <Delay = 1.29> <CoreType = "Generic">   --->   Core 0 '' <Latency = 0> <II = 1> <Delay = 1.00> <Generic> <Opcode : >
ST_2 : Operation 52 [1/1] (1.29ns)   --->   "%bv1v2 = call i1 @var_var_cmp<32>, i4 %tmp_2, i32 %k_strms_1_read, i32 %k_strms_2_read" [../../APZ-DA/Addon_Queries/SELECT/dynamic_filter/xf_database/dynamic_filter.hpp:266]   --->   Operation 52 'call' 'bv1v2' <Predicate = (!e_3)> <Delay = 1.29> <CoreType = "Generic">   --->   Core 0 '' <Latency = 0> <II = 1> <Delay = 1.00> <Generic> <Opcode : >
ST_2 : Operation 53 [1/1] (1.29ns)   --->   "%bv1v3 = call i1 @var_var_cmp<32>, i4 %tmp_1, i32 %k_strms_1_read, i32 %k_strms_3_read" [../../APZ-DA/Addon_Queries/SELECT/dynamic_filter/xf_database/dynamic_filter.hpp:267]   --->   Operation 53 'call' 'bv1v3' <Predicate = (!e_3)> <Delay = 1.29> <CoreType = "Generic">   --->   Core 0 '' <Latency = 0> <II = 1> <Delay = 1.00> <Generic> <Opcode : >
ST_2 : Operation 54 [1/1] (1.29ns)   --->   "%bv2v3 = call i1 @var_var_cmp<32>, i4 %tmp, i32 %k_strms_2_read, i32 %k_strms_3_read" [../../APZ-DA/Addon_Queries/SELECT/dynamic_filter/xf_database/dynamic_filter.hpp:268]   --->   Operation 54 'call' 'bv2v3' <Predicate = (!e_3)> <Delay = 1.29> <CoreType = "Generic">   --->   Core 0 '' <Latency = 0> <II = 1> <Delay = 1.00> <Generic> <Opcode : >
ST_2 : Operation 55 [1/1] (0.00ns)   --->   "%bvec = bitconcatenate i10 @_ssdm_op_BitConcatenate.i10.i1.i1.i1.i1.i1.i1.i1.i1.i1.i1, i1 %bv2v3, i1 %bv1v3, i1 %bv1v2, i1 %bv0v3, i1 %bv0v2, i1 %bv0v1, i1 %bv3c, i1 %bv2c, i1 %bv1c, i1 %bv0c" [../../APZ-DA/Addon_Queries/SELECT/dynamic_filter/xf_database/dynamic_filter.hpp:280]   --->   Operation 55 'bitconcatenate' 'bvec' <Predicate = (!e_3)> <Delay = 0.00>
ST_2 : Operation 56 [1/1] (1.38ns)   --->   "%write_ln282 = write void @_ssdm_op_Write.ap_fifo.volatile.i10P0A, i10 %addr_strm, i10 %bvec" [../../APZ-DA/Addon_Queries/SELECT/dynamic_filter/xf_database/dynamic_filter.hpp:282]   --->   Operation 56 'write' 'write_ln282' <Predicate = (!e_3)> <Delay = 1.38> <CoreInst = "FIFO_SRL">   --->   Core 80 'FIFO_SRL' <Latency = 0> <II = 1> <Delay = 1.38> <Storage> <Opcode : 'read' 'write' 'nbread' 'nbwrite'> <Ports = 0> <Width = 10> <Depth = 8> <FIFO>
ST_2 : Operation 57 [1/1] (1.31ns)   --->   "%write_ln283 = write void @_ssdm_op_Write.ap_fifo.volatile.i1P0A, i1 %e_addr_strm, i1 0" [../../APZ-DA/Addon_Queries/SELECT/dynamic_filter/xf_database/dynamic_filter.hpp:283]   --->   Operation 57 'write' 'write_ln283' <Predicate = (!e_3)> <Delay = 1.31> <CoreInst = "FIFO_SRL">   --->   Core 80 'FIFO_SRL' <Latency = 0> <II = 1> <Delay = 1.31> <Storage> <Opcode : 'read' 'write' 'nbread' 'nbwrite'> <Ports = 0> <Width = 1> <Depth = 8> <FIFO>
ST_2 : Operation 58 [1/1] (0.00ns)   --->   "%br_ln250 = br void %while.cond" [../../APZ-DA/Addon_Queries/SELECT/dynamic_filter/xf_database/dynamic_filter.hpp:250]   --->   Operation 58 'br' 'br_ln250' <Predicate = (!e_3)> <Delay = 0.00>


============================================================
+ Verbose Summary: Timing violations
============================================================
Target clock period: 10.000ns, clock uncertainty: 2.700ns.

 <State 1>: 1.701ns
The critical path consists of the following:
	multiplexor before 'phi' operation 1 bit ('e') with incoming values : ('e_read', ../../APZ-DA/Addon_Queries/SELECT/dynamic_filter/xf_database/dynamic_filter.hpp:217) ('e', ../../APZ-DA/Addon_Queries/SELECT/dynamic_filter/xf_database/dynamic_filter.hpp:252) [63]  (0.387 ns)
	'phi' operation 1 bit ('e') with incoming values : ('e_read', ../../APZ-DA/Addon_Queries/SELECT/dynamic_filter/xf_database/dynamic_filter.hpp:217) ('e', ../../APZ-DA/Addon_Queries/SELECT/dynamic_filter/xf_database/dynamic_filter.hpp:252) [63]  (0.000 ns)
	fifo read operation ('e', ../../APZ-DA/Addon_Queries/SELECT/dynamic_filter/xf_database/dynamic_filter.hpp:252) on port 'e_v_strm' (../../APZ-DA/Addon_Queries/SELECT/dynamic_filter/xf_database/dynamic_filter.hpp:252) [68]  (1.314 ns)

 <State 2>: 4.489ns
The critical path consists of the following:
	fifo read operation ('k_strms_0_read', ../../APZ-DA/Addon_Queries/SELECT/dynamic_filter/xf_database/dynamic_filter.hpp:253) on port 'k_strms_0' (../../APZ-DA/Addon_Queries/SELECT/dynamic_filter/xf_database/dynamic_filter.hpp:253) [69]  (1.428 ns)
	'call' operation 1 bit ('bv0c', ../../APZ-DA/Addon_Queries/SELECT/dynamic_filter/xf_database/dynamic_filter.hpp:258) to 'var_const_cmp<32>' [73]  (1.675 ns)
	fifo write operation ('write_ln282', ../../APZ-DA/Addon_Queries/SELECT/dynamic_filter/xf_database/dynamic_filter.hpp:282) on port 'addr_strm' (../../APZ-DA/Addon_Queries/SELECT/dynamic_filter/xf_database/dynamic_filter.hpp:282) [84]  (1.386 ns)


============================================================
+ Verbose Summary: Binding
============================================================
N/A
* FSMD analyzer results:
  - Output states:
 - Input state : 
  - Chain level:
	State 1
	State 2


============================================================
+ Verbose Summary: Datapath Resource usage 
============================================================
N/A
