

================================================================
== Vitis HLS Report for 'compare_ops_32_s'
================================================================
* Date:           Mon Feb  3 14:21:54 2025

* Version:        2024.1 (Build 5069499 on May 21 2024)
* Project:        filter_dut
* Solution:       hls (Vivado IP Flow Target)
* Product family: virtexuplus
* Target device:  xcvu9p-flga2104-2-i


================================================================
== Performance Estimates
================================================================
+ Timing: 
    * Summary: 
    +--------+----------+----------+------------+
    |  Clock |  Target  | Estimated| Uncertainty|
    +--------+----------+----------+------------+
    |ap_clk  |  10.00 ns|  4.489 ns|     2.70 ns|
    +--------+----------+----------+------------+

+ Latency: 
    * Summary: 
    +---------+---------+----------+----------+-----+-----+---------+
    |  Latency (cycles) |  Latency (absolute) |  Interval | Pipeline|
    |   min   |   max   |    min   |    max   | min | max |   Type  |
    +---------+---------+----------+----------+-----+-----+---------+
    |        ?|        ?|         ?|         ?|    ?|    ?|       no|
    +---------+---------+----------+----------+-----+-----+---------+

    + Detail: 
        * Instance: 
        +-----------------------------------------------------+------------------------------------------+---------+---------+----------+----------+-----+-----+-----------------------------------------------+
        |                                                     |                                          |  Latency (cycles) |  Latency (absolute) |  Interval |                    Pipeline                   |
        |                       Instance                      |                  Module                  |   min   |   max   |    min   |    max   | min | max |                      Type                     |
        +-----------------------------------------------------+------------------------------------------+---------+---------+----------+----------+-----+-----+-----------------------------------------------+
        |grp_compare_ops_32_Pipeline_FILTER_MAIN_LOOP_fu_148  |compare_ops_32_Pipeline_FILTER_MAIN_LOOP  |        ?|        ?|         ?|         ?|    0|    0|  loop auto-rewind stp(delay=0 clock cycles(s))|
        +-----------------------------------------------------+------------------------------------------+---------+---------+----------+----------+-----+-----+-----------------------------------------------+

        * Loop: 
        N/A

============================================================
+ Verbose Summary: Synthesis Manager
============================================================
InlineROM: 1
ExposeGlobal: 0
============================================================
+ Verbose Summary: CDFG Model
============================================================
IsTopModel: 0
ResetActiveHigh: 1
IsCombinational: 2
IsDatapathOnly: 0
HasWiredReturn: 1
HasMFsm: 0
HasVarLatency: 1
IsPipeline: 0
IsRtlPipelined: 0
IsInstanceOverlapped: 0
IsDontTouch: 0
HasImplIP: 0
IsGatedGlobalClock: 0


============================================================
+ Verbose Summary: Schedule
============================================================
* Number of FSM states : 4
* Pipeline : 0
* Dataflow Pipeline: 0

* FSM state transitions: 
1 --> 2 
2 --> 3 
3 --> 4 
4 --> 

* FSM state operations: 

State 1 <SV = 0> <Delay = 1.40>
ST_1 : Operation 5 [1/1] (1.40ns)   --->   "%cmpvc_cfg_strms_0_read = read i72 @_ssdm_op_Read.ap_fifo.volatile.i72P0A, i72 %cmpvc_cfg_strms_0" [../../APZ-DA/Addon_Queries/SELECT/dynamic_filter/xf_database/dynamic_filter.hpp:232]   --->   Operation 5 'read' 'cmpvc_cfg_strms_0_read' <Predicate = true> <Delay = 1.40> <CoreInst = "FIFO_SRL">   --->   Core 80 'FIFO_SRL' <Latency = 0> <II = 1> <Delay = 1.40> <Storage> <Opcode : 'read' 'write' 'nbread' 'nbwrite'> <Ports = 0> <Width = 72> <Depth = 2> <FIFO>
ST_1 : Operation 6 [1/1] (0.00ns)   --->   "%trunc_ln232 = trunc i72 %cmpvc_cfg_strms_0_read" [../../APZ-DA/Addon_Queries/SELECT/dynamic_filter/xf_database/dynamic_filter.hpp:232]   --->   Operation 6 'trunc' 'trunc_ln232' <Predicate = true> <Delay = 0.00>
ST_1 : Operation 7 [1/1] (0.00ns)   --->   "%trunc_ln232_1 = partselect i4 @_ssdm_op_PartSelect.i4.i72.i32.i32, i72 %cmpvc_cfg_strms_0_read, i32 4, i32 7" [../../APZ-DA/Addon_Queries/SELECT/dynamic_filter/xf_database/dynamic_filter.hpp:232]   --->   Operation 7 'partselect' 'trunc_ln232_1' <Predicate = true> <Delay = 0.00>
ST_1 : Operation 8 [1/1] (0.00ns)   --->   "%trunc_ln232_2 = partselect i32 @_ssdm_op_PartSelect.i32.i72.i32.i32, i72 %cmpvc_cfg_strms_0_read, i32 8, i32 39" [../../APZ-DA/Addon_Queries/SELECT/dynamic_filter/xf_database/dynamic_filter.hpp:232]   --->   Operation 8 'partselect' 'trunc_ln232_2' <Predicate = true> <Delay = 0.00>
ST_1 : Operation 9 [1/1] (0.00ns)   --->   "%trunc_ln232_3 = partselect i32 @_ssdm_op_PartSelect.i32.i72.i32.i32, i72 %cmpvc_cfg_strms_0_read, i32 40, i32 71" [../../APZ-DA/Addon_Queries/SELECT/dynamic_filter/xf_database/dynamic_filter.hpp:232]   --->   Operation 9 'partselect' 'trunc_ln232_3' <Predicate = true> <Delay = 0.00>
ST_1 : Operation 10 [1/1] (1.40ns)   --->   "%cmpvc_cfg_strms_1_read = read i72 @_ssdm_op_Read.ap_fifo.volatile.i72P0A, i72 %cmpvc_cfg_strms_1" [../../APZ-DA/Addon_Queries/SELECT/dynamic_filter/xf_database/dynamic_filter.hpp:233]   --->   Operation 10 'read' 'cmpvc_cfg_strms_1_read' <Predicate = true> <Delay = 1.40> <CoreInst = "FIFO_SRL">   --->   Core 80 'FIFO_SRL' <Latency = 0> <II = 1> <Delay = 1.40> <Storage> <Opcode : 'read' 'write' 'nbread' 'nbwrite'> <Ports = 0> <Width = 72> <Depth = 2> <FIFO>
ST_1 : Operation 11 [1/1] (0.00ns)   --->   "%trunc_ln233 = trunc i72 %cmpvc_cfg_strms_1_read" [../../APZ-DA/Addon_Queries/SELECT/dynamic_filter/xf_database/dynamic_filter.hpp:233]   --->   Operation 11 'trunc' 'trunc_ln233' <Predicate = true> <Delay = 0.00>
ST_1 : Operation 12 [1/1] (0.00ns)   --->   "%trunc_ln233_1 = partselect i4 @_ssdm_op_PartSelect.i4.i72.i32.i32, i72 %cmpvc_cfg_strms_1_read, i32 4, i32 7" [../../APZ-DA/Addon_Queries/SELECT/dynamic_filter/xf_database/dynamic_filter.hpp:233]   --->   Operation 12 'partselect' 'trunc_ln233_1' <Predicate = true> <Delay = 0.00>
ST_1 : Operation 13 [1/1] (0.00ns)   --->   "%trunc_ln233_2 = partselect i32 @_ssdm_op_PartSelect.i32.i72.i32.i32, i72 %cmpvc_cfg_strms_1_read, i32 8, i32 39" [../../APZ-DA/Addon_Queries/SELECT/dynamic_filter/xf_database/dynamic_filter.hpp:233]   --->   Operation 13 'partselect' 'trunc_ln233_2' <Predicate = true> <Delay = 0.00>
ST_1 : Operation 14 [1/1] (0.00ns)   --->   "%trunc_ln233_3 = partselect i32 @_ssdm_op_PartSelect.i32.i72.i32.i32, i72 %cmpvc_cfg_strms_1_read, i32 40, i32 71" [../../APZ-DA/Addon_Queries/SELECT/dynamic_filter/xf_database/dynamic_filter.hpp:233]   --->   Operation 14 'partselect' 'trunc_ln233_3' <Predicate = true> <Delay = 0.00>
ST_1 : Operation 15 [1/1] (1.40ns)   --->   "%cmpvc_cfg_strms_2_read = read i72 @_ssdm_op_Read.ap_fifo.volatile.i72P0A, i72 %cmpvc_cfg_strms_2" [../../APZ-DA/Addon_Queries/SELECT/dynamic_filter/xf_database/dynamic_filter.hpp:234]   --->   Operation 15 'read' 'cmpvc_cfg_strms_2_read' <Predicate = true> <Delay = 1.40> <CoreInst = "FIFO_SRL">   --->   Core 80 'FIFO_SRL' <Latency = 0> <II = 1> <Delay = 1.40> <Storage> <Opcode : 'read' 'write' 'nbread' 'nbwrite'> <Ports = 0> <Width = 72> <Depth = 2> <FIFO>
ST_1 : Operation 16 [1/1] (0.00ns)   --->   "%trunc_ln234 = trunc i72 %cmpvc_cfg_strms_2_read" [../../APZ-DA/Addon_Queries/SELECT/dynamic_filter/xf_database/dynamic_filter.hpp:234]   --->   Operation 16 'trunc' 'trunc_ln234' <Predicate = true> <Delay = 0.00>
ST_1 : Operation 17 [1/1] (0.00ns)   --->   "%trunc_ln234_1 = partselect i4 @_ssdm_op_PartSelect.i4.i72.i32.i32, i72 %cmpvc_cfg_strms_2_read, i32 4, i32 7" [../../APZ-DA/Addon_Queries/SELECT/dynamic_filter/xf_database/dynamic_filter.hpp:234]   --->   Operation 17 'partselect' 'trunc_ln234_1' <Predicate = true> <Delay = 0.00>
ST_1 : Operation 18 [1/1] (0.00ns)   --->   "%trunc_ln234_2 = partselect i32 @_ssdm_op_PartSelect.i32.i72.i32.i32, i72 %cmpvc_cfg_strms_2_read, i32 8, i32 39" [../../APZ-DA/Addon_Queries/SELECT/dynamic_filter/xf_database/dynamic_filter.hpp:234]   --->   Operation 18 'partselect' 'trunc_ln234_2' <Predicate = true> <Delay = 0.00>
ST_1 : Operation 19 [1/1] (0.00ns)   --->   "%trunc_ln234_3 = partselect i32 @_ssdm_op_PartSelect.i32.i72.i32.i32, i72 %cmpvc_cfg_strms_2_read, i32 40, i32 71" [../../APZ-DA/Addon_Queries/SELECT/dynamic_filter/xf_database/dynamic_filter.hpp:234]   --->   Operation 19 'partselect' 'trunc_ln234_3' <Predicate = true> <Delay = 0.00>
ST_1 : Operation 20 [1/1] (1.40ns)   --->   "%cmpvc_cfg_strms_3_read = read i72 @_ssdm_op_Read.ap_fifo.volatile.i72P0A, i72 %cmpvc_cfg_strms_3" [../../APZ-DA/Addon_Queries/SELECT/dynamic_filter/xf_database/dynamic_filter.hpp:235]   --->   Operation 20 'read' 'cmpvc_cfg_strms_3_read' <Predicate = true> <Delay = 1.40> <CoreInst = "FIFO_SRL">   --->   Core 80 'FIFO_SRL' <Latency = 0> <II = 1> <Delay = 1.40> <Storage> <Opcode : 'read' 'write' 'nbread' 'nbwrite'> <Ports = 0> <Width = 72> <Depth = 2> <FIFO>
ST_1 : Operation 21 [1/1] (0.00ns)   --->   "%trunc_ln235 = trunc i72 %cmpvc_cfg_strms_3_read" [../../APZ-DA/Addon_Queries/SELECT/dynamic_filter/xf_database/dynamic_filter.hpp:235]   --->   Operation 21 'trunc' 'trunc_ln235' <Predicate = true> <Delay = 0.00>
ST_1 : Operation 22 [1/1] (0.00ns)   --->   "%trunc_ln235_1 = partselect i4 @_ssdm_op_PartSelect.i4.i72.i32.i32, i72 %cmpvc_cfg_strms_3_read, i32 4, i32 7" [../../APZ-DA/Addon_Queries/SELECT/dynamic_filter/xf_database/dynamic_filter.hpp:235]   --->   Operation 22 'partselect' 'trunc_ln235_1' <Predicate = true> <Delay = 0.00>
ST_1 : Operation 23 [1/1] (0.00ns)   --->   "%trunc_ln235_2 = partselect i32 @_ssdm_op_PartSelect.i32.i72.i32.i32, i72 %cmpvc_cfg_strms_3_read, i32 8, i32 39" [../../APZ-DA/Addon_Queries/SELECT/dynamic_filter/xf_database/dynamic_filter.hpp:235]   --->   Operation 23 'partselect' 'trunc_ln235_2' <Predicate = true> <Delay = 0.00>
ST_1 : Operation 24 [1/1] (0.00ns)   --->   "%trunc_ln235_3 = partselect i32 @_ssdm_op_PartSelect.i32.i72.i32.i32, i72 %cmpvc_cfg_strms_3_read, i32 40, i32 71" [../../APZ-DA/Addon_Queries/SELECT/dynamic_filter/xf_database/dynamic_filter.hpp:235]   --->   Operation 24 'partselect' 'trunc_ln235_3' <Predicate = true> <Delay = 0.00>
ST_1 : Operation 25 [1/1] (1.40ns)   --->   "%cmpvv_cfg_strms_0_read = read i4 @_ssdm_op_Read.ap_fifo.volatile.i4P0A, i4 %cmpvv_cfg_strms_0" [../../APZ-DA/Addon_Queries/SELECT/dynamic_filter/xf_database/dynamic_filter.hpp:237]   --->   Operation 25 'read' 'cmpvv_cfg_strms_0_read' <Predicate = true> <Delay = 1.40> <CoreInst = "FIFO_SRL">   --->   Core 80 'FIFO_SRL' <Latency = 0> <II = 1> <Delay = 1.40> <Storage> <Opcode : 'read' 'write' 'nbread' 'nbwrite'> <Ports = 0> <Width = 4> <Depth = 2> <FIFO>
ST_1 : Operation 26 [1/1] (1.40ns)   --->   "%cmpvv_cfg_strms_1_read = read i4 @_ssdm_op_Read.ap_fifo.volatile.i4P0A, i4 %cmpvv_cfg_strms_1" [../../APZ-DA/Addon_Queries/SELECT/dynamic_filter/xf_database/dynamic_filter.hpp:238]   --->   Operation 26 'read' 'cmpvv_cfg_strms_1_read' <Predicate = true> <Delay = 1.40> <CoreInst = "FIFO_SRL">   --->   Core 80 'FIFO_SRL' <Latency = 0> <II = 1> <Delay = 1.40> <Storage> <Opcode : 'read' 'write' 'nbread' 'nbwrite'> <Ports = 0> <Width = 4> <Depth = 2> <FIFO>
ST_1 : Operation 27 [1/1] (1.40ns)   --->   "%cmpvv_cfg_strms_2_read = read i4 @_ssdm_op_Read.ap_fifo.volatile.i4P0A, i4 %cmpvv_cfg_strms_2" [../../APZ-DA/Addon_Queries/SELECT/dynamic_filter/xf_database/dynamic_filter.hpp:239]   --->   Operation 27 'read' 'cmpvv_cfg_strms_2_read' <Predicate = true> <Delay = 1.40> <CoreInst = "FIFO_SRL">   --->   Core 80 'FIFO_SRL' <Latency = 0> <II = 1> <Delay = 1.40> <Storage> <Opcode : 'read' 'write' 'nbread' 'nbwrite'> <Ports = 0> <Width = 4> <Depth = 2> <FIFO>
ST_1 : Operation 28 [1/1] (1.40ns)   --->   "%cmpvv_cfg_strms_3_read = read i4 @_ssdm_op_Read.ap_fifo.volatile.i4P0A, i4 %cmpvv_cfg_strms_3" [../../APZ-DA/Addon_Queries/SELECT/dynamic_filter/xf_database/dynamic_filter.hpp:240]   --->   Operation 28 'read' 'cmpvv_cfg_strms_3_read' <Predicate = true> <Delay = 1.40> <CoreInst = "FIFO_SRL">   --->   Core 80 'FIFO_SRL' <Latency = 0> <II = 1> <Delay = 1.40> <Storage> <Opcode : 'read' 'write' 'nbread' 'nbwrite'> <Ports = 0> <Width = 4> <Depth = 2> <FIFO>
ST_1 : Operation 29 [1/1] (1.40ns)   --->   "%cmpvv_cfg_strms_4_read = read i4 @_ssdm_op_Read.ap_fifo.volatile.i4P0A, i4 %cmpvv_cfg_strms_4" [../../APZ-DA/Addon_Queries/SELECT/dynamic_filter/xf_database/dynamic_filter.hpp:241]   --->   Operation 29 'read' 'cmpvv_cfg_strms_4_read' <Predicate = true> <Delay = 1.40> <CoreInst = "FIFO_SRL">   --->   Core 80 'FIFO_SRL' <Latency = 0> <II = 1> <Delay = 1.40> <Storage> <Opcode : 'read' 'write' 'nbread' 'nbwrite'> <Ports = 0> <Width = 4> <Depth = 2> <FIFO>
ST_1 : Operation 30 [1/1] (1.40ns)   --->   "%cmpvv_cfg_strms_5_read = read i4 @_ssdm_op_Read.ap_fifo.volatile.i4P0A, i4 %cmpvv_cfg_strms_5" [../../APZ-DA/Addon_Queries/SELECT/dynamic_filter/xf_database/dynamic_filter.hpp:242]   --->   Operation 30 'read' 'cmpvv_cfg_strms_5_read' <Predicate = true> <Delay = 1.40> <CoreInst = "FIFO_SRL">   --->   Core 80 'FIFO_SRL' <Latency = 0> <II = 1> <Delay = 1.40> <Storage> <Opcode : 'read' 'write' 'nbread' 'nbwrite'> <Ports = 0> <Width = 4> <Depth = 2> <FIFO>
ST_1 : Operation 31 [1/1] (1.31ns)   --->   "%e = read i1 @_ssdm_op_Read.ap_fifo.volatile.i1P0A, i1 %e_v_strm" [../../APZ-DA/Addon_Queries/SELECT/dynamic_filter/xf_database/dynamic_filter.hpp:248]   --->   Operation 31 'read' 'e' <Predicate = true> <Delay = 1.31> <CoreInst = "FIFO_SRL">   --->   Core 80 'FIFO_SRL' <Latency = 0> <II = 1> <Delay = 1.31> <Storage> <Opcode : 'read' 'write' 'nbread' 'nbwrite'> <Ports = 0> <Width = 1> <Depth = 8> <FIFO>

State 2 <SV = 1> <Delay = 1.31>
ST_2 : Operation 32 [1/1] (0.00ns)   --->   "%empty = wait i32 @_ssdm_op_Wait"   --->   Operation 32 'wait' 'empty' <Predicate = true> <Delay = 0.00>
ST_2 : Operation 33 [2/2] (1.31ns)   --->   "%call_ln248 = call void @compare_ops<32>_Pipeline_FILTER_MAIN_LOOP, i1 %e, i1 %e_v_strm, i32 %k_strms_0, i32 %k_strms_1, i32 %k_strms_2, i32 %k_strms_3, i4 %trunc_ln232, i4 %trunc_ln232_1, i32 %trunc_ln232_2, i32 %trunc_ln232_3, i4 %trunc_ln233, i4 %trunc_ln233_1, i32 %trunc_ln233_2, i32 %trunc_ln233_3, i4 %trunc_ln234, i4 %trunc_ln234_1, i32 %trunc_ln234_2, i32 %trunc_ln234_3, i4 %trunc_ln235, i4 %trunc_ln235_1, i32 %trunc_ln235_2, i32 %trunc_ln235_3, i4 %cmpvv_cfg_strms_0_read, i4 %cmpvv_cfg_strms_1_read, i4 %cmpvv_cfg_strms_2_read, i4 %cmpvv_cfg_strms_3_read, i4 %cmpvv_cfg_strms_4_read, i4 %cmpvv_cfg_strms_5_read, i10 %addr_strm, i1 %e_addr_strm" [../../APZ-DA/Addon_Queries/SELECT/dynamic_filter/xf_database/dynamic_filter.hpp:248]   --->   Operation 33 'call' 'call_ln248' <Predicate = true> <Delay = 1.31> <CoreType = "Generic">   --->   Core 0 '' <Latency = 0> <II = 1> <Delay = 1.00> <Generic> <Opcode : >

State 3 <SV = 2> <Delay = 0.77>
ST_3 : Operation 34 [1/2] (0.77ns)   --->   "%call_ln248 = call void @compare_ops<32>_Pipeline_FILTER_MAIN_LOOP, i1 %e, i1 %e_v_strm, i32 %k_strms_0, i32 %k_strms_1, i32 %k_strms_2, i32 %k_strms_3, i4 %trunc_ln232, i4 %trunc_ln232_1, i32 %trunc_ln232_2, i32 %trunc_ln232_3, i4 %trunc_ln233, i4 %trunc_ln233_1, i32 %trunc_ln233_2, i32 %trunc_ln233_3, i4 %trunc_ln234, i4 %trunc_ln234_1, i32 %trunc_ln234_2, i32 %trunc_ln234_3, i4 %trunc_ln235, i4 %trunc_ln235_1, i32 %trunc_ln235_2, i32 %trunc_ln235_3, i4 %cmpvv_cfg_strms_0_read, i4 %cmpvv_cfg_strms_1_read, i4 %cmpvv_cfg_strms_2_read, i4 %cmpvv_cfg_strms_3_read, i4 %cmpvv_cfg_strms_4_read, i4 %cmpvv_cfg_strms_5_read, i10 %addr_strm, i1 %e_addr_strm" [../../APZ-DA/Addon_Queries/SELECT/dynamic_filter/xf_database/dynamic_filter.hpp:248]   --->   Operation 34 'call' 'call_ln248' <Predicate = true> <Delay = 0.77> <CoreType = "Generic">   --->   Core 0 '' <Latency = 0> <II = 1> <Delay = 1.00> <Generic> <Opcode : >

State 4 <SV = 3> <Delay = 1.31>
ST_4 : Operation 35 [1/1] (0.00ns)   --->   "%specinterface_ln0 = specinterface void @_ssdm_op_SpecInterface, i1 %e_addr_strm, void @empty_8, i32 0, i32 0, void @empty, i32 0, i32 0, void @empty, void @empty, void @empty, i32 0, i32 0, i32 0, i32 0, void @empty, void @empty, i32 4294967295, i32 0, i32 0"   --->   Operation 35 'specinterface' 'specinterface_ln0' <Predicate = true> <Delay = 0.00>
ST_4 : Operation 36 [1/1] (0.00ns)   --->   "%specinterface_ln0 = specinterface void @_ssdm_op_SpecInterface, i10 %addr_strm, void @empty_8, i32 0, i32 0, void @empty, i32 0, i32 0, void @empty, void @empty, void @empty, i32 0, i32 0, i32 0, i32 0, void @empty, void @empty, i32 4294967295, i32 0, i32 0"   --->   Operation 36 'specinterface' 'specinterface_ln0' <Predicate = true> <Delay = 0.00>
ST_4 : Operation 37 [1/1] (0.00ns)   --->   "%specinterface_ln0 = specinterface void @_ssdm_op_SpecInterface, i1 %e_v_strm, void @empty_8, i32 0, i32 0, void @empty, i32 0, i32 0, void @empty, void @empty, void @empty, i32 0, i32 0, i32 0, i32 0, void @empty, void @empty, i32 4294967295, i32 0, i32 0"   --->   Operation 37 'specinterface' 'specinterface_ln0' <Predicate = true> <Delay = 0.00>
ST_4 : Operation 38 [1/1] (0.00ns)   --->   "%specinterface_ln0 = specinterface void @_ssdm_op_SpecInterface, i4 %cmpvv_cfg_strms_5, void @empty_8, i32 0, i32 0, void @empty, i32 0, i32 0, void @empty, void @empty, void @empty, i32 0, i32 0, i32 0, i32 0, void @empty, void @empty, i32 4294967295, i32 0, i32 0"   --->   Operation 38 'specinterface' 'specinterface_ln0' <Predicate = true> <Delay = 0.00>
ST_4 : Operation 39 [1/1] (0.00ns)   --->   "%specinterface_ln0 = specinterface void @_ssdm_op_SpecInterface, i4 %cmpvv_cfg_strms_4, void @empty_8, i32 0, i32 0, void @empty, i32 0, i32 0, void @empty, void @empty, void @empty, i32 0, i32 0, i32 0, i32 0, void @empty, void @empty, i32 4294967295, i32 0, i32 0"   --->   Operation 39 'specinterface' 'specinterface_ln0' <Predicate = true> <Delay = 0.00>
ST_4 : Operation 40 [1/1] (0.00ns)   --->   "%specinterface_ln0 = specinterface void @_ssdm_op_SpecInterface, i4 %cmpvv_cfg_strms_3, void @empty_8, i32 0, i32 0, void @empty, i32 0, i32 0, void @empty, void @empty, void @empty, i32 0, i32 0, i32 0, i32 0, void @empty, void @empty, i32 4294967295, i32 0, i32 0"   --->   Operation 40 'specinterface' 'specinterface_ln0' <Predicate = true> <Delay = 0.00>
ST_4 : Operation 41 [1/1] (0.00ns)   --->   "%specinterface_ln0 = specinterface void @_ssdm_op_SpecInterface, i4 %cmpvv_cfg_strms_2, void @empty_8, i32 0, i32 0, void @empty, i32 0, i32 0, void @empty, void @empty, void @empty, i32 0, i32 0, i32 0, i32 0, void @empty, void @empty, i32 4294967295, i32 0, i32 0"   --->   Operation 41 'specinterface' 'specinterface_ln0' <Predicate = true> <Delay = 0.00>
ST_4 : Operation 42 [1/1] (0.00ns)   --->   "%specinterface_ln0 = specinterface void @_ssdm_op_SpecInterface, i4 %cmpvv_cfg_strms_1, void @empty_8, i32 0, i32 0, void @empty, i32 0, i32 0, void @empty, void @empty, void @empty, i32 0, i32 0, i32 0, i32 0, void @empty, void @empty, i32 4294967295, i32 0, i32 0"   --->   Operation 42 'specinterface' 'specinterface_ln0' <Predicate = true> <Delay = 0.00>
ST_4 : Operation 43 [1/1] (0.00ns)   --->   "%specinterface_ln0 = specinterface void @_ssdm_op_SpecInterface, i4 %cmpvv_cfg_strms_0, void @empty_8, i32 0, i32 0, void @empty, i32 0, i32 0, void @empty, void @empty, void @empty, i32 0, i32 0, i32 0, i32 0, void @empty, void @empty, i32 4294967295, i32 0, i32 0"   --->   Operation 43 'specinterface' 'specinterface_ln0' <Predicate = true> <Delay = 0.00>
ST_4 : Operation 44 [1/1] (0.00ns)   --->   "%specinterface_ln0 = specinterface void @_ssdm_op_SpecInterface, i72 %cmpvc_cfg_strms_3, void @empty_8, i32 0, i32 0, void @empty, i32 0, i32 0, void @empty, void @empty, void @empty, i32 0, i32 0, i32 0, i32 0, void @empty, void @empty, i32 4294967295, i32 0, i32 0"   --->   Operation 44 'specinterface' 'specinterface_ln0' <Predicate = true> <Delay = 0.00>
ST_4 : Operation 45 [1/1] (0.00ns)   --->   "%specinterface_ln0 = specinterface void @_ssdm_op_SpecInterface, i72 %cmpvc_cfg_strms_2, void @empty_8, i32 0, i32 0, void @empty, i32 0, i32 0, void @empty, void @empty, void @empty, i32 0, i32 0, i32 0, i32 0, void @empty, void @empty, i32 4294967295, i32 0, i32 0"   --->   Operation 45 'specinterface' 'specinterface_ln0' <Predicate = true> <Delay = 0.00>
ST_4 : Operation 46 [1/1] (0.00ns)   --->   "%specinterface_ln0 = specinterface void @_ssdm_op_SpecInterface, i72 %cmpvc_cfg_strms_1, void @empty_8, i32 0, i32 0, void @empty, i32 0, i32 0, void @empty, void @empty, void @empty, i32 0, i32 0, i32 0, i32 0, void @empty, void @empty, i32 4294967295, i32 0, i32 0"   --->   Operation 46 'specinterface' 'specinterface_ln0' <Predicate = true> <Delay = 0.00>
ST_4 : Operation 47 [1/1] (0.00ns)   --->   "%specinterface_ln0 = specinterface void @_ssdm_op_SpecInterface, i72 %cmpvc_cfg_strms_0, void @empty_8, i32 0, i32 0, void @empty, i32 0, i32 0, void @empty, void @empty, void @empty, i32 0, i32 0, i32 0, i32 0, void @empty, void @empty, i32 4294967295, i32 0, i32 0"   --->   Operation 47 'specinterface' 'specinterface_ln0' <Predicate = true> <Delay = 0.00>
ST_4 : Operation 48 [1/1] (0.00ns)   --->   "%specinterface_ln0 = specinterface void @_ssdm_op_SpecInterface, i32 %k_strms_0, void @empty_8, i32 0, i32 0, void @empty, i32 0, i32 0, void @empty, void @empty, void @empty, i32 0, i32 0, i32 0, i32 0, void @empty, void @empty, i32 4294967295, i32 0, i32 0"   --->   Operation 48 'specinterface' 'specinterface_ln0' <Predicate = true> <Delay = 0.00>
ST_4 : Operation 49 [1/1] (0.00ns)   --->   "%specinterface_ln0 = specinterface void @_ssdm_op_SpecInterface, i32 %k_strms_1, void @empty_8, i32 0, i32 0, void @empty, i32 0, i32 0, void @empty, void @empty, void @empty, i32 0, i32 0, i32 0, i32 0, void @empty, void @empty, i32 4294967295, i32 0, i32 0"   --->   Operation 49 'specinterface' 'specinterface_ln0' <Predicate = true> <Delay = 0.00>
ST_4 : Operation 50 [1/1] (0.00ns)   --->   "%specinterface_ln0 = specinterface void @_ssdm_op_SpecInterface, i32 %k_strms_2, void @empty_8, i32 0, i32 0, void @empty, i32 0, i32 0, void @empty, void @empty, void @empty, i32 0, i32 0, i32 0, i32 0, void @empty, void @empty, i32 4294967295, i32 0, i32 0"   --->   Operation 50 'specinterface' 'specinterface_ln0' <Predicate = true> <Delay = 0.00>
ST_4 : Operation 51 [1/1] (0.00ns)   --->   "%specinterface_ln0 = specinterface void @_ssdm_op_SpecInterface, i32 %k_strms_3, void @empty_8, i32 0, i32 0, void @empty, i32 0, i32 0, void @empty, void @empty, void @empty, i32 0, i32 0, i32 0, i32 0, void @empty, void @empty, i32 4294967295, i32 0, i32 0"   --->   Operation 51 'specinterface' 'specinterface_ln0' <Predicate = true> <Delay = 0.00>
ST_4 : Operation 52 [1/1] (0.00ns)   --->   "%empty_56 = wait i32 @_ssdm_op_Wait"   --->   Operation 52 'wait' 'empty_56' <Predicate = true> <Delay = 0.00>
ST_4 : Operation 53 [1/1] (1.31ns)   --->   "%write_ln290 = write void @_ssdm_op_Write.ap_fifo.volatile.i1P0A, i1 %e_addr_strm, i1 1" [../../APZ-DA/Addon_Queries/SELECT/dynamic_filter/xf_database/dynamic_filter.hpp:290]   --->   Operation 53 'write' 'write_ln290' <Predicate = true> <Delay = 1.31> <CoreInst = "FIFO_SRL">   --->   Core 80 'FIFO_SRL' <Latency = 0> <II = 1> <Delay = 1.31> <Storage> <Opcode : 'read' 'write' 'nbread' 'nbwrite'> <Ports = 0> <Width = 1> <Depth = 8> <FIFO>
ST_4 : Operation 54 [1/1] (0.00ns)   --->   "%ret_ln294 = ret" [../../APZ-DA/Addon_Queries/SELECT/dynamic_filter/xf_database/dynamic_filter.hpp:294]   --->   Operation 54 'ret' 'ret_ln294' <Predicate = true> <Delay = 0.00>


============================================================
+ Verbose Summary: Binding
============================================================
STG Binding: 
---------------- STG Properties BEGIN ----------------
- Is combinational: 0
- Is one-state seq: 0
- Is datapath-only: 0
- Is pipelined: 0
- Is top level: 0
Port [ Return ] is wired: 1; IO mode=ap_ctrl_hs:ce=0
Port [ cmpvc_cfg_strms_0]:  wired=1; compound=1; hidden=0; nouse=0; global=0; static=0; extern=0; dir=0; type=3; pingpong=0; private_global=0; IO mode=ap_fifo:ce=0
Port [ cmpvc_cfg_strms_1]:  wired=1; compound=1; hidden=0; nouse=0; global=0; static=0; extern=0; dir=0; type=3; pingpong=0; private_global=0; IO mode=ap_fifo:ce=0
Port [ cmpvc_cfg_strms_2]:  wired=1; compound=1; hidden=0; nouse=0; global=0; static=0; extern=0; dir=0; type=3; pingpong=0; private_global=0; IO mode=ap_fifo:ce=0
Port [ cmpvc_cfg_strms_3]:  wired=1; compound=1; hidden=0; nouse=0; global=0; static=0; extern=0; dir=0; type=3; pingpong=0; private_global=0; IO mode=ap_fifo:ce=0
Port [ cmpvv_cfg_strms_0]:  wired=1; compound=1; hidden=0; nouse=0; global=0; static=0; extern=0; dir=0; type=3; pingpong=0; private_global=0; IO mode=ap_fifo:ce=0
Port [ cmpvv_cfg_strms_1]:  wired=1; compound=1; hidden=0; nouse=0; global=0; static=0; extern=0; dir=0; type=3; pingpong=0; private_global=0; IO mode=ap_fifo:ce=0
Port [ cmpvv_cfg_strms_2]:  wired=1; compound=1; hidden=0; nouse=0; global=0; static=0; extern=0; dir=0; type=3; pingpong=0; private_global=0; IO mode=ap_fifo:ce=0
Port [ cmpvv_cfg_strms_3]:  wired=1; compound=1; hidden=0; nouse=0; global=0; static=0; extern=0; dir=0; type=3; pingpong=0; private_global=0; IO mode=ap_fifo:ce=0
Port [ cmpvv_cfg_strms_4]:  wired=1; compound=1; hidden=0; nouse=0; global=0; static=0; extern=0; dir=0; type=3; pingpong=0; private_global=0; IO mode=ap_fifo:ce=0
Port [ cmpvv_cfg_strms_5]:  wired=1; compound=1; hidden=0; nouse=0; global=0; static=0; extern=0; dir=0; type=3; pingpong=0; private_global=0; IO mode=ap_fifo:ce=0
Port [ k_strms_0]:  wired=1; compound=1; hidden=0; nouse=0; global=0; static=0; extern=0; dir=0; type=3; pingpong=0; private_global=0; IO mode=ap_fifo:ce=0
Port [ k_strms_1]:  wired=1; compound=1; hidden=0; nouse=0; global=0; static=0; extern=0; dir=0; type=3; pingpong=0; private_global=0; IO mode=ap_fifo:ce=0
Port [ k_strms_2]:  wired=1; compound=1; hidden=0; nouse=0; global=0; static=0; extern=0; dir=0; type=3; pingpong=0; private_global=0; IO mode=ap_fifo:ce=0
Port [ k_strms_3]:  wired=1; compound=1; hidden=0; nouse=0; global=0; static=0; extern=0; dir=0; type=3; pingpong=0; private_global=0; IO mode=ap_fifo:ce=0
Port [ e_v_strm]:  wired=1; compound=1; hidden=0; nouse=0; global=0; static=0; extern=0; dir=0; type=3; pingpong=0; private_global=0; IO mode=ap_fifo:ce=0
Port [ addr_strm]:  wired=1; compound=1; hidden=0; nouse=0; global=0; static=0; extern=0; dir=1; type=3; pingpong=0; private_global=0; IO mode=ap_fifo:ce=0
Port [ e_addr_strm]:  wired=1; compound=1; hidden=0; nouse=0; global=0; static=0; extern=0; dir=1; type=3; pingpong=0; private_global=0; IO mode=ap_fifo:ce=0
---------------- STG Properties END ------------------

---------------- Datapath Model BEGIN ----------------

<LifeTime>
<method=bitvector/>
cmpvc_cfg_strms_0_read (read         ) [ 00000]
trunc_ln232            (trunc        ) [ 00110]
trunc_ln232_1          (partselect   ) [ 00110]
trunc_ln232_2          (partselect   ) [ 00110]
trunc_ln232_3          (partselect   ) [ 00110]
cmpvc_cfg_strms_1_read (read         ) [ 00000]
trunc_ln233            (trunc        ) [ 00110]
trunc_ln233_1          (partselect   ) [ 00110]
trunc_ln233_2          (partselect   ) [ 00110]
trunc_ln233_3          (partselect   ) [ 00110]
cmpvc_cfg_strms_2_read (read         ) [ 00000]
trunc_ln234            (trunc        ) [ 00110]
trunc_ln234_1          (partselect   ) [ 00110]
trunc_ln234_2          (partselect   ) [ 00110]
trunc_ln234_3          (partselect   ) [ 00110]
cmpvc_cfg_strms_3_read (read         ) [ 00000]
trunc_ln235            (trunc        ) [ 00110]
trunc_ln235_1          (partselect   ) [ 00110]
trunc_ln235_2          (partselect   ) [ 00110]
trunc_ln235_3          (partselect   ) [ 00110]
cmpvv_cfg_strms_0_read (read         ) [ 00110]
cmpvv_cfg_strms_1_read (read         ) [ 00110]
cmpvv_cfg_strms_2_read (read         ) [ 00110]
cmpvv_cfg_strms_3_read (read         ) [ 00110]
cmpvv_cfg_strms_4_read (read         ) [ 00110]
cmpvv_cfg_strms_5_read (read         ) [ 00110]
e                      (read         ) [ 00110]
empty                  (wait         ) [ 00000]
call_ln248             (call         ) [ 00000]
specinterface_ln0      (specinterface) [ 00000]
specinterface_ln0      (specinterface) [ 00000]
specinterface_ln0      (specinterface) [ 00000]
specinterface_ln0      (specinterface) [ 00000]
specinterface_ln0      (specinterface) [ 00000]
specinterface_ln0      (specinterface) [ 00000]
specinterface_ln0      (specinterface) [ 00000]
specinterface_ln0      (specinterface) [ 00000]
specinterface_ln0      (specinterface) [ 00000]
specinterface_ln0      (specinterface) [ 00000]
specinterface_ln0      (specinterface) [ 00000]
specinterface_ln0      (specinterface) [ 00000]
specinterface_ln0      (specinterface) [ 00000]
specinterface_ln0      (specinterface) [ 00000]
specinterface_ln0      (specinterface) [ 00000]
specinterface_ln0      (specinterface) [ 00000]
specinterface_ln0      (specinterface) [ 00000]
empty_56               (wait         ) [ 00000]
write_ln290            (write        ) [ 00000]
ret_ln294              (ret          ) [ 00000]
</LifeTime>

<model>

<comp_list>
<comp id="0" class="1000" name="cmpvc_cfg_strms_0">
<pin_list>
<pin id="1" dir="1" index="0" bw="1" slack="0"/>
</pin_list>
<bind>
<StgValue><ssdm name="cmpvc_cfg_strms_0"/></StgValue>
</bind>
</comp>

<comp id="2" class="1000" name="cmpvc_cfg_strms_1">
<pin_list>
<pin id="3" dir="1" index="0" bw="1" slack="0"/>
</pin_list>
<bind>
<StgValue><ssdm name="cmpvc_cfg_strms_1"/></StgValue>
</bind>
</comp>

<comp id="4" class="1000" name="cmpvc_cfg_strms_2">
<pin_list>
<pin id="5" dir="1" index="0" bw="1" slack="0"/>
</pin_list>
<bind>
<StgValue><ssdm name="cmpvc_cfg_strms_2"/></StgValue>
</bind>
</comp>

<comp id="6" class="1000" name="cmpvc_cfg_strms_3">
<pin_list>
<pin id="7" dir="1" index="0" bw="1" slack="0"/>
</pin_list>
<bind>
<StgValue><ssdm name="cmpvc_cfg_strms_3"/></StgValue>
</bind>
</comp>

<comp id="8" class="1000" name="cmpvv_cfg_strms_0">
<pin_list>
<pin id="9" dir="1" index="0" bw="1" slack="0"/>
</pin_list>
<bind>
<StgValue><ssdm name="cmpvv_cfg_strms_0"/></StgValue>
</bind>
</comp>

<comp id="10" class="1000" name="cmpvv_cfg_strms_1">
<pin_list>
<pin id="11" dir="1" index="0" bw="1" slack="0"/>
</pin_list>
<bind>
<StgValue><ssdm name="cmpvv_cfg_strms_1"/></StgValue>
</bind>
</comp>

<comp id="12" class="1000" name="cmpvv_cfg_strms_2">
<pin_list>
<pin id="13" dir="1" index="0" bw="1" slack="0"/>
</pin_list>
<bind>
<StgValue><ssdm name="cmpvv_cfg_strms_2"/></StgValue>
</bind>
</comp>

<comp id="14" class="1000" name="cmpvv_cfg_strms_3">
<pin_list>
<pin id="15" dir="1" index="0" bw="1" slack="0"/>
</pin_list>
<bind>
<StgValue><ssdm name="cmpvv_cfg_strms_3"/></StgValue>
</bind>
</comp>

<comp id="16" class="1000" name="cmpvv_cfg_strms_4">
<pin_list>
<pin id="17" dir="1" index="0" bw="1" slack="0"/>
</pin_list>
<bind>
<StgValue><ssdm name="cmpvv_cfg_strms_4"/></StgValue>
</bind>
</comp>

<comp id="18" class="1000" name="cmpvv_cfg_strms_5">
<pin_list>
<pin id="19" dir="1" index="0" bw="1" slack="0"/>
</pin_list>
<bind>
<StgValue><ssdm name="cmpvv_cfg_strms_5"/></StgValue>
</bind>
</comp>

<comp id="20" class="1000" name="k_strms_0">
<pin_list>
<pin id="21" dir="1" index="0" bw="1" slack="0"/>
</pin_list>
<bind>
<StgValue><ssdm name="k_strms_0"/></StgValue>
</bind>
</comp>

<comp id="22" class="1000" name="k_strms_1">
<pin_list>
<pin id="23" dir="1" index="0" bw="1" slack="0"/>
</pin_list>
<bind>
<StgValue><ssdm name="k_strms_1"/></StgValue>
</bind>
</comp>

<comp id="24" class="1000" name="k_strms_2">
<pin_list>
<pin id="25" dir="1" index="0" bw="1" slack="0"/>
</pin_list>
<bind>
<StgValue><ssdm name="k_strms_2"/></StgValue>
</bind>
</comp>

<comp id="26" class="1000" name="k_strms_3">
<pin_list>
<pin id="27" dir="1" index="0" bw="1" slack="0"/>
</pin_list>
<bind>
<StgValue><ssdm name="k_strms_3"/></StgValue>
</bind>
</comp>

<comp id="28" class="1000" name="e_v_strm">
<pin_list>
<pin id="29" dir="1" index="0" bw="1" slack="0"/>
</pin_list>
<bind>
<StgValue><ssdm name="e_v_strm"/></StgValue>
</bind>
</comp>

<comp id="30" class="1000" name="addr_strm">
<pin_list>
<pin id="31" dir="1" index="0" bw="1" slack="0"/>
</pin_list>
<bind>
<StgValue><ssdm name="addr_strm"/></StgValue>
</bind>
</comp>

<comp id="32" class="1000" name="e_addr_strm">
<pin_list>
<pin id="33" dir="1" index="0" bw="1" slack="0"/>
</pin_list>
<bind>
<StgValue><ssdm name="e_addr_strm"/></StgValue>
</bind>
</comp>

<comp id="34" class="1001" name="const_34">
<pin_list>
<pin id="35" dir="1" index="0" bw="1" slack="0"/>
</pin_list>
<bind>
<StgValue><ssdm name="_ssdm_op_Read.ap_fifo.volatile.i72P0A"/></StgValue>
</bind>
</comp>

<comp id="36" class="1001" name="const_36">
<pin_list>
<pin id="37" dir="1" index="0" bw="1" slack="0"/>
</pin_list>
<bind>
<StgValue><ssdm name="_ssdm_op_PartSelect.i4.i72.i32.i32"/></StgValue>
</bind>
</comp>

<comp id="38" class="1001" name="const_38">
<pin_list>
<pin id="39" dir="1" index="0" bw="1" slack="0"/>
</pin_list>
<bind>
<StgValue><ssdm name=""/></StgValue>
</bind>
</comp>

<comp id="40" class="1001" name="const_40">
<pin_list>
<pin id="41" dir="1" index="0" bw="1" slack="0"/>
</pin_list>
<bind>
<StgValue><ssdm name=""/></StgValue>
</bind>
</comp>

<comp id="42" class="1001" name="const_42">
<pin_list>
<pin id="43" dir="1" index="0" bw="1" slack="0"/>
</pin_list>
<bind>
<StgValue><ssdm name="_ssdm_op_PartSelect.i32.i72.i32.i32"/></StgValue>
</bind>
</comp>

<comp id="44" class="1001" name="const_44">
<pin_list>
<pin id="45" dir="1" index="0" bw="1" slack="0"/>
</pin_list>
<bind>
<StgValue><ssdm name=""/></StgValue>
</bind>
</comp>

<comp id="46" class="1001" name="const_46">
<pin_list>
<pin id="47" dir="1" index="0" bw="1" slack="0"/>
</pin_list>
<bind>
<StgValue><ssdm name=""/></StgValue>
</bind>
</comp>

<comp id="48" class="1001" name="const_48">
<pin_list>
<pin id="49" dir="1" index="0" bw="1" slack="0"/>
</pin_list>
<bind>
<StgValue><ssdm name=""/></StgValue>
</bind>
</comp>

<comp id="50" class="1001" name="const_50">
<pin_list>
<pin id="51" dir="1" index="0" bw="1" slack="0"/>
</pin_list>
<bind>
<StgValue><ssdm name=""/></StgValue>
</bind>
</comp>

<comp id="52" class="1001" name="const_52">
<pin_list>
<pin id="53" dir="1" index="0" bw="1" slack="0"/>
</pin_list>
<bind>
<StgValue><ssdm name="_ssdm_op_Read.ap_fifo.volatile.i4P0A"/></StgValue>
</bind>
</comp>

<comp id="54" class="1001" name="const_54">
<pin_list>
<pin id="55" dir="1" index="0" bw="1" slack="0"/>
</pin_list>
<bind>
<StgValue><ssdm name="_ssdm_op_Read.ap_fifo.volatile.i1P0A"/></StgValue>
</bind>
</comp>

<comp id="56" class="1001" name="const_56">
<pin_list>
<pin id="57" dir="1" index="0" bw="1" slack="2147483647"/>
</pin_list>
<bind>
<StgValue><ssdm name="_ssdm_op_Wait"/></StgValue>
</bind>
</comp>

<comp id="58" class="1001" name="const_58">
<pin_list>
<pin id="59" dir="1" index="0" bw="1" slack="0"/>
</pin_list>
<bind>
<StgValue><ssdm name="compare_ops<32>_Pipeline_FILTER_MAIN_LOOP"/></StgValue>
</bind>
</comp>

<comp id="60" class="1001" name="const_60">
<pin_list>
<pin id="61" dir="1" index="0" bw="1" slack="2147483647"/>
</pin_list>
<bind>
<StgValue><ssdm name="_ssdm_op_SpecInterface"/></StgValue>
</bind>
</comp>

<comp id="62" class="1001" name="const_62">
<pin_list>
<pin id="63" dir="1" index="0" bw="1" slack="2147483647"/>
</pin_list>
<bind>
<StgValue><ssdm name="empty_8"/></StgValue>
</bind>
</comp>

<comp id="64" class="1001" name="const_64">
<pin_list>
<pin id="65" dir="1" index="0" bw="1" slack="2147483647"/>
</pin_list>
<bind>
<StgValue><ssdm name=""/></StgValue>
</bind>
</comp>

<comp id="66" class="1001" name="const_66">
<pin_list>
<pin id="67" dir="1" index="0" bw="1" slack="2147483647"/>
</pin_list>
<bind>
<StgValue><ssdm name="empty"/></StgValue>
</bind>
</comp>

<comp id="68" class="1001" name="const_68">
<pin_list>
<pin id="69" dir="1" index="0" bw="1" slack="2147483647"/>
</pin_list>
<bind>
<StgValue><ssdm name=""/></StgValue>
</bind>
</comp>

<comp id="70" class="1001" name="const_70">
<pin_list>
<pin id="71" dir="1" index="0" bw="1" slack="0"/>
</pin_list>
<bind>
<StgValue><ssdm name="_ssdm_op_Write.ap_fifo.volatile.i1P0A"/></StgValue>
</bind>
</comp>

<comp id="72" class="1001" name="const_72">
<pin_list>
<pin id="73" dir="1" index="0" bw="1" slack="0"/>
</pin_list>
<bind>
<StgValue><ssdm name=""/></StgValue>
</bind>
</comp>

<comp id="74" class="1004" name="cmpvc_cfg_strms_0_read_read_fu_74">
<pin_list>
<pin id="75" dir="0" index="0" bw="72" slack="0"/>
<pin id="76" dir="0" index="1" bw="72" slack="0"/>
<pin id="77" dir="1" index="2" bw="72" slack="0"/>
</pin_list>
<bind>
<opcode="read(1150) " fcode="read"/>
<opset="cmpvc_cfg_strms_0_read/1 "/>
</bind>
</comp>

<comp id="80" class="1004" name="cmpvc_cfg_strms_1_read_read_fu_80">
<pin_list>
<pin id="81" dir="0" index="0" bw="72" slack="0"/>
<pin id="82" dir="0" index="1" bw="72" slack="0"/>
<pin id="83" dir="1" index="2" bw="72" slack="0"/>
</pin_list>
<bind>
<opcode="read(1150) " fcode="read"/>
<opset="cmpvc_cfg_strms_1_read/1 "/>
</bind>
</comp>

<comp id="86" class="1004" name="cmpvc_cfg_strms_2_read_read_fu_86">
<pin_list>
<pin id="87" dir="0" index="0" bw="72" slack="0"/>
<pin id="88" dir="0" index="1" bw="72" slack="0"/>
<pin id="89" dir="1" index="2" bw="72" slack="0"/>
</pin_list>
<bind>
<opcode="read(1150) " fcode="read"/>
<opset="cmpvc_cfg_strms_2_read/1 "/>
</bind>
</comp>

<comp id="92" class="1004" name="cmpvc_cfg_strms_3_read_read_fu_92">
<pin_list>
<pin id="93" dir="0" index="0" bw="72" slack="0"/>
<pin id="94" dir="0" index="1" bw="72" slack="0"/>
<pin id="95" dir="1" index="2" bw="72" slack="0"/>
</pin_list>
<bind>
<opcode="read(1150) " fcode="read"/>
<opset="cmpvc_cfg_strms_3_read/1 "/>
</bind>
</comp>

<comp id="98" class="1004" name="cmpvv_cfg_strms_0_read_read_fu_98">
<pin_list>
<pin id="99" dir="0" index="0" bw="4" slack="0"/>
<pin id="100" dir="0" index="1" bw="4" slack="0"/>
<pin id="101" dir="1" index="2" bw="4" slack="1"/>
</pin_list>
<bind>
<opcode="read(1150) " fcode="read"/>
<opset="cmpvv_cfg_strms_0_read/1 "/>
</bind>
</comp>

<comp id="104" class="1004" name="cmpvv_cfg_strms_1_read_read_fu_104">
<pin_list>
<pin id="105" dir="0" index="0" bw="4" slack="0"/>
<pin id="106" dir="0" index="1" bw="4" slack="0"/>
<pin id="107" dir="1" index="2" bw="4" slack="1"/>
</pin_list>
<bind>
<opcode="read(1150) " fcode="read"/>
<opset="cmpvv_cfg_strms_1_read/1 "/>
</bind>
</comp>

<comp id="110" class="1004" name="cmpvv_cfg_strms_2_read_read_fu_110">
<pin_list>
<pin id="111" dir="0" index="0" bw="4" slack="0"/>
<pin id="112" dir="0" index="1" bw="4" slack="0"/>
<pin id="113" dir="1" index="2" bw="4" slack="1"/>
</pin_list>
<bind>
<opcode="read(1150) " fcode="read"/>
<opset="cmpvv_cfg_strms_2_read/1 "/>
</bind>
</comp>

<comp id="116" class="1004" name="cmpvv_cfg_strms_3_read_read_fu_116">
<pin_list>
<pin id="117" dir="0" index="0" bw="4" slack="0"/>
<pin id="118" dir="0" index="1" bw="4" slack="0"/>
<pin id="119" dir="1" index="2" bw="4" slack="1"/>
</pin_list>
<bind>
<opcode="read(1150) " fcode="read"/>
<opset="cmpvv_cfg_strms_3_read/1 "/>
</bind>
</comp>

<comp id="122" class="1004" name="cmpvv_cfg_strms_4_read_read_fu_122">
<pin_list>
<pin id="123" dir="0" index="0" bw="4" slack="0"/>
<pin id="124" dir="0" index="1" bw="4" slack="0"/>
<pin id="125" dir="1" index="2" bw="4" slack="1"/>
</pin_list>
<bind>
<opcode="read(1150) " fcode="read"/>
<opset="cmpvv_cfg_strms_4_read/1 "/>
</bind>
</comp>

<comp id="128" class="1004" name="cmpvv_cfg_strms_5_read_read_fu_128">
<pin_list>
<pin id="129" dir="0" index="0" bw="4" slack="0"/>
<pin id="130" dir="0" index="1" bw="4" slack="0"/>
<pin id="131" dir="1" index="2" bw="4" slack="1"/>
</pin_list>
<bind>
<opcode="read(1150) " fcode="read"/>
<opset="cmpvv_cfg_strms_5_read/1 "/>
</bind>
</comp>

<comp id="134" class="1004" name="e_read_fu_134">
<pin_list>
<pin id="135" dir="0" index="0" bw="1" slack="0"/>
<pin id="136" dir="0" index="1" bw="1" slack="0"/>
<pin id="137" dir="1" index="2" bw="1" slack="1"/>
</pin_list>
<bind>
<opcode="read(1150) " fcode="read"/>
<opset="e/1 "/>
</bind>
</comp>

<comp id="140" class="1004" name="write_ln290_write_fu_140">
<pin_list>
<pin id="141" dir="0" index="0" bw="0" slack="0"/>
<pin id="142" dir="0" index="1" bw="1" slack="0"/>
<pin id="143" dir="0" index="2" bw="1" slack="0"/>
<pin id="144" dir="1" index="3" bw="0" slack="2147483647"/>
</pin_list>
<bind>
<opcode="write(1151) " fcode="write"/>
<opset="write_ln290/4 "/>
</bind>
</comp>

<comp id="148" class="1004" name="grp_compare_ops_32_Pipeline_FILTER_MAIN_LOOP_fu_148">
<pin_list>
<pin id="149" dir="0" index="0" bw="0" slack="0"/>
<pin id="150" dir="0" index="1" bw="1" slack="1"/>
<pin id="151" dir="0" index="2" bw="1" slack="0"/>
<pin id="152" dir="0" index="3" bw="32" slack="0"/>
<pin id="153" dir="0" index="4" bw="32" slack="0"/>
<pin id="154" dir="0" index="5" bw="32" slack="0"/>
<pin id="155" dir="0" index="6" bw="32" slack="0"/>
<pin id="156" dir="0" index="7" bw="4" slack="1"/>
<pin id="157" dir="0" index="8" bw="4" slack="1"/>
<pin id="158" dir="0" index="9" bw="32" slack="1"/>
<pin id="159" dir="0" index="10" bw="32" slack="1"/>
<pin id="160" dir="0" index="11" bw="4" slack="1"/>
<pin id="161" dir="0" index="12" bw="4" slack="1"/>
<pin id="162" dir="0" index="13" bw="32" slack="1"/>
<pin id="163" dir="0" index="14" bw="32" slack="1"/>
<pin id="164" dir="0" index="15" bw="4" slack="1"/>
<pin id="165" dir="0" index="16" bw="4" slack="1"/>
<pin id="166" dir="0" index="17" bw="32" slack="1"/>
<pin id="167" dir="0" index="18" bw="32" slack="1"/>
<pin id="168" dir="0" index="19" bw="4" slack="1"/>
<pin id="169" dir="0" index="20" bw="4" slack="1"/>
<pin id="170" dir="0" index="21" bw="32" slack="1"/>
<pin id="171" dir="0" index="22" bw="32" slack="1"/>
<pin id="172" dir="0" index="23" bw="4" slack="1"/>
<pin id="173" dir="0" index="24" bw="4" slack="1"/>
<pin id="174" dir="0" index="25" bw="4" slack="1"/>
<pin id="175" dir="0" index="26" bw="4" slack="1"/>
<pin id="176" dir="0" index="27" bw="4" slack="1"/>
<pin id="177" dir="0" index="28" bw="4" slack="1"/>
<pin id="178" dir="0" index="29" bw="10" slack="0"/>
<pin id="179" dir="0" index="30" bw="1" slack="0"/>
<pin id="180" dir="1" index="31" bw="0" slack="2147483647"/>
</pin_list>
<bind>
<opcode="call(48) " fcode="call"/>
<opset="call_ln248/2 "/>
</bind>
</comp>

<comp id="189" class="1004" name="trunc_ln232_fu_189">
<pin_list>
<pin id="190" dir="0" index="0" bw="72" slack="0"/>
<pin id="191" dir="1" index="1" bw="4" slack="1"/>
</pin_list>
<bind>
<opcode="trunc(33) " fcode="trunc"/>
<opset="trunc_ln232/1 "/>
</bind>
</comp>

<comp id="193" class="1004" name="trunc_ln232_1_fu_193">
<pin_list>
<pin id="194" dir="0" index="0" bw="4" slack="0"/>
<pin id="195" dir="0" index="1" bw="72" slack="0"/>
<pin id="196" dir="0" index="2" bw="4" slack="0"/>
<pin id="197" dir="0" index="3" bw="4" slack="0"/>
<pin id="198" dir="1" index="4" bw="4" slack="1"/>
</pin_list>
<bind>
<opcode="partselect(1002) " fcode="partselect"/>
<opset="trunc_ln232_1/1 "/>
</bind>
</comp>

<comp id="203" class="1004" name="trunc_ln232_2_fu_203">
<pin_list>
<pin id="204" dir="0" index="0" bw="32" slack="0"/>
<pin id="205" dir="0" index="1" bw="72" slack="0"/>
<pin id="206" dir="0" index="2" bw="5" slack="0"/>
<pin id="207" dir="0" index="3" bw="7" slack="0"/>
<pin id="208" dir="1" index="4" bw="32" slack="1"/>
</pin_list>
<bind>
<opcode="partselect(1002) " fcode="partselect"/>
<opset="trunc_ln232_2/1 "/>
</bind>
</comp>

<comp id="213" class="1004" name="trunc_ln232_3_fu_213">
<pin_list>
<pin id="214" dir="0" index="0" bw="32" slack="0"/>
<pin id="215" dir="0" index="1" bw="72" slack="0"/>
<pin id="216" dir="0" index="2" bw="7" slack="0"/>
<pin id="217" dir="0" index="3" bw="8" slack="0"/>
<pin id="218" dir="1" index="4" bw="32" slack="1"/>
</pin_list>
<bind>
<opcode="partselect(1002) " fcode="partselect"/>
<opset="trunc_ln232_3/1 "/>
</bind>
</comp>

<comp id="223" class="1004" name="trunc_ln233_fu_223">
<pin_list>
<pin id="224" dir="0" index="0" bw="72" slack="0"/>
<pin id="225" dir="1" index="1" bw="4" slack="1"/>
</pin_list>
<bind>
<opcode="trunc(33) " fcode="trunc"/>
<opset="trunc_ln233/1 "/>
</bind>
</comp>

<comp id="227" class="1004" name="trunc_ln233_1_fu_227">
<pin_list>
<pin id="228" dir="0" index="0" bw="4" slack="0"/>
<pin id="229" dir="0" index="1" bw="72" slack="0"/>
<pin id="230" dir="0" index="2" bw="4" slack="0"/>
<pin id="231" dir="0" index="3" bw="4" slack="0"/>
<pin id="232" dir="1" index="4" bw="4" slack="1"/>
</pin_list>
<bind>
<opcode="partselect(1002) " fcode="partselect"/>
<opset="trunc_ln233_1/1 "/>
</bind>
</comp>

<comp id="237" class="1004" name="trunc_ln233_2_fu_237">
<pin_list>
<pin id="238" dir="0" index="0" bw="32" slack="0"/>
<pin id="239" dir="0" index="1" bw="72" slack="0"/>
<pin id="240" dir="0" index="2" bw="5" slack="0"/>
<pin id="241" dir="0" index="3" bw="7" slack="0"/>
<pin id="242" dir="1" index="4" bw="32" slack="1"/>
</pin_list>
<bind>
<opcode="partselect(1002) " fcode="partselect"/>
<opset="trunc_ln233_2/1 "/>
</bind>
</comp>

<comp id="247" class="1004" name="trunc_ln233_3_fu_247">
<pin_list>
<pin id="248" dir="0" index="0" bw="32" slack="0"/>
<pin id="249" dir="0" index="1" bw="72" slack="0"/>
<pin id="250" dir="0" index="2" bw="7" slack="0"/>
<pin id="251" dir="0" index="3" bw="8" slack="0"/>
<pin id="252" dir="1" index="4" bw="32" slack="1"/>
</pin_list>
<bind>
<opcode="partselect(1002) " fcode="partselect"/>
<opset="trunc_ln233_3/1 "/>
</bind>
</comp>

<comp id="257" class="1004" name="trunc_ln234_fu_257">
<pin_list>
<pin id="258" dir="0" index="0" bw="72" slack="0"/>
<pin id="259" dir="1" index="1" bw="4" slack="1"/>
</pin_list>
<bind>
<opcode="trunc(33) " fcode="trunc"/>
<opset="trunc_ln234/1 "/>
</bind>
</comp>

<comp id="261" class="1004" name="trunc_ln234_1_fu_261">
<pin_list>
<pin id="262" dir="0" index="0" bw="4" slack="0"/>
<pin id="263" dir="0" index="1" bw="72" slack="0"/>
<pin id="264" dir="0" index="2" bw="4" slack="0"/>
<pin id="265" dir="0" index="3" bw="4" slack="0"/>
<pin id="266" dir="1" index="4" bw="4" slack="1"/>
</pin_list>
<bind>
<opcode="partselect(1002) " fcode="partselect"/>
<opset="trunc_ln234_1/1 "/>
</bind>
</comp>

<comp id="271" class="1004" name="trunc_ln234_2_fu_271">
<pin_list>
<pin id="272" dir="0" index="0" bw="32" slack="0"/>
<pin id="273" dir="0" index="1" bw="72" slack="0"/>
<pin id="274" dir="0" index="2" bw="5" slack="0"/>
<pin id="275" dir="0" index="3" bw="7" slack="0"/>
<pin id="276" dir="1" index="4" bw="32" slack="1"/>
</pin_list>
<bind>
<opcode="partselect(1002) " fcode="partselect"/>
<opset="trunc_ln234_2/1 "/>
</bind>
</comp>

<comp id="281" class="1004" name="trunc_ln234_3_fu_281">
<pin_list>
<pin id="282" dir="0" index="0" bw="32" slack="0"/>
<pin id="283" dir="0" index="1" bw="72" slack="0"/>
<pin id="284" dir="0" index="2" bw="7" slack="0"/>
<pin id="285" dir="0" index="3" bw="8" slack="0"/>
<pin id="286" dir="1" index="4" bw="32" slack="1"/>
</pin_list>
<bind>
<opcode="partselect(1002) " fcode="partselect"/>
<opset="trunc_ln234_3/1 "/>
</bind>
</comp>

<comp id="291" class="1004" name="trunc_ln235_fu_291">
<pin_list>
<pin id="292" dir="0" index="0" bw="72" slack="0"/>
<pin id="293" dir="1" index="1" bw="4" slack="1"/>
</pin_list>
<bind>
<opcode="trunc(33) " fcode="trunc"/>
<opset="trunc_ln235/1 "/>
</bind>
</comp>

<comp id="295" class="1004" name="trunc_ln235_1_fu_295">
<pin_list>
<pin id="296" dir="0" index="0" bw="4" slack="0"/>
<pin id="297" dir="0" index="1" bw="72" slack="0"/>
<pin id="298" dir="0" index="2" bw="4" slack="0"/>
<pin id="299" dir="0" index="3" bw="4" slack="0"/>
<pin id="300" dir="1" index="4" bw="4" slack="1"/>
</pin_list>
<bind>
<opcode="partselect(1002) " fcode="partselect"/>
<opset="trunc_ln235_1/1 "/>
</bind>
</comp>

<comp id="305" class="1004" name="trunc_ln235_2_fu_305">
<pin_list>
<pin id="306" dir="0" index="0" bw="32" slack="0"/>
<pin id="307" dir="0" index="1" bw="72" slack="0"/>
<pin id="308" dir="0" index="2" bw="5" slack="0"/>
<pin id="309" dir="0" index="3" bw="7" slack="0"/>
<pin id="310" dir="1" index="4" bw="32" slack="1"/>
</pin_list>
<bind>
<opcode="partselect(1002) " fcode="partselect"/>
<opset="trunc_ln235_2/1 "/>
</bind>
</comp>

<comp id="315" class="1004" name="trunc_ln235_3_fu_315">
<pin_list>
<pin id="316" dir="0" index="0" bw="32" slack="0"/>
<pin id="317" dir="0" index="1" bw="72" slack="0"/>
<pin id="318" dir="0" index="2" bw="7" slack="0"/>
<pin id="319" dir="0" index="3" bw="8" slack="0"/>
<pin id="320" dir="1" index="4" bw="32" slack="1"/>
</pin_list>
<bind>
<opcode="partselect(1002) " fcode="partselect"/>
<opset="trunc_ln235_3/1 "/>
</bind>
</comp>

<comp id="325" class="1005" name="trunc_ln232_reg_325">
<pin_list>
<pin id="326" dir="0" index="0" bw="4" slack="1"/>
<pin id="327" dir="1" index="1" bw="4" slack="1"/>
</pin_list>
<bind>
<opset="trunc_ln232 "/>
</bind>
</comp>

<comp id="330" class="1005" name="trunc_ln232_1_reg_330">
<pin_list>
<pin id="331" dir="0" index="0" bw="4" slack="1"/>
<pin id="332" dir="1" index="1" bw="4" slack="1"/>
</pin_list>
<bind>
<opset="trunc_ln232_1 "/>
</bind>
</comp>

<comp id="335" class="1005" name="trunc_ln232_2_reg_335">
<pin_list>
<pin id="336" dir="0" index="0" bw="32" slack="1"/>
<pin id="337" dir="1" index="1" bw="32" slack="1"/>
</pin_list>
<bind>
<opset="trunc_ln232_2 "/>
</bind>
</comp>

<comp id="340" class="1005" name="trunc_ln232_3_reg_340">
<pin_list>
<pin id="341" dir="0" index="0" bw="32" slack="1"/>
<pin id="342" dir="1" index="1" bw="32" slack="1"/>
</pin_list>
<bind>
<opset="trunc_ln232_3 "/>
</bind>
</comp>

<comp id="345" class="1005" name="trunc_ln233_reg_345">
<pin_list>
<pin id="346" dir="0" index="0" bw="4" slack="1"/>
<pin id="347" dir="1" index="1" bw="4" slack="1"/>
</pin_list>
<bind>
<opset="trunc_ln233 "/>
</bind>
</comp>

<comp id="350" class="1005" name="trunc_ln233_1_reg_350">
<pin_list>
<pin id="351" dir="0" index="0" bw="4" slack="1"/>
<pin id="352" dir="1" index="1" bw="4" slack="1"/>
</pin_list>
<bind>
<opset="trunc_ln233_1 "/>
</bind>
</comp>

<comp id="355" class="1005" name="trunc_ln233_2_reg_355">
<pin_list>
<pin id="356" dir="0" index="0" bw="32" slack="1"/>
<pin id="357" dir="1" index="1" bw="32" slack="1"/>
</pin_list>
<bind>
<opset="trunc_ln233_2 "/>
</bind>
</comp>

<comp id="360" class="1005" name="trunc_ln233_3_reg_360">
<pin_list>
<pin id="361" dir="0" index="0" bw="32" slack="1"/>
<pin id="362" dir="1" index="1" bw="32" slack="1"/>
</pin_list>
<bind>
<opset="trunc_ln233_3 "/>
</bind>
</comp>

<comp id="365" class="1005" name="trunc_ln234_reg_365">
<pin_list>
<pin id="366" dir="0" index="0" bw="4" slack="1"/>
<pin id="367" dir="1" index="1" bw="4" slack="1"/>
</pin_list>
<bind>
<opset="trunc_ln234 "/>
</bind>
</comp>

<comp id="370" class="1005" name="trunc_ln234_1_reg_370">
<pin_list>
<pin id="371" dir="0" index="0" bw="4" slack="1"/>
<pin id="372" dir="1" index="1" bw="4" slack="1"/>
</pin_list>
<bind>
<opset="trunc_ln234_1 "/>
</bind>
</comp>

<comp id="375" class="1005" name="trunc_ln234_2_reg_375">
<pin_list>
<pin id="376" dir="0" index="0" bw="32" slack="1"/>
<pin id="377" dir="1" index="1" bw="32" slack="1"/>
</pin_list>
<bind>
<opset="trunc_ln234_2 "/>
</bind>
</comp>

<comp id="380" class="1005" name="trunc_ln234_3_reg_380">
<pin_list>
<pin id="381" dir="0" index="0" bw="32" slack="1"/>
<pin id="382" dir="1" index="1" bw="32" slack="1"/>
</pin_list>
<bind>
<opset="trunc_ln234_3 "/>
</bind>
</comp>

<comp id="385" class="1005" name="trunc_ln235_reg_385">
<pin_list>
<pin id="386" dir="0" index="0" bw="4" slack="1"/>
<pin id="387" dir="1" index="1" bw="4" slack="1"/>
</pin_list>
<bind>
<opset="trunc_ln235 "/>
</bind>
</comp>

<comp id="390" class="1005" name="trunc_ln235_1_reg_390">
<pin_list>
<pin id="391" dir="0" index="0" bw="4" slack="1"/>
<pin id="392" dir="1" index="1" bw="4" slack="1"/>
</pin_list>
<bind>
<opset="trunc_ln235_1 "/>
</bind>
</comp>

<comp id="395" class="1005" name="trunc_ln235_2_reg_395">
<pin_list>
<pin id="396" dir="0" index="0" bw="32" slack="1"/>
<pin id="397" dir="1" index="1" bw="32" slack="1"/>
</pin_list>
<bind>
<opset="trunc_ln235_2 "/>
</bind>
</comp>

<comp id="400" class="1005" name="trunc_ln235_3_reg_400">
<pin_list>
<pin id="401" dir="0" index="0" bw="32" slack="1"/>
<pin id="402" dir="1" index="1" bw="32" slack="1"/>
</pin_list>
<bind>
<opset="trunc_ln235_3 "/>
</bind>
</comp>

<comp id="405" class="1005" name="cmpvv_cfg_strms_0_read_reg_405">
<pin_list>
<pin id="406" dir="0" index="0" bw="4" slack="1"/>
<pin id="407" dir="1" index="1" bw="4" slack="1"/>
</pin_list>
<bind>
<opset="cmpvv_cfg_strms_0_read "/>
</bind>
</comp>

<comp id="410" class="1005" name="cmpvv_cfg_strms_1_read_reg_410">
<pin_list>
<pin id="411" dir="0" index="0" bw="4" slack="1"/>
<pin id="412" dir="1" index="1" bw="4" slack="1"/>
</pin_list>
<bind>
<opset="cmpvv_cfg_strms_1_read "/>
</bind>
</comp>

<comp id="415" class="1005" name="cmpvv_cfg_strms_2_read_reg_415">
<pin_list>
<pin id="416" dir="0" index="0" bw="4" slack="1"/>
<pin id="417" dir="1" index="1" bw="4" slack="1"/>
</pin_list>
<bind>
<opset="cmpvv_cfg_strms_2_read "/>
</bind>
</comp>

<comp id="420" class="1005" name="cmpvv_cfg_strms_3_read_reg_420">
<pin_list>
<pin id="421" dir="0" index="0" bw="4" slack="1"/>
<pin id="422" dir="1" index="1" bw="4" slack="1"/>
</pin_list>
<bind>
<opset="cmpvv_cfg_strms_3_read "/>
</bind>
</comp>

<comp id="425" class="1005" name="cmpvv_cfg_strms_4_read_reg_425">
<pin_list>
<pin id="426" dir="0" index="0" bw="4" slack="1"/>
<pin id="427" dir="1" index="1" bw="4" slack="1"/>
</pin_list>
<bind>
<opset="cmpvv_cfg_strms_4_read "/>
</bind>
</comp>

<comp id="430" class="1005" name="cmpvv_cfg_strms_5_read_reg_430">
<pin_list>
<pin id="431" dir="0" index="0" bw="4" slack="1"/>
<pin id="432" dir="1" index="1" bw="4" slack="1"/>
</pin_list>
<bind>
<opset="cmpvv_cfg_strms_5_read "/>
</bind>
</comp>

<comp id="435" class="1005" name="e_reg_435">
<pin_list>
<pin id="436" dir="0" index="0" bw="1" slack="1"/>
<pin id="437" dir="1" index="1" bw="1" slack="1"/>
</pin_list>
<bind>
<opset="e "/>
</bind>
</comp>

</comp_list>

<net_list>
<net id="78"><net_src comp="34" pin="0"/><net_sink comp="74" pin=0"/></net>

<net id="79"><net_src comp="0" pin="0"/><net_sink comp="74" pin=1"/></net>

<net id="84"><net_src comp="34" pin="0"/><net_sink comp="80" pin=0"/></net>

<net id="85"><net_src comp="2" pin="0"/><net_sink comp="80" pin=1"/></net>

<net id="90"><net_src comp="34" pin="0"/><net_sink comp="86" pin=0"/></net>

<net id="91"><net_src comp="4" pin="0"/><net_sink comp="86" pin=1"/></net>

<net id="96"><net_src comp="34" pin="0"/><net_sink comp="92" pin=0"/></net>

<net id="97"><net_src comp="6" pin="0"/><net_sink comp="92" pin=1"/></net>

<net id="102"><net_src comp="52" pin="0"/><net_sink comp="98" pin=0"/></net>

<net id="103"><net_src comp="8" pin="0"/><net_sink comp="98" pin=1"/></net>

<net id="108"><net_src comp="52" pin="0"/><net_sink comp="104" pin=0"/></net>

<net id="109"><net_src comp="10" pin="0"/><net_sink comp="104" pin=1"/></net>

<net id="114"><net_src comp="52" pin="0"/><net_sink comp="110" pin=0"/></net>

<net id="115"><net_src comp="12" pin="0"/><net_sink comp="110" pin=1"/></net>

<net id="120"><net_src comp="52" pin="0"/><net_sink comp="116" pin=0"/></net>

<net id="121"><net_src comp="14" pin="0"/><net_sink comp="116" pin=1"/></net>

<net id="126"><net_src comp="52" pin="0"/><net_sink comp="122" pin=0"/></net>

<net id="127"><net_src comp="16" pin="0"/><net_sink comp="122" pin=1"/></net>

<net id="132"><net_src comp="52" pin="0"/><net_sink comp="128" pin=0"/></net>

<net id="133"><net_src comp="18" pin="0"/><net_sink comp="128" pin=1"/></net>

<net id="138"><net_src comp="54" pin="0"/><net_sink comp="134" pin=0"/></net>

<net id="139"><net_src comp="28" pin="0"/><net_sink comp="134" pin=1"/></net>

<net id="145"><net_src comp="70" pin="0"/><net_sink comp="140" pin=0"/></net>

<net id="146"><net_src comp="32" pin="0"/><net_sink comp="140" pin=1"/></net>

<net id="147"><net_src comp="72" pin="0"/><net_sink comp="140" pin=2"/></net>

<net id="181"><net_src comp="58" pin="0"/><net_sink comp="148" pin=0"/></net>

<net id="182"><net_src comp="28" pin="0"/><net_sink comp="148" pin=2"/></net>

<net id="183"><net_src comp="20" pin="0"/><net_sink comp="148" pin=3"/></net>

<net id="184"><net_src comp="22" pin="0"/><net_sink comp="148" pin=4"/></net>

<net id="185"><net_src comp="24" pin="0"/><net_sink comp="148" pin=5"/></net>

<net id="186"><net_src comp="26" pin="0"/><net_sink comp="148" pin=6"/></net>

<net id="187"><net_src comp="30" pin="0"/><net_sink comp="148" pin=29"/></net>

<net id="188"><net_src comp="32" pin="0"/><net_sink comp="148" pin=30"/></net>

<net id="192"><net_src comp="74" pin="2"/><net_sink comp="189" pin=0"/></net>

<net id="199"><net_src comp="36" pin="0"/><net_sink comp="193" pin=0"/></net>

<net id="200"><net_src comp="74" pin="2"/><net_sink comp="193" pin=1"/></net>

<net id="201"><net_src comp="38" pin="0"/><net_sink comp="193" pin=2"/></net>

<net id="202"><net_src comp="40" pin="0"/><net_sink comp="193" pin=3"/></net>

<net id="209"><net_src comp="42" pin="0"/><net_sink comp="203" pin=0"/></net>

<net id="210"><net_src comp="74" pin="2"/><net_sink comp="203" pin=1"/></net>

<net id="211"><net_src comp="44" pin="0"/><net_sink comp="203" pin=2"/></net>

<net id="212"><net_src comp="46" pin="0"/><net_sink comp="203" pin=3"/></net>

<net id="219"><net_src comp="42" pin="0"/><net_sink comp="213" pin=0"/></net>

<net id="220"><net_src comp="74" pin="2"/><net_sink comp="213" pin=1"/></net>

<net id="221"><net_src comp="48" pin="0"/><net_sink comp="213" pin=2"/></net>

<net id="222"><net_src comp="50" pin="0"/><net_sink comp="213" pin=3"/></net>

<net id="226"><net_src comp="80" pin="2"/><net_sink comp="223" pin=0"/></net>

<net id="233"><net_src comp="36" pin="0"/><net_sink comp="227" pin=0"/></net>

<net id="234"><net_src comp="80" pin="2"/><net_sink comp="227" pin=1"/></net>

<net id="235"><net_src comp="38" pin="0"/><net_sink comp="227" pin=2"/></net>

<net id="236"><net_src comp="40" pin="0"/><net_sink comp="227" pin=3"/></net>

<net id="243"><net_src comp="42" pin="0"/><net_sink comp="237" pin=0"/></net>

<net id="244"><net_src comp="80" pin="2"/><net_sink comp="237" pin=1"/></net>

<net id="245"><net_src comp="44" pin="0"/><net_sink comp="237" pin=2"/></net>

<net id="246"><net_src comp="46" pin="0"/><net_sink comp="237" pin=3"/></net>

<net id="253"><net_src comp="42" pin="0"/><net_sink comp="247" pin=0"/></net>

<net id="254"><net_src comp="80" pin="2"/><net_sink comp="247" pin=1"/></net>

<net id="255"><net_src comp="48" pin="0"/><net_sink comp="247" pin=2"/></net>

<net id="256"><net_src comp="50" pin="0"/><net_sink comp="247" pin=3"/></net>

<net id="260"><net_src comp="86" pin="2"/><net_sink comp="257" pin=0"/></net>

<net id="267"><net_src comp="36" pin="0"/><net_sink comp="261" pin=0"/></net>

<net id="268"><net_src comp="86" pin="2"/><net_sink comp="261" pin=1"/></net>

<net id="269"><net_src comp="38" pin="0"/><net_sink comp="261" pin=2"/></net>

<net id="270"><net_src comp="40" pin="0"/><net_sink comp="261" pin=3"/></net>

<net id="277"><net_src comp="42" pin="0"/><net_sink comp="271" pin=0"/></net>

<net id="278"><net_src comp="86" pin="2"/><net_sink comp="271" pin=1"/></net>

<net id="279"><net_src comp="44" pin="0"/><net_sink comp="271" pin=2"/></net>

<net id="280"><net_src comp="46" pin="0"/><net_sink comp="271" pin=3"/></net>

<net id="287"><net_src comp="42" pin="0"/><net_sink comp="281" pin=0"/></net>

<net id="288"><net_src comp="86" pin="2"/><net_sink comp="281" pin=1"/></net>

<net id="289"><net_src comp="48" pin="0"/><net_sink comp="281" pin=2"/></net>

<net id="290"><net_src comp="50" pin="0"/><net_sink comp="281" pin=3"/></net>

<net id="294"><net_src comp="92" pin="2"/><net_sink comp="291" pin=0"/></net>

<net id="301"><net_src comp="36" pin="0"/><net_sink comp="295" pin=0"/></net>

<net id="302"><net_src comp="92" pin="2"/><net_sink comp="295" pin=1"/></net>

<net id="303"><net_src comp="38" pin="0"/><net_sink comp="295" pin=2"/></net>

<net id="304"><net_src comp="40" pin="0"/><net_sink comp="295" pin=3"/></net>

<net id="311"><net_src comp="42" pin="0"/><net_sink comp="305" pin=0"/></net>

<net id="312"><net_src comp="92" pin="2"/><net_sink comp="305" pin=1"/></net>

<net id="313"><net_src comp="44" pin="0"/><net_sink comp="305" pin=2"/></net>

<net id="314"><net_src comp="46" pin="0"/><net_sink comp="305" pin=3"/></net>

<net id="321"><net_src comp="42" pin="0"/><net_sink comp="315" pin=0"/></net>

<net id="322"><net_src comp="92" pin="2"/><net_sink comp="315" pin=1"/></net>

<net id="323"><net_src comp="48" pin="0"/><net_sink comp="315" pin=2"/></net>

<net id="324"><net_src comp="50" pin="0"/><net_sink comp="315" pin=3"/></net>

<net id="328"><net_src comp="189" pin="1"/><net_sink comp="325" pin=0"/></net>

<net id="329"><net_src comp="325" pin="1"/><net_sink comp="148" pin=7"/></net>

<net id="333"><net_src comp="193" pin="4"/><net_sink comp="330" pin=0"/></net>

<net id="334"><net_src comp="330" pin="1"/><net_sink comp="148" pin=8"/></net>

<net id="338"><net_src comp="203" pin="4"/><net_sink comp="335" pin=0"/></net>

<net id="339"><net_src comp="335" pin="1"/><net_sink comp="148" pin=9"/></net>

<net id="343"><net_src comp="213" pin="4"/><net_sink comp="340" pin=0"/></net>

<net id="344"><net_src comp="340" pin="1"/><net_sink comp="148" pin=10"/></net>

<net id="348"><net_src comp="223" pin="1"/><net_sink comp="345" pin=0"/></net>

<net id="349"><net_src comp="345" pin="1"/><net_sink comp="148" pin=11"/></net>

<net id="353"><net_src comp="227" pin="4"/><net_sink comp="350" pin=0"/></net>

<net id="354"><net_src comp="350" pin="1"/><net_sink comp="148" pin=12"/></net>

<net id="358"><net_src comp="237" pin="4"/><net_sink comp="355" pin=0"/></net>

<net id="359"><net_src comp="355" pin="1"/><net_sink comp="148" pin=13"/></net>

<net id="363"><net_src comp="247" pin="4"/><net_sink comp="360" pin=0"/></net>

<net id="364"><net_src comp="360" pin="1"/><net_sink comp="148" pin=14"/></net>

<net id="368"><net_src comp="257" pin="1"/><net_sink comp="365" pin=0"/></net>

<net id="369"><net_src comp="365" pin="1"/><net_sink comp="148" pin=15"/></net>

<net id="373"><net_src comp="261" pin="4"/><net_sink comp="370" pin=0"/></net>

<net id="374"><net_src comp="370" pin="1"/><net_sink comp="148" pin=16"/></net>

<net id="378"><net_src comp="271" pin="4"/><net_sink comp="375" pin=0"/></net>

<net id="379"><net_src comp="375" pin="1"/><net_sink comp="148" pin=17"/></net>

<net id="383"><net_src comp="281" pin="4"/><net_sink comp="380" pin=0"/></net>

<net id="384"><net_src comp="380" pin="1"/><net_sink comp="148" pin=18"/></net>

<net id="388"><net_src comp="291" pin="1"/><net_sink comp="385" pin=0"/></net>

<net id="389"><net_src comp="385" pin="1"/><net_sink comp="148" pin=19"/></net>

<net id="393"><net_src comp="295" pin="4"/><net_sink comp="390" pin=0"/></net>

<net id="394"><net_src comp="390" pin="1"/><net_sink comp="148" pin=20"/></net>

<net id="398"><net_src comp="305" pin="4"/><net_sink comp="395" pin=0"/></net>

<net id="399"><net_src comp="395" pin="1"/><net_sink comp="148" pin=21"/></net>

<net id="403"><net_src comp="315" pin="4"/><net_sink comp="400" pin=0"/></net>

<net id="404"><net_src comp="400" pin="1"/><net_sink comp="148" pin=22"/></net>

<net id="408"><net_src comp="98" pin="2"/><net_sink comp="405" pin=0"/></net>

<net id="409"><net_src comp="405" pin="1"/><net_sink comp="148" pin=23"/></net>

<net id="413"><net_src comp="104" pin="2"/><net_sink comp="410" pin=0"/></net>

<net id="414"><net_src comp="410" pin="1"/><net_sink comp="148" pin=24"/></net>

<net id="418"><net_src comp="110" pin="2"/><net_sink comp="415" pin=0"/></net>

<net id="419"><net_src comp="415" pin="1"/><net_sink comp="148" pin=25"/></net>

<net id="423"><net_src comp="116" pin="2"/><net_sink comp="420" pin=0"/></net>

<net id="424"><net_src comp="420" pin="1"/><net_sink comp="148" pin=26"/></net>

<net id="428"><net_src comp="122" pin="2"/><net_sink comp="425" pin=0"/></net>

<net id="429"><net_src comp="425" pin="1"/><net_sink comp="148" pin=27"/></net>

<net id="433"><net_src comp="128" pin="2"/><net_sink comp="430" pin=0"/></net>

<net id="434"><net_src comp="430" pin="1"/><net_sink comp="148" pin=28"/></net>

<net id="438"><net_src comp="134" pin="2"/><net_sink comp="435" pin=0"/></net>

<net id="439"><net_src comp="435" pin="1"/><net_sink comp="148" pin=1"/></net>

</net_list>

</model> 
---------------- Datapath Model END ------------------

* FSMD analyzer results:
  - Output states:
	Port: addr_strm | {2 3 }
	Port: e_addr_strm | {2 3 4 }
 - Input state : 
	Port: compare_ops<32> : cmpvc_cfg_strms_0 | {1 }
	Port: compare_ops<32> : cmpvc_cfg_strms_1 | {1 }
	Port: compare_ops<32> : cmpvc_cfg_strms_2 | {1 }
	Port: compare_ops<32> : cmpvc_cfg_strms_3 | {1 }
	Port: compare_ops<32> : cmpvv_cfg_strms_0 | {1 }
	Port: compare_ops<32> : cmpvv_cfg_strms_1 | {1 }
	Port: compare_ops<32> : cmpvv_cfg_strms_2 | {1 }
	Port: compare_ops<32> : cmpvv_cfg_strms_3 | {1 }
	Port: compare_ops<32> : cmpvv_cfg_strms_4 | {1 }
	Port: compare_ops<32> : cmpvv_cfg_strms_5 | {1 }
	Port: compare_ops<32> : k_strms_0 | {2 3 }
	Port: compare_ops<32> : k_strms_1 | {2 3 }
	Port: compare_ops<32> : k_strms_2 | {2 3 }
	Port: compare_ops<32> : k_strms_3 | {2 3 }
	Port: compare_ops<32> : e_v_strm | {1 2 3 }
  - Chain level:
	State 1
	State 2
	State 3
	State 4


============================================================
+ Verbose Summary: Datapath Resource usage 
============================================================

* Functional unit list:
|----------|-----------------------------------------------------|---------|---------|
| Operation|                   Functional Unit                   |    FF   |   LUT   |
|----------|-----------------------------------------------------|---------|---------|
|   call   | grp_compare_ops_32_Pipeline_FILTER_MAIN_LOOP_fu_148 |   320   |   4800  |
|----------|-----------------------------------------------------|---------|---------|
|          |          cmpvc_cfg_strms_0_read_read_fu_74          |    0    |    0    |
|          |          cmpvc_cfg_strms_1_read_read_fu_80          |    0    |    0    |
|          |          cmpvc_cfg_strms_2_read_read_fu_86          |    0    |    0    |
|          |          cmpvc_cfg_strms_3_read_read_fu_92          |    0    |    0    |
|          |          cmpvv_cfg_strms_0_read_read_fu_98          |    0    |    0    |
|   read   |          cmpvv_cfg_strms_1_read_read_fu_104         |    0    |    0    |
|          |          cmpvv_cfg_strms_2_read_read_fu_110         |    0    |    0    |
|          |          cmpvv_cfg_strms_3_read_read_fu_116         |    0    |    0    |
|          |          cmpvv_cfg_strms_4_read_read_fu_122         |    0    |    0    |
|          |          cmpvv_cfg_strms_5_read_read_fu_128         |    0    |    0    |
|          |                    e_read_fu_134                    |    0    |    0    |
|----------|-----------------------------------------------------|---------|---------|
|   write  |               write_ln290_write_fu_140              |    0    |    0    |
|----------|-----------------------------------------------------|---------|---------|
|          |                  trunc_ln232_fu_189                 |    0    |    0    |
|   trunc  |                  trunc_ln233_fu_223                 |    0    |    0    |
|          |                  trunc_ln234_fu_257                 |    0    |    0    |
|          |                  trunc_ln235_fu_291                 |    0    |    0    |
|----------|-----------------------------------------------------|---------|---------|
|          |                 trunc_ln232_1_fu_193                |    0    |    0    |
|          |                 trunc_ln232_2_fu_203                |    0    |    0    |
|          |                 trunc_ln232_3_fu_213                |    0    |    0    |
|          |                 trunc_ln233_1_fu_227                |    0    |    0    |
|          |                 trunc_ln233_2_fu_237                |    0    |    0    |
|partselect|                 trunc_ln233_3_fu_247                |    0    |    0    |
|          |                 trunc_ln234_1_fu_261                |    0    |    0    |
|          |                 trunc_ln234_2_fu_271                |    0    |    0    |
|          |                 trunc_ln234_3_fu_281                |    0    |    0    |
|          |                 trunc_ln235_1_fu_295                |    0    |    0    |
|          |                 trunc_ln235_2_fu_305                |    0    |    0    |
|          |                 trunc_ln235_3_fu_315                |    0    |    0    |
|----------|-----------------------------------------------------|---------|---------|
|   Total  |                                                     |   320   |   4800  |
|----------|-----------------------------------------------------|---------|---------|

Memories:
N/A

* Register list:
+------------------------------+--------+
|                              |   FF   |
+------------------------------+--------+
|cmpvv_cfg_strms_0_read_reg_405|    4   |
|cmpvv_cfg_strms_1_read_reg_410|    4   |
|cmpvv_cfg_strms_2_read_reg_415|    4   |
|cmpvv_cfg_strms_3_read_reg_420|    4   |
|cmpvv_cfg_strms_4_read_reg_425|    4   |
|cmpvv_cfg_strms_5_read_reg_430|    4   |
|           e_reg_435          |    1   |
|     trunc_ln232_1_reg_330    |    4   |
|     trunc_ln232_2_reg_335    |   32   |
|     trunc_ln232_3_reg_340    |   32   |
|      trunc_ln232_reg_325     |    4   |
|     trunc_ln233_1_reg_350    |    4   |
|     trunc_ln233_2_reg_355    |   32   |
|     trunc_ln233_3_reg_360    |   32   |
|      trunc_ln233_reg_345     |    4   |
|     trunc_ln234_1_reg_370    |    4   |
|     trunc_ln234_2_reg_375    |   32   |
|     trunc_ln234_3_reg_380    |   32   |
|      trunc_ln234_reg_365     |    4   |
|     trunc_ln235_1_reg_390    |    4   |
|     trunc_ln235_2_reg_395    |   32   |
|     trunc_ln235_3_reg_400    |   32   |
|      trunc_ln235_reg_385     |    4   |
+------------------------------+--------+
|             Total            |   313  |
+------------------------------+--------+

* Multiplexer (MUX) list: 
|--------|------|------|------|--------|
|  Comp  |  Pin | Size |  BW  | S x BW |
|--------|------|------|------|--------|
|  Total |      |      |      |    0   |
|--------|------|------|------|--------|



* Summary:
+-----------+--------+--------+
|           |   FF   |   LUT  |
+-----------+--------+--------+
|  Function |   320  |  4800  |
|   Memory  |    -   |    -   |
|Multiplexer|    -   |    -   |
|  Register |   313  |    -   |
+-----------+--------+--------+
|   Total   |   633  |  4800  |
+-----------+--------+--------+
