

================================================================
== Vitis HLS Report for 'dynamicFilter_32_32_s'
================================================================
* Date:           Mon Feb  3 14:21:57 2025

* Version:        2024.1 (Build 5069499 on May 21 2024)
* Project:        filter_dut
* Solution:       hls (Vivado IP Flow Target)
* Product family: virtexuplus
* Target device:  xcvu9p-flga2104-2-i


================================================================
== Performance Estimates
================================================================
+ Timing: 
    * Summary: 
    +--------+----------+----------+------------+
    |  Clock |  Target  | Estimated| Uncertainty|
    +--------+----------+----------+------------+
    |ap_clk  |  10.00 ns|  4.489 ns|     2.70 ns|
    +--------+----------+----------+------------+

+ Latency: 
    * Summary: 
    +---------+---------+----------+----------+-----+-----+----------+
    |  Latency (cycles) |  Latency (absolute) |  Interval | Pipeline |
    |   min   |   max   |    min   |    max   | min | max |   Type   |
    +---------+---------+----------+----------+-----+-----+----------+
    |        ?|        ?|         ?|         ?|    ?|    ?|  dataflow|
    +---------+---------+----------+----------+-----+-----+----------+

    + Detail: 
        * Instance: 
        +-----------------------------+----------------------------+---------+---------+----------+----------+-----+-----+---------+
        |                             |                            |  Latency (cycles) |  Latency (absolute) |  Interval | Pipeline|
        |           Instance          |           Module           |   min   |   max   |    min   |    max   | min | max |   Type  |
        +-----------------------------+----------------------------+---------+---------+----------+----------+-----+-----+---------+
        |broadcast_U0                 |broadcast                   |        ?|        ?|         ?|         ?|    ?|    ?|       no|
        |parse_filter_config_4_32_U0  |parse_filter_config_4_32_s  |       63|       63|  0.630 us|  0.630 us|   63|   63|       no|
        |compare_ops_32_U0            |compare_ops_32_s            |        ?|        ?|         ?|         ?|    ?|    ?|       no|
        |true_table_4_U0              |true_table_4_s              |        ?|        ?|         ?|         ?|    ?|    ?|       no|
        |pred_pass_32_U0              |pred_pass_32_s              |        ?|        ?|         ?|         ?|    ?|    ?|       no|
        +-----------------------------+----------------------------+---------+---------+----------+----------+-----+-----+---------+

        * Loop: 
        N/A



================================================================
== Utilization Estimates
================================================================
* Summary: 
+---------------------+---------+------+---------+---------+-----+
|         Name        | BRAM_18K|  DSP |    FF   |   LUT   | URAM|
+---------------------+---------+------+---------+---------+-----+
|DSP                  |        -|     -|        -|        -|    -|
|Expression           |        -|     -|        0|       14|    -|
|FIFO                 |        -|     -|     1218|      754|    -|
|Instance             |        0|     -|      626|     7071|    0|
|Memory               |        -|     -|        -|        -|    -|
|Multiplexer          |        -|     -|        0|       18|    -|
|Register             |        -|     -|        2|        -|    -|
+---------------------+---------+------+---------+---------+-----+
|Total                |        0|     0|     1846|     7857|    0|
+---------------------+---------+------+---------+---------+-----+
|Available SLR        |     1440|  2280|   788160|   394080|  320|
+---------------------+---------+------+---------+---------+-----+
|Utilization SLR (%)  |        0|     0|       ~0|        1|    0|
+---------------------+---------+------+---------+---------+-----+
|Available            |     4320|  6840|  2364480|  1182240|  960|
+---------------------+---------+------+---------+---------+-----+
|Utilization (%)      |        0|     0|       ~0|       ~0|    0|
+---------------------+---------+------+---------+---------+-----+

+ Detail: 
    * Instance: 
    +-----------------------------+----------------------------+---------+----+-----+------+-----+
    |           Instance          |           Module           | BRAM_18K| DSP|  FF |  LUT | URAM|
    +-----------------------------+----------------------------+---------+----+-----+------+-----+
    |broadcast_U0                 |broadcast                   |        0|   0|   13|   200|    0|
    |compare_ops_32_U0            |compare_ops_32_s            |        0|   0|  324|  5523|    0|
    |parse_filter_config_4_32_U0  |parse_filter_config_4_32_s  |        0|   0|  145|   638|    0|
    |pred_pass_32_U0              |pred_pass_32_s              |        0|   0|   49|   229|    0|
    |true_table_4_U0              |true_table_4_s              |        0|   0|   95|   481|    0|
    +-----------------------------+----------------------------+---------+----+-----+------+-----+
    |Total                        |                            |        0|   0|  626|  7071|    0|
    +-----------------------------+----------------------------+---------+----+-----+------+-----+

    * DSP: 
    N/A

    * Memory: 
    N/A

    * FIFO: 
    +---------------------+---------+-----+----+-----+------+-----+---------+
    |         Name        | BRAM_18K|  FF | LUT| URAM| Depth| Bits| Size:D*B|
    +---------------------+---------+-----+----+-----+------+-----+---------+
    |addr_strm_U          |        0|    6|   0|    -|     8|   10|       80|
    |b_strm_U             |        0|    6|   0|    -|     8|    1|        8|
    |cmpvc_cfg_strms_0_U  |        0|  260|   0|    -|     2|   72|      144|
    |cmpvc_cfg_strms_1_U  |        0|  260|   0|    -|     2|   72|      144|
    |cmpvc_cfg_strms_2_U  |        0|  260|   0|    -|     2|   72|      144|
    |cmpvc_cfg_strms_3_U  |        0|  260|   0|    -|     2|   72|      144|
    |cmpvv_cfg_strms_1_U  |        0|   12|   0|    -|     2|    4|        8|
    |cmpvv_cfg_strms_2_U  |        0|   12|   0|    -|     2|    4|        8|
    |cmpvv_cfg_strms_3_U  |        0|   12|   0|    -|     2|    4|        8|
    |cmpvv_cfg_strms_4_U  |        0|   12|   0|    -|     2|    4|        8|
    |cmpvv_cfg_strms_5_U  |        0|   12|   0|    -|     2|    4|        8|
    |cmpvv_cfg_strms_U    |        0|   12|   0|    -|     2|    4|        8|
    |e_addr_strm_U        |        0|    6|   0|    -|     8|    1|        8|
    |e_b_strm_U           |        0|    6|   0|    -|     8|    1|        8|
    |e_p_strm_U           |        0|    8|   0|    -|    32|    1|       32|
    |e_v_strm_U           |        0|    6|   0|    -|     8|    1|        8|
    |tt_cfg_strm_U        |        0|   68|   0|    -|     2|   32|       64|
    +---------------------+---------+-----+----+-----+------+-----+---------+
    |Total                |        0| 1218|   0|    0|    94|  359|      832|
    +---------------------+---------+-----+----+-----+------+-----+---------+

    * Expression: 
    +----------------------------------------------+----------+----+---+----+------------+------------+
    |                 Variable Name                | Operation| DSP| FF| LUT| Bitwidth P0| Bitwidth P1|
    +----------------------------------------------+----------+----+---+----+------------+------------+
    |ap_idle                                       |       and|   0|  0|   2|           1|           1|
    |ap_sync_ready                                 |       and|   0|  0|   2|           1|           1|
    |broadcast_U0_ap_start                         |       and|   0|  0|   2|           1|           1|
    |broadcast_U0_start_full_n                     |       and|   0|  0|   2|           1|           1|
    |parse_filter_config_4_32_U0_ap_start          |       and|   0|  0|   2|           1|           1|
    |ap_sync_broadcast_U0_ap_ready                 |        or|   0|  0|   2|           1|           1|
    |ap_sync_parse_filter_config_4_32_U0_ap_ready  |        or|   0|  0|   2|           1|           1|
    +----------------------------------------------+----------+----+---+----+------------+------------+
    |Total                                         |          |   0|  0|  14|           7|           7|
    +----------------------------------------------+----------+----+---+----+------------+------------+

    * Multiplexer: 
    +--------------------------------------------------+----+-----------+-----+-----------+
    |                       Name                       | LUT| Input Size| Bits| Total Bits|
    +--------------------------------------------------+----+-----------+-----+-----------+
    |ap_sync_reg_broadcast_U0_ap_ready                 |   9|          2|    1|          2|
    |ap_sync_reg_parse_filter_config_4_32_U0_ap_ready  |   9|          2|    1|          2|
    +--------------------------------------------------+----+-----------+-----+-----------+
    |Total                                             |  18|          4|    2|          4|
    +--------------------------------------------------+----+-----------+-----+-----------+

    * Register: 
    +--------------------------------------------------+---+----+-----+-----------+
    |                       Name                       | FF| LUT| Bits| Const Bits|
    +--------------------------------------------------+---+----+-----+-----------+
    |ap_sync_reg_broadcast_U0_ap_ready                 |  1|   0|    1|          0|
    |ap_sync_reg_parse_filter_config_4_32_U0_ap_ready  |  1|   0|    1|          0|
    +--------------------------------------------------+---+----+-----+-----------+
    |Total                                             |  2|   0|    2|          0|
    +--------------------------------------------------+---+----+-----+-----------+



================================================================
== Interface
================================================================
* Summary: 
+-------------------------+-----+-----+------------+-----------------------+--------------+
|        RTL Ports        | Dir | Bits|  Protocol  |     Source Object     |    C Type    |
+-------------------------+-----+-----+------------+-----------------------+--------------+
|filter_cfg_strm_dout     |   in|   32|     ap_fifo|        filter_cfg_strm|       pointer|
|filter_cfg_strm_empty_n  |   in|    1|     ap_fifo|        filter_cfg_strm|       pointer|
|filter_cfg_strm_read     |  out|    1|     ap_fifo|        filter_cfg_strm|       pointer|
|k_strms_0_dout           |   in|   32|     ap_fifo|              k_strms_0|       pointer|
|k_strms_0_empty_n        |   in|    1|     ap_fifo|              k_strms_0|       pointer|
|k_strms_0_read           |  out|    1|     ap_fifo|              k_strms_0|       pointer|
|k_strms_1_dout           |   in|   32|     ap_fifo|              k_strms_1|       pointer|
|k_strms_1_empty_n        |   in|    1|     ap_fifo|              k_strms_1|       pointer|
|k_strms_1_read           |  out|    1|     ap_fifo|              k_strms_1|       pointer|
|k_strms_2_dout           |   in|   32|     ap_fifo|              k_strms_2|       pointer|
|k_strms_2_empty_n        |   in|    1|     ap_fifo|              k_strms_2|       pointer|
|k_strms_2_read           |  out|    1|     ap_fifo|              k_strms_2|       pointer|
|k_strms_3_dout           |   in|   32|     ap_fifo|              k_strms_3|       pointer|
|k_strms_3_empty_n        |   in|    1|     ap_fifo|              k_strms_3|       pointer|
|k_strms_3_read           |  out|    1|     ap_fifo|              k_strms_3|       pointer|
|p_strm_dout              |   in|   32|     ap_fifo|                 p_strm|       pointer|
|p_strm_empty_n           |   in|    1|     ap_fifo|                 p_strm|       pointer|
|p_strm_read              |  out|    1|     ap_fifo|                 p_strm|       pointer|
|e_strm_dout              |   in|    1|     ap_fifo|                 e_strm|       pointer|
|e_strm_empty_n           |   in|    1|     ap_fifo|                 e_strm|       pointer|
|e_strm_read              |  out|    1|     ap_fifo|                 e_strm|       pointer|
|f_strm_din               |  out|   32|     ap_fifo|                 f_strm|       pointer|
|f_strm_full_n            |   in|    1|     ap_fifo|                 f_strm|       pointer|
|f_strm_write             |  out|    1|     ap_fifo|                 f_strm|       pointer|
|e_f_strm_din             |  out|    1|     ap_fifo|               e_f_strm|       pointer|
|e_f_strm_full_n          |   in|    1|     ap_fifo|               e_f_strm|       pointer|
|e_f_strm_write           |  out|    1|     ap_fifo|               e_f_strm|       pointer|
|ap_clk                   |   in|    1|  ap_ctrl_hs|  dynamicFilter<32, 32>|  return value|
|ap_rst                   |   in|    1|  ap_ctrl_hs|  dynamicFilter<32, 32>|  return value|
|ap_start                 |   in|    1|  ap_ctrl_hs|  dynamicFilter<32, 32>|  return value|
|ap_done                  |  out|    1|  ap_ctrl_hs|  dynamicFilter<32, 32>|  return value|
|ap_ready                 |  out|    1|  ap_ctrl_hs|  dynamicFilter<32, 32>|  return value|
|ap_idle                  |  out|    1|  ap_ctrl_hs|  dynamicFilter<32, 32>|  return value|
|ap_continue              |   in|    1|  ap_ctrl_hs|  dynamicFilter<32, 32>|  return value|
+-------------------------+-----+-----+------------+-----------------------+--------------+

============================================================
+ Verbose Summary: Synthesis Manager
============================================================
InlineROM: 1
ExposeGlobal: 0
============================================================
+ Verbose Summary: CDFG Model
============================================================
IsTopModel: 0
ResetActiveHigh: 1
IsCombinational: 2
IsDatapathOnly: 2
HasWiredReturn: 1
HasMFsm: 0
HasVarLatency: 1
IsPipeline: 0
IsRtlPipelined: 0
IsInstanceOverlapped: 0
IsDontTouch: 0
HasImplIP: 0
IsGatedGlobalClock: 0


============================================================
+ Verbose Summary: Schedule
============================================================
* Number of FSM states : 8
* Pipeline : 0
* Dataflow Pipeline: 1
  DF-Pipeline-0: Size = 8, States = { 1 2 3 4 5 6 7 8 }

* FSM state transitions: 
1 --> 2 
2 --> 3 
3 --> 4 
4 --> 5 
5 --> 6 
6 --> 7 
7 --> 8 
8 --> 

* FSM state operations: 

State 1 <SV = 0> <Delay = 0.00>
ST_1 : Operation 9 [1/1] (0.00ns)   --->   "%cmpvc_cfg_strms_0 = alloca i64 1"   --->   Operation 9 'alloca' 'cmpvc_cfg_strms_0' <Predicate = true> <Delay = 0.00> <CoreInst = "FIFO_SRL">   --->   Core 80 'FIFO_SRL' <Latency = 0> <II = 1> <Delay = 1.40> <Storage> <Opcode : 'read' 'write' 'nbread' 'nbwrite'> <Ports = 0> <Width = 72> <Depth = 2> <FIFO>
ST_1 : Operation 10 [1/1] (0.00ns)   --->   "%cmpvc_cfg_strms_1 = alloca i64 1"   --->   Operation 10 'alloca' 'cmpvc_cfg_strms_1' <Predicate = true> <Delay = 0.00> <CoreInst = "FIFO_SRL">   --->   Core 80 'FIFO_SRL' <Latency = 0> <II = 1> <Delay = 1.40> <Storage> <Opcode : 'read' 'write' 'nbread' 'nbwrite'> <Ports = 0> <Width = 72> <Depth = 2> <FIFO>
ST_1 : Operation 11 [1/1] (0.00ns)   --->   "%cmpvc_cfg_strms_2 = alloca i64 1"   --->   Operation 11 'alloca' 'cmpvc_cfg_strms_2' <Predicate = true> <Delay = 0.00> <CoreInst = "FIFO_SRL">   --->   Core 80 'FIFO_SRL' <Latency = 0> <II = 1> <Delay = 1.40> <Storage> <Opcode : 'read' 'write' 'nbread' 'nbwrite'> <Ports = 0> <Width = 72> <Depth = 2> <FIFO>
ST_1 : Operation 12 [1/1] (0.00ns)   --->   "%cmpvc_cfg_strms_3 = alloca i64 1"   --->   Operation 12 'alloca' 'cmpvc_cfg_strms_3' <Predicate = true> <Delay = 0.00> <CoreInst = "FIFO_SRL">   --->   Core 80 'FIFO_SRL' <Latency = 0> <II = 1> <Delay = 1.40> <Storage> <Opcode : 'read' 'write' 'nbread' 'nbwrite'> <Ports = 0> <Width = 72> <Depth = 2> <FIFO>
ST_1 : Operation 13 [1/1] (0.00ns)   --->   "%cmpvv_cfg_strms = alloca i64 1" [../../APZ-DA/Addon_Queries/SELECT/dynamic_filter/xf_database/dynamic_filter.hpp:527]   --->   Operation 13 'alloca' 'cmpvv_cfg_strms' <Predicate = true> <Delay = 0.00> <CoreInst = "FIFO_SRL">   --->   Core 80 'FIFO_SRL' <Latency = 0> <II = 1> <Delay = 1.40> <Storage> <Opcode : 'read' 'write' 'nbread' 'nbwrite'> <Ports = 0> <Width = 4> <Depth = 2> <FIFO>
ST_1 : Operation 14 [1/1] (0.00ns)   --->   "%cmpvv_cfg_strms_1 = alloca i64 1" [../../APZ-DA/Addon_Queries/SELECT/dynamic_filter/xf_database/dynamic_filter.hpp:527]   --->   Operation 14 'alloca' 'cmpvv_cfg_strms_1' <Predicate = true> <Delay = 0.00> <CoreInst = "FIFO_SRL">   --->   Core 80 'FIFO_SRL' <Latency = 0> <II = 1> <Delay = 1.40> <Storage> <Opcode : 'read' 'write' 'nbread' 'nbwrite'> <Ports = 0> <Width = 4> <Depth = 2> <FIFO>
ST_1 : Operation 15 [1/1] (0.00ns)   --->   "%cmpvv_cfg_strms_2 = alloca i64 1" [../../APZ-DA/Addon_Queries/SELECT/dynamic_filter/xf_database/dynamic_filter.hpp:527]   --->   Operation 15 'alloca' 'cmpvv_cfg_strms_2' <Predicate = true> <Delay = 0.00> <CoreInst = "FIFO_SRL">   --->   Core 80 'FIFO_SRL' <Latency = 0> <II = 1> <Delay = 1.40> <Storage> <Opcode : 'read' 'write' 'nbread' 'nbwrite'> <Ports = 0> <Width = 4> <Depth = 2> <FIFO>
ST_1 : Operation 16 [1/1] (0.00ns)   --->   "%cmpvv_cfg_strms_3 = alloca i64 1" [../../APZ-DA/Addon_Queries/SELECT/dynamic_filter/xf_database/dynamic_filter.hpp:527]   --->   Operation 16 'alloca' 'cmpvv_cfg_strms_3' <Predicate = true> <Delay = 0.00> <CoreInst = "FIFO_SRL">   --->   Core 80 'FIFO_SRL' <Latency = 0> <II = 1> <Delay = 1.40> <Storage> <Opcode : 'read' 'write' 'nbread' 'nbwrite'> <Ports = 0> <Width = 4> <Depth = 2> <FIFO>
ST_1 : Operation 17 [1/1] (0.00ns)   --->   "%cmpvv_cfg_strms_4 = alloca i64 1" [../../APZ-DA/Addon_Queries/SELECT/dynamic_filter/xf_database/dynamic_filter.hpp:527]   --->   Operation 17 'alloca' 'cmpvv_cfg_strms_4' <Predicate = true> <Delay = 0.00> <CoreInst = "FIFO_SRL">   --->   Core 80 'FIFO_SRL' <Latency = 0> <II = 1> <Delay = 1.40> <Storage> <Opcode : 'read' 'write' 'nbread' 'nbwrite'> <Ports = 0> <Width = 4> <Depth = 2> <FIFO>
ST_1 : Operation 18 [1/1] (0.00ns)   --->   "%cmpvv_cfg_strms_5 = alloca i64 1" [../../APZ-DA/Addon_Queries/SELECT/dynamic_filter/xf_database/dynamic_filter.hpp:527]   --->   Operation 18 'alloca' 'cmpvv_cfg_strms_5' <Predicate = true> <Delay = 0.00> <CoreInst = "FIFO_SRL">   --->   Core 80 'FIFO_SRL' <Latency = 0> <II = 1> <Delay = 1.40> <Storage> <Opcode : 'read' 'write' 'nbread' 'nbwrite'> <Ports = 0> <Width = 4> <Depth = 2> <FIFO>
ST_1 : Operation 19 [1/1] (0.00ns)   --->   "%tt_cfg_strm = alloca i64 1" [../../APZ-DA/Addon_Queries/SELECT/dynamic_filter/xf_database/dynamic_filter.hpp:529]   --->   Operation 19 'alloca' 'tt_cfg_strm' <Predicate = true> <Delay = 0.00> <CoreInst = "FIFO_SRL">   --->   Core 80 'FIFO_SRL' <Latency = 0> <II = 1> <Delay = 1.39> <Storage> <Opcode : 'read' 'write' 'nbread' 'nbwrite'> <Ports = 0> <Width = 32> <Depth = 2> <FIFO>
ST_1 : Operation 20 [1/1] (0.00ns)   --->   "%e_v_strm = alloca i64 1" [../../APZ-DA/Addon_Queries/SELECT/dynamic_filter/xf_database/dynamic_filter.hpp:535]   --->   Operation 20 'alloca' 'e_v_strm' <Predicate = true> <Delay = 0.00> <CoreInst = "FIFO_SRL">   --->   Core 80 'FIFO_SRL' <Latency = 0> <II = 1> <Delay = 1.31> <Storage> <Opcode : 'read' 'write' 'nbread' 'nbwrite'> <Ports = 0> <Width = 1> <Depth = 8> <FIFO>
ST_1 : Operation 21 [1/1] (0.00ns)   --->   "%e_p_strm = alloca i64 1" [../../APZ-DA/Addon_Queries/SELECT/dynamic_filter/xf_database/dynamic_filter.hpp:536]   --->   Operation 21 'alloca' 'e_p_strm' <Predicate = true> <Delay = 0.00> <CoreInst = "FIFO_SRL">   --->   Core 80 'FIFO_SRL' <Latency = 0> <II = 1> <Delay = 1.38> <Storage> <Opcode : 'read' 'write' 'nbread' 'nbwrite'> <Ports = 0> <Width = 1> <Depth = 32> <FIFO>
ST_1 : Operation 22 [1/1] (0.00ns)   --->   "%addr_strm = alloca i64 1" [../../APZ-DA/Addon_Queries/SELECT/dynamic_filter/xf_database/dynamic_filter.hpp:538]   --->   Operation 22 'alloca' 'addr_strm' <Predicate = true> <Delay = 0.00> <CoreInst = "FIFO_SRL">   --->   Core 80 'FIFO_SRL' <Latency = 0> <II = 1> <Delay = 1.38> <Storage> <Opcode : 'read' 'write' 'nbread' 'nbwrite'> <Ports = 0> <Width = 10> <Depth = 8> <FIFO>
ST_1 : Operation 23 [1/1] (0.00ns)   --->   "%e_addr_strm = alloca i64 1" [../../APZ-DA/Addon_Queries/SELECT/dynamic_filter/xf_database/dynamic_filter.hpp:539]   --->   Operation 23 'alloca' 'e_addr_strm' <Predicate = true> <Delay = 0.00> <CoreInst = "FIFO_SRL">   --->   Core 80 'FIFO_SRL' <Latency = 0> <II = 1> <Delay = 1.31> <Storage> <Opcode : 'read' 'write' 'nbread' 'nbwrite'> <Ports = 0> <Width = 1> <Depth = 8> <FIFO>
ST_1 : Operation 24 [1/1] (0.00ns)   --->   "%b_strm = alloca i64 1" [../../APZ-DA/Addon_Queries/SELECT/dynamic_filter/xf_database/dynamic_filter.hpp:541]   --->   Operation 24 'alloca' 'b_strm' <Predicate = true> <Delay = 0.00> <CoreInst = "FIFO_SRL">   --->   Core 80 'FIFO_SRL' <Latency = 0> <II = 1> <Delay = 1.31> <Storage> <Opcode : 'read' 'write' 'nbread' 'nbwrite'> <Ports = 0> <Width = 1> <Depth = 8> <FIFO>
ST_1 : Operation 25 [1/1] (0.00ns)   --->   "%e_b_strm = alloca i64 1" [../../APZ-DA/Addon_Queries/SELECT/dynamic_filter/xf_database/dynamic_filter.hpp:542]   --->   Operation 25 'alloca' 'e_b_strm' <Predicate = true> <Delay = 0.00> <CoreInst = "FIFO_SRL">   --->   Core 80 'FIFO_SRL' <Latency = 0> <II = 1> <Delay = 1.31> <Storage> <Opcode : 'read' 'write' 'nbread' 'nbwrite'> <Ports = 0> <Width = 1> <Depth = 8> <FIFO>
ST_1 : Operation 26 [2/2] (0.00ns)   --->   "%call_ln551 = call void @broadcast, i1 %e_strm, i1 %e_v_strm, i1 %e_p_strm" [../../APZ-DA/Addon_Queries/SELECT/dynamic_filter/xf_database/dynamic_filter.hpp:551]   --->   Operation 26 'call' 'call_ln551' <Predicate = true> <Delay = 0.00> <CoreType = "Generic">   --->   Core 0 '' <Latency = 0> <II = 1> <Delay = 1.00> <Generic> <Opcode : >
ST_1 : Operation 27 [2/2] (0.00ns)   --->   "%call_ln553 = call void @parse_filter_config<4, 32>, i32 %filter_cfg_strm, i72 %cmpvc_cfg_strms_0, i72 %cmpvc_cfg_strms_1, i72 %cmpvc_cfg_strms_2, i72 %cmpvc_cfg_strms_3, i4 %cmpvv_cfg_strms, i4 %cmpvv_cfg_strms_1, i4 %cmpvv_cfg_strms_2, i4 %cmpvv_cfg_strms_3, i4 %cmpvv_cfg_strms_4, i4 %cmpvv_cfg_strms_5, i32 %tt_cfg_strm" [../../APZ-DA/Addon_Queries/SELECT/dynamic_filter/xf_database/dynamic_filter.hpp:553]   --->   Operation 27 'call' 'call_ln553' <Predicate = true> <Delay = 0.00> <CoreType = "Generic">   --->   Core 0 '' <Latency = 0> <II = 1> <Delay = 1.00> <Generic> <Opcode : >

State 2 <SV = 1> <Delay = 0.00>
ST_2 : Operation 28 [1/2] (0.00ns)   --->   "%call_ln551 = call void @broadcast, i1 %e_strm, i1 %e_v_strm, i1 %e_p_strm" [../../APZ-DA/Addon_Queries/SELECT/dynamic_filter/xf_database/dynamic_filter.hpp:551]   --->   Operation 28 'call' 'call_ln551' <Predicate = true> <Delay = 0.00> <CoreType = "Generic">   --->   Core 0 '' <Latency = 0> <II = 1> <Delay = 1.00> <Generic> <Opcode : >
ST_2 : Operation 29 [1/2] (0.00ns)   --->   "%call_ln553 = call void @parse_filter_config<4, 32>, i32 %filter_cfg_strm, i72 %cmpvc_cfg_strms_0, i72 %cmpvc_cfg_strms_1, i72 %cmpvc_cfg_strms_2, i72 %cmpvc_cfg_strms_3, i4 %cmpvv_cfg_strms, i4 %cmpvv_cfg_strms_1, i4 %cmpvv_cfg_strms_2, i4 %cmpvv_cfg_strms_3, i4 %cmpvv_cfg_strms_4, i4 %cmpvv_cfg_strms_5, i32 %tt_cfg_strm" [../../APZ-DA/Addon_Queries/SELECT/dynamic_filter/xf_database/dynamic_filter.hpp:553]   --->   Operation 29 'call' 'call_ln553' <Predicate = true> <Delay = 0.00> <CoreType = "Generic">   --->   Core 0 '' <Latency = 0> <II = 1> <Delay = 1.00> <Generic> <Opcode : >

State 3 <SV = 2> <Delay = 0.00>
ST_3 : Operation 30 [2/2] (0.00ns)   --->   "%call_ln559 = call void @compare_ops<32>, i72 %cmpvc_cfg_strms_0, i72 %cmpvc_cfg_strms_1, i72 %cmpvc_cfg_strms_2, i72 %cmpvc_cfg_strms_3, i4 %cmpvv_cfg_strms, i4 %cmpvv_cfg_strms_1, i4 %cmpvv_cfg_strms_2, i4 %cmpvv_cfg_strms_3, i4 %cmpvv_cfg_strms_4, i4 %cmpvv_cfg_strms_5, i32 %k_strms_0, i32 %k_strms_1, i32 %k_strms_2, i32 %k_strms_3, i1 %e_v_strm, i10 %addr_strm, i1 %e_addr_strm" [../../APZ-DA/Addon_Queries/SELECT/dynamic_filter/xf_database/dynamic_filter.hpp:559]   --->   Operation 30 'call' 'call_ln559' <Predicate = true> <Delay = 0.00> <CoreType = "Generic">   --->   Core 0 '' <Latency = 0> <II = 1> <Delay = 1.00> <Generic> <Opcode : >

State 4 <SV = 3> <Delay = 0.00>
ST_4 : Operation 31 [1/2] (0.00ns)   --->   "%call_ln559 = call void @compare_ops<32>, i72 %cmpvc_cfg_strms_0, i72 %cmpvc_cfg_strms_1, i72 %cmpvc_cfg_strms_2, i72 %cmpvc_cfg_strms_3, i4 %cmpvv_cfg_strms, i4 %cmpvv_cfg_strms_1, i4 %cmpvv_cfg_strms_2, i4 %cmpvv_cfg_strms_3, i4 %cmpvv_cfg_strms_4, i4 %cmpvv_cfg_strms_5, i32 %k_strms_0, i32 %k_strms_1, i32 %k_strms_2, i32 %k_strms_3, i1 %e_v_strm, i10 %addr_strm, i1 %e_addr_strm" [../../APZ-DA/Addon_Queries/SELECT/dynamic_filter/xf_database/dynamic_filter.hpp:559]   --->   Operation 31 'call' 'call_ln559' <Predicate = true> <Delay = 0.00> <CoreType = "Generic">   --->   Core 0 '' <Latency = 0> <II = 1> <Delay = 1.00> <Generic> <Opcode : >

State 5 <SV = 4> <Delay = 0.00>
ST_5 : Operation 32 [2/2] (0.00ns)   --->   "%call_ln568 = call void @true_table<4>, i32 %tt_cfg_strm, i10 %addr_strm, i1 %e_addr_strm, i1 %b_strm, i1 %e_b_strm" [../../APZ-DA/Addon_Queries/SELECT/dynamic_filter/xf_database/dynamic_filter.hpp:568]   --->   Operation 32 'call' 'call_ln568' <Predicate = true> <Delay = 0.00> <CoreType = "Generic">   --->   Core 0 '' <Latency = 0> <II = 1> <Delay = 1.00> <Generic> <Opcode : >

State 6 <SV = 5> <Delay = 0.00>
ST_6 : Operation 33 [1/2] (0.00ns)   --->   "%call_ln568 = call void @true_table<4>, i32 %tt_cfg_strm, i10 %addr_strm, i1 %e_addr_strm, i1 %b_strm, i1 %e_b_strm" [../../APZ-DA/Addon_Queries/SELECT/dynamic_filter/xf_database/dynamic_filter.hpp:568]   --->   Operation 33 'call' 'call_ln568' <Predicate = true> <Delay = 0.00> <CoreType = "Generic">   --->   Core 0 '' <Latency = 0> <II = 1> <Delay = 1.00> <Generic> <Opcode : >

State 7 <SV = 6> <Delay = 0.00>
ST_7 : Operation 34 [2/2] (0.00ns)   --->   "%call_ln574 = call void @pred_pass<32>, i32 %p_strm, i1 %e_p_strm, i1 %b_strm, i1 %e_b_strm, i32 %f_strm, i1 %e_f_strm" [../../APZ-DA/Addon_Queries/SELECT/dynamic_filter/xf_database/dynamic_filter.hpp:574]   --->   Operation 34 'call' 'call_ln574' <Predicate = true> <Delay = 0.00> <CoreType = "Generic">   --->   Core 0 '' <Latency = 0> <II = 1> <Delay = 1.00> <Generic> <Opcode : >

State 8 <SV = 7> <Delay = 0.00>
ST_8 : Operation 35 [1/1] (0.00ns)   --->   "%specdataflowpipeline_ln521 = specdataflowpipeline void @_ssdm_op_SpecDataflowPipeline, i32 4294967295, i32 0, void @empty" [../../APZ-DA/Addon_Queries/SELECT/dynamic_filter/xf_database/dynamic_filter.hpp:521]   --->   Operation 35 'specdataflowpipeline' 'specdataflowpipeline_ln521' <Predicate = true> <Delay = 0.00>
ST_8 : Operation 36 [1/1] (0.00ns)   --->   "%specinterface_ln0 = specinterface void @_ssdm_op_SpecInterface, i1 %e_f_strm, void @empty_8, i32 0, i32 0, void @empty, i32 0, i32 0, void @empty, void @empty, void @empty, i32 0, i32 0, i32 0, i32 0, void @empty, void @empty, i32 4294967295, i32 0, i32 0"   --->   Operation 36 'specinterface' 'specinterface_ln0' <Predicate = true> <Delay = 0.00>
ST_8 : Operation 37 [1/1] (0.00ns)   --->   "%specinterface_ln0 = specinterface void @_ssdm_op_SpecInterface, i32 %f_strm, void @empty_8, i32 0, i32 0, void @empty, i32 0, i32 0, void @empty, void @empty, void @empty, i32 0, i32 0, i32 0, i32 0, void @empty, void @empty, i32 4294967295, i32 0, i32 0"   --->   Operation 37 'specinterface' 'specinterface_ln0' <Predicate = true> <Delay = 0.00>
ST_8 : Operation 38 [1/1] (0.00ns)   --->   "%specinterface_ln0 = specinterface void @_ssdm_op_SpecInterface, i1 %e_strm, void @empty_8, i32 0, i32 0, void @empty, i32 0, i32 0, void @empty, void @empty, void @empty, i32 0, i32 0, i32 0, i32 0, void @empty, void @empty, i32 4294967295, i32 0, i32 0"   --->   Operation 38 'specinterface' 'specinterface_ln0' <Predicate = true> <Delay = 0.00>
ST_8 : Operation 39 [1/1] (0.00ns)   --->   "%specinterface_ln0 = specinterface void @_ssdm_op_SpecInterface, i32 %p_strm, void @empty_8, i32 0, i32 0, void @empty, i32 0, i32 0, void @empty, void @empty, void @empty, i32 0, i32 0, i32 0, i32 0, void @empty, void @empty, i32 4294967295, i32 0, i32 0"   --->   Operation 39 'specinterface' 'specinterface_ln0' <Predicate = true> <Delay = 0.00>
ST_8 : Operation 40 [1/1] (0.00ns)   --->   "%specinterface_ln0 = specinterface void @_ssdm_op_SpecInterface, i32 %k_strms_3, void @empty_8, i32 0, i32 0, void @empty, i32 0, i32 0, void @empty, void @empty, void @empty, i32 0, i32 0, i32 0, i32 0, void @empty, void @empty, i32 4294967295, i32 0, i32 0"   --->   Operation 40 'specinterface' 'specinterface_ln0' <Predicate = true> <Delay = 0.00>
ST_8 : Operation 41 [1/1] (0.00ns)   --->   "%specinterface_ln0 = specinterface void @_ssdm_op_SpecInterface, i32 %k_strms_2, void @empty_8, i32 0, i32 0, void @empty, i32 0, i32 0, void @empty, void @empty, void @empty, i32 0, i32 0, i32 0, i32 0, void @empty, void @empty, i32 4294967295, i32 0, i32 0"   --->   Operation 41 'specinterface' 'specinterface_ln0' <Predicate = true> <Delay = 0.00>
ST_8 : Operation 42 [1/1] (0.00ns)   --->   "%specinterface_ln0 = specinterface void @_ssdm_op_SpecInterface, i32 %k_strms_1, void @empty_8, i32 0, i32 0, void @empty, i32 0, i32 0, void @empty, void @empty, void @empty, i32 0, i32 0, i32 0, i32 0, void @empty, void @empty, i32 4294967295, i32 0, i32 0"   --->   Operation 42 'specinterface' 'specinterface_ln0' <Predicate = true> <Delay = 0.00>
ST_8 : Operation 43 [1/1] (0.00ns)   --->   "%specinterface_ln0 = specinterface void @_ssdm_op_SpecInterface, i32 %k_strms_0, void @empty_8, i32 0, i32 0, void @empty, i32 0, i32 0, void @empty, void @empty, void @empty, i32 0, i32 0, i32 0, i32 0, void @empty, void @empty, i32 4294967295, i32 0, i32 0"   --->   Operation 43 'specinterface' 'specinterface_ln0' <Predicate = true> <Delay = 0.00>
ST_8 : Operation 44 [1/1] (0.00ns)   --->   "%specinterface_ln0 = specinterface void @_ssdm_op_SpecInterface, i32 %filter_cfg_strm, void @empty_8, i32 0, i32 0, void @empty, i32 0, i32 0, void @empty, void @empty, void @empty, i32 0, i32 0, i32 0, i32 0, void @empty, void @empty, i32 4294967295, i32 0, i32 0"   --->   Operation 44 'specinterface' 'specinterface_ln0' <Predicate = true> <Delay = 0.00>
ST_8 : Operation 45 [1/1] (0.00ns)   --->   "%empty = specchannel i32 @_ssdm_op_SpecChannel, void @cmpvc_cfg_strms_0_str, i32 1, void @p_str, void @p_str, i32 2, i32 2, i72 %cmpvc_cfg_strms_0, i72 %cmpvc_cfg_strms_0"   --->   Operation 45 'specchannel' 'empty' <Predicate = true> <Delay = 0.00>
ST_8 : Operation 46 [1/1] (0.00ns)   --->   "%specinterface_ln0 = specinterface void @_ssdm_op_SpecInterface, i72 %cmpvc_cfg_strms_0, void @empty_8, i32 0, i32 0, void @empty, i32 0, i32 0, void @empty, void @empty, void @empty, i32 0, i32 0, i32 0, i32 0, void @empty, void @empty, i32 4294967295, i32 0, i32 0"   --->   Operation 46 'specinterface' 'specinterface_ln0' <Predicate = true> <Delay = 0.00>
ST_8 : Operation 47 [1/1] (0.00ns)   --->   "%empty_40 = specchannel i32 @_ssdm_op_SpecChannel, void @cmpvc_cfg_strms_1_str, i32 1, void @p_str, void @p_str, i32 2, i32 2, i72 %cmpvc_cfg_strms_1, i72 %cmpvc_cfg_strms_1"   --->   Operation 47 'specchannel' 'empty_40' <Predicate = true> <Delay = 0.00>
ST_8 : Operation 48 [1/1] (0.00ns)   --->   "%specinterface_ln0 = specinterface void @_ssdm_op_SpecInterface, i72 %cmpvc_cfg_strms_1, void @empty_8, i32 0, i32 0, void @empty, i32 0, i32 0, void @empty, void @empty, void @empty, i32 0, i32 0, i32 0, i32 0, void @empty, void @empty, i32 4294967295, i32 0, i32 0"   --->   Operation 48 'specinterface' 'specinterface_ln0' <Predicate = true> <Delay = 0.00>
ST_8 : Operation 49 [1/1] (0.00ns)   --->   "%empty_41 = specchannel i32 @_ssdm_op_SpecChannel, void @cmpvc_cfg_strms_2_str, i32 1, void @p_str, void @p_str, i32 2, i32 2, i72 %cmpvc_cfg_strms_2, i72 %cmpvc_cfg_strms_2"   --->   Operation 49 'specchannel' 'empty_41' <Predicate = true> <Delay = 0.00>
ST_8 : Operation 50 [1/1] (0.00ns)   --->   "%specinterface_ln0 = specinterface void @_ssdm_op_SpecInterface, i72 %cmpvc_cfg_strms_2, void @empty_8, i32 0, i32 0, void @empty, i32 0, i32 0, void @empty, void @empty, void @empty, i32 0, i32 0, i32 0, i32 0, void @empty, void @empty, i32 4294967295, i32 0, i32 0"   --->   Operation 50 'specinterface' 'specinterface_ln0' <Predicate = true> <Delay = 0.00>
ST_8 : Operation 51 [1/1] (0.00ns)   --->   "%empty_42 = specchannel i32 @_ssdm_op_SpecChannel, void @cmpvc_cfg_strms_3_str, i32 1, void @p_str, void @p_str, i32 2, i32 2, i72 %cmpvc_cfg_strms_3, i72 %cmpvc_cfg_strms_3"   --->   Operation 51 'specchannel' 'empty_42' <Predicate = true> <Delay = 0.00>
ST_8 : Operation 52 [1/1] (0.00ns)   --->   "%specinterface_ln0 = specinterface void @_ssdm_op_SpecInterface, i72 %cmpvc_cfg_strms_3, void @empty_8, i32 0, i32 0, void @empty, i32 0, i32 0, void @empty, void @empty, void @empty, i32 0, i32 0, i32 0, i32 0, void @empty, void @empty, i32 4294967295, i32 0, i32 0"   --->   Operation 52 'specinterface' 'specinterface_ln0' <Predicate = true> <Delay = 0.00>
ST_8 : Operation 53 [1/1] (0.00ns)   --->   "%empty_43 = specchannel i32 @_ssdm_op_SpecChannel, void @cmpvv_cfg_strms_str, i32 1, void @p_str, void @p_str, i32 2, i32 2, i4 %cmpvv_cfg_strms, i4 %cmpvv_cfg_strms"   --->   Operation 53 'specchannel' 'empty_43' <Predicate = true> <Delay = 0.00>
ST_8 : Operation 54 [1/1] (0.00ns)   --->   "%specinterface_ln0 = specinterface void @_ssdm_op_SpecInterface, i4 %cmpvv_cfg_strms, void @empty_8, i32 0, i32 0, void @empty, i32 0, i32 0, void @empty, void @empty, void @empty, i32 0, i32 0, i32 0, i32 0, void @empty, void @empty, i32 4294967295, i32 0, i32 0"   --->   Operation 54 'specinterface' 'specinterface_ln0' <Predicate = true> <Delay = 0.00>
ST_8 : Operation 55 [1/1] (0.00ns)   --->   "%empty_44 = specchannel i32 @_ssdm_op_SpecChannel, void @cmpvv_cfg_strms_OC_1_str, i32 1, void @p_str, void @p_str, i32 2, i32 2, i4 %cmpvv_cfg_strms_1, i4 %cmpvv_cfg_strms_1"   --->   Operation 55 'specchannel' 'empty_44' <Predicate = true> <Delay = 0.00>
ST_8 : Operation 56 [1/1] (0.00ns)   --->   "%specinterface_ln0 = specinterface void @_ssdm_op_SpecInterface, i4 %cmpvv_cfg_strms_1, void @empty_8, i32 0, i32 0, void @empty, i32 0, i32 0, void @empty, void @empty, void @empty, i32 0, i32 0, i32 0, i32 0, void @empty, void @empty, i32 4294967295, i32 0, i32 0"   --->   Operation 56 'specinterface' 'specinterface_ln0' <Predicate = true> <Delay = 0.00>
ST_8 : Operation 57 [1/1] (0.00ns)   --->   "%empty_45 = specchannel i32 @_ssdm_op_SpecChannel, void @cmpvv_cfg_strms_OC_2_str, i32 1, void @p_str, void @p_str, i32 2, i32 2, i4 %cmpvv_cfg_strms_2, i4 %cmpvv_cfg_strms_2"   --->   Operation 57 'specchannel' 'empty_45' <Predicate = true> <Delay = 0.00>
ST_8 : Operation 58 [1/1] (0.00ns)   --->   "%specinterface_ln0 = specinterface void @_ssdm_op_SpecInterface, i4 %cmpvv_cfg_strms_2, void @empty_8, i32 0, i32 0, void @empty, i32 0, i32 0, void @empty, void @empty, void @empty, i32 0, i32 0, i32 0, i32 0, void @empty, void @empty, i32 4294967295, i32 0, i32 0"   --->   Operation 58 'specinterface' 'specinterface_ln0' <Predicate = true> <Delay = 0.00>
ST_8 : Operation 59 [1/1] (0.00ns)   --->   "%empty_46 = specchannel i32 @_ssdm_op_SpecChannel, void @cmpvv_cfg_strms_OC_3_str, i32 1, void @p_str, void @p_str, i32 2, i32 2, i4 %cmpvv_cfg_strms_3, i4 %cmpvv_cfg_strms_3"   --->   Operation 59 'specchannel' 'empty_46' <Predicate = true> <Delay = 0.00>
ST_8 : Operation 60 [1/1] (0.00ns)   --->   "%specinterface_ln0 = specinterface void @_ssdm_op_SpecInterface, i4 %cmpvv_cfg_strms_3, void @empty_8, i32 0, i32 0, void @empty, i32 0, i32 0, void @empty, void @empty, void @empty, i32 0, i32 0, i32 0, i32 0, void @empty, void @empty, i32 4294967295, i32 0, i32 0"   --->   Operation 60 'specinterface' 'specinterface_ln0' <Predicate = true> <Delay = 0.00>
ST_8 : Operation 61 [1/1] (0.00ns)   --->   "%empty_47 = specchannel i32 @_ssdm_op_SpecChannel, void @cmpvv_cfg_strms_OC_4_str, i32 1, void @p_str, void @p_str, i32 2, i32 2, i4 %cmpvv_cfg_strms_4, i4 %cmpvv_cfg_strms_4"   --->   Operation 61 'specchannel' 'empty_47' <Predicate = true> <Delay = 0.00>
ST_8 : Operation 62 [1/1] (0.00ns)   --->   "%specinterface_ln0 = specinterface void @_ssdm_op_SpecInterface, i4 %cmpvv_cfg_strms_4, void @empty_8, i32 0, i32 0, void @empty, i32 0, i32 0, void @empty, void @empty, void @empty, i32 0, i32 0, i32 0, i32 0, void @empty, void @empty, i32 4294967295, i32 0, i32 0"   --->   Operation 62 'specinterface' 'specinterface_ln0' <Predicate = true> <Delay = 0.00>
ST_8 : Operation 63 [1/1] (0.00ns)   --->   "%empty_48 = specchannel i32 @_ssdm_op_SpecChannel, void @cmpvv_cfg_strms_OC_5_str, i32 1, void @p_str, void @p_str, i32 2, i32 2, i4 %cmpvv_cfg_strms_5, i4 %cmpvv_cfg_strms_5"   --->   Operation 63 'specchannel' 'empty_48' <Predicate = true> <Delay = 0.00>
ST_8 : Operation 64 [1/1] (0.00ns)   --->   "%specinterface_ln0 = specinterface void @_ssdm_op_SpecInterface, i4 %cmpvv_cfg_strms_5, void @empty_8, i32 0, i32 0, void @empty, i32 0, i32 0, void @empty, void @empty, void @empty, i32 0, i32 0, i32 0, i32 0, void @empty, void @empty, i32 4294967295, i32 0, i32 0"   --->   Operation 64 'specinterface' 'specinterface_ln0' <Predicate = true> <Delay = 0.00>
ST_8 : Operation 65 [1/1] (0.00ns)   --->   "%empty_49 = specchannel i32 @_ssdm_op_SpecChannel, void @tt_cfg_strm_str, i32 1, void @p_str, void @p_str, i32 2, i32 2, i32 %tt_cfg_strm, i32 %tt_cfg_strm"   --->   Operation 65 'specchannel' 'empty_49' <Predicate = true> <Delay = 0.00>
ST_8 : Operation 66 [1/1] (0.00ns)   --->   "%specinterface_ln0 = specinterface void @_ssdm_op_SpecInterface, i32 %tt_cfg_strm, void @empty_8, i32 0, i32 0, void @empty, i32 0, i32 0, void @empty, void @empty, void @empty, i32 0, i32 0, i32 0, i32 0, void @empty, void @empty, i32 4294967295, i32 0, i32 0"   --->   Operation 66 'specinterface' 'specinterface_ln0' <Predicate = true> <Delay = 0.00>
ST_8 : Operation 67 [1/1] (0.00ns)   --->   "%empty_50 = specchannel i32 @_ssdm_op_SpecChannel, void @e_v_strm_str, i32 1, void @p_str, void @p_str, i32 8, i32 8, i1 %e_v_strm, i1 %e_v_strm"   --->   Operation 67 'specchannel' 'empty_50' <Predicate = true> <Delay = 0.00>
ST_8 : Operation 68 [1/1] (0.00ns)   --->   "%specinterface_ln0 = specinterface void @_ssdm_op_SpecInterface, i1 %e_v_strm, void @empty_8, i32 0, i32 0, void @empty, i32 0, i32 0, void @empty, void @empty, void @empty, i32 0, i32 0, i32 0, i32 0, void @empty, void @empty, i32 4294967295, i32 0, i32 0"   --->   Operation 68 'specinterface' 'specinterface_ln0' <Predicate = true> <Delay = 0.00>
ST_8 : Operation 69 [1/1] (0.00ns)   --->   "%empty_51 = specchannel i32 @_ssdm_op_SpecChannel, void @e_p_strm_str, i32 1, void @p_str, void @p_str, i32 32, i32 32, i1 %e_p_strm, i1 %e_p_strm"   --->   Operation 69 'specchannel' 'empty_51' <Predicate = true> <Delay = 0.00>
ST_8 : Operation 70 [1/1] (0.00ns)   --->   "%specinterface_ln0 = specinterface void @_ssdm_op_SpecInterface, i1 %e_p_strm, void @empty_8, i32 0, i32 0, void @empty, i32 0, i32 0, void @empty, void @empty, void @empty, i32 0, i32 0, i32 0, i32 0, void @empty, void @empty, i32 4294967295, i32 0, i32 0"   --->   Operation 70 'specinterface' 'specinterface_ln0' <Predicate = true> <Delay = 0.00>
ST_8 : Operation 71 [1/1] (0.00ns)   --->   "%empty_52 = specchannel i32 @_ssdm_op_SpecChannel, void @addr_strm_str, i32 1, void @p_str, void @p_str, i32 8, i32 8, i10 %addr_strm, i10 %addr_strm"   --->   Operation 71 'specchannel' 'empty_52' <Predicate = true> <Delay = 0.00>
ST_8 : Operation 72 [1/1] (0.00ns)   --->   "%specinterface_ln0 = specinterface void @_ssdm_op_SpecInterface, i10 %addr_strm, void @empty_8, i32 0, i32 0, void @empty, i32 0, i32 0, void @empty, void @empty, void @empty, i32 0, i32 0, i32 0, i32 0, void @empty, void @empty, i32 4294967295, i32 0, i32 0"   --->   Operation 72 'specinterface' 'specinterface_ln0' <Predicate = true> <Delay = 0.00>
ST_8 : Operation 73 [1/1] (0.00ns)   --->   "%empty_53 = specchannel i32 @_ssdm_op_SpecChannel, void @e_addr_strm_str, i32 1, void @p_str, void @p_str, i32 8, i32 8, i1 %e_addr_strm, i1 %e_addr_strm"   --->   Operation 73 'specchannel' 'empty_53' <Predicate = true> <Delay = 0.00>
ST_8 : Operation 74 [1/1] (0.00ns)   --->   "%specinterface_ln0 = specinterface void @_ssdm_op_SpecInterface, i1 %e_addr_strm, void @empty_8, i32 0, i32 0, void @empty, i32 0, i32 0, void @empty, void @empty, void @empty, i32 0, i32 0, i32 0, i32 0, void @empty, void @empty, i32 4294967295, i32 0, i32 0"   --->   Operation 74 'specinterface' 'specinterface_ln0' <Predicate = true> <Delay = 0.00>
ST_8 : Operation 75 [1/1] (0.00ns)   --->   "%empty_54 = specchannel i32 @_ssdm_op_SpecChannel, void @b_strm_str, i32 1, void @p_str, void @p_str, i32 8, i32 8, i1 %b_strm, i1 %b_strm"   --->   Operation 75 'specchannel' 'empty_54' <Predicate = true> <Delay = 0.00>
ST_8 : Operation 76 [1/1] (0.00ns)   --->   "%specinterface_ln0 = specinterface void @_ssdm_op_SpecInterface, i1 %b_strm, void @empty_8, i32 0, i32 0, void @empty, i32 0, i32 0, void @empty, void @empty, void @empty, i32 0, i32 0, i32 0, i32 0, void @empty, void @empty, i32 4294967295, i32 0, i32 0"   --->   Operation 76 'specinterface' 'specinterface_ln0' <Predicate = true> <Delay = 0.00>
ST_8 : Operation 77 [1/1] (0.00ns)   --->   "%empty_55 = specchannel i32 @_ssdm_op_SpecChannel, void @e_b_strm_str, i32 1, void @p_str, void @p_str, i32 8, i32 8, i1 %e_b_strm, i1 %e_b_strm"   --->   Operation 77 'specchannel' 'empty_55' <Predicate = true> <Delay = 0.00>
ST_8 : Operation 78 [1/1] (0.00ns)   --->   "%specinterface_ln0 = specinterface void @_ssdm_op_SpecInterface, i1 %e_b_strm, void @empty_8, i32 0, i32 0, void @empty, i32 0, i32 0, void @empty, void @empty, void @empty, i32 0, i32 0, i32 0, i32 0, void @empty, void @empty, i32 4294967295, i32 0, i32 0"   --->   Operation 78 'specinterface' 'specinterface_ln0' <Predicate = true> <Delay = 0.00>
ST_8 : Operation 79 [1/2] (0.00ns)   --->   "%call_ln574 = call void @pred_pass<32>, i32 %p_strm, i1 %e_p_strm, i1 %b_strm, i1 %e_b_strm, i32 %f_strm, i1 %e_f_strm" [../../APZ-DA/Addon_Queries/SELECT/dynamic_filter/xf_database/dynamic_filter.hpp:574]   --->   Operation 79 'call' 'call_ln574' <Predicate = true> <Delay = 0.00> <CoreType = "Generic">   --->   Core 0 '' <Latency = 0> <II = 1> <Delay = 1.00> <Generic> <Opcode : >
ST_8 : Operation 80 [1/1] (0.00ns)   --->   "%ret_ln577 = ret" [../../APZ-DA/Addon_Queries/SELECT/dynamic_filter/xf_database/dynamic_filter.hpp:577]   --->   Operation 80 'ret' 'ret_ln577' <Predicate = true> <Delay = 0.00>


============================================================
+ Verbose Summary: Binding
============================================================
STG Binding: 
---------------- STG Properties BEGIN ----------------
- Is combinational: 0
- Is one-state seq: 0
- Is datapath-only: 0
- Is pipelined: 0
- Is top level: 0
Port [ Return ] is wired: 1; IO mode=ap_ctrl_hs:ce=0
Port [ filter_cfg_strm]:  wired=1; compound=1; hidden=0; nouse=0; global=0; static=0; extern=0; dir=0; type=3; pingpong=0; private_global=0; IO mode=ap_fifo:ce=0
Port [ k_strms_0]:  wired=1; compound=1; hidden=0; nouse=0; global=0; static=0; extern=0; dir=0; type=3; pingpong=0; private_global=0; IO mode=ap_fifo:ce=0
Port [ k_strms_1]:  wired=1; compound=1; hidden=0; nouse=0; global=0; static=0; extern=0; dir=0; type=3; pingpong=0; private_global=0; IO mode=ap_fifo:ce=0
Port [ k_strms_2]:  wired=1; compound=1; hidden=0; nouse=0; global=0; static=0; extern=0; dir=0; type=3; pingpong=0; private_global=0; IO mode=ap_fifo:ce=0
Port [ k_strms_3]:  wired=1; compound=1; hidden=0; nouse=0; global=0; static=0; extern=0; dir=0; type=3; pingpong=0; private_global=0; IO mode=ap_fifo:ce=0
Port [ p_strm]:  wired=1; compound=1; hidden=0; nouse=0; global=0; static=0; extern=0; dir=0; type=3; pingpong=0; private_global=0; IO mode=ap_fifo:ce=0
Port [ e_strm]:  wired=1; compound=1; hidden=0; nouse=0; global=0; static=0; extern=0; dir=0; type=3; pingpong=0; private_global=0; IO mode=ap_fifo:ce=0
Port [ f_strm]:  wired=1; compound=1; hidden=0; nouse=0; global=0; static=0; extern=0; dir=1; type=3; pingpong=0; private_global=0; IO mode=ap_fifo:ce=0
Port [ e_f_strm]:  wired=1; compound=1; hidden=0; nouse=0; global=0; static=0; extern=0; dir=1; type=3; pingpong=0; private_global=0; IO mode=ap_fifo:ce=0
---------------- STG Properties END ------------------

---------------- Datapath Model BEGIN ----------------

<LifeTime>
<method=bitvector/>
cmpvc_cfg_strms_0          (alloca              ) [ 011111111]
cmpvc_cfg_strms_1          (alloca              ) [ 011111111]
cmpvc_cfg_strms_2          (alloca              ) [ 011111111]
cmpvc_cfg_strms_3          (alloca              ) [ 011111111]
cmpvv_cfg_strms            (alloca              ) [ 011111111]
cmpvv_cfg_strms_1          (alloca              ) [ 011111111]
cmpvv_cfg_strms_2          (alloca              ) [ 011111111]
cmpvv_cfg_strms_3          (alloca              ) [ 011111111]
cmpvv_cfg_strms_4          (alloca              ) [ 011111111]
cmpvv_cfg_strms_5          (alloca              ) [ 011111111]
tt_cfg_strm                (alloca              ) [ 011111111]
e_v_strm                   (alloca              ) [ 011111111]
e_p_strm                   (alloca              ) [ 011111111]
addr_strm                  (alloca              ) [ 001111111]
e_addr_strm                (alloca              ) [ 001111111]
b_strm                     (alloca              ) [ 001111111]
e_b_strm                   (alloca              ) [ 001111111]
call_ln551                 (call                ) [ 000000000]
call_ln553                 (call                ) [ 000000000]
call_ln559                 (call                ) [ 000000000]
call_ln568                 (call                ) [ 000000000]
specdataflowpipeline_ln521 (specdataflowpipeline) [ 000000000]
specinterface_ln0          (specinterface       ) [ 000000000]
specinterface_ln0          (specinterface       ) [ 000000000]
specinterface_ln0          (specinterface       ) [ 000000000]
specinterface_ln0          (specinterface       ) [ 000000000]
specinterface_ln0          (specinterface       ) [ 000000000]
specinterface_ln0          (specinterface       ) [ 000000000]
specinterface_ln0          (specinterface       ) [ 000000000]
specinterface_ln0          (specinterface       ) [ 000000000]
specinterface_ln0          (specinterface       ) [ 000000000]
empty                      (specchannel         ) [ 000000000]
specinterface_ln0          (specinterface       ) [ 000000000]
empty_40                   (specchannel         ) [ 000000000]
specinterface_ln0          (specinterface       ) [ 000000000]
empty_41                   (specchannel         ) [ 000000000]
specinterface_ln0          (specinterface       ) [ 000000000]
empty_42                   (specchannel         ) [ 000000000]
specinterface_ln0          (specinterface       ) [ 000000000]
empty_43                   (specchannel         ) [ 000000000]
specinterface_ln0          (specinterface       ) [ 000000000]
empty_44                   (specchannel         ) [ 000000000]
specinterface_ln0          (specinterface       ) [ 000000000]
empty_45                   (specchannel         ) [ 000000000]
specinterface_ln0          (specinterface       ) [ 000000000]
empty_46                   (specchannel         ) [ 000000000]
specinterface_ln0          (specinterface       ) [ 000000000]
empty_47                   (specchannel         ) [ 000000000]
specinterface_ln0          (specinterface       ) [ 000000000]
empty_48                   (specchannel         ) [ 000000000]
specinterface_ln0          (specinterface       ) [ 000000000]
empty_49                   (specchannel         ) [ 000000000]
specinterface_ln0          (specinterface       ) [ 000000000]
empty_50                   (specchannel         ) [ 000000000]
specinterface_ln0          (specinterface       ) [ 000000000]
empty_51                   (specchannel         ) [ 000000000]
specinterface_ln0          (specinterface       ) [ 000000000]
empty_52                   (specchannel         ) [ 000000000]
specinterface_ln0          (specinterface       ) [ 000000000]
empty_53                   (specchannel         ) [ 000000000]
specinterface_ln0          (specinterface       ) [ 000000000]
empty_54                   (specchannel         ) [ 000000000]
specinterface_ln0          (specinterface       ) [ 000000000]
empty_55                   (specchannel         ) [ 000000000]
specinterface_ln0          (specinterface       ) [ 000000000]
call_ln574                 (call                ) [ 000000000]
ret_ln577                  (ret                 ) [ 000000000]
</LifeTime>

<model>

<comp_list>
<comp id="0" class="1000" name="filter_cfg_strm">
<pin_list>
<pin id="1" dir="1" index="0" bw="1" slack="0"/>
</pin_list>
<bind>
<StgValue><ssdm name="filter_cfg_strm"/></StgValue>
</bind>
</comp>

<comp id="2" class="1000" name="k_strms_0">
<pin_list>
<pin id="3" dir="1" index="0" bw="1" slack="0"/>
</pin_list>
<bind>
<StgValue><ssdm name="k_strms_0"/></StgValue>
</bind>
</comp>

<comp id="4" class="1000" name="k_strms_1">
<pin_list>
<pin id="5" dir="1" index="0" bw="1" slack="0"/>
</pin_list>
<bind>
<StgValue><ssdm name="k_strms_1"/></StgValue>
</bind>
</comp>

<comp id="6" class="1000" name="k_strms_2">
<pin_list>
<pin id="7" dir="1" index="0" bw="1" slack="0"/>
</pin_list>
<bind>
<StgValue><ssdm name="k_strms_2"/></StgValue>
</bind>
</comp>

<comp id="8" class="1000" name="k_strms_3">
<pin_list>
<pin id="9" dir="1" index="0" bw="1" slack="0"/>
</pin_list>
<bind>
<StgValue><ssdm name="k_strms_3"/></StgValue>
</bind>
</comp>

<comp id="10" class="1000" name="p_strm">
<pin_list>
<pin id="11" dir="1" index="0" bw="1" slack="0"/>
</pin_list>
<bind>
<StgValue><ssdm name="p_strm"/></StgValue>
</bind>
</comp>

<comp id="12" class="1000" name="e_strm">
<pin_list>
<pin id="13" dir="1" index="0" bw="1" slack="0"/>
</pin_list>
<bind>
<StgValue><ssdm name="e_strm"/></StgValue>
</bind>
</comp>

<comp id="14" class="1000" name="f_strm">
<pin_list>
<pin id="15" dir="1" index="0" bw="1" slack="0"/>
</pin_list>
<bind>
<StgValue><ssdm name="f_strm"/></StgValue>
</bind>
</comp>

<comp id="16" class="1000" name="e_f_strm">
<pin_list>
<pin id="17" dir="1" index="0" bw="1" slack="0"/>
</pin_list>
<bind>
<StgValue><ssdm name="e_f_strm"/></StgValue>
</bind>
</comp>

<comp id="18" class="1001" name="const_18">
<pin_list>
<pin id="19" dir="1" index="0" bw="1" slack="0"/>
</pin_list>
<bind>
<StgValue><ssdm name=""/></StgValue>
</bind>
</comp>

<comp id="20" class="1001" name="const_20">
<pin_list>
<pin id="21" dir="1" index="0" bw="1" slack="0"/>
</pin_list>
<bind>
<StgValue><ssdm name="broadcast"/></StgValue>
</bind>
</comp>

<comp id="22" class="1001" name="const_22">
<pin_list>
<pin id="23" dir="1" index="0" bw="1" slack="0"/>
</pin_list>
<bind>
<StgValue><ssdm name="parse_filter_config<4, 32>"/></StgValue>
</bind>
</comp>

<comp id="24" class="1001" name="const_24">
<pin_list>
<pin id="25" dir="1" index="0" bw="1" slack="0"/>
</pin_list>
<bind>
<StgValue><ssdm name="compare_ops<32>"/></StgValue>
</bind>
</comp>

<comp id="26" class="1001" name="const_26">
<pin_list>
<pin id="27" dir="1" index="0" bw="1" slack="0"/>
</pin_list>
<bind>
<StgValue><ssdm name="true_table<4>"/></StgValue>
</bind>
</comp>

<comp id="28" class="1001" name="const_28">
<pin_list>
<pin id="29" dir="1" index="0" bw="1" slack="0"/>
</pin_list>
<bind>
<StgValue><ssdm name="pred_pass<32>"/></StgValue>
</bind>
</comp>

<comp id="30" class="1001" name="const_30">
<pin_list>
<pin id="31" dir="1" index="0" bw="1" slack="2147483647"/>
</pin_list>
<bind>
<StgValue><ssdm name="_ssdm_op_SpecDataflowPipeline"/></StgValue>
</bind>
</comp>

<comp id="32" class="1001" name="const_32">
<pin_list>
<pin id="33" dir="1" index="0" bw="1" slack="2147483647"/>
</pin_list>
<bind>
<StgValue><ssdm name=""/></StgValue>
</bind>
</comp>

<comp id="34" class="1001" name="const_34">
<pin_list>
<pin id="35" dir="1" index="0" bw="1" slack="2147483647"/>
</pin_list>
<bind>
<StgValue><ssdm name=""/></StgValue>
</bind>
</comp>

<comp id="36" class="1001" name="const_36">
<pin_list>
<pin id="37" dir="1" index="0" bw="1" slack="2147483647"/>
</pin_list>
<bind>
<StgValue><ssdm name="empty"/></StgValue>
</bind>
</comp>

<comp id="38" class="1001" name="const_38">
<pin_list>
<pin id="39" dir="1" index="0" bw="1" slack="2147483647"/>
</pin_list>
<bind>
<StgValue><ssdm name="_ssdm_op_SpecInterface"/></StgValue>
</bind>
</comp>

<comp id="40" class="1001" name="const_40">
<pin_list>
<pin id="41" dir="1" index="0" bw="1" slack="2147483647"/>
</pin_list>
<bind>
<StgValue><ssdm name="empty_8"/></StgValue>
</bind>
</comp>

<comp id="42" class="1001" name="const_42">
<pin_list>
<pin id="43" dir="1" index="0" bw="1" slack="2147483647"/>
</pin_list>
<bind>
<StgValue><ssdm name="_ssdm_op_SpecChannel"/></StgValue>
</bind>
</comp>

<comp id="44" class="1001" name="const_44">
<pin_list>
<pin id="45" dir="1" index="0" bw="1" slack="2147483647"/>
</pin_list>
<bind>
<StgValue><ssdm name="cmpvc_cfg_strms_0_str"/></StgValue>
</bind>
</comp>

<comp id="46" class="1001" name="const_46">
<pin_list>
<pin id="47" dir="1" index="0" bw="1" slack="2147483647"/>
</pin_list>
<bind>
<StgValue><ssdm name=""/></StgValue>
</bind>
</comp>

<comp id="48" class="1001" name="const_48">
<pin_list>
<pin id="49" dir="1" index="0" bw="1" slack="2147483647"/>
</pin_list>
<bind>
<StgValue><ssdm name="p_str"/></StgValue>
</bind>
</comp>

<comp id="50" class="1001" name="const_50">
<pin_list>
<pin id="51" dir="1" index="0" bw="1" slack="2147483647"/>
</pin_list>
<bind>
<StgValue><ssdm name=""/></StgValue>
</bind>
</comp>

<comp id="52" class="1001" name="const_52">
<pin_list>
<pin id="53" dir="1" index="0" bw="1" slack="2147483647"/>
</pin_list>
<bind>
<StgValue><ssdm name="cmpvc_cfg_strms_1_str"/></StgValue>
</bind>
</comp>

<comp id="54" class="1001" name="const_54">
<pin_list>
<pin id="55" dir="1" index="0" bw="1" slack="2147483647"/>
</pin_list>
<bind>
<StgValue><ssdm name="cmpvc_cfg_strms_2_str"/></StgValue>
</bind>
</comp>

<comp id="56" class="1001" name="const_56">
<pin_list>
<pin id="57" dir="1" index="0" bw="1" slack="2147483647"/>
</pin_list>
<bind>
<StgValue><ssdm name="cmpvc_cfg_strms_3_str"/></StgValue>
</bind>
</comp>

<comp id="58" class="1001" name="const_58">
<pin_list>
<pin id="59" dir="1" index="0" bw="1" slack="2147483647"/>
</pin_list>
<bind>
<StgValue><ssdm name="cmpvv_cfg_strms_str"/></StgValue>
</bind>
</comp>

<comp id="60" class="1001" name="const_60">
<pin_list>
<pin id="61" dir="1" index="0" bw="1" slack="2147483647"/>
</pin_list>
<bind>
<StgValue><ssdm name="cmpvv_cfg_strms_OC_1_str"/></StgValue>
</bind>
</comp>

<comp id="62" class="1001" name="const_62">
<pin_list>
<pin id="63" dir="1" index="0" bw="1" slack="2147483647"/>
</pin_list>
<bind>
<StgValue><ssdm name="cmpvv_cfg_strms_OC_2_str"/></StgValue>
</bind>
</comp>

<comp id="64" class="1001" name="const_64">
<pin_list>
<pin id="65" dir="1" index="0" bw="1" slack="2147483647"/>
</pin_list>
<bind>
<StgValue><ssdm name="cmpvv_cfg_strms_OC_3_str"/></StgValue>
</bind>
</comp>

<comp id="66" class="1001" name="const_66">
<pin_list>
<pin id="67" dir="1" index="0" bw="1" slack="2147483647"/>
</pin_list>
<bind>
<StgValue><ssdm name="cmpvv_cfg_strms_OC_4_str"/></StgValue>
</bind>
</comp>

<comp id="68" class="1001" name="const_68">
<pin_list>
<pin id="69" dir="1" index="0" bw="1" slack="2147483647"/>
</pin_list>
<bind>
<StgValue><ssdm name="cmpvv_cfg_strms_OC_5_str"/></StgValue>
</bind>
</comp>

<comp id="70" class="1001" name="const_70">
<pin_list>
<pin id="71" dir="1" index="0" bw="1" slack="2147483647"/>
</pin_list>
<bind>
<StgValue><ssdm name="tt_cfg_strm_str"/></StgValue>
</bind>
</comp>

<comp id="72" class="1001" name="const_72">
<pin_list>
<pin id="73" dir="1" index="0" bw="1" slack="2147483647"/>
</pin_list>
<bind>
<StgValue><ssdm name="e_v_strm_str"/></StgValue>
</bind>
</comp>

<comp id="74" class="1001" name="const_74">
<pin_list>
<pin id="75" dir="1" index="0" bw="1" slack="2147483647"/>
</pin_list>
<bind>
<StgValue><ssdm name=""/></StgValue>
</bind>
</comp>

<comp id="76" class="1001" name="const_76">
<pin_list>
<pin id="77" dir="1" index="0" bw="1" slack="2147483647"/>
</pin_list>
<bind>
<StgValue><ssdm name="e_p_strm_str"/></StgValue>
</bind>
</comp>

<comp id="78" class="1001" name="const_78">
<pin_list>
<pin id="79" dir="1" index="0" bw="1" slack="2147483647"/>
</pin_list>
<bind>
<StgValue><ssdm name=""/></StgValue>
</bind>
</comp>

<comp id="80" class="1001" name="const_80">
<pin_list>
<pin id="81" dir="1" index="0" bw="1" slack="2147483647"/>
</pin_list>
<bind>
<StgValue><ssdm name="addr_strm_str"/></StgValue>
</bind>
</comp>

<comp id="82" class="1001" name="const_82">
<pin_list>
<pin id="83" dir="1" index="0" bw="1" slack="2147483647"/>
</pin_list>
<bind>
<StgValue><ssdm name="e_addr_strm_str"/></StgValue>
</bind>
</comp>

<comp id="84" class="1001" name="const_84">
<pin_list>
<pin id="85" dir="1" index="0" bw="1" slack="2147483647"/>
</pin_list>
<bind>
<StgValue><ssdm name="b_strm_str"/></StgValue>
</bind>
</comp>

<comp id="86" class="1001" name="const_86">
<pin_list>
<pin id="87" dir="1" index="0" bw="1" slack="2147483647"/>
</pin_list>
<bind>
<StgValue><ssdm name="e_b_strm_str"/></StgValue>
</bind>
</comp>

<comp id="88" class="1004" name="cmpvc_cfg_strms_0_fu_88">
<pin_list>
<pin id="89" dir="0" index="0" bw="1" slack="0"/>
<pin id="90" dir="1" index="1" bw="72" slack="0"/>
</pin_list>
<bind>
<opcode="alloca(26) " fcode="alloca"/>
<opset="cmpvc_cfg_strms_0/1 "/>
</bind>
</comp>

<comp id="92" class="1004" name="cmpvc_cfg_strms_1_fu_92">
<pin_list>
<pin id="93" dir="0" index="0" bw="1" slack="0"/>
<pin id="94" dir="1" index="1" bw="72" slack="0"/>
</pin_list>
<bind>
<opcode="alloca(26) " fcode="alloca"/>
<opset="cmpvc_cfg_strms_1/1 "/>
</bind>
</comp>

<comp id="96" class="1004" name="cmpvc_cfg_strms_2_fu_96">
<pin_list>
<pin id="97" dir="0" index="0" bw="1" slack="0"/>
<pin id="98" dir="1" index="1" bw="72" slack="0"/>
</pin_list>
<bind>
<opcode="alloca(26) " fcode="alloca"/>
<opset="cmpvc_cfg_strms_2/1 "/>
</bind>
</comp>

<comp id="100" class="1004" name="cmpvc_cfg_strms_3_fu_100">
<pin_list>
<pin id="101" dir="0" index="0" bw="1" slack="0"/>
<pin id="102" dir="1" index="1" bw="72" slack="0"/>
</pin_list>
<bind>
<opcode="alloca(26) " fcode="alloca"/>
<opset="cmpvc_cfg_strms_3/1 "/>
</bind>
</comp>

<comp id="104" class="1004" name="cmpvv_cfg_strms_fu_104">
<pin_list>
<pin id="105" dir="0" index="0" bw="1" slack="0"/>
<pin id="106" dir="1" index="1" bw="4" slack="0"/>
</pin_list>
<bind>
<opcode="alloca(26) " fcode="alloca"/>
<opset="cmpvv_cfg_strms/1 "/>
</bind>
</comp>

<comp id="108" class="1004" name="cmpvv_cfg_strms_1_fu_108">
<pin_list>
<pin id="109" dir="0" index="0" bw="1" slack="0"/>
<pin id="110" dir="1" index="1" bw="4" slack="0"/>
</pin_list>
<bind>
<opcode="alloca(26) " fcode="alloca"/>
<opset="cmpvv_cfg_strms_1/1 "/>
</bind>
</comp>

<comp id="112" class="1004" name="cmpvv_cfg_strms_2_fu_112">
<pin_list>
<pin id="113" dir="0" index="0" bw="1" slack="0"/>
<pin id="114" dir="1" index="1" bw="4" slack="0"/>
</pin_list>
<bind>
<opcode="alloca(26) " fcode="alloca"/>
<opset="cmpvv_cfg_strms_2/1 "/>
</bind>
</comp>

<comp id="116" class="1004" name="cmpvv_cfg_strms_3_fu_116">
<pin_list>
<pin id="117" dir="0" index="0" bw="1" slack="0"/>
<pin id="118" dir="1" index="1" bw="4" slack="0"/>
</pin_list>
<bind>
<opcode="alloca(26) " fcode="alloca"/>
<opset="cmpvv_cfg_strms_3/1 "/>
</bind>
</comp>

<comp id="120" class="1004" name="cmpvv_cfg_strms_4_fu_120">
<pin_list>
<pin id="121" dir="0" index="0" bw="1" slack="0"/>
<pin id="122" dir="1" index="1" bw="4" slack="0"/>
</pin_list>
<bind>
<opcode="alloca(26) " fcode="alloca"/>
<opset="cmpvv_cfg_strms_4/1 "/>
</bind>
</comp>

<comp id="124" class="1004" name="cmpvv_cfg_strms_5_fu_124">
<pin_list>
<pin id="125" dir="0" index="0" bw="1" slack="0"/>
<pin id="126" dir="1" index="1" bw="4" slack="0"/>
</pin_list>
<bind>
<opcode="alloca(26) " fcode="alloca"/>
<opset="cmpvv_cfg_strms_5/1 "/>
</bind>
</comp>

<comp id="128" class="1004" name="tt_cfg_strm_fu_128">
<pin_list>
<pin id="129" dir="0" index="0" bw="1" slack="0"/>
<pin id="130" dir="1" index="1" bw="32" slack="0"/>
</pin_list>
<bind>
<opcode="alloca(26) " fcode="alloca"/>
<opset="tt_cfg_strm/1 "/>
</bind>
</comp>

<comp id="132" class="1004" name="e_v_strm_fu_132">
<pin_list>
<pin id="133" dir="0" index="0" bw="1" slack="0"/>
<pin id="134" dir="1" index="1" bw="1" slack="0"/>
</pin_list>
<bind>
<opcode="alloca(26) " fcode="alloca"/>
<opset="e_v_strm/1 "/>
</bind>
</comp>

<comp id="136" class="1004" name="e_p_strm_fu_136">
<pin_list>
<pin id="137" dir="0" index="0" bw="1" slack="0"/>
<pin id="138" dir="1" index="1" bw="1" slack="0"/>
</pin_list>
<bind>
<opcode="alloca(26) " fcode="alloca"/>
<opset="e_p_strm/1 "/>
</bind>
</comp>

<comp id="140" class="1004" name="addr_strm_fu_140">
<pin_list>
<pin id="141" dir="0" index="0" bw="1" slack="0"/>
<pin id="142" dir="1" index="1" bw="10" slack="2"/>
</pin_list>
<bind>
<opcode="alloca(26) " fcode="alloca"/>
<opset="addr_strm/1 "/>
</bind>
</comp>

<comp id="144" class="1004" name="e_addr_strm_fu_144">
<pin_list>
<pin id="145" dir="0" index="0" bw="1" slack="0"/>
<pin id="146" dir="1" index="1" bw="1" slack="2"/>
</pin_list>
<bind>
<opcode="alloca(26) " fcode="alloca"/>
<opset="e_addr_strm/1 "/>
</bind>
</comp>

<comp id="148" class="1004" name="b_strm_fu_148">
<pin_list>
<pin id="149" dir="0" index="0" bw="1" slack="0"/>
<pin id="150" dir="1" index="1" bw="1" slack="4"/>
</pin_list>
<bind>
<opcode="alloca(26) " fcode="alloca"/>
<opset="b_strm/1 "/>
</bind>
</comp>

<comp id="152" class="1004" name="e_b_strm_fu_152">
<pin_list>
<pin id="153" dir="0" index="0" bw="1" slack="0"/>
<pin id="154" dir="1" index="1" bw="1" slack="4"/>
</pin_list>
<bind>
<opcode="alloca(26) " fcode="alloca"/>
<opset="e_b_strm/1 "/>
</bind>
</comp>

<comp id="156" class="1004" name="grp_broadcast_fu_156">
<pin_list>
<pin id="157" dir="0" index="0" bw="0" slack="0"/>
<pin id="158" dir="0" index="1" bw="1" slack="0"/>
<pin id="159" dir="0" index="2" bw="1" slack="0"/>
<pin id="160" dir="0" index="3" bw="1" slack="0"/>
<pin id="161" dir="1" index="4" bw="0" slack="2147483647"/>
</pin_list>
<bind>
<opcode="call(48) " fcode="call"/>
<opset="call_ln551/1 "/>
</bind>
</comp>

<comp id="164" class="1004" name="grp_parse_filter_config_4_32_s_fu_164">
<pin_list>
<pin id="165" dir="0" index="0" bw="0" slack="0"/>
<pin id="166" dir="0" index="1" bw="32" slack="0"/>
<pin id="167" dir="0" index="2" bw="72" slack="0"/>
<pin id="168" dir="0" index="3" bw="72" slack="0"/>
<pin id="169" dir="0" index="4" bw="72" slack="0"/>
<pin id="170" dir="0" index="5" bw="72" slack="0"/>
<pin id="171" dir="0" index="6" bw="4" slack="0"/>
<pin id="172" dir="0" index="7" bw="4" slack="0"/>
<pin id="173" dir="0" index="8" bw="4" slack="0"/>
<pin id="174" dir="0" index="9" bw="4" slack="0"/>
<pin id="175" dir="0" index="10" bw="4" slack="0"/>
<pin id="176" dir="0" index="11" bw="4" slack="0"/>
<pin id="177" dir="0" index="12" bw="32" slack="0"/>
<pin id="178" dir="1" index="13" bw="0" slack="2147483647"/>
</pin_list>
<bind>
<opcode="call(48) " fcode="call"/>
<opset="call_ln553/1 "/>
</bind>
</comp>

<comp id="181" class="1004" name="grp_compare_ops_32_s_fu_181">
<pin_list>
<pin id="182" dir="0" index="0" bw="0" slack="0"/>
<pin id="183" dir="0" index="1" bw="72" slack="2"/>
<pin id="184" dir="0" index="2" bw="72" slack="2"/>
<pin id="185" dir="0" index="3" bw="72" slack="2"/>
<pin id="186" dir="0" index="4" bw="72" slack="2"/>
<pin id="187" dir="0" index="5" bw="4" slack="2"/>
<pin id="188" dir="0" index="6" bw="4" slack="2"/>
<pin id="189" dir="0" index="7" bw="4" slack="2"/>
<pin id="190" dir="0" index="8" bw="4" slack="2"/>
<pin id="191" dir="0" index="9" bw="4" slack="2"/>
<pin id="192" dir="0" index="10" bw="4" slack="2"/>
<pin id="193" dir="0" index="11" bw="32" slack="0"/>
<pin id="194" dir="0" index="12" bw="32" slack="0"/>
<pin id="195" dir="0" index="13" bw="32" slack="0"/>
<pin id="196" dir="0" index="14" bw="32" slack="0"/>
<pin id="197" dir="0" index="15" bw="1" slack="2"/>
<pin id="198" dir="0" index="16" bw="10" slack="2"/>
<pin id="199" dir="0" index="17" bw="1" slack="2"/>
<pin id="200" dir="1" index="18" bw="0" slack="2147483647"/>
</pin_list>
<bind>
<opcode="call(48) " fcode="call"/>
<opset="call_ln559/3 "/>
</bind>
</comp>

<comp id="206" class="1004" name="grp_true_table_4_s_fu_206">
<pin_list>
<pin id="207" dir="0" index="0" bw="0" slack="0"/>
<pin id="208" dir="0" index="1" bw="32" slack="4"/>
<pin id="209" dir="0" index="2" bw="10" slack="4"/>
<pin id="210" dir="0" index="3" bw="1" slack="4"/>
<pin id="211" dir="0" index="4" bw="1" slack="4"/>
<pin id="212" dir="0" index="5" bw="1" slack="4"/>
<pin id="213" dir="1" index="6" bw="0" slack="2147483647"/>
</pin_list>
<bind>
<opcode="call(48) " fcode="call"/>
<opset="call_ln568/5 "/>
</bind>
</comp>

<comp id="215" class="1004" name="grp_pred_pass_32_s_fu_215">
<pin_list>
<pin id="216" dir="0" index="0" bw="0" slack="0"/>
<pin id="217" dir="0" index="1" bw="32" slack="0"/>
<pin id="218" dir="0" index="2" bw="1" slack="6"/>
<pin id="219" dir="0" index="3" bw="1" slack="6"/>
<pin id="220" dir="0" index="4" bw="1" slack="6"/>
<pin id="221" dir="0" index="5" bw="32" slack="0"/>
<pin id="222" dir="0" index="6" bw="1" slack="0"/>
<pin id="223" dir="1" index="7" bw="0" slack="2147483647"/>
</pin_list>
<bind>
<opcode="call(48) " fcode="call"/>
<opset="call_ln574/7 "/>
</bind>
</comp>

<comp id="228" class="1005" name="cmpvc_cfg_strms_0_reg_228">
<pin_list>
<pin id="229" dir="0" index="0" bw="72" slack="0"/>
<pin id="230" dir="1" index="1" bw="72" slack="0"/>
</pin_list>
<bind>
<opset="cmpvc_cfg_strms_0 "/>
</bind>
</comp>

<comp id="234" class="1005" name="cmpvc_cfg_strms_1_reg_234">
<pin_list>
<pin id="235" dir="0" index="0" bw="72" slack="0"/>
<pin id="236" dir="1" index="1" bw="72" slack="0"/>
</pin_list>
<bind>
<opset="cmpvc_cfg_strms_1 "/>
</bind>
</comp>

<comp id="240" class="1005" name="cmpvc_cfg_strms_2_reg_240">
<pin_list>
<pin id="241" dir="0" index="0" bw="72" slack="0"/>
<pin id="242" dir="1" index="1" bw="72" slack="0"/>
</pin_list>
<bind>
<opset="cmpvc_cfg_strms_2 "/>
</bind>
</comp>

<comp id="246" class="1005" name="cmpvc_cfg_strms_3_reg_246">
<pin_list>
<pin id="247" dir="0" index="0" bw="72" slack="0"/>
<pin id="248" dir="1" index="1" bw="72" slack="0"/>
</pin_list>
<bind>
<opset="cmpvc_cfg_strms_3 "/>
</bind>
</comp>

<comp id="252" class="1005" name="cmpvv_cfg_strms_reg_252">
<pin_list>
<pin id="253" dir="0" index="0" bw="4" slack="0"/>
<pin id="254" dir="1" index="1" bw="4" slack="0"/>
</pin_list>
<bind>
<opset="cmpvv_cfg_strms "/>
</bind>
</comp>

<comp id="258" class="1005" name="cmpvv_cfg_strms_1_reg_258">
<pin_list>
<pin id="259" dir="0" index="0" bw="4" slack="0"/>
<pin id="260" dir="1" index="1" bw="4" slack="0"/>
</pin_list>
<bind>
<opset="cmpvv_cfg_strms_1 "/>
</bind>
</comp>

<comp id="264" class="1005" name="cmpvv_cfg_strms_2_reg_264">
<pin_list>
<pin id="265" dir="0" index="0" bw="4" slack="0"/>
<pin id="266" dir="1" index="1" bw="4" slack="0"/>
</pin_list>
<bind>
<opset="cmpvv_cfg_strms_2 "/>
</bind>
</comp>

<comp id="270" class="1005" name="cmpvv_cfg_strms_3_reg_270">
<pin_list>
<pin id="271" dir="0" index="0" bw="4" slack="0"/>
<pin id="272" dir="1" index="1" bw="4" slack="0"/>
</pin_list>
<bind>
<opset="cmpvv_cfg_strms_3 "/>
</bind>
</comp>

<comp id="276" class="1005" name="cmpvv_cfg_strms_4_reg_276">
<pin_list>
<pin id="277" dir="0" index="0" bw="4" slack="0"/>
<pin id="278" dir="1" index="1" bw="4" slack="0"/>
</pin_list>
<bind>
<opset="cmpvv_cfg_strms_4 "/>
</bind>
</comp>

<comp id="282" class="1005" name="cmpvv_cfg_strms_5_reg_282">
<pin_list>
<pin id="283" dir="0" index="0" bw="4" slack="0"/>
<pin id="284" dir="1" index="1" bw="4" slack="0"/>
</pin_list>
<bind>
<opset="cmpvv_cfg_strms_5 "/>
</bind>
</comp>

<comp id="288" class="1005" name="tt_cfg_strm_reg_288">
<pin_list>
<pin id="289" dir="0" index="0" bw="32" slack="0"/>
<pin id="290" dir="1" index="1" bw="32" slack="0"/>
</pin_list>
<bind>
<opset="tt_cfg_strm "/>
</bind>
</comp>

<comp id="294" class="1005" name="e_v_strm_reg_294">
<pin_list>
<pin id="295" dir="0" index="0" bw="1" slack="0"/>
<pin id="296" dir="1" index="1" bw="1" slack="0"/>
</pin_list>
<bind>
<opset="e_v_strm "/>
</bind>
</comp>

<comp id="300" class="1005" name="e_p_strm_reg_300">
<pin_list>
<pin id="301" dir="0" index="0" bw="1" slack="0"/>
<pin id="302" dir="1" index="1" bw="1" slack="0"/>
</pin_list>
<bind>
<opset="e_p_strm "/>
</bind>
</comp>

<comp id="306" class="1005" name="addr_strm_reg_306">
<pin_list>
<pin id="307" dir="0" index="0" bw="10" slack="2"/>
<pin id="308" dir="1" index="1" bw="10" slack="2"/>
</pin_list>
<bind>
<opset="addr_strm "/>
</bind>
</comp>

<comp id="312" class="1005" name="e_addr_strm_reg_312">
<pin_list>
<pin id="313" dir="0" index="0" bw="1" slack="2"/>
<pin id="314" dir="1" index="1" bw="1" slack="2"/>
</pin_list>
<bind>
<opset="e_addr_strm "/>
</bind>
</comp>

<comp id="318" class="1005" name="b_strm_reg_318">
<pin_list>
<pin id="319" dir="0" index="0" bw="1" slack="4"/>
<pin id="320" dir="1" index="1" bw="1" slack="4"/>
</pin_list>
<bind>
<opset="b_strm "/>
</bind>
</comp>

<comp id="324" class="1005" name="e_b_strm_reg_324">
<pin_list>
<pin id="325" dir="0" index="0" bw="1" slack="4"/>
<pin id="326" dir="1" index="1" bw="1" slack="4"/>
</pin_list>
<bind>
<opset="e_b_strm "/>
</bind>
</comp>

</comp_list>

<net_list>
<net id="91"><net_src comp="18" pin="0"/><net_sink comp="88" pin=0"/></net>

<net id="95"><net_src comp="18" pin="0"/><net_sink comp="92" pin=0"/></net>

<net id="99"><net_src comp="18" pin="0"/><net_sink comp="96" pin=0"/></net>

<net id="103"><net_src comp="18" pin="0"/><net_sink comp="100" pin=0"/></net>

<net id="107"><net_src comp="18" pin="0"/><net_sink comp="104" pin=0"/></net>

<net id="111"><net_src comp="18" pin="0"/><net_sink comp="108" pin=0"/></net>

<net id="115"><net_src comp="18" pin="0"/><net_sink comp="112" pin=0"/></net>

<net id="119"><net_src comp="18" pin="0"/><net_sink comp="116" pin=0"/></net>

<net id="123"><net_src comp="18" pin="0"/><net_sink comp="120" pin=0"/></net>

<net id="127"><net_src comp="18" pin="0"/><net_sink comp="124" pin=0"/></net>

<net id="131"><net_src comp="18" pin="0"/><net_sink comp="128" pin=0"/></net>

<net id="135"><net_src comp="18" pin="0"/><net_sink comp="132" pin=0"/></net>

<net id="139"><net_src comp="18" pin="0"/><net_sink comp="136" pin=0"/></net>

<net id="143"><net_src comp="18" pin="0"/><net_sink comp="140" pin=0"/></net>

<net id="147"><net_src comp="18" pin="0"/><net_sink comp="144" pin=0"/></net>

<net id="151"><net_src comp="18" pin="0"/><net_sink comp="148" pin=0"/></net>

<net id="155"><net_src comp="18" pin="0"/><net_sink comp="152" pin=0"/></net>

<net id="162"><net_src comp="20" pin="0"/><net_sink comp="156" pin=0"/></net>

<net id="163"><net_src comp="12" pin="0"/><net_sink comp="156" pin=1"/></net>

<net id="179"><net_src comp="22" pin="0"/><net_sink comp="164" pin=0"/></net>

<net id="180"><net_src comp="0" pin="0"/><net_sink comp="164" pin=1"/></net>

<net id="201"><net_src comp="24" pin="0"/><net_sink comp="181" pin=0"/></net>

<net id="202"><net_src comp="2" pin="0"/><net_sink comp="181" pin=11"/></net>

<net id="203"><net_src comp="4" pin="0"/><net_sink comp="181" pin=12"/></net>

<net id="204"><net_src comp="6" pin="0"/><net_sink comp="181" pin=13"/></net>

<net id="205"><net_src comp="8" pin="0"/><net_sink comp="181" pin=14"/></net>

<net id="214"><net_src comp="26" pin="0"/><net_sink comp="206" pin=0"/></net>

<net id="224"><net_src comp="28" pin="0"/><net_sink comp="215" pin=0"/></net>

<net id="225"><net_src comp="10" pin="0"/><net_sink comp="215" pin=1"/></net>

<net id="226"><net_src comp="14" pin="0"/><net_sink comp="215" pin=5"/></net>

<net id="227"><net_src comp="16" pin="0"/><net_sink comp="215" pin=6"/></net>

<net id="231"><net_src comp="88" pin="1"/><net_sink comp="228" pin=0"/></net>

<net id="232"><net_src comp="228" pin="1"/><net_sink comp="164" pin=2"/></net>

<net id="233"><net_src comp="228" pin="1"/><net_sink comp="181" pin=1"/></net>

<net id="237"><net_src comp="92" pin="1"/><net_sink comp="234" pin=0"/></net>

<net id="238"><net_src comp="234" pin="1"/><net_sink comp="164" pin=3"/></net>

<net id="239"><net_src comp="234" pin="1"/><net_sink comp="181" pin=2"/></net>

<net id="243"><net_src comp="96" pin="1"/><net_sink comp="240" pin=0"/></net>

<net id="244"><net_src comp="240" pin="1"/><net_sink comp="164" pin=4"/></net>

<net id="245"><net_src comp="240" pin="1"/><net_sink comp="181" pin=3"/></net>

<net id="249"><net_src comp="100" pin="1"/><net_sink comp="246" pin=0"/></net>

<net id="250"><net_src comp="246" pin="1"/><net_sink comp="164" pin=5"/></net>

<net id="251"><net_src comp="246" pin="1"/><net_sink comp="181" pin=4"/></net>

<net id="255"><net_src comp="104" pin="1"/><net_sink comp="252" pin=0"/></net>

<net id="256"><net_src comp="252" pin="1"/><net_sink comp="164" pin=6"/></net>

<net id="257"><net_src comp="252" pin="1"/><net_sink comp="181" pin=5"/></net>

<net id="261"><net_src comp="108" pin="1"/><net_sink comp="258" pin=0"/></net>

<net id="262"><net_src comp="258" pin="1"/><net_sink comp="164" pin=7"/></net>

<net id="263"><net_src comp="258" pin="1"/><net_sink comp="181" pin=6"/></net>

<net id="267"><net_src comp="112" pin="1"/><net_sink comp="264" pin=0"/></net>

<net id="268"><net_src comp="264" pin="1"/><net_sink comp="164" pin=8"/></net>

<net id="269"><net_src comp="264" pin="1"/><net_sink comp="181" pin=7"/></net>

<net id="273"><net_src comp="116" pin="1"/><net_sink comp="270" pin=0"/></net>

<net id="274"><net_src comp="270" pin="1"/><net_sink comp="164" pin=9"/></net>

<net id="275"><net_src comp="270" pin="1"/><net_sink comp="181" pin=8"/></net>

<net id="279"><net_src comp="120" pin="1"/><net_sink comp="276" pin=0"/></net>

<net id="280"><net_src comp="276" pin="1"/><net_sink comp="164" pin=10"/></net>

<net id="281"><net_src comp="276" pin="1"/><net_sink comp="181" pin=9"/></net>

<net id="285"><net_src comp="124" pin="1"/><net_sink comp="282" pin=0"/></net>

<net id="286"><net_src comp="282" pin="1"/><net_sink comp="164" pin=11"/></net>

<net id="287"><net_src comp="282" pin="1"/><net_sink comp="181" pin=10"/></net>

<net id="291"><net_src comp="128" pin="1"/><net_sink comp="288" pin=0"/></net>

<net id="292"><net_src comp="288" pin="1"/><net_sink comp="164" pin=12"/></net>

<net id="293"><net_src comp="288" pin="1"/><net_sink comp="206" pin=1"/></net>

<net id="297"><net_src comp="132" pin="1"/><net_sink comp="294" pin=0"/></net>

<net id="298"><net_src comp="294" pin="1"/><net_sink comp="156" pin=2"/></net>

<net id="299"><net_src comp="294" pin="1"/><net_sink comp="181" pin=15"/></net>

<net id="303"><net_src comp="136" pin="1"/><net_sink comp="300" pin=0"/></net>

<net id="304"><net_src comp="300" pin="1"/><net_sink comp="156" pin=3"/></net>

<net id="305"><net_src comp="300" pin="1"/><net_sink comp="215" pin=2"/></net>

<net id="309"><net_src comp="140" pin="1"/><net_sink comp="306" pin=0"/></net>

<net id="310"><net_src comp="306" pin="1"/><net_sink comp="181" pin=16"/></net>

<net id="311"><net_src comp="306" pin="1"/><net_sink comp="206" pin=2"/></net>

<net id="315"><net_src comp="144" pin="1"/><net_sink comp="312" pin=0"/></net>

<net id="316"><net_src comp="312" pin="1"/><net_sink comp="181" pin=17"/></net>

<net id="317"><net_src comp="312" pin="1"/><net_sink comp="206" pin=3"/></net>

<net id="321"><net_src comp="148" pin="1"/><net_sink comp="318" pin=0"/></net>

<net id="322"><net_src comp="318" pin="1"/><net_sink comp="206" pin=4"/></net>

<net id="323"><net_src comp="318" pin="1"/><net_sink comp="215" pin=3"/></net>

<net id="327"><net_src comp="152" pin="1"/><net_sink comp="324" pin=0"/></net>

<net id="328"><net_src comp="324" pin="1"/><net_sink comp="206" pin=5"/></net>

<net id="329"><net_src comp="324" pin="1"/><net_sink comp="215" pin=4"/></net>

</net_list>

</model> 
---------------- Datapath Model END ------------------

* FSMD analyzer results:
  - Output states:
	Port: filter_cfg_strm | {}
	Port: k_strms_0 | {}
	Port: k_strms_1 | {}
	Port: k_strms_2 | {}
	Port: k_strms_3 | {}
	Port: p_strm | {}
	Port: e_strm | {}
	Port: f_strm | {7 8 }
	Port: e_f_strm | {7 8 }
 - Input state : 
	Port: dynamicFilter<32, 32> : filter_cfg_strm | {1 2 }
	Port: dynamicFilter<32, 32> : k_strms_0 | {3 4 }
	Port: dynamicFilter<32, 32> : k_strms_1 | {3 4 }
	Port: dynamicFilter<32, 32> : k_strms_2 | {3 4 }
	Port: dynamicFilter<32, 32> : k_strms_3 | {3 4 }
	Port: dynamicFilter<32, 32> : p_strm | {7 8 }
	Port: dynamicFilter<32, 32> : e_strm | {1 2 }
	Port: dynamicFilter<32, 32> : f_strm | {}
	Port: dynamicFilter<32, 32> : e_f_strm | {}
  - Chain level:
	State 1
		call_ln551 : 1
		call_ln553 : 1
	State 2
	State 3
	State 4
	State 5
	State 6
	State 7
	State 8


============================================================
+ Verbose Summary: Datapath Resource usage 
============================================================

* Functional unit list:
|----------|---------------------------------------|---------|---------|---------|---------|---------|
| Operation|            Functional Unit            |   BRAM  |  Delay  |    FF   |   LUT   |   URAM  |
|----------|---------------------------------------|---------|---------|---------|---------|---------|
|          |          grp_broadcast_fu_156         |    0    |    0    |    3    |    0    |    0    |
|          | grp_parse_filter_config_4_32_s_fu_164 |    0    |    0    |   152   |    94   |    0    |
|   call   |      grp_compare_ops_32_s_fu_181      |    0    |    0    |   633   |   4800  |    0    |
|          |       grp_true_table_4_s_fu_206       |    0    |  0.387  |    79   |   162   |    0    |
|          |       grp_pred_pass_32_s_fu_215       |    0    |    0    |    40   |    2    |    0    |
|----------|---------------------------------------|---------|---------|---------|---------|---------|
|   Total  |                                       |    0    |  0.387  |   907   |   5058  |    0    |
|----------|---------------------------------------|---------|---------|---------|---------|---------|

Memories:
N/A

* Register list:
+-------------------------+--------+
|                         |   FF   |
+-------------------------+--------+
|    addr_strm_reg_306    |   10   |
|      b_strm_reg_318     |    1   |
|cmpvc_cfg_strms_0_reg_228|   72   |
|cmpvc_cfg_strms_1_reg_234|   72   |
|cmpvc_cfg_strms_2_reg_240|   72   |
|cmpvc_cfg_strms_3_reg_246|   72   |
|cmpvv_cfg_strms_1_reg_258|    4   |
|cmpvv_cfg_strms_2_reg_264|    4   |
|cmpvv_cfg_strms_3_reg_270|    4   |
|cmpvv_cfg_strms_4_reg_276|    4   |
|cmpvv_cfg_strms_5_reg_282|    4   |
| cmpvv_cfg_strms_reg_252 |    4   |
|   e_addr_strm_reg_312   |    1   |
|     e_b_strm_reg_324    |    1   |
|     e_p_strm_reg_300    |    1   |
|     e_v_strm_reg_294    |    1   |
|   tt_cfg_strm_reg_288   |   32   |
+-------------------------+--------+
|          Total          |   359  |
+-------------------------+--------+

* Multiplexer (MUX) list: 
|--------|------|------|------|--------|
|  Comp  |  Pin | Size |  BW  | S x BW |
|--------|------|------|------|--------|
|  Total |      |      |      |    0   |
|--------|------|------|------|--------|



* Summary:
+-----------+--------+--------+--------+--------+--------+
|           |  BRAM  |  Delay |   FF   |   LUT  |  URAM  |
+-----------+--------+--------+--------+--------+--------+
|  Function |    0   |    0   |   907  |  5058  |    0   |
|   Memory  |    -   |    -   |    -   |    -   |    -   |
|Multiplexer|    -   |    -   |    -   |    -   |    -   |
|  Register |    -   |    -   |   359  |    -   |    -   |
+-----------+--------+--------+--------+--------+--------+
|   Total   |    0   |    0   |  1266  |  5058  |    0   |
+-----------+--------+--------+--------+--------+--------+
