

================================================================
== Vitis HLS Report for 'dynamicFilter_32_32_s'
================================================================
* Date:           Mon Feb  3 14:21:55 2025

* Version:        2024.1 (Build 5069499 on May 21 2024)
* Project:        filter_dut
* Solution:       hls (Vivado IP Flow Target)
* Product family: virtexuplus
* Target device:  xcvu9p-flga2104-2-i


================================================================
== Performance Estimates
================================================================
+ Timing: 
    * Summary: 
    +--------+----------+----------+------------+
    |  Clock |  Target  | Estimated| Uncertainty|
    +--------+----------+----------+------------+
    |ap_clk  |  10.00 ns|  4.489 ns|     2.70 ns|
    +--------+----------+----------+------------+

+ Latency: 
    * Summary: 
    +---------+---------+----------+----------+-----+-----+----------+
    |  Latency (cycles) |  Latency (absolute) |  Interval | Pipeline |
    |   min   |   max   |    min   |    max   | min | max |   Type   |
    +---------+---------+----------+----------+-----+-----+----------+
    |        ?|        ?|         ?|         ?|    ?|    ?|  dataflow|
    +---------+---------+----------+----------+-----+-----+----------+

    + Detail: 
        * Instance: 
        N/A

        * Loop: 
        N/A

============================================================
+ Verbose Summary: Synthesis Manager
============================================================
InlineROM: 1
ExposeGlobal: 0
============================================================
+ Verbose Summary: CDFG Model
============================================================
IsTopModel: 0
ResetActiveHigh: 1
IsCombinational: 2
IsDatapathOnly: 0
HasWiredReturn: 1
HasMFsm: 0
HasVarLatency: 1
IsPipeline: 0
IsRtlPipelined: 0
IsInstanceOverlapped: 0
IsDontTouch: 0
HasImplIP: 0
IsGatedGlobalClock: 0


============================================================
+ Verbose Summary: Schedule
============================================================
* Number of FSM states : 8
* Pipeline : 0
* Dataflow Pipeline: 1
  DF-Pipeline-0: Size = 8, States = { 1 2 3 4 5 6 7 8 }

* FSM state transitions: 
1 --> 2 
2 --> 3 
3 --> 4 
4 --> 5 
5 --> 6 
6 --> 7 
7 --> 8 
8 --> 

* FSM state operations: 

State 1 <SV = 0> <Delay = 0.00>
ST_1 : Operation 9 [1/1] (0.00ns)   --->   "%cmpvc_cfg_strms_0 = alloca i64 1"   --->   Operation 9 'alloca' 'cmpvc_cfg_strms_0' <Predicate = true> <Delay = 0.00> <CoreInst = "FIFO_SRL">   --->   Core 80 'FIFO_SRL' <Latency = 0> <II = 1> <Delay = 1.40> <Storage> <Opcode : 'read' 'write' 'nbread' 'nbwrite'> <Ports = 0> <Width = 72> <Depth = 2> <FIFO>
ST_1 : Operation 10 [1/1] (0.00ns)   --->   "%cmpvc_cfg_strms_1 = alloca i64 1"   --->   Operation 10 'alloca' 'cmpvc_cfg_strms_1' <Predicate = true> <Delay = 0.00> <CoreInst = "FIFO_SRL">   --->   Core 80 'FIFO_SRL' <Latency = 0> <II = 1> <Delay = 1.40> <Storage> <Opcode : 'read' 'write' 'nbread' 'nbwrite'> <Ports = 0> <Width = 72> <Depth = 2> <FIFO>
ST_1 : Operation 11 [1/1] (0.00ns)   --->   "%cmpvc_cfg_strms_2 = alloca i64 1"   --->   Operation 11 'alloca' 'cmpvc_cfg_strms_2' <Predicate = true> <Delay = 0.00> <CoreInst = "FIFO_SRL">   --->   Core 80 'FIFO_SRL' <Latency = 0> <II = 1> <Delay = 1.40> <Storage> <Opcode : 'read' 'write' 'nbread' 'nbwrite'> <Ports = 0> <Width = 72> <Depth = 2> <FIFO>
ST_1 : Operation 12 [1/1] (0.00ns)   --->   "%cmpvc_cfg_strms_3 = alloca i64 1"   --->   Operation 12 'alloca' 'cmpvc_cfg_strms_3' <Predicate = true> <Delay = 0.00> <CoreInst = "FIFO_SRL">   --->   Core 80 'FIFO_SRL' <Latency = 0> <II = 1> <Delay = 1.40> <Storage> <Opcode : 'read' 'write' 'nbread' 'nbwrite'> <Ports = 0> <Width = 72> <Depth = 2> <FIFO>
ST_1 : Operation 13 [1/1] (0.00ns)   --->   "%cmpvv_cfg_strms = alloca i64 1" [../../APZ-DA/Addon_Queries/SELECT/dynamic_filter/xf_database/dynamic_filter.hpp:527]   --->   Operation 13 'alloca' 'cmpvv_cfg_strms' <Predicate = true> <Delay = 0.00> <CoreInst = "FIFO_SRL">   --->   Core 80 'FIFO_SRL' <Latency = 0> <II = 1> <Delay = 1.40> <Storage> <Opcode : 'read' 'write' 'nbread' 'nbwrite'> <Ports = 0> <Width = 4> <Depth = 2> <FIFO>
ST_1 : Operation 14 [1/1] (0.00ns)   --->   "%cmpvv_cfg_strms_1 = alloca i64 1" [../../APZ-DA/Addon_Queries/SELECT/dynamic_filter/xf_database/dynamic_filter.hpp:527]   --->   Operation 14 'alloca' 'cmpvv_cfg_strms_1' <Predicate = true> <Delay = 0.00> <CoreInst = "FIFO_SRL">   --->   Core 80 'FIFO_SRL' <Latency = 0> <II = 1> <Delay = 1.40> <Storage> <Opcode : 'read' 'write' 'nbread' 'nbwrite'> <Ports = 0> <Width = 4> <Depth = 2> <FIFO>
ST_1 : Operation 15 [1/1] (0.00ns)   --->   "%cmpvv_cfg_strms_2 = alloca i64 1" [../../APZ-DA/Addon_Queries/SELECT/dynamic_filter/xf_database/dynamic_filter.hpp:527]   --->   Operation 15 'alloca' 'cmpvv_cfg_strms_2' <Predicate = true> <Delay = 0.00> <CoreInst = "FIFO_SRL">   --->   Core 80 'FIFO_SRL' <Latency = 0> <II = 1> <Delay = 1.40> <Storage> <Opcode : 'read' 'write' 'nbread' 'nbwrite'> <Ports = 0> <Width = 4> <Depth = 2> <FIFO>
ST_1 : Operation 16 [1/1] (0.00ns)   --->   "%cmpvv_cfg_strms_3 = alloca i64 1" [../../APZ-DA/Addon_Queries/SELECT/dynamic_filter/xf_database/dynamic_filter.hpp:527]   --->   Operation 16 'alloca' 'cmpvv_cfg_strms_3' <Predicate = true> <Delay = 0.00> <CoreInst = "FIFO_SRL">   --->   Core 80 'FIFO_SRL' <Latency = 0> <II = 1> <Delay = 1.40> <Storage> <Opcode : 'read' 'write' 'nbread' 'nbwrite'> <Ports = 0> <Width = 4> <Depth = 2> <FIFO>
ST_1 : Operation 17 [1/1] (0.00ns)   --->   "%cmpvv_cfg_strms_4 = alloca i64 1" [../../APZ-DA/Addon_Queries/SELECT/dynamic_filter/xf_database/dynamic_filter.hpp:527]   --->   Operation 17 'alloca' 'cmpvv_cfg_strms_4' <Predicate = true> <Delay = 0.00> <CoreInst = "FIFO_SRL">   --->   Core 80 'FIFO_SRL' <Latency = 0> <II = 1> <Delay = 1.40> <Storage> <Opcode : 'read' 'write' 'nbread' 'nbwrite'> <Ports = 0> <Width = 4> <Depth = 2> <FIFO>
ST_1 : Operation 18 [1/1] (0.00ns)   --->   "%cmpvv_cfg_strms_5 = alloca i64 1" [../../APZ-DA/Addon_Queries/SELECT/dynamic_filter/xf_database/dynamic_filter.hpp:527]   --->   Operation 18 'alloca' 'cmpvv_cfg_strms_5' <Predicate = true> <Delay = 0.00> <CoreInst = "FIFO_SRL">   --->   Core 80 'FIFO_SRL' <Latency = 0> <II = 1> <Delay = 1.40> <Storage> <Opcode : 'read' 'write' 'nbread' 'nbwrite'> <Ports = 0> <Width = 4> <Depth = 2> <FIFO>
ST_1 : Operation 19 [1/1] (0.00ns)   --->   "%tt_cfg_strm = alloca i64 1" [../../APZ-DA/Addon_Queries/SELECT/dynamic_filter/xf_database/dynamic_filter.hpp:529]   --->   Operation 19 'alloca' 'tt_cfg_strm' <Predicate = true> <Delay = 0.00> <CoreInst = "FIFO_SRL">   --->   Core 80 'FIFO_SRL' <Latency = 0> <II = 1> <Delay = 1.39> <Storage> <Opcode : 'read' 'write' 'nbread' 'nbwrite'> <Ports = 0> <Width = 32> <Depth = 2> <FIFO>
ST_1 : Operation 20 [1/1] (0.00ns)   --->   "%e_v_strm = alloca i64 1" [../../APZ-DA/Addon_Queries/SELECT/dynamic_filter/xf_database/dynamic_filter.hpp:535]   --->   Operation 20 'alloca' 'e_v_strm' <Predicate = true> <Delay = 0.00> <CoreInst = "FIFO_SRL">   --->   Core 80 'FIFO_SRL' <Latency = 0> <II = 1> <Delay = 1.31> <Storage> <Opcode : 'read' 'write' 'nbread' 'nbwrite'> <Ports = 0> <Width = 1> <Depth = 8> <FIFO>
ST_1 : Operation 21 [1/1] (0.00ns)   --->   "%e_p_strm = alloca i64 1" [../../APZ-DA/Addon_Queries/SELECT/dynamic_filter/xf_database/dynamic_filter.hpp:536]   --->   Operation 21 'alloca' 'e_p_strm' <Predicate = true> <Delay = 0.00> <CoreInst = "FIFO_SRL">   --->   Core 80 'FIFO_SRL' <Latency = 0> <II = 1> <Delay = 1.38> <Storage> <Opcode : 'read' 'write' 'nbread' 'nbwrite'> <Ports = 0> <Width = 1> <Depth = 32> <FIFO>
ST_1 : Operation 22 [1/1] (0.00ns)   --->   "%addr_strm = alloca i64 1" [../../APZ-DA/Addon_Queries/SELECT/dynamic_filter/xf_database/dynamic_filter.hpp:538]   --->   Operation 22 'alloca' 'addr_strm' <Predicate = true> <Delay = 0.00> <CoreInst = "FIFO_SRL">   --->   Core 80 'FIFO_SRL' <Latency = 0> <II = 1> <Delay = 1.38> <Storage> <Opcode : 'read' 'write' 'nbread' 'nbwrite'> <Ports = 0> <Width = 10> <Depth = 8> <FIFO>
ST_1 : Operation 23 [1/1] (0.00ns)   --->   "%e_addr_strm = alloca i64 1" [../../APZ-DA/Addon_Queries/SELECT/dynamic_filter/xf_database/dynamic_filter.hpp:539]   --->   Operation 23 'alloca' 'e_addr_strm' <Predicate = true> <Delay = 0.00> <CoreInst = "FIFO_SRL">   --->   Core 80 'FIFO_SRL' <Latency = 0> <II = 1> <Delay = 1.31> <Storage> <Opcode : 'read' 'write' 'nbread' 'nbwrite'> <Ports = 0> <Width = 1> <Depth = 8> <FIFO>
ST_1 : Operation 24 [1/1] (0.00ns)   --->   "%b_strm = alloca i64 1" [../../APZ-DA/Addon_Queries/SELECT/dynamic_filter/xf_database/dynamic_filter.hpp:541]   --->   Operation 24 'alloca' 'b_strm' <Predicate = true> <Delay = 0.00> <CoreInst = "FIFO_SRL">   --->   Core 80 'FIFO_SRL' <Latency = 0> <II = 1> <Delay = 1.31> <Storage> <Opcode : 'read' 'write' 'nbread' 'nbwrite'> <Ports = 0> <Width = 1> <Depth = 8> <FIFO>
ST_1 : Operation 25 [1/1] (0.00ns)   --->   "%e_b_strm = alloca i64 1" [../../APZ-DA/Addon_Queries/SELECT/dynamic_filter/xf_database/dynamic_filter.hpp:542]   --->   Operation 25 'alloca' 'e_b_strm' <Predicate = true> <Delay = 0.00> <CoreInst = "FIFO_SRL">   --->   Core 80 'FIFO_SRL' <Latency = 0> <II = 1> <Delay = 1.31> <Storage> <Opcode : 'read' 'write' 'nbread' 'nbwrite'> <Ports = 0> <Width = 1> <Depth = 8> <FIFO>
ST_1 : Operation 26 [2/2] (0.00ns)   --->   "%call_ln551 = call void @broadcast, i1 %e_strm, i1 %e_v_strm, i1 %e_p_strm" [../../APZ-DA/Addon_Queries/SELECT/dynamic_filter/xf_database/dynamic_filter.hpp:551]   --->   Operation 26 'call' 'call_ln551' <Predicate = true> <Delay = 0.00> <CoreType = "Generic">   --->   Core 0 '' <Latency = 0> <II = 1> <Delay = 1.00> <Generic> <Opcode : >
ST_1 : Operation 27 [2/2] (0.00ns)   --->   "%call_ln553 = call void @parse_filter_config<4, 32>, i32 %filter_cfg_strm, i72 %cmpvc_cfg_strms_0, i72 %cmpvc_cfg_strms_1, i72 %cmpvc_cfg_strms_2, i72 %cmpvc_cfg_strms_3, i4 %cmpvv_cfg_strms, i4 %cmpvv_cfg_strms_1, i4 %cmpvv_cfg_strms_2, i4 %cmpvv_cfg_strms_3, i4 %cmpvv_cfg_strms_4, i4 %cmpvv_cfg_strms_5, i32 %tt_cfg_strm" [../../APZ-DA/Addon_Queries/SELECT/dynamic_filter/xf_database/dynamic_filter.hpp:553]   --->   Operation 27 'call' 'call_ln553' <Predicate = true> <Delay = 0.00> <CoreType = "Generic">   --->   Core 0 '' <Latency = 0> <II = 1> <Delay = 1.00> <Generic> <Opcode : >

State 2 <SV = 1> <Delay = 0.00>
ST_2 : Operation 28 [1/2] (0.00ns)   --->   "%call_ln551 = call void @broadcast, i1 %e_strm, i1 %e_v_strm, i1 %e_p_strm" [../../APZ-DA/Addon_Queries/SELECT/dynamic_filter/xf_database/dynamic_filter.hpp:551]   --->   Operation 28 'call' 'call_ln551' <Predicate = true> <Delay = 0.00> <CoreType = "Generic">   --->   Core 0 '' <Latency = 0> <II = 1> <Delay = 1.00> <Generic> <Opcode : >
ST_2 : Operation 29 [1/2] (0.00ns)   --->   "%call_ln553 = call void @parse_filter_config<4, 32>, i32 %filter_cfg_strm, i72 %cmpvc_cfg_strms_0, i72 %cmpvc_cfg_strms_1, i72 %cmpvc_cfg_strms_2, i72 %cmpvc_cfg_strms_3, i4 %cmpvv_cfg_strms, i4 %cmpvv_cfg_strms_1, i4 %cmpvv_cfg_strms_2, i4 %cmpvv_cfg_strms_3, i4 %cmpvv_cfg_strms_4, i4 %cmpvv_cfg_strms_5, i32 %tt_cfg_strm" [../../APZ-DA/Addon_Queries/SELECT/dynamic_filter/xf_database/dynamic_filter.hpp:553]   --->   Operation 29 'call' 'call_ln553' <Predicate = true> <Delay = 0.00> <CoreType = "Generic">   --->   Core 0 '' <Latency = 0> <II = 1> <Delay = 1.00> <Generic> <Opcode : >

State 3 <SV = 2> <Delay = 0.00>
ST_3 : Operation 30 [2/2] (0.00ns)   --->   "%call_ln559 = call void @compare_ops<32>, i72 %cmpvc_cfg_strms_0, i72 %cmpvc_cfg_strms_1, i72 %cmpvc_cfg_strms_2, i72 %cmpvc_cfg_strms_3, i4 %cmpvv_cfg_strms, i4 %cmpvv_cfg_strms_1, i4 %cmpvv_cfg_strms_2, i4 %cmpvv_cfg_strms_3, i4 %cmpvv_cfg_strms_4, i4 %cmpvv_cfg_strms_5, i32 %k_strms_0, i32 %k_strms_1, i32 %k_strms_2, i32 %k_strms_3, i1 %e_v_strm, i10 %addr_strm, i1 %e_addr_strm" [../../APZ-DA/Addon_Queries/SELECT/dynamic_filter/xf_database/dynamic_filter.hpp:559]   --->   Operation 30 'call' 'call_ln559' <Predicate = true> <Delay = 0.00> <CoreType = "Generic">   --->   Core 0 '' <Latency = 0> <II = 1> <Delay = 1.00> <Generic> <Opcode : >

State 4 <SV = 3> <Delay = 0.00>
ST_4 : Operation 31 [1/2] (0.00ns)   --->   "%call_ln559 = call void @compare_ops<32>, i72 %cmpvc_cfg_strms_0, i72 %cmpvc_cfg_strms_1, i72 %cmpvc_cfg_strms_2, i72 %cmpvc_cfg_strms_3, i4 %cmpvv_cfg_strms, i4 %cmpvv_cfg_strms_1, i4 %cmpvv_cfg_strms_2, i4 %cmpvv_cfg_strms_3, i4 %cmpvv_cfg_strms_4, i4 %cmpvv_cfg_strms_5, i32 %k_strms_0, i32 %k_strms_1, i32 %k_strms_2, i32 %k_strms_3, i1 %e_v_strm, i10 %addr_strm, i1 %e_addr_strm" [../../APZ-DA/Addon_Queries/SELECT/dynamic_filter/xf_database/dynamic_filter.hpp:559]   --->   Operation 31 'call' 'call_ln559' <Predicate = true> <Delay = 0.00> <CoreType = "Generic">   --->   Core 0 '' <Latency = 0> <II = 1> <Delay = 1.00> <Generic> <Opcode : >

State 5 <SV = 4> <Delay = 0.00>
ST_5 : Operation 32 [2/2] (0.00ns)   --->   "%call_ln568 = call void @true_table<4>, i32 %tt_cfg_strm, i10 %addr_strm, i1 %e_addr_strm, i1 %b_strm, i1 %e_b_strm" [../../APZ-DA/Addon_Queries/SELECT/dynamic_filter/xf_database/dynamic_filter.hpp:568]   --->   Operation 32 'call' 'call_ln568' <Predicate = true> <Delay = 0.00> <CoreType = "Generic">   --->   Core 0 '' <Latency = 0> <II = 1> <Delay = 1.00> <Generic> <Opcode : >

State 6 <SV = 5> <Delay = 0.00>
ST_6 : Operation 33 [1/2] (0.00ns)   --->   "%call_ln568 = call void @true_table<4>, i32 %tt_cfg_strm, i10 %addr_strm, i1 %e_addr_strm, i1 %b_strm, i1 %e_b_strm" [../../APZ-DA/Addon_Queries/SELECT/dynamic_filter/xf_database/dynamic_filter.hpp:568]   --->   Operation 33 'call' 'call_ln568' <Predicate = true> <Delay = 0.00> <CoreType = "Generic">   --->   Core 0 '' <Latency = 0> <II = 1> <Delay = 1.00> <Generic> <Opcode : >

State 7 <SV = 6> <Delay = 0.00>
ST_7 : Operation 34 [2/2] (0.00ns)   --->   "%call_ln574 = call void @pred_pass<32>, i32 %p_strm, i1 %e_p_strm, i1 %b_strm, i1 %e_b_strm, i32 %f_strm, i1 %e_f_strm" [../../APZ-DA/Addon_Queries/SELECT/dynamic_filter/xf_database/dynamic_filter.hpp:574]   --->   Operation 34 'call' 'call_ln574' <Predicate = true> <Delay = 0.00> <CoreType = "Generic">   --->   Core 0 '' <Latency = 0> <II = 1> <Delay = 1.00> <Generic> <Opcode : >

State 8 <SV = 7> <Delay = 0.00>
ST_8 : Operation 35 [1/1] (0.00ns)   --->   "%specdataflowpipeline_ln521 = specdataflowpipeline void @_ssdm_op_SpecDataflowPipeline, i32 4294967295, i32 0, void @empty" [../../APZ-DA/Addon_Queries/SELECT/dynamic_filter/xf_database/dynamic_filter.hpp:521]   --->   Operation 35 'specdataflowpipeline' 'specdataflowpipeline_ln521' <Predicate = true> <Delay = 0.00>
ST_8 : Operation 36 [1/1] (0.00ns)   --->   "%specinterface_ln0 = specinterface void @_ssdm_op_SpecInterface, i1 %e_f_strm, void @empty_8, i32 0, i32 0, void @empty, i32 0, i32 0, void @empty, void @empty, void @empty, i32 0, i32 0, i32 0, i32 0, void @empty, void @empty, i32 4294967295, i32 0, i32 0"   --->   Operation 36 'specinterface' 'specinterface_ln0' <Predicate = true> <Delay = 0.00>
ST_8 : Operation 37 [1/1] (0.00ns)   --->   "%specinterface_ln0 = specinterface void @_ssdm_op_SpecInterface, i32 %f_strm, void @empty_8, i32 0, i32 0, void @empty, i32 0, i32 0, void @empty, void @empty, void @empty, i32 0, i32 0, i32 0, i32 0, void @empty, void @empty, i32 4294967295, i32 0, i32 0"   --->   Operation 37 'specinterface' 'specinterface_ln0' <Predicate = true> <Delay = 0.00>
ST_8 : Operation 38 [1/1] (0.00ns)   --->   "%specinterface_ln0 = specinterface void @_ssdm_op_SpecInterface, i1 %e_strm, void @empty_8, i32 0, i32 0, void @empty, i32 0, i32 0, void @empty, void @empty, void @empty, i32 0, i32 0, i32 0, i32 0, void @empty, void @empty, i32 4294967295, i32 0, i32 0"   --->   Operation 38 'specinterface' 'specinterface_ln0' <Predicate = true> <Delay = 0.00>
ST_8 : Operation 39 [1/1] (0.00ns)   --->   "%specinterface_ln0 = specinterface void @_ssdm_op_SpecInterface, i32 %p_strm, void @empty_8, i32 0, i32 0, void @empty, i32 0, i32 0, void @empty, void @empty, void @empty, i32 0, i32 0, i32 0, i32 0, void @empty, void @empty, i32 4294967295, i32 0, i32 0"   --->   Operation 39 'specinterface' 'specinterface_ln0' <Predicate = true> <Delay = 0.00>
ST_8 : Operation 40 [1/1] (0.00ns)   --->   "%specinterface_ln0 = specinterface void @_ssdm_op_SpecInterface, i32 %k_strms_3, void @empty_8, i32 0, i32 0, void @empty, i32 0, i32 0, void @empty, void @empty, void @empty, i32 0, i32 0, i32 0, i32 0, void @empty, void @empty, i32 4294967295, i32 0, i32 0"   --->   Operation 40 'specinterface' 'specinterface_ln0' <Predicate = true> <Delay = 0.00>
ST_8 : Operation 41 [1/1] (0.00ns)   --->   "%specinterface_ln0 = specinterface void @_ssdm_op_SpecInterface, i32 %k_strms_2, void @empty_8, i32 0, i32 0, void @empty, i32 0, i32 0, void @empty, void @empty, void @empty, i32 0, i32 0, i32 0, i32 0, void @empty, void @empty, i32 4294967295, i32 0, i32 0"   --->   Operation 41 'specinterface' 'specinterface_ln0' <Predicate = true> <Delay = 0.00>
ST_8 : Operation 42 [1/1] (0.00ns)   --->   "%specinterface_ln0 = specinterface void @_ssdm_op_SpecInterface, i32 %k_strms_1, void @empty_8, i32 0, i32 0, void @empty, i32 0, i32 0, void @empty, void @empty, void @empty, i32 0, i32 0, i32 0, i32 0, void @empty, void @empty, i32 4294967295, i32 0, i32 0"   --->   Operation 42 'specinterface' 'specinterface_ln0' <Predicate = true> <Delay = 0.00>
ST_8 : Operation 43 [1/1] (0.00ns)   --->   "%specinterface_ln0 = specinterface void @_ssdm_op_SpecInterface, i32 %k_strms_0, void @empty_8, i32 0, i32 0, void @empty, i32 0, i32 0, void @empty, void @empty, void @empty, i32 0, i32 0, i32 0, i32 0, void @empty, void @empty, i32 4294967295, i32 0, i32 0"   --->   Operation 43 'specinterface' 'specinterface_ln0' <Predicate = true> <Delay = 0.00>
ST_8 : Operation 44 [1/1] (0.00ns)   --->   "%specinterface_ln0 = specinterface void @_ssdm_op_SpecInterface, i32 %filter_cfg_strm, void @empty_8, i32 0, i32 0, void @empty, i32 0, i32 0, void @empty, void @empty, void @empty, i32 0, i32 0, i32 0, i32 0, void @empty, void @empty, i32 4294967295, i32 0, i32 0"   --->   Operation 44 'specinterface' 'specinterface_ln0' <Predicate = true> <Delay = 0.00>
ST_8 : Operation 45 [1/1] (0.00ns)   --->   "%empty = specchannel i32 @_ssdm_op_SpecChannel, void @cmpvc_cfg_strms_0_str, i32 1, void @p_str, void @p_str, i32 2, i32 2, i72 %cmpvc_cfg_strms_0, i72 %cmpvc_cfg_strms_0"   --->   Operation 45 'specchannel' 'empty' <Predicate = true> <Delay = 0.00>
ST_8 : Operation 46 [1/1] (0.00ns)   --->   "%specinterface_ln0 = specinterface void @_ssdm_op_SpecInterface, i72 %cmpvc_cfg_strms_0, void @empty_8, i32 0, i32 0, void @empty, i32 0, i32 0, void @empty, void @empty, void @empty, i32 0, i32 0, i32 0, i32 0, void @empty, void @empty, i32 4294967295, i32 0, i32 0"   --->   Operation 46 'specinterface' 'specinterface_ln0' <Predicate = true> <Delay = 0.00>
ST_8 : Operation 47 [1/1] (0.00ns)   --->   "%empty_40 = specchannel i32 @_ssdm_op_SpecChannel, void @cmpvc_cfg_strms_1_str, i32 1, void @p_str, void @p_str, i32 2, i32 2, i72 %cmpvc_cfg_strms_1, i72 %cmpvc_cfg_strms_1"   --->   Operation 47 'specchannel' 'empty_40' <Predicate = true> <Delay = 0.00>
ST_8 : Operation 48 [1/1] (0.00ns)   --->   "%specinterface_ln0 = specinterface void @_ssdm_op_SpecInterface, i72 %cmpvc_cfg_strms_1, void @empty_8, i32 0, i32 0, void @empty, i32 0, i32 0, void @empty, void @empty, void @empty, i32 0, i32 0, i32 0, i32 0, void @empty, void @empty, i32 4294967295, i32 0, i32 0"   --->   Operation 48 'specinterface' 'specinterface_ln0' <Predicate = true> <Delay = 0.00>
ST_8 : Operation 49 [1/1] (0.00ns)   --->   "%empty_41 = specchannel i32 @_ssdm_op_SpecChannel, void @cmpvc_cfg_strms_2_str, i32 1, void @p_str, void @p_str, i32 2, i32 2, i72 %cmpvc_cfg_strms_2, i72 %cmpvc_cfg_strms_2"   --->   Operation 49 'specchannel' 'empty_41' <Predicate = true> <Delay = 0.00>
ST_8 : Operation 50 [1/1] (0.00ns)   --->   "%specinterface_ln0 = specinterface void @_ssdm_op_SpecInterface, i72 %cmpvc_cfg_strms_2, void @empty_8, i32 0, i32 0, void @empty, i32 0, i32 0, void @empty, void @empty, void @empty, i32 0, i32 0, i32 0, i32 0, void @empty, void @empty, i32 4294967295, i32 0, i32 0"   --->   Operation 50 'specinterface' 'specinterface_ln0' <Predicate = true> <Delay = 0.00>
ST_8 : Operation 51 [1/1] (0.00ns)   --->   "%empty_42 = specchannel i32 @_ssdm_op_SpecChannel, void @cmpvc_cfg_strms_3_str, i32 1, void @p_str, void @p_str, i32 2, i32 2, i72 %cmpvc_cfg_strms_3, i72 %cmpvc_cfg_strms_3"   --->   Operation 51 'specchannel' 'empty_42' <Predicate = true> <Delay = 0.00>
ST_8 : Operation 52 [1/1] (0.00ns)   --->   "%specinterface_ln0 = specinterface void @_ssdm_op_SpecInterface, i72 %cmpvc_cfg_strms_3, void @empty_8, i32 0, i32 0, void @empty, i32 0, i32 0, void @empty, void @empty, void @empty, i32 0, i32 0, i32 0, i32 0, void @empty, void @empty, i32 4294967295, i32 0, i32 0"   --->   Operation 52 'specinterface' 'specinterface_ln0' <Predicate = true> <Delay = 0.00>
ST_8 : Operation 53 [1/1] (0.00ns)   --->   "%empty_43 = specchannel i32 @_ssdm_op_SpecChannel, void @cmpvv_cfg_strms_str, i32 1, void @p_str, void @p_str, i32 2, i32 2, i4 %cmpvv_cfg_strms, i4 %cmpvv_cfg_strms"   --->   Operation 53 'specchannel' 'empty_43' <Predicate = true> <Delay = 0.00>
ST_8 : Operation 54 [1/1] (0.00ns)   --->   "%specinterface_ln0 = specinterface void @_ssdm_op_SpecInterface, i4 %cmpvv_cfg_strms, void @empty_8, i32 0, i32 0, void @empty, i32 0, i32 0, void @empty, void @empty, void @empty, i32 0, i32 0, i32 0, i32 0, void @empty, void @empty, i32 4294967295, i32 0, i32 0"   --->   Operation 54 'specinterface' 'specinterface_ln0' <Predicate = true> <Delay = 0.00>
ST_8 : Operation 55 [1/1] (0.00ns)   --->   "%empty_44 = specchannel i32 @_ssdm_op_SpecChannel, void @cmpvv_cfg_strms_OC_1_str, i32 1, void @p_str, void @p_str, i32 2, i32 2, i4 %cmpvv_cfg_strms_1, i4 %cmpvv_cfg_strms_1"   --->   Operation 55 'specchannel' 'empty_44' <Predicate = true> <Delay = 0.00>
ST_8 : Operation 56 [1/1] (0.00ns)   --->   "%specinterface_ln0 = specinterface void @_ssdm_op_SpecInterface, i4 %cmpvv_cfg_strms_1, void @empty_8, i32 0, i32 0, void @empty, i32 0, i32 0, void @empty, void @empty, void @empty, i32 0, i32 0, i32 0, i32 0, void @empty, void @empty, i32 4294967295, i32 0, i32 0"   --->   Operation 56 'specinterface' 'specinterface_ln0' <Predicate = true> <Delay = 0.00>
ST_8 : Operation 57 [1/1] (0.00ns)   --->   "%empty_45 = specchannel i32 @_ssdm_op_SpecChannel, void @cmpvv_cfg_strms_OC_2_str, i32 1, void @p_str, void @p_str, i32 2, i32 2, i4 %cmpvv_cfg_strms_2, i4 %cmpvv_cfg_strms_2"   --->   Operation 57 'specchannel' 'empty_45' <Predicate = true> <Delay = 0.00>
ST_8 : Operation 58 [1/1] (0.00ns)   --->   "%specinterface_ln0 = specinterface void @_ssdm_op_SpecInterface, i4 %cmpvv_cfg_strms_2, void @empty_8, i32 0, i32 0, void @empty, i32 0, i32 0, void @empty, void @empty, void @empty, i32 0, i32 0, i32 0, i32 0, void @empty, void @empty, i32 4294967295, i32 0, i32 0"   --->   Operation 58 'specinterface' 'specinterface_ln0' <Predicate = true> <Delay = 0.00>
ST_8 : Operation 59 [1/1] (0.00ns)   --->   "%empty_46 = specchannel i32 @_ssdm_op_SpecChannel, void @cmpvv_cfg_strms_OC_3_str, i32 1, void @p_str, void @p_str, i32 2, i32 2, i4 %cmpvv_cfg_strms_3, i4 %cmpvv_cfg_strms_3"   --->   Operation 59 'specchannel' 'empty_46' <Predicate = true> <Delay = 0.00>
ST_8 : Operation 60 [1/1] (0.00ns)   --->   "%specinterface_ln0 = specinterface void @_ssdm_op_SpecInterface, i4 %cmpvv_cfg_strms_3, void @empty_8, i32 0, i32 0, void @empty, i32 0, i32 0, void @empty, void @empty, void @empty, i32 0, i32 0, i32 0, i32 0, void @empty, void @empty, i32 4294967295, i32 0, i32 0"   --->   Operation 60 'specinterface' 'specinterface_ln0' <Predicate = true> <Delay = 0.00>
ST_8 : Operation 61 [1/1] (0.00ns)   --->   "%empty_47 = specchannel i32 @_ssdm_op_SpecChannel, void @cmpvv_cfg_strms_OC_4_str, i32 1, void @p_str, void @p_str, i32 2, i32 2, i4 %cmpvv_cfg_strms_4, i4 %cmpvv_cfg_strms_4"   --->   Operation 61 'specchannel' 'empty_47' <Predicate = true> <Delay = 0.00>
ST_8 : Operation 62 [1/1] (0.00ns)   --->   "%specinterface_ln0 = specinterface void @_ssdm_op_SpecInterface, i4 %cmpvv_cfg_strms_4, void @empty_8, i32 0, i32 0, void @empty, i32 0, i32 0, void @empty, void @empty, void @empty, i32 0, i32 0, i32 0, i32 0, void @empty, void @empty, i32 4294967295, i32 0, i32 0"   --->   Operation 62 'specinterface' 'specinterface_ln0' <Predicate = true> <Delay = 0.00>
ST_8 : Operation 63 [1/1] (0.00ns)   --->   "%empty_48 = specchannel i32 @_ssdm_op_SpecChannel, void @cmpvv_cfg_strms_OC_5_str, i32 1, void @p_str, void @p_str, i32 2, i32 2, i4 %cmpvv_cfg_strms_5, i4 %cmpvv_cfg_strms_5"   --->   Operation 63 'specchannel' 'empty_48' <Predicate = true> <Delay = 0.00>
ST_8 : Operation 64 [1/1] (0.00ns)   --->   "%specinterface_ln0 = specinterface void @_ssdm_op_SpecInterface, i4 %cmpvv_cfg_strms_5, void @empty_8, i32 0, i32 0, void @empty, i32 0, i32 0, void @empty, void @empty, void @empty, i32 0, i32 0, i32 0, i32 0, void @empty, void @empty, i32 4294967295, i32 0, i32 0"   --->   Operation 64 'specinterface' 'specinterface_ln0' <Predicate = true> <Delay = 0.00>
ST_8 : Operation 65 [1/1] (0.00ns)   --->   "%empty_49 = specchannel i32 @_ssdm_op_SpecChannel, void @tt_cfg_strm_str, i32 1, void @p_str, void @p_str, i32 2, i32 2, i32 %tt_cfg_strm, i32 %tt_cfg_strm"   --->   Operation 65 'specchannel' 'empty_49' <Predicate = true> <Delay = 0.00>
ST_8 : Operation 66 [1/1] (0.00ns)   --->   "%specinterface_ln0 = specinterface void @_ssdm_op_SpecInterface, i32 %tt_cfg_strm, void @empty_8, i32 0, i32 0, void @empty, i32 0, i32 0, void @empty, void @empty, void @empty, i32 0, i32 0, i32 0, i32 0, void @empty, void @empty, i32 4294967295, i32 0, i32 0"   --->   Operation 66 'specinterface' 'specinterface_ln0' <Predicate = true> <Delay = 0.00>
ST_8 : Operation 67 [1/1] (0.00ns)   --->   "%empty_50 = specchannel i32 @_ssdm_op_SpecChannel, void @e_v_strm_str, i32 1, void @p_str, void @p_str, i32 8, i32 8, i1 %e_v_strm, i1 %e_v_strm"   --->   Operation 67 'specchannel' 'empty_50' <Predicate = true> <Delay = 0.00>
ST_8 : Operation 68 [1/1] (0.00ns)   --->   "%specinterface_ln0 = specinterface void @_ssdm_op_SpecInterface, i1 %e_v_strm, void @empty_8, i32 0, i32 0, void @empty, i32 0, i32 0, void @empty, void @empty, void @empty, i32 0, i32 0, i32 0, i32 0, void @empty, void @empty, i32 4294967295, i32 0, i32 0"   --->   Operation 68 'specinterface' 'specinterface_ln0' <Predicate = true> <Delay = 0.00>
ST_8 : Operation 69 [1/1] (0.00ns)   --->   "%empty_51 = specchannel i32 @_ssdm_op_SpecChannel, void @e_p_strm_str, i32 1, void @p_str, void @p_str, i32 32, i32 32, i1 %e_p_strm, i1 %e_p_strm"   --->   Operation 69 'specchannel' 'empty_51' <Predicate = true> <Delay = 0.00>
ST_8 : Operation 70 [1/1] (0.00ns)   --->   "%specinterface_ln0 = specinterface void @_ssdm_op_SpecInterface, i1 %e_p_strm, void @empty_8, i32 0, i32 0, void @empty, i32 0, i32 0, void @empty, void @empty, void @empty, i32 0, i32 0, i32 0, i32 0, void @empty, void @empty, i32 4294967295, i32 0, i32 0"   --->   Operation 70 'specinterface' 'specinterface_ln0' <Predicate = true> <Delay = 0.00>
ST_8 : Operation 71 [1/1] (0.00ns)   --->   "%empty_52 = specchannel i32 @_ssdm_op_SpecChannel, void @addr_strm_str, i32 1, void @p_str, void @p_str, i32 8, i32 8, i10 %addr_strm, i10 %addr_strm"   --->   Operation 71 'specchannel' 'empty_52' <Predicate = true> <Delay = 0.00>
ST_8 : Operation 72 [1/1] (0.00ns)   --->   "%specinterface_ln0 = specinterface void @_ssdm_op_SpecInterface, i10 %addr_strm, void @empty_8, i32 0, i32 0, void @empty, i32 0, i32 0, void @empty, void @empty, void @empty, i32 0, i32 0, i32 0, i32 0, void @empty, void @empty, i32 4294967295, i32 0, i32 0"   --->   Operation 72 'specinterface' 'specinterface_ln0' <Predicate = true> <Delay = 0.00>
ST_8 : Operation 73 [1/1] (0.00ns)   --->   "%empty_53 = specchannel i32 @_ssdm_op_SpecChannel, void @e_addr_strm_str, i32 1, void @p_str, void @p_str, i32 8, i32 8, i1 %e_addr_strm, i1 %e_addr_strm"   --->   Operation 73 'specchannel' 'empty_53' <Predicate = true> <Delay = 0.00>
ST_8 : Operation 74 [1/1] (0.00ns)   --->   "%specinterface_ln0 = specinterface void @_ssdm_op_SpecInterface, i1 %e_addr_strm, void @empty_8, i32 0, i32 0, void @empty, i32 0, i32 0, void @empty, void @empty, void @empty, i32 0, i32 0, i32 0, i32 0, void @empty, void @empty, i32 4294967295, i32 0, i32 0"   --->   Operation 74 'specinterface' 'specinterface_ln0' <Predicate = true> <Delay = 0.00>
ST_8 : Operation 75 [1/1] (0.00ns)   --->   "%empty_54 = specchannel i32 @_ssdm_op_SpecChannel, void @b_strm_str, i32 1, void @p_str, void @p_str, i32 8, i32 8, i1 %b_strm, i1 %b_strm"   --->   Operation 75 'specchannel' 'empty_54' <Predicate = true> <Delay = 0.00>
ST_8 : Operation 76 [1/1] (0.00ns)   --->   "%specinterface_ln0 = specinterface void @_ssdm_op_SpecInterface, i1 %b_strm, void @empty_8, i32 0, i32 0, void @empty, i32 0, i32 0, void @empty, void @empty, void @empty, i32 0, i32 0, i32 0, i32 0, void @empty, void @empty, i32 4294967295, i32 0, i32 0"   --->   Operation 76 'specinterface' 'specinterface_ln0' <Predicate = true> <Delay = 0.00>
ST_8 : Operation 77 [1/1] (0.00ns)   --->   "%empty_55 = specchannel i32 @_ssdm_op_SpecChannel, void @e_b_strm_str, i32 1, void @p_str, void @p_str, i32 8, i32 8, i1 %e_b_strm, i1 %e_b_strm"   --->   Operation 77 'specchannel' 'empty_55' <Predicate = true> <Delay = 0.00>
ST_8 : Operation 78 [1/1] (0.00ns)   --->   "%specinterface_ln0 = specinterface void @_ssdm_op_SpecInterface, i1 %e_b_strm, void @empty_8, i32 0, i32 0, void @empty, i32 0, i32 0, void @empty, void @empty, void @empty, i32 0, i32 0, i32 0, i32 0, void @empty, void @empty, i32 4294967295, i32 0, i32 0"   --->   Operation 78 'specinterface' 'specinterface_ln0' <Predicate = true> <Delay = 0.00>
ST_8 : Operation 79 [1/2] (0.00ns)   --->   "%call_ln574 = call void @pred_pass<32>, i32 %p_strm, i1 %e_p_strm, i1 %b_strm, i1 %e_b_strm, i32 %f_strm, i1 %e_f_strm" [../../APZ-DA/Addon_Queries/SELECT/dynamic_filter/xf_database/dynamic_filter.hpp:574]   --->   Operation 79 'call' 'call_ln574' <Predicate = true> <Delay = 0.00> <CoreType = "Generic">   --->   Core 0 '' <Latency = 0> <II = 1> <Delay = 1.00> <Generic> <Opcode : >
ST_8 : Operation 80 [1/1] (0.00ns)   --->   "%ret_ln577 = ret" [../../APZ-DA/Addon_Queries/SELECT/dynamic_filter/xf_database/dynamic_filter.hpp:577]   --->   Operation 80 'ret' 'ret_ln577' <Predicate = true> <Delay = 0.00>


============================================================
+ Verbose Summary: Timing violations
============================================================
Target clock period: 10.000ns, clock uncertainty: 2.700ns.

 <State 1>: 0.000ns
The critical path consists of the following:

 <State 2>: 0.000ns
The critical path consists of the following:

 <State 3>: 0.000ns
The critical path consists of the following:

 <State 4>: 0.000ns
The critical path consists of the following:

 <State 5>: 0.000ns
The critical path consists of the following:

 <State 6>: 0.000ns
The critical path consists of the following:

 <State 7>: 0.000ns
The critical path consists of the following:

 <State 8>: 0.000ns
The critical path consists of the following:


============================================================
+ Verbose Summary: Binding
============================================================
N/A
* FSMD analyzer results:
  - Output states:
 - Input state : 
  - Chain level:
	State 1
	State 2
	State 3
	State 4
	State 5
	State 6
	State 7
	State 8


============================================================
+ Verbose Summary: Datapath Resource usage 
============================================================
N/A
