

================================================================
== Vitis HLS Report for 'parse_filter_config_4_32_Pipeline_VITIS_LOOP_419_1'
================================================================
* Date:           Mon Feb  3 14:21:53 2025

* Version:        2024.1 (Build 5069499 on May 21 2024)
* Project:        filter_dut
* Solution:       hls (Vivado IP Flow Target)
* Product family: virtexuplus
* Target device:  xcvu9p-flga2104-2-i


================================================================
== Performance Estimates
================================================================
+ Timing: 
    * Summary: 
    +--------+----------+----------+------------+
    |  Clock |  Target  | Estimated| Uncertainty|
    +--------+----------+----------+------------+
    |ap_clk  |  10.00 ns|  2.833 ns|     2.70 ns|
    +--------+----------+----------+------------+

+ Latency: 
    * Summary: 
    +---------+---------+----------+----------+-----+-----+-----------------------------------------------+
    |  Latency (cycles) |  Latency (absolute) |  Interval |                    Pipeline                   |
    |   min   |   max   |    min   |    max   | min | max |                      Type                     |
    +---------+---------+----------+----------+-----+-----+-----------------------------------------------+
    |       14|       14|  0.140 us|  0.140 us|   13|   13|  loop auto-rewind stp(delay=0 clock cycles(s))|
    +---------+---------+----------+----------+-----+-----+-----------------------------------------------+

    + Detail: 
        * Instance: 
        N/A

        * Loop: 
        +--------------------+---------+---------+----------+-----------+-----------+------+----------+
        |                    |  Latency (cycles) | Iteration|  Initiation Interval  | Trip |          |
        |      Loop Name     |   min   |   max   |  Latency |  achieved |   target  | Count| Pipelined|
        +--------------------+---------+---------+----------+-----------+-----------+------+----------+
        |- VITIS_LOOP_419_1  |       12|       12|         4|          3|          1|     4|       yes|
        +--------------------+---------+---------+----------+-----------+-----------+------+----------+

============================================================
+ Verbose Summary: Synthesis Manager
============================================================
InlineROM: 1
ExposeGlobal: 0
============================================================
+ Verbose Summary: CDFG Model
============================================================
IsTopModel: 0
ResetActiveHigh: 1
IsCombinational: 0
IsDatapathOnly: 0
HasWiredReturn: 1
HasMFsm: 2
HasVarLatency: 1
IsPipeline: 0
IsRtlPipelined: 0
IsInstanceOverlapped: 0
IsDontTouch: 0
HasImplIP: 0
IsGatedGlobalClock: 0

+ Individual pipeline summary: 
  * Pipeline-0: initiation interval (II) = 3, depth = 4


============================================================
+ Verbose Summary: Schedule
============================================================
* Number of FSM states : 4
* Pipeline : 1
  Pipeline-0 : II = 3, D = 4, States = { 1 2 3 4 }
* Dataflow Pipeline: 0

* FSM state transitions: 
1 --> 2 
2 --> 3 
3 --> 4 
4 --> 

* FSM state operations: 

State 1 <SV = 0> <Delay = 1.34>
ST_1 : Operation 7 [1/1] (0.00ns)   --->   "%i = alloca i32 1" [../../APZ-DA/Addon_Queries/SELECT/dynamic_filter/xf_database/dynamic_filter.hpp:419]   --->   Operation 7 'alloca' 'i' <Predicate = true> <Delay = 0.00>
ST_1 : Operation 8 [1/1] (0.00ns)   --->   "%specinterface_ln0 = specinterface void @_ssdm_op_SpecInterface, i32 %filter_cfg_strm, void @empty_8, i32 0, i32 0, void @empty, i32 0, i32 0, void @empty, void @empty, void @empty, i32 0, i32 0, i32 0, i32 0, void @empty, void @empty, i32 4294967295, i32 0, i32 0"   --->   Operation 8 'specinterface' 'specinterface_ln0' <Predicate = true> <Delay = 0.00>
ST_1 : Operation 9 [1/1] (0.00ns)   --->   "%specinterface_ln0 = specinterface void @_ssdm_op_SpecInterface, i72 %cmpvc_cfg_strms_0, void @empty_8, i32 0, i32 0, void @empty, i32 0, i32 0, void @empty, void @empty, void @empty, i32 0, i32 0, i32 0, i32 0, void @empty, void @empty, i32 4294967295, i32 0, i32 0"   --->   Operation 9 'specinterface' 'specinterface_ln0' <Predicate = true> <Delay = 0.00>
ST_1 : Operation 10 [1/1] (0.00ns)   --->   "%specinterface_ln0 = specinterface void @_ssdm_op_SpecInterface, i72 %cmpvc_cfg_strms_1, void @empty_8, i32 0, i32 0, void @empty, i32 0, i32 0, void @empty, void @empty, void @empty, i32 0, i32 0, i32 0, i32 0, void @empty, void @empty, i32 4294967295, i32 0, i32 0"   --->   Operation 10 'specinterface' 'specinterface_ln0' <Predicate = true> <Delay = 0.00>
ST_1 : Operation 11 [1/1] (0.00ns)   --->   "%specinterface_ln0 = specinterface void @_ssdm_op_SpecInterface, i72 %cmpvc_cfg_strms_2, void @empty_8, i32 0, i32 0, void @empty, i32 0, i32 0, void @empty, void @empty, void @empty, i32 0, i32 0, i32 0, i32 0, void @empty, void @empty, i32 4294967295, i32 0, i32 0"   --->   Operation 11 'specinterface' 'specinterface_ln0' <Predicate = true> <Delay = 0.00>
ST_1 : Operation 12 [1/1] (0.00ns)   --->   "%specinterface_ln0 = specinterface void @_ssdm_op_SpecInterface, i72 %cmpvc_cfg_strms_3, void @empty_8, i32 0, i32 0, void @empty, i32 0, i32 0, void @empty, void @empty, void @empty, i32 0, i32 0, i32 0, i32 0, void @empty, void @empty, i32 4294967295, i32 0, i32 0"   --->   Operation 12 'specinterface' 'specinterface_ln0' <Predicate = true> <Delay = 0.00>
ST_1 : Operation 13 [1/1] (0.38ns)   --->   "%store_ln419 = store i3 0, i3 %i" [../../APZ-DA/Addon_Queries/SELECT/dynamic_filter/xf_database/dynamic_filter.hpp:419]   --->   Operation 13 'store' 'store_ln419' <Predicate = true> <Delay = 0.38>
ST_1 : Operation 14 [1/1] (0.00ns)   --->   "%br_ln419 = br void %VITIS_LOOP_421_2" [../../APZ-DA/Addon_Queries/SELECT/dynamic_filter/xf_database/dynamic_filter.hpp:419]   --->   Operation 14 'br' 'br_ln419' <Predicate = true> <Delay = 0.00>
ST_1 : Operation 15 [1/1] (0.00ns)   --->   "%i_3 = load i3 %i" [../../APZ-DA/Addon_Queries/SELECT/dynamic_filter/xf_database/dynamic_filter.hpp:419]   --->   Operation 15 'load' 'i_3' <Predicate = true> <Delay = 0.00>
ST_1 : Operation 16 [1/1] (0.57ns)   --->   "%icmp_ln419 = icmp_eq  i3 %i_3, i3 4" [../../APZ-DA/Addon_Queries/SELECT/dynamic_filter/xf_database/dynamic_filter.hpp:419]   --->   Operation 16 'icmp' 'icmp_ln419' <Predicate = true> <Delay = 0.57> <CoreInst = "Cmp">   --->   Core 9 'Cmp' <Latency = 0> <II = 1> <Delay = 0.57> <FuncUnit> <Opcode : 'seteq' 'setne' 'setle' 'setge' 'setlt' 'setgt'> <InPorts = 2> <OutPorts = 1>
ST_1 : Operation 17 [1/1] (0.57ns)   --->   "%add_ln419 = add i3 %i_3, i3 1" [../../APZ-DA/Addon_Queries/SELECT/dynamic_filter/xf_database/dynamic_filter.hpp:419]   --->   Operation 17 'add' 'add_ln419' <Predicate = true> <Delay = 0.57> <CoreInst = "Adder">   --->   Core 1 'Adder' <Latency = 0> <II = 1> <Delay = 0.57> <FuncUnit> <Opcode : 'add' 'sub'> <InPorts = 2> <OutPorts = 1>
ST_1 : Operation 18 [1/1] (0.00ns)   --->   "%br_ln419 = br i1 %icmp_ln419, void %VITIS_LOOP_421_2.split, void %for.body38.preheader.exitStub" [../../APZ-DA/Addon_Queries/SELECT/dynamic_filter/xf_database/dynamic_filter.hpp:419]   --->   Operation 18 'br' 'br_ln419' <Predicate = true> <Delay = 0.00>
ST_1 : Operation 19 [1/1] (0.00ns)   --->   "%trunc_ln419 = trunc i3 %i_3" [../../APZ-DA/Addon_Queries/SELECT/dynamic_filter/xf_database/dynamic_filter.hpp:419]   --->   Operation 19 'trunc' 'trunc_ln419' <Predicate = (!icmp_ln419)> <Delay = 0.00>
ST_1 : Operation 20 [1/1] (0.66ns)   --->   "%switch_ln432 = switch i2 %trunc_ln419, void %V.i17701.case.3, i2 0, void %V.i17701.case.0, i2 1, void %V.i17701.case.1, i2 2, void %V.i17701.case.2" [../../APZ-DA/Addon_Queries/SELECT/dynamic_filter/xf_database/dynamic_filter.hpp:432]   --->   Operation 20 'switch' 'switch_ln432' <Predicate = (!icmp_ln419)> <Delay = 0.66>
ST_1 : Operation 21 [1/1] (0.38ns)   --->   "%store_ln419 = store i3 %add_ln419, i3 %i" [../../APZ-DA/Addon_Queries/SELECT/dynamic_filter/xf_database/dynamic_filter.hpp:419]   --->   Operation 21 'store' 'store_ln419' <Predicate = (!icmp_ln419)> <Delay = 0.38>
ST_1 : Operation 22 [1/1] (0.00ns)   --->   "%br_ln419 = br void %VITIS_LOOP_421_2" [../../APZ-DA/Addon_Queries/SELECT/dynamic_filter/xf_database/dynamic_filter.hpp:419]   --->   Operation 22 'br' 'br_ln419' <Predicate = (!icmp_ln419)> <Delay = 0.00>
ST_1 : Operation 40 [1/1] (0.38ns)   --->   "%ret_ln0 = ret"   --->   Operation 40 'ret' 'ret_ln0' <Predicate = (icmp_ln419)> <Delay = 0.38>

State 2 <SV = 1> <Delay = 1.42>
ST_2 : Operation 23 [1/1] (1.42ns)   --->   "%cfg_l = read i32 @_ssdm_op_Read.ap_fifo.volatile.i32P0A, i32 %filter_cfg_strm" [../../APZ-DA/Addon_Queries/SELECT/dynamic_filter/xf_database/dynamic_filter.hpp:423]   --->   Operation 23 'read' 'cfg_l' <Predicate = (!icmp_ln419)> <Delay = 1.42> <CoreInst = "FIFO">   --->   Core 77 'FIFO' <Latency = 0> <II = 1> <Delay = 1.42> <Storage> <Opcode : 'read' 'write' 'nbread' 'nbwrite'> <Ports = 0> <Width = -1> <Depth = -1> <FIFO>

State 3 <SV = 2> <Delay = 1.42>
ST_3 : Operation 24 [1/1] (1.42ns)   --->   "%cfg_r = read i32 @_ssdm_op_Read.ap_fifo.volatile.i32P0A, i32 %filter_cfg_strm" [../../APZ-DA/Addon_Queries/SELECT/dynamic_filter/xf_database/dynamic_filter.hpp:427]   --->   Operation 24 'read' 'cfg_r' <Predicate = (!icmp_ln419)> <Delay = 1.42> <CoreInst = "FIFO">   --->   Core 77 'FIFO' <Latency = 0> <II = 1> <Delay = 1.42> <Storage> <Opcode : 'read' 'write' 'nbread' 'nbwrite'> <Ports = 0> <Width = -1> <Depth = -1> <FIFO>

State 4 <SV = 3> <Delay = 2.83>
ST_4 : Operation 25 [1/1] (0.00ns)   --->   "%specpipeline_ln419 = specpipeline void @_ssdm_op_SpecPipeline, i32 4294967295, i32 0, i32 0, i32 0, void @empty" [../../APZ-DA/Addon_Queries/SELECT/dynamic_filter/xf_database/dynamic_filter.hpp:419]   --->   Operation 25 'specpipeline' 'specpipeline_ln419' <Predicate = true> <Delay = 0.00>
ST_4 : Operation 26 [1/1] (0.00ns)   --->   "%speclooptripcount_ln419 = speclooptripcount void @_ssdm_op_SpecLoopTripCount, i64 4, i64 4, i64 4" [../../APZ-DA/Addon_Queries/SELECT/dynamic_filter/xf_database/dynamic_filter.hpp:419]   --->   Operation 26 'speclooptripcount' 'speclooptripcount_ln419' <Predicate = true> <Delay = 0.00>
ST_4 : Operation 27 [1/1] (0.00ns)   --->   "%specloopname_ln419 = specloopname void @_ssdm_op_SpecLoopName, void @empty_1" [../../APZ-DA/Addon_Queries/SELECT/dynamic_filter/xf_database/dynamic_filter.hpp:419]   --->   Operation 27 'specloopname' 'specloopname_ln419' <Predicate = true> <Delay = 0.00>
ST_4 : Operation 28 [1/1] (1.42ns)   --->   "%dw = read i32 @_ssdm_op_Read.ap_fifo.volatile.i32P0A, i32 %filter_cfg_strm" [../../APZ-DA/Addon_Queries/SELECT/dynamic_filter/xf_database/dynamic_filter.hpp:429]   --->   Operation 28 'read' 'dw' <Predicate = true> <Delay = 1.42> <CoreInst = "FIFO">   --->   Core 77 'FIFO' <Latency = 0> <II = 1> <Delay = 1.42> <Storage> <Opcode : 'read' 'write' 'nbread' 'nbwrite'> <Ports = 0> <Width = -1> <Depth = -1> <FIFO>
ST_4 : Operation 29 [1/1] (0.00ns)   --->   "%cfg_lop = partselect i4 @_ssdm_op_PartSelect.i4.i32.i32.i32, i32 %dw, i32 4, i32 7" [../../APZ-DA/Addon_Queries/SELECT/dynamic_filter/xf_database/dynamic_filter.hpp:430]   --->   Operation 29 'partselect' 'cfg_lop' <Predicate = true> <Delay = 0.00>
ST_4 : Operation 30 [1/1] (0.00ns)   --->   "%trunc_ln432 = trunc i32 %dw" [../../APZ-DA/Addon_Queries/SELECT/dynamic_filter/xf_database/dynamic_filter.hpp:432]   --->   Operation 30 'trunc' 'trunc_ln432' <Predicate = true> <Delay = 0.00>
ST_4 : Operation 31 [1/1] (0.00ns)   --->   "%or_ln432_5 = bitconcatenate i72 @_ssdm_op_BitConcatenate.i72.i32.i32.i4.i4, i32 %cfg_r, i32 %cfg_l, i4 %trunc_ln432, i4 %cfg_lop" [../../APZ-DA/Addon_Queries/SELECT/dynamic_filter/xf_database/dynamic_filter.hpp:432]   --->   Operation 31 'bitconcatenate' 'or_ln432_5' <Predicate = true> <Delay = 0.00>
ST_4 : Operation 32 [1/1] (1.40ns)   --->   "%write_ln432 = write void @_ssdm_op_Write.ap_fifo.volatile.i72P0A, i72 %cmpvc_cfg_strms_2, i72 %or_ln432_5" [../../APZ-DA/Addon_Queries/SELECT/dynamic_filter/xf_database/dynamic_filter.hpp:432]   --->   Operation 32 'write' 'write_ln432' <Predicate = (trunc_ln419 == 2)> <Delay = 1.40> <CoreInst = "FIFO_SRL">   --->   Core 80 'FIFO_SRL' <Latency = 0> <II = 1> <Delay = 1.40> <Storage> <Opcode : 'read' 'write' 'nbread' 'nbwrite'> <Ports = 0> <Width = 72> <Depth = 2> <FIFO>
ST_4 : Operation 33 [1/1] (0.00ns)   --->   "%br_ln432 = br void %V.i17701.exit" [../../APZ-DA/Addon_Queries/SELECT/dynamic_filter/xf_database/dynamic_filter.hpp:432]   --->   Operation 33 'br' 'br_ln432' <Predicate = (trunc_ln419 == 2)> <Delay = 0.00>
ST_4 : Operation 34 [1/1] (1.40ns)   --->   "%write_ln432 = write void @_ssdm_op_Write.ap_fifo.volatile.i72P0A, i72 %cmpvc_cfg_strms_1, i72 %or_ln432_5" [../../APZ-DA/Addon_Queries/SELECT/dynamic_filter/xf_database/dynamic_filter.hpp:432]   --->   Operation 34 'write' 'write_ln432' <Predicate = (trunc_ln419 == 1)> <Delay = 1.40> <CoreInst = "FIFO_SRL">   --->   Core 80 'FIFO_SRL' <Latency = 0> <II = 1> <Delay = 1.40> <Storage> <Opcode : 'read' 'write' 'nbread' 'nbwrite'> <Ports = 0> <Width = 72> <Depth = 2> <FIFO>
ST_4 : Operation 35 [1/1] (0.00ns)   --->   "%br_ln432 = br void %V.i17701.exit" [../../APZ-DA/Addon_Queries/SELECT/dynamic_filter/xf_database/dynamic_filter.hpp:432]   --->   Operation 35 'br' 'br_ln432' <Predicate = (trunc_ln419 == 1)> <Delay = 0.00>
ST_4 : Operation 36 [1/1] (1.40ns)   --->   "%write_ln432 = write void @_ssdm_op_Write.ap_fifo.volatile.i72P0A, i72 %cmpvc_cfg_strms_0, i72 %or_ln432_5" [../../APZ-DA/Addon_Queries/SELECT/dynamic_filter/xf_database/dynamic_filter.hpp:432]   --->   Operation 36 'write' 'write_ln432' <Predicate = (trunc_ln419 == 0)> <Delay = 1.40> <CoreInst = "FIFO_SRL">   --->   Core 80 'FIFO_SRL' <Latency = 0> <II = 1> <Delay = 1.40> <Storage> <Opcode : 'read' 'write' 'nbread' 'nbwrite'> <Ports = 0> <Width = 72> <Depth = 2> <FIFO>
ST_4 : Operation 37 [1/1] (0.00ns)   --->   "%br_ln432 = br void %V.i17701.exit" [../../APZ-DA/Addon_Queries/SELECT/dynamic_filter/xf_database/dynamic_filter.hpp:432]   --->   Operation 37 'br' 'br_ln432' <Predicate = (trunc_ln419 == 0)> <Delay = 0.00>
ST_4 : Operation 38 [1/1] (1.40ns)   --->   "%write_ln432 = write void @_ssdm_op_Write.ap_fifo.volatile.i72P0A, i72 %cmpvc_cfg_strms_3, i72 %or_ln432_5" [../../APZ-DA/Addon_Queries/SELECT/dynamic_filter/xf_database/dynamic_filter.hpp:432]   --->   Operation 38 'write' 'write_ln432' <Predicate = (trunc_ln419 == 3)> <Delay = 1.40> <CoreInst = "FIFO_SRL">   --->   Core 80 'FIFO_SRL' <Latency = 0> <II = 1> <Delay = 1.40> <Storage> <Opcode : 'read' 'write' 'nbread' 'nbwrite'> <Ports = 0> <Width = 72> <Depth = 2> <FIFO>
ST_4 : Operation 39 [1/1] (0.00ns)   --->   "%br_ln432 = br void %V.i17701.exit" [../../APZ-DA/Addon_Queries/SELECT/dynamic_filter/xf_database/dynamic_filter.hpp:432]   --->   Operation 39 'br' 'br_ln432' <Predicate = (trunc_ln419 == 3)> <Delay = 0.00>


============================================================
+ Verbose Summary: Timing violations
============================================================
Target clock period: 10.000ns, clock uncertainty: 2.700ns.

 <State 1>: 1.346ns
The critical path consists of the following:
	'store' operation 0 bit ('store_ln419', ../../APZ-DA/Addon_Queries/SELECT/dynamic_filter/xf_database/dynamic_filter.hpp:419) of constant 0 on local variable 'i', ../../APZ-DA/Addon_Queries/SELECT/dynamic_filter/xf_database/dynamic_filter.hpp:419 [12]  (0.387 ns)
	'load' operation 3 bit ('i', ../../APZ-DA/Addon_Queries/SELECT/dynamic_filter/xf_database/dynamic_filter.hpp:419) on local variable 'i', ../../APZ-DA/Addon_Queries/SELECT/dynamic_filter/xf_database/dynamic_filter.hpp:419 [15]  (0.000 ns)
	'icmp' operation 1 bit ('icmp_ln419', ../../APZ-DA/Addon_Queries/SELECT/dynamic_filter/xf_database/dynamic_filter.hpp:419) [16]  (0.572 ns)
	'store' operation 0 bit ('store_ln419', ../../APZ-DA/Addon_Queries/SELECT/dynamic_filter/xf_database/dynamic_filter.hpp:419) of variable 'add_ln419', ../../APZ-DA/Addon_Queries/SELECT/dynamic_filter/xf_database/dynamic_filter.hpp:419 on local variable 'i', ../../APZ-DA/Addon_Queries/SELECT/dynamic_filter/xf_database/dynamic_filter.hpp:419 [44]  (0.387 ns)

 <State 2>: 1.428ns
The critical path consists of the following:
	fifo read operation ('cfg.l', ../../APZ-DA/Addon_Queries/SELECT/dynamic_filter/xf_database/dynamic_filter.hpp:423) on port 'filter_cfg_strm' (../../APZ-DA/Addon_Queries/SELECT/dynamic_filter/xf_database/dynamic_filter.hpp:423) [24]  (1.428 ns)

 <State 3>: 1.428ns
The critical path consists of the following:
	fifo read operation ('cfg.r', ../../APZ-DA/Addon_Queries/SELECT/dynamic_filter/xf_database/dynamic_filter.hpp:427) on port 'filter_cfg_strm' (../../APZ-DA/Addon_Queries/SELECT/dynamic_filter/xf_database/dynamic_filter.hpp:427) [25]  (1.428 ns)

 <State 4>: 2.833ns
The critical path consists of the following:
	fifo read operation ('dw', ../../APZ-DA/Addon_Queries/SELECT/dynamic_filter/xf_database/dynamic_filter.hpp:429) on port 'filter_cfg_strm' (../../APZ-DA/Addon_Queries/SELECT/dynamic_filter/xf_database/dynamic_filter.hpp:429) [26]  (1.428 ns)
	fifo write operation ('write_ln432', ../../APZ-DA/Addon_Queries/SELECT/dynamic_filter/xf_database/dynamic_filter.hpp:432) on port 'cmpvc_cfg_strms_2' (../../APZ-DA/Addon_Queries/SELECT/dynamic_filter/xf_database/dynamic_filter.hpp:432) [32]  (1.405 ns)


============================================================
+ Verbose Summary: Binding
============================================================
N/A
* FSMD analyzer results:
  - Output states:
 - Input state : 
  - Chain level:
	State 1
	State 2
	State 3
	State 4


============================================================
+ Verbose Summary: Datapath Resource usage 
============================================================
N/A
