

================================================================
== Vitis HLS Report for 'parse_filter_config_4_32_Pipeline_VITIS_LOOP_445_4'
================================================================
* Date:           Mon Feb  3 14:21:54 2025

* Version:        2024.1 (Build 5069499 on May 21 2024)
* Project:        filter_dut
* Solution:       hls (Vivado IP Flow Target)
* Product family: virtexuplus
* Target device:  xcvu9p-flga2104-2-i


================================================================
== Performance Estimates
================================================================
+ Timing: 
    * Summary: 
    +--------+----------+----------+------------+
    |  Clock |  Target  | Estimated| Uncertainty|
    +--------+----------+----------+------------+
    |ap_clk  |  10.00 ns|  3.217 ns|     2.70 ns|
    +--------+----------+----------+------------+

+ Latency: 
    * Summary: 
    +---------+---------+-----------+-----------+-----+-----+-----------------------------------------------+
    |  Latency (cycles) |   Latency (absolute)  |  Interval |                    Pipeline                   |
    |   min   |   max   |    min    |    max    | min | max |                      Type                     |
    +---------+---------+-----------+-----------+-----+-----+-----------------------------------------------+
    |        8|        8|  80.000 ns|  80.000 ns|    7|    7|  loop auto-rewind stp(delay=0 clock cycles(s))|
    +---------+---------+-----------+-----------+-----+-----+-----------------------------------------------+

    + Detail: 
        * Instance: 
        N/A

        * Loop: 
        +--------------------+---------+---------+----------+-----------+-----------+------+----------+
        |                    |  Latency (cycles) | Iteration|  Initiation Interval  | Trip |          |
        |      Loop Name     |   min   |   max   |  Latency |  achieved |   target  | Count| Pipelined|
        +--------------------+---------+---------+----------+-----------+-----------+------+----------+
        |- VITIS_LOOP_445_4  |        6|        6|         2|          1|          1|     6|       yes|
        +--------------------+---------+---------+----------+-----------+-----------+------+----------+

============================================================
+ Verbose Summary: Synthesis Manager
============================================================
InlineROM: 1
ExposeGlobal: 0
============================================================
+ Verbose Summary: CDFG Model
============================================================
IsTopModel: 0
ResetActiveHigh: 1
IsCombinational: 0
IsDatapathOnly: 0
HasWiredReturn: 1
HasMFsm: 2
HasVarLatency: 1
IsPipeline: 0
IsRtlPipelined: 0
IsInstanceOverlapped: 0
IsDontTouch: 0
HasImplIP: 0
IsGatedGlobalClock: 0

+ Individual pipeline summary: 
  * Pipeline-0: initiation interval (II) = 1, depth = 2


============================================================
+ Verbose Summary: Schedule
============================================================
* Number of FSM states : 2
* Pipeline : 1
  Pipeline-0 : II = 1, D = 2, States = { 1 2 }
* Dataflow Pipeline: 0

* FSM state transitions: 
1 --> 2 
2 --> 

* FSM state operations: 

State 1 <SV = 0> <Delay = 2.67>
ST_1 : Operation 5 [1/1] (0.00ns)   --->   "%dw = alloca i32 1" [../../APZ-DA/Addon_Queries/SELECT/dynamic_filter/xf_database/dynamic_filter.hpp:444]   --->   Operation 5 'alloca' 'dw' <Predicate = true> <Delay = 0.00>
ST_1 : Operation 6 [1/1] (0.00ns)   --->   "%i_1 = alloca i32 1" [../../APZ-DA/Addon_Queries/SELECT/dynamic_filter/xf_database/dynamic_filter.hpp:445]   --->   Operation 6 'alloca' 'i_1' <Predicate = true> <Delay = 0.00>
ST_1 : Operation 7 [1/1] (0.00ns)   --->   "%nb = alloca i32 1" [../../APZ-DA/Addon_Queries/SELECT/dynamic_filter/xf_database/dynamic_filter.hpp:443]   --->   Operation 7 'alloca' 'nb' <Predicate = true> <Delay = 0.00>
ST_1 : Operation 8 [1/1] (0.00ns)   --->   "%specinterface_ln0 = specinterface void @_ssdm_op_SpecInterface, i32 %filter_cfg_strm, void @empty_8, i32 0, i32 0, void @empty, i32 0, i32 0, void @empty, void @empty, void @empty, i32 0, i32 0, i32 0, i32 0, void @empty, void @empty, i32 4294967295, i32 0, i32 0"   --->   Operation 8 'specinterface' 'specinterface_ln0' <Predicate = true> <Delay = 0.00>
ST_1 : Operation 9 [1/1] (0.00ns)   --->   "%specinterface_ln0 = specinterface void @_ssdm_op_SpecInterface, i4 %cmpvv_cfg_strms_0, void @empty_8, i32 0, i32 0, void @empty, i32 0, i32 0, void @empty, void @empty, void @empty, i32 0, i32 0, i32 0, i32 0, void @empty, void @empty, i32 4294967295, i32 0, i32 0"   --->   Operation 9 'specinterface' 'specinterface_ln0' <Predicate = true> <Delay = 0.00>
ST_1 : Operation 10 [1/1] (0.00ns)   --->   "%specinterface_ln0 = specinterface void @_ssdm_op_SpecInterface, i4 %cmpvv_cfg_strms_1, void @empty_8, i32 0, i32 0, void @empty, i32 0, i32 0, void @empty, void @empty, void @empty, i32 0, i32 0, i32 0, i32 0, void @empty, void @empty, i32 4294967295, i32 0, i32 0"   --->   Operation 10 'specinterface' 'specinterface_ln0' <Predicate = true> <Delay = 0.00>
ST_1 : Operation 11 [1/1] (0.00ns)   --->   "%specinterface_ln0 = specinterface void @_ssdm_op_SpecInterface, i4 %cmpvv_cfg_strms_2, void @empty_8, i32 0, i32 0, void @empty, i32 0, i32 0, void @empty, void @empty, void @empty, i32 0, i32 0, i32 0, i32 0, void @empty, void @empty, i32 4294967295, i32 0, i32 0"   --->   Operation 11 'specinterface' 'specinterface_ln0' <Predicate = true> <Delay = 0.00>
ST_1 : Operation 12 [1/1] (0.00ns)   --->   "%specinterface_ln0 = specinterface void @_ssdm_op_SpecInterface, i4 %cmpvv_cfg_strms_3, void @empty_8, i32 0, i32 0, void @empty, i32 0, i32 0, void @empty, void @empty, void @empty, i32 0, i32 0, i32 0, i32 0, void @empty, void @empty, i32 4294967295, i32 0, i32 0"   --->   Operation 12 'specinterface' 'specinterface_ln0' <Predicate = true> <Delay = 0.00>
ST_1 : Operation 13 [1/1] (0.00ns)   --->   "%specinterface_ln0 = specinterface void @_ssdm_op_SpecInterface, i4 %cmpvv_cfg_strms_4, void @empty_8, i32 0, i32 0, void @empty, i32 0, i32 0, void @empty, void @empty, void @empty, i32 0, i32 0, i32 0, i32 0, void @empty, void @empty, i32 4294967295, i32 0, i32 0"   --->   Operation 13 'specinterface' 'specinterface_ln0' <Predicate = true> <Delay = 0.00>
ST_1 : Operation 14 [1/1] (0.00ns)   --->   "%specinterface_ln0 = specinterface void @_ssdm_op_SpecInterface, i4 %cmpvv_cfg_strms_5, void @empty_8, i32 0, i32 0, void @empty, i32 0, i32 0, void @empty, void @empty, void @empty, i32 0, i32 0, i32 0, i32 0, void @empty, void @empty, i32 4294967295, i32 0, i32 0"   --->   Operation 14 'specinterface' 'specinterface_ln0' <Predicate = true> <Delay = 0.00>
ST_1 : Operation 15 [1/1] (0.41ns)   --->   "%store_ln443 = store i8 0, i8 %nb" [../../APZ-DA/Addon_Queries/SELECT/dynamic_filter/xf_database/dynamic_filter.hpp:443]   --->   Operation 15 'store' 'store_ln443' <Predicate = true> <Delay = 0.41>
ST_1 : Operation 16 [1/1] (0.38ns)   --->   "%store_ln445 = store i3 0, i3 %i_1" [../../APZ-DA/Addon_Queries/SELECT/dynamic_filter/xf_database/dynamic_filter.hpp:445]   --->   Operation 16 'store' 'store_ln445' <Predicate = true> <Delay = 0.38>
ST_1 : Operation 17 [1/1] (0.00ns)   --->   "%br_ln445 = br void %for.body38" [../../APZ-DA/Addon_Queries/SELECT/dynamic_filter/xf_database/dynamic_filter.hpp:445]   --->   Operation 17 'br' 'br_ln445' <Predicate = true> <Delay = 0.00>
ST_1 : Operation 18 [1/1] (0.00ns)   --->   "%i = load i3 %i_1" [../../APZ-DA/Addon_Queries/SELECT/dynamic_filter/xf_database/dynamic_filter.hpp:445]   --->   Operation 18 'load' 'i' <Predicate = true> <Delay = 0.00>
ST_1 : Operation 19 [1/1] (0.57ns)   --->   "%icmp_ln445 = icmp_eq  i3 %i, i3 6" [../../APZ-DA/Addon_Queries/SELECT/dynamic_filter/xf_database/dynamic_filter.hpp:445]   --->   Operation 19 'icmp' 'icmp_ln445' <Predicate = true> <Delay = 0.57> <CoreInst = "Cmp">   --->   Core 9 'Cmp' <Latency = 0> <II = 1> <Delay = 0.57> <FuncUnit> <Opcode : 'seteq' 'setne' 'setle' 'setge' 'setlt' 'setgt'> <InPorts = 2> <OutPorts = 1>
ST_1 : Operation 20 [1/1] (0.57ns)   --->   "%add_ln445 = add i3 %i, i3 1" [../../APZ-DA/Addon_Queries/SELECT/dynamic_filter/xf_database/dynamic_filter.hpp:445]   --->   Operation 20 'add' 'add_ln445' <Predicate = true> <Delay = 0.57> <CoreInst = "Adder">   --->   Core 1 'Adder' <Latency = 0> <II = 1> <Delay = 0.57> <FuncUnit> <Opcode : 'add' 'sub'> <InPorts = 2> <OutPorts = 1>
ST_1 : Operation 21 [1/1] (0.00ns)   --->   "%br_ln445 = br i1 %icmp_ln445, void %for.body38.split, void %for.inc59.preheader.exitStub" [../../APZ-DA/Addon_Queries/SELECT/dynamic_filter/xf_database/dynamic_filter.hpp:445]   --->   Operation 21 'br' 'br_ln445' <Predicate = true> <Delay = 0.00>
ST_1 : Operation 22 [1/1] (0.00ns)   --->   "%nb_load = load i8 %nb" [../../APZ-DA/Addon_Queries/SELECT/dynamic_filter/xf_database/dynamic_filter.hpp:446]   --->   Operation 22 'load' 'nb_load' <Predicate = (!icmp_ln445)> <Delay = 0.00>
ST_1 : Operation 23 [1/1] (0.00ns)   --->   "%tmp = partselect i6 @_ssdm_op_PartSelect.i6.i8.i32.i32, i8 %nb_load, i32 2, i32 7" [../../APZ-DA/Addon_Queries/SELECT/dynamic_filter/xf_database/dynamic_filter.hpp:446]   --->   Operation 23 'partselect' 'tmp' <Predicate = (!icmp_ln445)> <Delay = 0.00>
ST_1 : Operation 24 [1/1] (0.70ns)   --->   "%icmp_ln446 = icmp_slt  i6 %tmp, i6 1" [../../APZ-DA/Addon_Queries/SELECT/dynamic_filter/xf_database/dynamic_filter.hpp:446]   --->   Operation 24 'icmp' 'icmp_ln446' <Predicate = (!icmp_ln445)> <Delay = 0.70> <CoreInst = "Cmp">   --->   Core 9 'Cmp' <Latency = 0> <II = 1> <Delay = 0.70> <FuncUnit> <Opcode : 'seteq' 'setne' 'setle' 'setge' 'setlt' 'setgt'> <InPorts = 2> <OutPorts = 1>
ST_1 : Operation 25 [1/1] (0.41ns)   --->   "%store_ln443 = store i8 32, i8 %nb" [../../APZ-DA/Addon_Queries/SELECT/dynamic_filter/xf_database/dynamic_filter.hpp:443]   --->   Operation 25 'store' 'store_ln443' <Predicate = (!icmp_ln445 & icmp_ln446)> <Delay = 0.41>
ST_1 : Operation 26 [1/1] (0.67ns)   --->   "%switch_ln452 = switch i3 %i, void %V.i3632.case.5, i3 0, void %V.i3632.case.0, i3 1, void %V.i3632.case.1, i3 2, void %V.i3632.case.2, i3 3, void %V.i3632.case.3, i3 4, void %V.i3632.case.4" [../../APZ-DA/Addon_Queries/SELECT/dynamic_filter/xf_database/dynamic_filter.hpp:452]   --->   Operation 26 'switch' 'switch_ln452' <Predicate = (!icmp_ln445)> <Delay = 0.67>
ST_1 : Operation 27 [1/1] (0.00ns)   --->   "%nb_load_1 = load i8 %nb" [../../APZ-DA/Addon_Queries/SELECT/dynamic_filter/xf_database/dynamic_filter.hpp:455]   --->   Operation 27 'load' 'nb_load_1' <Predicate = (!icmp_ln445)> <Delay = 0.00>
ST_1 : Operation 28 [1/1] (0.70ns)   --->   "%nb_1 = add i8 %nb_load_1, i8 252" [../../APZ-DA/Addon_Queries/SELECT/dynamic_filter/xf_database/dynamic_filter.hpp:455]   --->   Operation 28 'add' 'nb_1' <Predicate = (!icmp_ln445)> <Delay = 0.70> <CoreInst = "Adder">   --->   Core 1 'Adder' <Latency = 0> <II = 1> <Delay = 0.70> <FuncUnit> <Opcode : 'add' 'sub'> <InPorts = 2> <OutPorts = 1>
ST_1 : Operation 29 [1/1] (0.41ns)   --->   "%store_ln443 = store i8 %nb_1, i8 %nb" [../../APZ-DA/Addon_Queries/SELECT/dynamic_filter/xf_database/dynamic_filter.hpp:443]   --->   Operation 29 'store' 'store_ln443' <Predicate = (!icmp_ln445)> <Delay = 0.41>
ST_1 : Operation 30 [1/1] (0.38ns)   --->   "%store_ln445 = store i3 %add_ln445, i3 %i_1" [../../APZ-DA/Addon_Queries/SELECT/dynamic_filter/xf_database/dynamic_filter.hpp:445]   --->   Operation 30 'store' 'store_ln445' <Predicate = (!icmp_ln445)> <Delay = 0.38>
ST_1 : Operation 56 [1/1] (0.38ns)   --->   "%ret_ln0 = ret"   --->   Operation 56 'ret' 'ret_ln0' <Predicate = (icmp_ln445)> <Delay = 0.38>

State 2 <SV = 1> <Delay = 3.21>
ST_2 : Operation 31 [1/1] (0.00ns)   --->   "%dw_load = load i28 %dw" [../../APZ-DA/Addon_Queries/SELECT/dynamic_filter/xf_database/dynamic_filter.hpp:445]   --->   Operation 31 'load' 'dw_load' <Predicate = (!icmp_ln445)> <Delay = 0.00>
ST_2 : Operation 32 [1/1] (0.00ns)   --->   "%zext_ln445 = zext i28 %dw_load" [../../APZ-DA/Addon_Queries/SELECT/dynamic_filter/xf_database/dynamic_filter.hpp:445]   --->   Operation 32 'zext' 'zext_ln445' <Predicate = (!icmp_ln445)> <Delay = 0.00>
ST_2 : Operation 33 [1/1] (0.00ns)   --->   "%specpipeline_ln444 = specpipeline void @_ssdm_op_SpecPipeline, i32 4294967295, i32 0, i32 0, i32 0, void @empty" [../../APZ-DA/Addon_Queries/SELECT/dynamic_filter/xf_database/dynamic_filter.hpp:444]   --->   Operation 33 'specpipeline' 'specpipeline_ln444' <Predicate = (!icmp_ln445)> <Delay = 0.00>
ST_2 : Operation 34 [1/1] (0.00ns)   --->   "%speclooptripcount_ln444 = speclooptripcount void @_ssdm_op_SpecLoopTripCount, i64 6, i64 6, i64 6" [../../APZ-DA/Addon_Queries/SELECT/dynamic_filter/xf_database/dynamic_filter.hpp:444]   --->   Operation 34 'speclooptripcount' 'speclooptripcount_ln444' <Predicate = (!icmp_ln445)> <Delay = 0.00>
ST_2 : Operation 35 [1/1] (0.00ns)   --->   "%specloopname_ln445 = specloopname void @_ssdm_op_SpecLoopName, void @empty_2" [../../APZ-DA/Addon_Queries/SELECT/dynamic_filter/xf_database/dynamic_filter.hpp:445]   --->   Operation 35 'specloopname' 'specloopname_ln445' <Predicate = (!icmp_ln445)> <Delay = 0.00>
ST_2 : Operation 36 [1/1] (0.38ns)   --->   "%br_ln446 = br i1 %icmp_ln446, void %for.inc50, void %if.then" [../../APZ-DA/Addon_Queries/SELECT/dynamic_filter/xf_database/dynamic_filter.hpp:446]   --->   Operation 36 'br' 'br_ln446' <Predicate = (!icmp_ln445)> <Delay = 0.38>
ST_2 : Operation 37 [1/1] (1.42ns)   --->   "%dw_1 = read i32 @_ssdm_op_Read.ap_fifo.volatile.i32P0A, i32 %filter_cfg_strm" [../../APZ-DA/Addon_Queries/SELECT/dynamic_filter/xf_database/dynamic_filter.hpp:447]   --->   Operation 37 'read' 'dw_1' <Predicate = (!icmp_ln445 & icmp_ln446)> <Delay = 1.42> <CoreInst = "FIFO">   --->   Core 77 'FIFO' <Latency = 0> <II = 1> <Delay = 1.42> <Storage> <Opcode : 'read' 'write' 'nbread' 'nbwrite'> <Ports = 0> <Width = -1> <Depth = -1> <FIFO>
ST_2 : Operation 38 [1/1] (0.38ns)   --->   "%br_ln449 = br void %for.inc50" [../../APZ-DA/Addon_Queries/SELECT/dynamic_filter/xf_database/dynamic_filter.hpp:449]   --->   Operation 38 'br' 'br_ln449' <Predicate = (!icmp_ln445 & icmp_ln446)> <Delay = 0.38>
ST_2 : Operation 39 [1/1] (0.00ns)   --->   "%dw_2 = phi i32 %dw_1, void %if.then, i32 %zext_ln445, void %for.body38.split"   --->   Operation 39 'phi' 'dw_2' <Predicate = true> <Delay = 0.00>
ST_2 : Operation 40 [1/1] (0.00ns)   --->   "%cfg = trunc i32 %dw_2" [../../APZ-DA/Addon_Queries/SELECT/dynamic_filter/xf_database/dynamic_filter.hpp:451]   --->   Operation 40 'trunc' 'cfg' <Predicate = true> <Delay = 0.00>
ST_2 : Operation 41 [1/1] (1.40ns)   --->   "%write_ln452 = write void @_ssdm_op_Write.ap_fifo.volatile.i4P0A, i4 %cmpvv_cfg_strms_4, i4 %cfg" [../../APZ-DA/Addon_Queries/SELECT/dynamic_filter/xf_database/dynamic_filter.hpp:452]   --->   Operation 41 'write' 'write_ln452' <Predicate = (i == 4)> <Delay = 1.40> <CoreInst = "FIFO_SRL">   --->   Core 80 'FIFO_SRL' <Latency = 0> <II = 1> <Delay = 1.40> <Storage> <Opcode : 'read' 'write' 'nbread' 'nbwrite'> <Ports = 0> <Width = 4> <Depth = 2> <FIFO>
ST_2 : Operation 42 [1/1] (0.00ns)   --->   "%br_ln452 = br void %V.i3632.exit" [../../APZ-DA/Addon_Queries/SELECT/dynamic_filter/xf_database/dynamic_filter.hpp:452]   --->   Operation 42 'br' 'br_ln452' <Predicate = (i == 4)> <Delay = 0.00>
ST_2 : Operation 43 [1/1] (1.40ns)   --->   "%write_ln452 = write void @_ssdm_op_Write.ap_fifo.volatile.i4P0A, i4 %cmpvv_cfg_strms_3, i4 %cfg" [../../APZ-DA/Addon_Queries/SELECT/dynamic_filter/xf_database/dynamic_filter.hpp:452]   --->   Operation 43 'write' 'write_ln452' <Predicate = (i == 3)> <Delay = 1.40> <CoreInst = "FIFO_SRL">   --->   Core 80 'FIFO_SRL' <Latency = 0> <II = 1> <Delay = 1.40> <Storage> <Opcode : 'read' 'write' 'nbread' 'nbwrite'> <Ports = 0> <Width = 4> <Depth = 2> <FIFO>
ST_2 : Operation 44 [1/1] (0.00ns)   --->   "%br_ln452 = br void %V.i3632.exit" [../../APZ-DA/Addon_Queries/SELECT/dynamic_filter/xf_database/dynamic_filter.hpp:452]   --->   Operation 44 'br' 'br_ln452' <Predicate = (i == 3)> <Delay = 0.00>
ST_2 : Operation 45 [1/1] (1.40ns)   --->   "%write_ln452 = write void @_ssdm_op_Write.ap_fifo.volatile.i4P0A, i4 %cmpvv_cfg_strms_2, i4 %cfg" [../../APZ-DA/Addon_Queries/SELECT/dynamic_filter/xf_database/dynamic_filter.hpp:452]   --->   Operation 45 'write' 'write_ln452' <Predicate = (i == 2)> <Delay = 1.40> <CoreInst = "FIFO_SRL">   --->   Core 80 'FIFO_SRL' <Latency = 0> <II = 1> <Delay = 1.40> <Storage> <Opcode : 'read' 'write' 'nbread' 'nbwrite'> <Ports = 0> <Width = 4> <Depth = 2> <FIFO>
ST_2 : Operation 46 [1/1] (0.00ns)   --->   "%br_ln452 = br void %V.i3632.exit" [../../APZ-DA/Addon_Queries/SELECT/dynamic_filter/xf_database/dynamic_filter.hpp:452]   --->   Operation 46 'br' 'br_ln452' <Predicate = (i == 2)> <Delay = 0.00>
ST_2 : Operation 47 [1/1] (1.40ns)   --->   "%write_ln452 = write void @_ssdm_op_Write.ap_fifo.volatile.i4P0A, i4 %cmpvv_cfg_strms_1, i4 %cfg" [../../APZ-DA/Addon_Queries/SELECT/dynamic_filter/xf_database/dynamic_filter.hpp:452]   --->   Operation 47 'write' 'write_ln452' <Predicate = (i == 1)> <Delay = 1.40> <CoreInst = "FIFO_SRL">   --->   Core 80 'FIFO_SRL' <Latency = 0> <II = 1> <Delay = 1.40> <Storage> <Opcode : 'read' 'write' 'nbread' 'nbwrite'> <Ports = 0> <Width = 4> <Depth = 2> <FIFO>
ST_2 : Operation 48 [1/1] (0.00ns)   --->   "%br_ln452 = br void %V.i3632.exit" [../../APZ-DA/Addon_Queries/SELECT/dynamic_filter/xf_database/dynamic_filter.hpp:452]   --->   Operation 48 'br' 'br_ln452' <Predicate = (i == 1)> <Delay = 0.00>
ST_2 : Operation 49 [1/1] (1.40ns)   --->   "%write_ln452 = write void @_ssdm_op_Write.ap_fifo.volatile.i4P0A, i4 %cmpvv_cfg_strms_0, i4 %cfg" [../../APZ-DA/Addon_Queries/SELECT/dynamic_filter/xf_database/dynamic_filter.hpp:452]   --->   Operation 49 'write' 'write_ln452' <Predicate = (i == 0)> <Delay = 1.40> <CoreInst = "FIFO_SRL">   --->   Core 80 'FIFO_SRL' <Latency = 0> <II = 1> <Delay = 1.40> <Storage> <Opcode : 'read' 'write' 'nbread' 'nbwrite'> <Ports = 0> <Width = 4> <Depth = 2> <FIFO>
ST_2 : Operation 50 [1/1] (0.00ns)   --->   "%br_ln452 = br void %V.i3632.exit" [../../APZ-DA/Addon_Queries/SELECT/dynamic_filter/xf_database/dynamic_filter.hpp:452]   --->   Operation 50 'br' 'br_ln452' <Predicate = (i == 0)> <Delay = 0.00>
ST_2 : Operation 51 [1/1] (1.40ns)   --->   "%write_ln452 = write void @_ssdm_op_Write.ap_fifo.volatile.i4P0A, i4 %cmpvv_cfg_strms_5, i4 %cfg" [../../APZ-DA/Addon_Queries/SELECT/dynamic_filter/xf_database/dynamic_filter.hpp:452]   --->   Operation 51 'write' 'write_ln452' <Predicate = (i != 0 & i != 1 & i != 2 & i != 3 & i != 4)> <Delay = 1.40> <CoreInst = "FIFO_SRL">   --->   Core 80 'FIFO_SRL' <Latency = 0> <II = 1> <Delay = 1.40> <Storage> <Opcode : 'read' 'write' 'nbread' 'nbwrite'> <Ports = 0> <Width = 4> <Depth = 2> <FIFO>
ST_2 : Operation 52 [1/1] (0.00ns)   --->   "%br_ln452 = br void %V.i3632.exit" [../../APZ-DA/Addon_Queries/SELECT/dynamic_filter/xf_database/dynamic_filter.hpp:452]   --->   Operation 52 'br' 'br_ln452' <Predicate = (i != 0 & i != 1 & i != 2 & i != 3 & i != 4)> <Delay = 0.00>
ST_2 : Operation 53 [1/1] (0.00ns)   --->   "%dw_3 = partselect i28 @_ssdm_op_PartSelect.i28.i32.i32.i32, i32 %dw_2, i32 4, i32 31" [../../APZ-DA/Addon_Queries/SELECT/dynamic_filter/xf_database/dynamic_filter.hpp:454]   --->   Operation 53 'partselect' 'dw_3' <Predicate = true> <Delay = 0.00>
ST_2 : Operation 54 [1/1] (0.00ns)   --->   "%store_ln444 = store i28 %dw_3, i28 %dw" [../../APZ-DA/Addon_Queries/SELECT/dynamic_filter/xf_database/dynamic_filter.hpp:444]   --->   Operation 54 'store' 'store_ln444' <Predicate = true> <Delay = 0.00>
ST_2 : Operation 55 [1/1] (0.00ns)   --->   "%br_ln445 = br void %for.body38" [../../APZ-DA/Addon_Queries/SELECT/dynamic_filter/xf_database/dynamic_filter.hpp:445]   --->   Operation 55 'br' 'br_ln445' <Predicate = true> <Delay = 0.00>


============================================================
+ Verbose Summary: Timing violations
============================================================
Target clock period: 10.000ns, clock uncertainty: 2.700ns.

 <State 1>: 2.671ns
The critical path consists of the following:
	'store' operation 0 bit ('store_ln443', ../../APZ-DA/Addon_Queries/SELECT/dynamic_filter/xf_database/dynamic_filter.hpp:443) of constant 0 on local variable 'nb', ../../APZ-DA/Addon_Queries/SELECT/dynamic_filter/xf_database/dynamic_filter.hpp:443 [18]  (0.420 ns)
	'load' operation 8 bit ('nb_load_1', ../../APZ-DA/Addon_Queries/SELECT/dynamic_filter/xf_database/dynamic_filter.hpp:455) on local variable 'nb', ../../APZ-DA/Addon_Queries/SELECT/dynamic_filter/xf_database/dynamic_filter.hpp:443 [63]  (0.000 ns)
	'add' operation 8 bit ('nb', ../../APZ-DA/Addon_Queries/SELECT/dynamic_filter/xf_database/dynamic_filter.hpp:455) [65]  (0.705 ns)
	'store' operation 0 bit ('store_ln443', ../../APZ-DA/Addon_Queries/SELECT/dynamic_filter/xf_database/dynamic_filter.hpp:443) of variable 'nb', ../../APZ-DA/Addon_Queries/SELECT/dynamic_filter/xf_database/dynamic_filter.hpp:455 on local variable 'nb', ../../APZ-DA/Addon_Queries/SELECT/dynamic_filter/xf_database/dynamic_filter.hpp:443 [66]  (0.420 ns)
	blocking operation 1.12636 ns on control path)

 <State 2>: 3.217ns
The critical path consists of the following:
	fifo read operation ('dw', ../../APZ-DA/Addon_Queries/SELECT/dynamic_filter/xf_database/dynamic_filter.hpp:447) on port 'filter_cfg_strm' (../../APZ-DA/Addon_Queries/SELECT/dynamic_filter/xf_database/dynamic_filter.hpp:447) [37]  (1.428 ns)
	multiplexor before 'phi' operation 32 bit ('dw') with incoming values : ('zext_ln445', ../../APZ-DA/Addon_Queries/SELECT/dynamic_filter/xf_database/dynamic_filter.hpp:445) ('dw', ../../APZ-DA/Addon_Queries/SELECT/dynamic_filter/xf_database/dynamic_filter.hpp:447) [41]  (0.387 ns)
	'phi' operation 32 bit ('dw') with incoming values : ('zext_ln445', ../../APZ-DA/Addon_Queries/SELECT/dynamic_filter/xf_database/dynamic_filter.hpp:445) ('dw', ../../APZ-DA/Addon_Queries/SELECT/dynamic_filter/xf_database/dynamic_filter.hpp:447) [41]  (0.000 ns)
	fifo write operation ('write_ln452', ../../APZ-DA/Addon_Queries/SELECT/dynamic_filter/xf_database/dynamic_filter.hpp:452) on port 'cmpvv_cfg_strms_0' (../../APZ-DA/Addon_Queries/SELECT/dynamic_filter/xf_database/dynamic_filter.hpp:452) [57]  (1.402 ns)


============================================================
+ Verbose Summary: Binding
============================================================
N/A
* FSMD analyzer results:
  - Output states:
 - Input state : 
  - Chain level:
	State 1
	State 2


============================================================
+ Verbose Summary: Datapath Resource usage 
============================================================
N/A
