

================================================================
== Vitis HLS Report for 'parse_filter_config_4_32_Pipeline_VITIS_LOOP_419_1'
================================================================
* Date:           Mon Feb  3 14:21:54 2025

* Version:        2024.1 (Build 5069499 on May 21 2024)
* Project:        filter_dut
* Solution:       hls (Vivado IP Flow Target)
* Product family: virtexuplus
* Target device:  xcvu9p-flga2104-2-i


================================================================
== Performance Estimates
================================================================
+ Timing: 
    * Summary: 
    +--------+----------+----------+------------+
    |  Clock |  Target  | Estimated| Uncertainty|
    +--------+----------+----------+------------+
    |ap_clk  |  10.00 ns|  2.833 ns|     2.70 ns|
    +--------+----------+----------+------------+

+ Latency: 
    * Summary: 
    +---------+---------+----------+----------+-----+-----+-----------------------------------------------+
    |  Latency (cycles) |  Latency (absolute) |  Interval |                    Pipeline                   |
    |   min   |   max   |    min   |    max   | min | max |                      Type                     |
    +---------+---------+----------+----------+-----+-----+-----------------------------------------------+
    |       14|       14|  0.140 us|  0.140 us|   13|   13|  loop auto-rewind stp(delay=0 clock cycles(s))|
    +---------+---------+----------+----------+-----+-----+-----------------------------------------------+

    + Detail: 
        * Instance: 
        N/A

        * Loop: 
        +--------------------+---------+---------+----------+-----------+-----------+------+----------+
        |                    |  Latency (cycles) | Iteration|  Initiation Interval  | Trip |          |
        |      Loop Name     |   min   |   max   |  Latency |  achieved |   target  | Count| Pipelined|
        +--------------------+---------+---------+----------+-----------+-----------+------+----------+
        |- VITIS_LOOP_419_1  |       12|       12|         4|          3|          1|     4|       yes|
        +--------------------+---------+---------+----------+-----------+-----------+------+----------+

============================================================
+ Verbose Summary: Synthesis Manager
============================================================
InlineROM: 1
ExposeGlobal: 0
============================================================
+ Verbose Summary: CDFG Model
============================================================
IsTopModel: 0
ResetActiveHigh: 1
IsCombinational: 0
IsDatapathOnly: 0
HasWiredReturn: 1
HasMFsm: 2
HasVarLatency: 1
IsPipeline: 0
IsRtlPipelined: 0
IsInstanceOverlapped: 0
IsDontTouch: 0
HasImplIP: 0
IsGatedGlobalClock: 0

+ Individual pipeline summary: 
  * Pipeline-0: initiation interval (II) = 3, depth = 4


============================================================
+ Verbose Summary: Schedule
============================================================
* Number of FSM states : 4
* Pipeline : 1
  Pipeline-0 : II = 3, D = 4, States = { 1 2 3 4 }
* Dataflow Pipeline: 0

* FSM state transitions: 
1 --> 2 
2 --> 3 
3 --> 4 
4 --> 

* FSM state operations: 

State 1 <SV = 0> <Delay = 1.34>
ST_1 : Operation 7 [1/1] (0.00ns)   --->   "%i = alloca i32 1" [../../APZ-DA/Addon_Queries/SELECT/dynamic_filter/xf_database/dynamic_filter.hpp:419]   --->   Operation 7 'alloca' 'i' <Predicate = true> <Delay = 0.00>
ST_1 : Operation 8 [1/1] (0.00ns)   --->   "%specinterface_ln0 = specinterface void @_ssdm_op_SpecInterface, i32 %filter_cfg_strm, void @empty_8, i32 0, i32 0, void @empty, i32 0, i32 0, void @empty, void @empty, void @empty, i32 0, i32 0, i32 0, i32 0, void @empty, void @empty, i32 4294967295, i32 0, i32 0"   --->   Operation 8 'specinterface' 'specinterface_ln0' <Predicate = true> <Delay = 0.00>
ST_1 : Operation 9 [1/1] (0.00ns)   --->   "%specinterface_ln0 = specinterface void @_ssdm_op_SpecInterface, i72 %cmpvc_cfg_strms_0, void @empty_8, i32 0, i32 0, void @empty, i32 0, i32 0, void @empty, void @empty, void @empty, i32 0, i32 0, i32 0, i32 0, void @empty, void @empty, i32 4294967295, i32 0, i32 0"   --->   Operation 9 'specinterface' 'specinterface_ln0' <Predicate = true> <Delay = 0.00>
ST_1 : Operation 10 [1/1] (0.00ns)   --->   "%specinterface_ln0 = specinterface void @_ssdm_op_SpecInterface, i72 %cmpvc_cfg_strms_1, void @empty_8, i32 0, i32 0, void @empty, i32 0, i32 0, void @empty, void @empty, void @empty, i32 0, i32 0, i32 0, i32 0, void @empty, void @empty, i32 4294967295, i32 0, i32 0"   --->   Operation 10 'specinterface' 'specinterface_ln0' <Predicate = true> <Delay = 0.00>
ST_1 : Operation 11 [1/1] (0.00ns)   --->   "%specinterface_ln0 = specinterface void @_ssdm_op_SpecInterface, i72 %cmpvc_cfg_strms_2, void @empty_8, i32 0, i32 0, void @empty, i32 0, i32 0, void @empty, void @empty, void @empty, i32 0, i32 0, i32 0, i32 0, void @empty, void @empty, i32 4294967295, i32 0, i32 0"   --->   Operation 11 'specinterface' 'specinterface_ln0' <Predicate = true> <Delay = 0.00>
ST_1 : Operation 12 [1/1] (0.00ns)   --->   "%specinterface_ln0 = specinterface void @_ssdm_op_SpecInterface, i72 %cmpvc_cfg_strms_3, void @empty_8, i32 0, i32 0, void @empty, i32 0, i32 0, void @empty, void @empty, void @empty, i32 0, i32 0, i32 0, i32 0, void @empty, void @empty, i32 4294967295, i32 0, i32 0"   --->   Operation 12 'specinterface' 'specinterface_ln0' <Predicate = true> <Delay = 0.00>
ST_1 : Operation 13 [1/1] (0.38ns)   --->   "%store_ln419 = store i3 0, i3 %i" [../../APZ-DA/Addon_Queries/SELECT/dynamic_filter/xf_database/dynamic_filter.hpp:419]   --->   Operation 13 'store' 'store_ln419' <Predicate = true> <Delay = 0.38>
ST_1 : Operation 14 [1/1] (0.00ns)   --->   "%br_ln419 = br void %VITIS_LOOP_421_2" [../../APZ-DA/Addon_Queries/SELECT/dynamic_filter/xf_database/dynamic_filter.hpp:419]   --->   Operation 14 'br' 'br_ln419' <Predicate = true> <Delay = 0.00>
ST_1 : Operation 15 [1/1] (0.00ns)   --->   "%i_3 = load i3 %i" [../../APZ-DA/Addon_Queries/SELECT/dynamic_filter/xf_database/dynamic_filter.hpp:419]   --->   Operation 15 'load' 'i_3' <Predicate = true> <Delay = 0.00>
ST_1 : Operation 16 [1/1] (0.57ns)   --->   "%icmp_ln419 = icmp_eq  i3 %i_3, i3 4" [../../APZ-DA/Addon_Queries/SELECT/dynamic_filter/xf_database/dynamic_filter.hpp:419]   --->   Operation 16 'icmp' 'icmp_ln419' <Predicate = true> <Delay = 0.57> <CoreInst = "Cmp">   --->   Core 9 'Cmp' <Latency = 0> <II = 1> <Delay = 0.57> <FuncUnit> <Opcode : 'seteq' 'setne' 'setle' 'setge' 'setlt' 'setgt'> <InPorts = 2> <OutPorts = 1>
ST_1 : Operation 17 [1/1] (0.57ns)   --->   "%add_ln419 = add i3 %i_3, i3 1" [../../APZ-DA/Addon_Queries/SELECT/dynamic_filter/xf_database/dynamic_filter.hpp:419]   --->   Operation 17 'add' 'add_ln419' <Predicate = true> <Delay = 0.57> <CoreInst = "Adder">   --->   Core 1 'Adder' <Latency = 0> <II = 1> <Delay = 0.57> <FuncUnit> <Opcode : 'add' 'sub'> <InPorts = 2> <OutPorts = 1>
ST_1 : Operation 18 [1/1] (0.00ns)   --->   "%br_ln419 = br i1 %icmp_ln419, void %VITIS_LOOP_421_2.split, void %for.body38.preheader.exitStub" [../../APZ-DA/Addon_Queries/SELECT/dynamic_filter/xf_database/dynamic_filter.hpp:419]   --->   Operation 18 'br' 'br_ln419' <Predicate = true> <Delay = 0.00>
ST_1 : Operation 19 [1/1] (0.00ns)   --->   "%trunc_ln419 = trunc i3 %i_3" [../../APZ-DA/Addon_Queries/SELECT/dynamic_filter/xf_database/dynamic_filter.hpp:419]   --->   Operation 19 'trunc' 'trunc_ln419' <Predicate = (!icmp_ln419)> <Delay = 0.00>
ST_1 : Operation 20 [1/1] (0.66ns)   --->   "%switch_ln432 = switch i2 %trunc_ln419, void %V.i17701.case.3, i2 0, void %V.i17701.case.0, i2 1, void %V.i17701.case.1, i2 2, void %V.i17701.case.2" [../../APZ-DA/Addon_Queries/SELECT/dynamic_filter/xf_database/dynamic_filter.hpp:432]   --->   Operation 20 'switch' 'switch_ln432' <Predicate = (!icmp_ln419)> <Delay = 0.66>
ST_1 : Operation 21 [1/1] (0.38ns)   --->   "%store_ln419 = store i3 %add_ln419, i3 %i" [../../APZ-DA/Addon_Queries/SELECT/dynamic_filter/xf_database/dynamic_filter.hpp:419]   --->   Operation 21 'store' 'store_ln419' <Predicate = (!icmp_ln419)> <Delay = 0.38>
ST_1 : Operation 22 [1/1] (0.00ns)   --->   "%br_ln419 = br void %VITIS_LOOP_421_2" [../../APZ-DA/Addon_Queries/SELECT/dynamic_filter/xf_database/dynamic_filter.hpp:419]   --->   Operation 22 'br' 'br_ln419' <Predicate = (!icmp_ln419)> <Delay = 0.00>
ST_1 : Operation 40 [1/1] (0.38ns)   --->   "%ret_ln0 = ret"   --->   Operation 40 'ret' 'ret_ln0' <Predicate = (icmp_ln419)> <Delay = 0.38>

State 2 <SV = 1> <Delay = 1.42>
ST_2 : Operation 23 [1/1] (1.42ns)   --->   "%cfg_l = read i32 @_ssdm_op_Read.ap_fifo.volatile.i32P0A, i32 %filter_cfg_strm" [../../APZ-DA/Addon_Queries/SELECT/dynamic_filter/xf_database/dynamic_filter.hpp:423]   --->   Operation 23 'read' 'cfg_l' <Predicate = (!icmp_ln419)> <Delay = 1.42> <CoreInst = "FIFO">   --->   Core 77 'FIFO' <Latency = 0> <II = 1> <Delay = 1.42> <Storage> <Opcode : 'read' 'write' 'nbread' 'nbwrite'> <Ports = 0> <Width = -1> <Depth = -1> <FIFO>

State 3 <SV = 2> <Delay = 1.42>
ST_3 : Operation 24 [1/1] (1.42ns)   --->   "%cfg_r = read i32 @_ssdm_op_Read.ap_fifo.volatile.i32P0A, i32 %filter_cfg_strm" [../../APZ-DA/Addon_Queries/SELECT/dynamic_filter/xf_database/dynamic_filter.hpp:427]   --->   Operation 24 'read' 'cfg_r' <Predicate = (!icmp_ln419)> <Delay = 1.42> <CoreInst = "FIFO">   --->   Core 77 'FIFO' <Latency = 0> <II = 1> <Delay = 1.42> <Storage> <Opcode : 'read' 'write' 'nbread' 'nbwrite'> <Ports = 0> <Width = -1> <Depth = -1> <FIFO>

State 4 <SV = 3> <Delay = 2.83>
ST_4 : Operation 25 [1/1] (0.00ns)   --->   "%specpipeline_ln419 = specpipeline void @_ssdm_op_SpecPipeline, i32 4294967295, i32 0, i32 0, i32 0, void @empty" [../../APZ-DA/Addon_Queries/SELECT/dynamic_filter/xf_database/dynamic_filter.hpp:419]   --->   Operation 25 'specpipeline' 'specpipeline_ln419' <Predicate = true> <Delay = 0.00>
ST_4 : Operation 26 [1/1] (0.00ns)   --->   "%speclooptripcount_ln419 = speclooptripcount void @_ssdm_op_SpecLoopTripCount, i64 4, i64 4, i64 4" [../../APZ-DA/Addon_Queries/SELECT/dynamic_filter/xf_database/dynamic_filter.hpp:419]   --->   Operation 26 'speclooptripcount' 'speclooptripcount_ln419' <Predicate = true> <Delay = 0.00>
ST_4 : Operation 27 [1/1] (0.00ns)   --->   "%specloopname_ln419 = specloopname void @_ssdm_op_SpecLoopName, void @empty_1" [../../APZ-DA/Addon_Queries/SELECT/dynamic_filter/xf_database/dynamic_filter.hpp:419]   --->   Operation 27 'specloopname' 'specloopname_ln419' <Predicate = true> <Delay = 0.00>
ST_4 : Operation 28 [1/1] (1.42ns)   --->   "%dw = read i32 @_ssdm_op_Read.ap_fifo.volatile.i32P0A, i32 %filter_cfg_strm" [../../APZ-DA/Addon_Queries/SELECT/dynamic_filter/xf_database/dynamic_filter.hpp:429]   --->   Operation 28 'read' 'dw' <Predicate = true> <Delay = 1.42> <CoreInst = "FIFO">   --->   Core 77 'FIFO' <Latency = 0> <II = 1> <Delay = 1.42> <Storage> <Opcode : 'read' 'write' 'nbread' 'nbwrite'> <Ports = 0> <Width = -1> <Depth = -1> <FIFO>
ST_4 : Operation 29 [1/1] (0.00ns)   --->   "%cfg_lop = partselect i4 @_ssdm_op_PartSelect.i4.i32.i32.i32, i32 %dw, i32 4, i32 7" [../../APZ-DA/Addon_Queries/SELECT/dynamic_filter/xf_database/dynamic_filter.hpp:430]   --->   Operation 29 'partselect' 'cfg_lop' <Predicate = true> <Delay = 0.00>
ST_4 : Operation 30 [1/1] (0.00ns)   --->   "%trunc_ln432 = trunc i32 %dw" [../../APZ-DA/Addon_Queries/SELECT/dynamic_filter/xf_database/dynamic_filter.hpp:432]   --->   Operation 30 'trunc' 'trunc_ln432' <Predicate = true> <Delay = 0.00>
ST_4 : Operation 31 [1/1] (0.00ns)   --->   "%or_ln432_5 = bitconcatenate i72 @_ssdm_op_BitConcatenate.i72.i32.i32.i4.i4, i32 %cfg_r, i32 %cfg_l, i4 %trunc_ln432, i4 %cfg_lop" [../../APZ-DA/Addon_Queries/SELECT/dynamic_filter/xf_database/dynamic_filter.hpp:432]   --->   Operation 31 'bitconcatenate' 'or_ln432_5' <Predicate = true> <Delay = 0.00>
ST_4 : Operation 32 [1/1] (1.40ns)   --->   "%write_ln432 = write void @_ssdm_op_Write.ap_fifo.volatile.i72P0A, i72 %cmpvc_cfg_strms_2, i72 %or_ln432_5" [../../APZ-DA/Addon_Queries/SELECT/dynamic_filter/xf_database/dynamic_filter.hpp:432]   --->   Operation 32 'write' 'write_ln432' <Predicate = (trunc_ln419 == 2)> <Delay = 1.40> <CoreInst = "FIFO_SRL">   --->   Core 80 'FIFO_SRL' <Latency = 0> <II = 1> <Delay = 1.40> <Storage> <Opcode : 'read' 'write' 'nbread' 'nbwrite'> <Ports = 0> <Width = 72> <Depth = 2> <FIFO>
ST_4 : Operation 33 [1/1] (0.00ns)   --->   "%br_ln432 = br void %V.i17701.exit" [../../APZ-DA/Addon_Queries/SELECT/dynamic_filter/xf_database/dynamic_filter.hpp:432]   --->   Operation 33 'br' 'br_ln432' <Predicate = (trunc_ln419 == 2)> <Delay = 0.00>
ST_4 : Operation 34 [1/1] (1.40ns)   --->   "%write_ln432 = write void @_ssdm_op_Write.ap_fifo.volatile.i72P0A, i72 %cmpvc_cfg_strms_1, i72 %or_ln432_5" [../../APZ-DA/Addon_Queries/SELECT/dynamic_filter/xf_database/dynamic_filter.hpp:432]   --->   Operation 34 'write' 'write_ln432' <Predicate = (trunc_ln419 == 1)> <Delay = 1.40> <CoreInst = "FIFO_SRL">   --->   Core 80 'FIFO_SRL' <Latency = 0> <II = 1> <Delay = 1.40> <Storage> <Opcode : 'read' 'write' 'nbread' 'nbwrite'> <Ports = 0> <Width = 72> <Depth = 2> <FIFO>
ST_4 : Operation 35 [1/1] (0.00ns)   --->   "%br_ln432 = br void %V.i17701.exit" [../../APZ-DA/Addon_Queries/SELECT/dynamic_filter/xf_database/dynamic_filter.hpp:432]   --->   Operation 35 'br' 'br_ln432' <Predicate = (trunc_ln419 == 1)> <Delay = 0.00>
ST_4 : Operation 36 [1/1] (1.40ns)   --->   "%write_ln432 = write void @_ssdm_op_Write.ap_fifo.volatile.i72P0A, i72 %cmpvc_cfg_strms_0, i72 %or_ln432_5" [../../APZ-DA/Addon_Queries/SELECT/dynamic_filter/xf_database/dynamic_filter.hpp:432]   --->   Operation 36 'write' 'write_ln432' <Predicate = (trunc_ln419 == 0)> <Delay = 1.40> <CoreInst = "FIFO_SRL">   --->   Core 80 'FIFO_SRL' <Latency = 0> <II = 1> <Delay = 1.40> <Storage> <Opcode : 'read' 'write' 'nbread' 'nbwrite'> <Ports = 0> <Width = 72> <Depth = 2> <FIFO>
ST_4 : Operation 37 [1/1] (0.00ns)   --->   "%br_ln432 = br void %V.i17701.exit" [../../APZ-DA/Addon_Queries/SELECT/dynamic_filter/xf_database/dynamic_filter.hpp:432]   --->   Operation 37 'br' 'br_ln432' <Predicate = (trunc_ln419 == 0)> <Delay = 0.00>
ST_4 : Operation 38 [1/1] (1.40ns)   --->   "%write_ln432 = write void @_ssdm_op_Write.ap_fifo.volatile.i72P0A, i72 %cmpvc_cfg_strms_3, i72 %or_ln432_5" [../../APZ-DA/Addon_Queries/SELECT/dynamic_filter/xf_database/dynamic_filter.hpp:432]   --->   Operation 38 'write' 'write_ln432' <Predicate = (trunc_ln419 == 3)> <Delay = 1.40> <CoreInst = "FIFO_SRL">   --->   Core 80 'FIFO_SRL' <Latency = 0> <II = 1> <Delay = 1.40> <Storage> <Opcode : 'read' 'write' 'nbread' 'nbwrite'> <Ports = 0> <Width = 72> <Depth = 2> <FIFO>
ST_4 : Operation 39 [1/1] (0.00ns)   --->   "%br_ln432 = br void %V.i17701.exit" [../../APZ-DA/Addon_Queries/SELECT/dynamic_filter/xf_database/dynamic_filter.hpp:432]   --->   Operation 39 'br' 'br_ln432' <Predicate = (trunc_ln419 == 3)> <Delay = 0.00>


============================================================
+ Verbose Summary: Binding
============================================================
STG Binding: 
---------------- STG Properties BEGIN ----------------
- Is combinational: 0
- Is one-state seq: 0
- Is datapath-only: 0
- Is pipelined: 0
- Is top level: 0
Port [ Return ] is wired: 1; IO mode=ap_ctrl_hs:ce=0
Port [ cmpvc_cfg_strms_0]:  wired=1; compound=1; hidden=0; nouse=0; global=0; static=0; extern=0; dir=1; type=3; pingpong=0; private_global=0; IO mode=ap_fifo:ce=0
Port [ filter_cfg_strm]:  wired=1; compound=1; hidden=0; nouse=0; global=0; static=0; extern=0; dir=0; type=3; pingpong=0; private_global=0; IO mode=ap_fifo:ce=0
Port [ cmpvc_cfg_strms_1]:  wired=1; compound=1; hidden=0; nouse=0; global=0; static=0; extern=0; dir=1; type=3; pingpong=0; private_global=0; IO mode=ap_fifo:ce=0
Port [ cmpvc_cfg_strms_2]:  wired=1; compound=1; hidden=0; nouse=0; global=0; static=0; extern=0; dir=1; type=3; pingpong=0; private_global=0; IO mode=ap_fifo:ce=0
Port [ cmpvc_cfg_strms_3]:  wired=1; compound=1; hidden=0; nouse=0; global=0; static=0; extern=0; dir=1; type=3; pingpong=0; private_global=0; IO mode=ap_fifo:ce=0
---------------- STG Properties END ------------------

---------------- Datapath Model BEGIN ----------------

<LifeTime>
<method=bitvector/>
i                       (alloca           ) [ 01000]
specinterface_ln0       (specinterface    ) [ 00000]
specinterface_ln0       (specinterface    ) [ 00000]
specinterface_ln0       (specinterface    ) [ 00000]
specinterface_ln0       (specinterface    ) [ 00000]
specinterface_ln0       (specinterface    ) [ 00000]
store_ln419             (store            ) [ 00000]
br_ln419                (br               ) [ 00000]
i_3                     (load             ) [ 00000]
icmp_ln419              (icmp             ) [ 01110]
add_ln419               (add              ) [ 00000]
br_ln419                (br               ) [ 00000]
trunc_ln419             (trunc            ) [ 01111]
switch_ln432            (switch           ) [ 00000]
store_ln419             (store            ) [ 00000]
br_ln419                (br               ) [ 00000]
cfg_l                   (read             ) [ 01011]
cfg_r                   (read             ) [ 01001]
specpipeline_ln419      (specpipeline     ) [ 00000]
speclooptripcount_ln419 (speclooptripcount) [ 00000]
specloopname_ln419      (specloopname     ) [ 00000]
dw                      (read             ) [ 00000]
cfg_lop                 (partselect       ) [ 00000]
trunc_ln432             (trunc            ) [ 00000]
or_ln432_5              (bitconcatenate   ) [ 00000]
write_ln432             (write            ) [ 00000]
br_ln432                (br               ) [ 00000]
write_ln432             (write            ) [ 00000]
br_ln432                (br               ) [ 00000]
write_ln432             (write            ) [ 00000]
br_ln432                (br               ) [ 00000]
write_ln432             (write            ) [ 00000]
br_ln432                (br               ) [ 00000]
ret_ln0                 (ret              ) [ 00000]
</LifeTime>

<model>

<comp_list>
<comp id="0" class="1000" name="cmpvc_cfg_strms_0">
<pin_list>
<pin id="1" dir="1" index="0" bw="1" slack="0"/>
</pin_list>
<bind>
<StgValue><ssdm name="cmpvc_cfg_strms_0"/></StgValue>
</bind>
</comp>

<comp id="2" class="1000" name="filter_cfg_strm">
<pin_list>
<pin id="3" dir="1" index="0" bw="1" slack="0"/>
</pin_list>
<bind>
<StgValue><ssdm name="filter_cfg_strm"/></StgValue>
</bind>
</comp>

<comp id="4" class="1000" name="cmpvc_cfg_strms_1">
<pin_list>
<pin id="5" dir="1" index="0" bw="1" slack="0"/>
</pin_list>
<bind>
<StgValue><ssdm name="cmpvc_cfg_strms_1"/></StgValue>
</bind>
</comp>

<comp id="6" class="1000" name="cmpvc_cfg_strms_2">
<pin_list>
<pin id="7" dir="1" index="0" bw="1" slack="0"/>
</pin_list>
<bind>
<StgValue><ssdm name="cmpvc_cfg_strms_2"/></StgValue>
</bind>
</comp>

<comp id="8" class="1000" name="cmpvc_cfg_strms_3">
<pin_list>
<pin id="9" dir="1" index="0" bw="1" slack="0"/>
</pin_list>
<bind>
<StgValue><ssdm name="cmpvc_cfg_strms_3"/></StgValue>
</bind>
</comp>

<comp id="10" class="1001" name="const_10">
<pin_list>
<pin id="11" dir="1" index="0" bw="1" slack="0"/>
</pin_list>
<bind>
<StgValue><ssdm name=""/></StgValue>
</bind>
</comp>

<comp id="12" class="1001" name="const_12">
<pin_list>
<pin id="13" dir="1" index="0" bw="1" slack="2147483647"/>
</pin_list>
<bind>
<StgValue><ssdm name="_ssdm_op_SpecInterface"/></StgValue>
</bind>
</comp>

<comp id="14" class="1001" name="const_14">
<pin_list>
<pin id="15" dir="1" index="0" bw="1" slack="2147483647"/>
</pin_list>
<bind>
<StgValue><ssdm name="empty_8"/></StgValue>
</bind>
</comp>

<comp id="16" class="1001" name="const_16">
<pin_list>
<pin id="17" dir="1" index="0" bw="1" slack="2147483647"/>
</pin_list>
<bind>
<StgValue><ssdm name=""/></StgValue>
</bind>
</comp>

<comp id="18" class="1001" name="const_18">
<pin_list>
<pin id="19" dir="1" index="0" bw="1" slack="2147483647"/>
</pin_list>
<bind>
<StgValue><ssdm name="empty"/></StgValue>
</bind>
</comp>

<comp id="20" class="1001" name="const_20">
<pin_list>
<pin id="21" dir="1" index="0" bw="1" slack="2147483647"/>
</pin_list>
<bind>
<StgValue><ssdm name=""/></StgValue>
</bind>
</comp>

<comp id="22" class="1001" name="const_22">
<pin_list>
<pin id="23" dir="1" index="0" bw="1" slack="0"/>
</pin_list>
<bind>
<StgValue><ssdm name=""/></StgValue>
</bind>
</comp>

<comp id="24" class="1001" name="const_24">
<pin_list>
<pin id="25" dir="1" index="0" bw="1" slack="0"/>
</pin_list>
<bind>
<StgValue><ssdm name=""/></StgValue>
</bind>
</comp>

<comp id="26" class="1001" name="const_26">
<pin_list>
<pin id="27" dir="1" index="0" bw="1" slack="0"/>
</pin_list>
<bind>
<StgValue><ssdm name=""/></StgValue>
</bind>
</comp>

<comp id="28" class="1001" name="const_28">
<pin_list>
<pin id="29" dir="1" index="0" bw="1" slack="2147483647"/>
</pin_list>
<bind>
<StgValue><ssdm name=""/></StgValue>
</bind>
</comp>

<comp id="30" class="1001" name="const_30">
<pin_list>
<pin id="31" dir="1" index="0" bw="1" slack="2147483647"/>
</pin_list>
<bind>
<StgValue><ssdm name=""/></StgValue>
</bind>
</comp>

<comp id="32" class="1001" name="const_32">
<pin_list>
<pin id="33" dir="1" index="0" bw="1" slack="2147483647"/>
</pin_list>
<bind>
<StgValue><ssdm name=""/></StgValue>
</bind>
</comp>

<comp id="34" class="1001" name="const_34">
<pin_list>
<pin id="35" dir="1" index="0" bw="1" slack="0"/>
</pin_list>
<bind>
<StgValue><ssdm name="_ssdm_op_Read.ap_fifo.volatile.i32P0A"/></StgValue>
</bind>
</comp>

<comp id="36" class="1001" name="const_36">
<pin_list>
<pin id="37" dir="1" index="0" bw="1" slack="2147483647"/>
</pin_list>
<bind>
<StgValue><ssdm name="_ssdm_op_SpecPipeline"/></StgValue>
</bind>
</comp>

<comp id="38" class="1001" name="const_38">
<pin_list>
<pin id="39" dir="1" index="0" bw="1" slack="2147483647"/>
</pin_list>
<bind>
<StgValue><ssdm name="_ssdm_op_SpecLoopTripCount"/></StgValue>
</bind>
</comp>

<comp id="40" class="1001" name="const_40">
<pin_list>
<pin id="41" dir="1" index="0" bw="1" slack="2147483647"/>
</pin_list>
<bind>
<StgValue><ssdm name=""/></StgValue>
</bind>
</comp>

<comp id="42" class="1001" name="const_42">
<pin_list>
<pin id="43" dir="1" index="0" bw="1" slack="2147483647"/>
</pin_list>
<bind>
<StgValue><ssdm name="_ssdm_op_SpecLoopName"/></StgValue>
</bind>
</comp>

<comp id="44" class="1001" name="const_44">
<pin_list>
<pin id="45" dir="1" index="0" bw="1" slack="2147483647"/>
</pin_list>
<bind>
<StgValue><ssdm name="empty_1"/></StgValue>
</bind>
</comp>

<comp id="46" class="1001" name="const_46">
<pin_list>
<pin id="47" dir="1" index="0" bw="1" slack="0"/>
</pin_list>
<bind>
<StgValue><ssdm name="_ssdm_op_PartSelect.i4.i32.i32.i32"/></StgValue>
</bind>
</comp>

<comp id="48" class="1001" name="const_48">
<pin_list>
<pin id="49" dir="1" index="0" bw="1" slack="0"/>
</pin_list>
<bind>
<StgValue><ssdm name=""/></StgValue>
</bind>
</comp>

<comp id="50" class="1001" name="const_50">
<pin_list>
<pin id="51" dir="1" index="0" bw="1" slack="0"/>
</pin_list>
<bind>
<StgValue><ssdm name=""/></StgValue>
</bind>
</comp>

<comp id="52" class="1001" name="const_52">
<pin_list>
<pin id="53" dir="1" index="0" bw="1" slack="0"/>
</pin_list>
<bind>
<StgValue><ssdm name="_ssdm_op_BitConcatenate.i72.i32.i32.i4.i4"/></StgValue>
</bind>
</comp>

<comp id="54" class="1001" name="const_54">
<pin_list>
<pin id="55" dir="1" index="0" bw="1" slack="0"/>
</pin_list>
<bind>
<StgValue><ssdm name="_ssdm_op_Write.ap_fifo.volatile.i72P0A"/></StgValue>
</bind>
</comp>

<comp id="56" class="1004" name="i_fu_56">
<pin_list>
<pin id="57" dir="0" index="0" bw="1" slack="0"/>
<pin id="58" dir="1" index="1" bw="3" slack="0"/>
</pin_list>
<bind>
<opcode="alloca(26) " fcode="alloca"/>
<opset="i/1 "/>
</bind>
</comp>

<comp id="60" class="1004" name="grp_read_fu_60">
<pin_list>
<pin id="61" dir="0" index="0" bw="32" slack="0"/>
<pin id="62" dir="0" index="1" bw="32" slack="0"/>
<pin id="63" dir="1" index="2" bw="32" slack="0"/>
</pin_list>
<bind>
<opcode="read(1150) " fcode="read"/>
<opset="cfg_l/2 cfg_r/3 dw/4 "/>
</bind>
</comp>

<comp id="66" class="1004" name="write_ln432_write_fu_66">
<pin_list>
<pin id="67" dir="0" index="0" bw="0" slack="0"/>
<pin id="68" dir="0" index="1" bw="72" slack="0"/>
<pin id="69" dir="0" index="2" bw="72" slack="0"/>
<pin id="70" dir="1" index="3" bw="0" slack="2147483647"/>
</pin_list>
<bind>
<opcode="write(1151) " fcode="write"/>
<opset="write_ln432/4 "/>
</bind>
</comp>

<comp id="73" class="1004" name="write_ln432_write_fu_73">
<pin_list>
<pin id="74" dir="0" index="0" bw="0" slack="0"/>
<pin id="75" dir="0" index="1" bw="72" slack="0"/>
<pin id="76" dir="0" index="2" bw="72" slack="0"/>
<pin id="77" dir="1" index="3" bw="0" slack="2147483647"/>
</pin_list>
<bind>
<opcode="write(1151) " fcode="write"/>
<opset="write_ln432/4 "/>
</bind>
</comp>

<comp id="80" class="1004" name="write_ln432_write_fu_80">
<pin_list>
<pin id="81" dir="0" index="0" bw="0" slack="0"/>
<pin id="82" dir="0" index="1" bw="72" slack="0"/>
<pin id="83" dir="0" index="2" bw="72" slack="0"/>
<pin id="84" dir="1" index="3" bw="0" slack="2147483647"/>
</pin_list>
<bind>
<opcode="write(1151) " fcode="write"/>
<opset="write_ln432/4 "/>
</bind>
</comp>

<comp id="87" class="1004" name="write_ln432_write_fu_87">
<pin_list>
<pin id="88" dir="0" index="0" bw="0" slack="0"/>
<pin id="89" dir="0" index="1" bw="72" slack="0"/>
<pin id="90" dir="0" index="2" bw="72" slack="0"/>
<pin id="91" dir="1" index="3" bw="0" slack="2147483647"/>
</pin_list>
<bind>
<opcode="write(1151) " fcode="write"/>
<opset="write_ln432/4 "/>
</bind>
</comp>

<comp id="94" class="1004" name="store_ln419_store_fu_94">
<pin_list>
<pin id="95" dir="0" index="0" bw="1" slack="0"/>
<pin id="96" dir="0" index="1" bw="3" slack="0"/>
<pin id="97" dir="1" index="2" bw="0" slack="2147483647"/>
</pin_list>
<bind>
<opcode="store(28) " fcode="store"/>
<opset="store_ln419/1 "/>
</bind>
</comp>

<comp id="99" class="1004" name="i_3_load_fu_99">
<pin_list>
<pin id="100" dir="0" index="0" bw="3" slack="0"/>
<pin id="101" dir="1" index="1" bw="3" slack="0"/>
</pin_list>
<bind>
<opcode="load(27) " fcode="load"/>
<opset="i_3/1 "/>
</bind>
</comp>

<comp id="102" class="1004" name="icmp_ln419_fu_102">
<pin_list>
<pin id="103" dir="0" index="0" bw="3" slack="0"/>
<pin id="104" dir="0" index="1" bw="3" slack="0"/>
<pin id="105" dir="1" index="2" bw="1" slack="1"/>
</pin_list>
<bind>
<opcode="icmp(45) " fcode="icmp"/>
<opset="icmp_ln419/1 "/>
</bind>
</comp>

<comp id="108" class="1004" name="add_ln419_fu_108">
<pin_list>
<pin id="109" dir="0" index="0" bw="3" slack="0"/>
<pin id="110" dir="0" index="1" bw="1" slack="0"/>
<pin id="111" dir="1" index="2" bw="3" slack="0"/>
</pin_list>
<bind>
<opcode="add(8) " fcode="add"/>
<opset="add_ln419/1 "/>
</bind>
</comp>

<comp id="114" class="1004" name="trunc_ln419_fu_114">
<pin_list>
<pin id="115" dir="0" index="0" bw="3" slack="0"/>
<pin id="116" dir="1" index="1" bw="2" slack="3"/>
</pin_list>
<bind>
<opcode="trunc(33) " fcode="trunc"/>
<opset="trunc_ln419/1 "/>
</bind>
</comp>

<comp id="118" class="1004" name="store_ln419_store_fu_118">
<pin_list>
<pin id="119" dir="0" index="0" bw="3" slack="0"/>
<pin id="120" dir="0" index="1" bw="3" slack="0"/>
<pin id="121" dir="1" index="2" bw="0" slack="2147483647"/>
</pin_list>
<bind>
<opcode="store(28) " fcode="store"/>
<opset="store_ln419/1 "/>
</bind>
</comp>

<comp id="123" class="1004" name="cfg_lop_fu_123">
<pin_list>
<pin id="124" dir="0" index="0" bw="4" slack="0"/>
<pin id="125" dir="0" index="1" bw="32" slack="0"/>
<pin id="126" dir="0" index="2" bw="4" slack="0"/>
<pin id="127" dir="0" index="3" bw="4" slack="0"/>
<pin id="128" dir="1" index="4" bw="4" slack="0"/>
</pin_list>
<bind>
<opcode="partselect(1002) " fcode="partselect"/>
<opset="cfg_lop/4 "/>
</bind>
</comp>

<comp id="133" class="1004" name="trunc_ln432_fu_133">
<pin_list>
<pin id="134" dir="0" index="0" bw="32" slack="0"/>
<pin id="135" dir="1" index="1" bw="4" slack="0"/>
</pin_list>
<bind>
<opcode="trunc(33) " fcode="trunc"/>
<opset="trunc_ln432/4 "/>
</bind>
</comp>

<comp id="137" class="1004" name="or_ln432_5_fu_137">
<pin_list>
<pin id="138" dir="0" index="0" bw="72" slack="0"/>
<pin id="139" dir="0" index="1" bw="32" slack="1"/>
<pin id="140" dir="0" index="2" bw="32" slack="2"/>
<pin id="141" dir="0" index="3" bw="4" slack="0"/>
<pin id="142" dir="0" index="4" bw="4" slack="0"/>
<pin id="143" dir="1" index="5" bw="72" slack="0"/>
</pin_list>
<bind>
<opcode="bitconcatenate(1004) " fcode="bitconcatenate"/>
<opset="or_ln432_5/4 "/>
</bind>
</comp>

<comp id="151" class="1005" name="i_reg_151">
<pin_list>
<pin id="152" dir="0" index="0" bw="3" slack="0"/>
<pin id="153" dir="1" index="1" bw="3" slack="0"/>
</pin_list>
<bind>
<opset="i "/>
</bind>
</comp>

<comp id="158" class="1005" name="icmp_ln419_reg_158">
<pin_list>
<pin id="159" dir="0" index="0" bw="1" slack="1"/>
<pin id="160" dir="1" index="1" bw="1" slack="2147483647"/>
</pin_list>
<bind>
<opset="icmp_ln419 "/>
</bind>
</comp>

<comp id="162" class="1005" name="trunc_ln419_reg_162">
<pin_list>
<pin id="163" dir="0" index="0" bw="2" slack="3"/>
<pin id="164" dir="1" index="1" bw="2" slack="2147483647"/>
</pin_list>
<bind>
<opset="trunc_ln419 "/>
</bind>
</comp>

<comp id="166" class="1005" name="cfg_l_reg_166">
<pin_list>
<pin id="167" dir="0" index="0" bw="32" slack="2"/>
<pin id="168" dir="1" index="1" bw="32" slack="2"/>
</pin_list>
<bind>
<opset="cfg_l "/>
</bind>
</comp>

<comp id="171" class="1005" name="cfg_r_reg_171">
<pin_list>
<pin id="172" dir="0" index="0" bw="32" slack="1"/>
<pin id="173" dir="1" index="1" bw="32" slack="1"/>
</pin_list>
<bind>
<opset="cfg_r "/>
</bind>
</comp>

</comp_list>

<net_list>
<net id="59"><net_src comp="10" pin="0"/><net_sink comp="56" pin=0"/></net>

<net id="64"><net_src comp="34" pin="0"/><net_sink comp="60" pin=0"/></net>

<net id="65"><net_src comp="2" pin="0"/><net_sink comp="60" pin=1"/></net>

<net id="71"><net_src comp="54" pin="0"/><net_sink comp="66" pin=0"/></net>

<net id="72"><net_src comp="6" pin="0"/><net_sink comp="66" pin=1"/></net>

<net id="78"><net_src comp="54" pin="0"/><net_sink comp="73" pin=0"/></net>

<net id="79"><net_src comp="4" pin="0"/><net_sink comp="73" pin=1"/></net>

<net id="85"><net_src comp="54" pin="0"/><net_sink comp="80" pin=0"/></net>

<net id="86"><net_src comp="0" pin="0"/><net_sink comp="80" pin=1"/></net>

<net id="92"><net_src comp="54" pin="0"/><net_sink comp="87" pin=0"/></net>

<net id="93"><net_src comp="8" pin="0"/><net_sink comp="87" pin=1"/></net>

<net id="98"><net_src comp="22" pin="0"/><net_sink comp="94" pin=0"/></net>

<net id="106"><net_src comp="99" pin="1"/><net_sink comp="102" pin=0"/></net>

<net id="107"><net_src comp="24" pin="0"/><net_sink comp="102" pin=1"/></net>

<net id="112"><net_src comp="99" pin="1"/><net_sink comp="108" pin=0"/></net>

<net id="113"><net_src comp="26" pin="0"/><net_sink comp="108" pin=1"/></net>

<net id="117"><net_src comp="99" pin="1"/><net_sink comp="114" pin=0"/></net>

<net id="122"><net_src comp="108" pin="2"/><net_sink comp="118" pin=0"/></net>

<net id="129"><net_src comp="46" pin="0"/><net_sink comp="123" pin=0"/></net>

<net id="130"><net_src comp="60" pin="2"/><net_sink comp="123" pin=1"/></net>

<net id="131"><net_src comp="48" pin="0"/><net_sink comp="123" pin=2"/></net>

<net id="132"><net_src comp="50" pin="0"/><net_sink comp="123" pin=3"/></net>

<net id="136"><net_src comp="60" pin="2"/><net_sink comp="133" pin=0"/></net>

<net id="144"><net_src comp="52" pin="0"/><net_sink comp="137" pin=0"/></net>

<net id="145"><net_src comp="133" pin="1"/><net_sink comp="137" pin=3"/></net>

<net id="146"><net_src comp="123" pin="4"/><net_sink comp="137" pin=4"/></net>

<net id="147"><net_src comp="137" pin="5"/><net_sink comp="66" pin=2"/></net>

<net id="148"><net_src comp="137" pin="5"/><net_sink comp="73" pin=2"/></net>

<net id="149"><net_src comp="137" pin="5"/><net_sink comp="80" pin=2"/></net>

<net id="150"><net_src comp="137" pin="5"/><net_sink comp="87" pin=2"/></net>

<net id="154"><net_src comp="56" pin="1"/><net_sink comp="151" pin=0"/></net>

<net id="155"><net_src comp="151" pin="1"/><net_sink comp="94" pin=1"/></net>

<net id="156"><net_src comp="151" pin="1"/><net_sink comp="99" pin=0"/></net>

<net id="157"><net_src comp="151" pin="1"/><net_sink comp="118" pin=1"/></net>

<net id="161"><net_src comp="102" pin="2"/><net_sink comp="158" pin=0"/></net>

<net id="165"><net_src comp="114" pin="1"/><net_sink comp="162" pin=0"/></net>

<net id="169"><net_src comp="60" pin="2"/><net_sink comp="166" pin=0"/></net>

<net id="170"><net_src comp="166" pin="1"/><net_sink comp="137" pin=2"/></net>

<net id="174"><net_src comp="60" pin="2"/><net_sink comp="171" pin=0"/></net>

<net id="175"><net_src comp="171" pin="1"/><net_sink comp="137" pin=1"/></net>

</net_list>

</model> 
---------------- Datapath Model END ------------------

* FSMD analyzer results:
  - Output states:
	Port: cmpvc_cfg_strms_0 | {4 }
	Port: cmpvc_cfg_strms_1 | {4 }
	Port: cmpvc_cfg_strms_2 | {4 }
	Port: cmpvc_cfg_strms_3 | {4 }
 - Input state : 
	Port: parse_filter_config<4, 32>_Pipeline_VITIS_LOOP_419_1 : filter_cfg_strm | {2 3 4 }
  - Chain level:
	State 1
		store_ln419 : 1
		i_3 : 1
		icmp_ln419 : 2
		add_ln419 : 2
		br_ln419 : 3
		trunc_ln419 : 2
		switch_ln432 : 3
		store_ln419 : 3
	State 2
	State 3
	State 4
		or_ln432_5 : 1
		write_ln432 : 2
		write_ln432 : 2
		write_ln432 : 2
		write_ln432 : 2


============================================================
+ Verbose Summary: Datapath Resource usage 
============================================================

* Functional unit list:
|----------|-------------------------|---------|---------|
| Operation|     Functional Unit     |    FF   |   LUT   |
|----------|-------------------------|---------|---------|
|   icmp   |    icmp_ln419_fu_102    |    0    |    10   |
|----------|-------------------------|---------|---------|
|    add   |     add_ln419_fu_108    |    0    |    10   |
|----------|-------------------------|---------|---------|
|   read   |      grp_read_fu_60     |    0    |    0    |
|----------|-------------------------|---------|---------|
|          | write_ln432_write_fu_66 |    0    |    0    |
|   write  | write_ln432_write_fu_73 |    0    |    0    |
|          | write_ln432_write_fu_80 |    0    |    0    |
|          | write_ln432_write_fu_87 |    0    |    0    |
|----------|-------------------------|---------|---------|
|   trunc  |    trunc_ln419_fu_114   |    0    |    0    |
|          |    trunc_ln432_fu_133   |    0    |    0    |
|----------|-------------------------|---------|---------|
|partselect|      cfg_lop_fu_123     |    0    |    0    |
|----------|-------------------------|---------|---------|
|bitconcatenate|    or_ln432_5_fu_137    |    0    |    0    |
|----------|-------------------------|---------|---------|
|   Total  |                         |    0    |    20   |
|----------|-------------------------|---------|---------|

Memories:
N/A

* Register list:
+-------------------+--------+
|                   |   FF   |
+-------------------+--------+
|   cfg_l_reg_166   |   32   |
|   cfg_r_reg_171   |   32   |
|     i_reg_151     |    3   |
| icmp_ln419_reg_158|    1   |
|trunc_ln419_reg_162|    2   |
+-------------------+--------+
|       Total       |   70   |
+-------------------+--------+

* Multiplexer (MUX) list: 
|--------|------|------|------|--------|
|  Comp  |  Pin | Size |  BW  | S x BW |
|--------|------|------|------|--------|
|  Total |      |      |      |    0   |
|--------|------|------|------|--------|



* Summary:
+-----------+--------+--------+
|           |   FF   |   LUT  |
+-----------+--------+--------+
|  Function |    0   |   20   |
|   Memory  |    -   |    -   |
|Multiplexer|    -   |    -   |
|  Register |   70   |    -   |
+-----------+--------+--------+
|   Total   |   70   |   20   |
+-----------+--------+--------+
