

================================================================
== Vitis HLS Report for 'pred_pass_32_Pipeline_FILTER_PRED_PASS'
================================================================
* Date:           Mon Feb  3 14:21:55 2025

* Version:        2024.1 (Build 5069499 on May 21 2024)
* Project:        filter_dut
* Solution:       hls (Vivado IP Flow Target)
* Product family: virtexuplus
* Target device:  xcvu9p-flga2104-2-i


================================================================
== Performance Estimates
================================================================
+ Timing: 
    * Summary: 
    +--------+----------+----------+------------+
    |  Clock |  Target  | Estimated| Uncertainty|
    +--------+----------+----------+------------+
    |ap_clk  |  10.00 ns|  1.894 ns|     2.70 ns|
    +--------+----------+----------+------------+

+ Latency: 
    * Summary: 
    +---------+---------+----------+----------+-----+-----+-----------------------------------------------+
    |  Latency (cycles) |  Latency (absolute) |  Interval |                    Pipeline                   |
    |   min   |   max   |    min   |    max   | min | max |                      Type                     |
    +---------+---------+----------+----------+-----+-----+-----------------------------------------------+
    |        ?|        ?|         ?|         ?|    0|    0|  loop auto-rewind stp(delay=0 clock cycles(s))|
    +---------+---------+----------+----------+-----+-----+-----------------------------------------------+

    + Detail: 
        * Instance: 
        N/A

        * Loop: 
        +--------------------+---------+---------+----------+-----------+-----------+------+----------+
        |                    |  Latency (cycles) | Iteration|  Initiation Interval  | Trip |          |
        |      Loop Name     |   min   |   max   |  Latency |  achieved |   target  | Count| Pipelined|
        +--------------------+---------+---------+----------+-----------+-----------+------+----------+
        |- FILTER_PRED_PASS  |        ?|        ?|         3|          1|          1|     ?|       yes|
        +--------------------+---------+---------+----------+-----------+-----------+------+----------+

============================================================
+ Verbose Summary: Synthesis Manager
============================================================
InlineROM: 1
ExposeGlobal: 0
============================================================
+ Verbose Summary: CDFG Model
============================================================
IsTopModel: 0
ResetActiveHigh: 1
IsCombinational: 0
IsDatapathOnly: 0
HasWiredReturn: 1
HasMFsm: 2
HasVarLatency: 1
IsPipeline: 0
IsRtlPipelined: 0
IsInstanceOverlapped: 0
IsDontTouch: 0
HasImplIP: 0
IsGatedGlobalClock: 0

+ Individual pipeline summary: 
  * Pipeline-0: initiation interval (II) = 1, depth = 3


============================================================
+ Verbose Summary: Schedule
============================================================
* Number of FSM states : 3
* Pipeline : 1
  Pipeline-0 : II = 1, D = 3, States = { 1 2 3 }
* Dataflow Pipeline: 0

* FSM state transitions: 
1 --> 2 
2 --> 3 
3 --> 

* FSM state operations: 

State 1 <SV = 0> <Delay = 1.89>
ST_1 : Operation 6 [1/1] (0.00ns)   --->   "%specinterface_ln0 = specinterface void @_ssdm_op_SpecInterface, i1 %e_f_strm, void @empty_8, i32 0, i32 0, void @empty, i32 0, i32 0, void @empty, void @empty, void @empty, i32 0, i32 0, i32 0, i32 0, void @empty, void @empty, i32 4294967295, i32 0, i32 0"   --->   Operation 6 'specinterface' 'specinterface_ln0' <Predicate = true> <Delay = 0.00>
ST_1 : Operation 7 [1/1] (0.00ns)   --->   "%specinterface_ln0 = specinterface void @_ssdm_op_SpecInterface, i32 %f_strm, void @empty_8, i32 0, i32 0, void @empty, i32 0, i32 0, void @empty, void @empty, void @empty, i32 0, i32 0, i32 0, i32 0, void @empty, void @empty, i32 4294967295, i32 0, i32 0"   --->   Operation 7 'specinterface' 'specinterface_ln0' <Predicate = true> <Delay = 0.00>
ST_1 : Operation 8 [1/1] (0.00ns)   --->   "%specinterface_ln0 = specinterface void @_ssdm_op_SpecInterface, i32 %p_strm, void @empty_8, i32 0, i32 0, void @empty, i32 0, i32 0, void @empty, void @empty, void @empty, i32 0, i32 0, i32 0, i32 0, void @empty, void @empty, i32 4294967295, i32 0, i32 0"   --->   Operation 8 'specinterface' 'specinterface_ln0' <Predicate = true> <Delay = 0.00>
ST_1 : Operation 9 [1/1] (0.00ns)   --->   "%specinterface_ln0 = specinterface void @_ssdm_op_SpecInterface, i1 %e_p_strm, void @empty_8, i32 0, i32 0, void @empty, i32 0, i32 0, void @empty, void @empty, void @empty, i32 0, i32 0, i32 0, i32 0, void @empty, void @empty, i32 4294967295, i32 0, i32 0"   --->   Operation 9 'specinterface' 'specinterface_ln0' <Predicate = true> <Delay = 0.00>
ST_1 : Operation 10 [1/1] (0.00ns)   --->   "%specinterface_ln0 = specinterface void @_ssdm_op_SpecInterface, i1 %b_strm, void @empty_8, i32 0, i32 0, void @empty, i32 0, i32 0, void @empty, void @empty, void @empty, i32 0, i32 0, i32 0, i32 0, void @empty, void @empty, i32 4294967295, i32 0, i32 0"   --->   Operation 10 'specinterface' 'specinterface_ln0' <Predicate = true> <Delay = 0.00>
ST_1 : Operation 11 [1/1] (0.00ns)   --->   "%specinterface_ln0 = specinterface void @_ssdm_op_SpecInterface, i1 %e_b_strm, void @empty_8, i32 0, i32 0, void @empty, i32 0, i32 0, void @empty, void @empty, void @empty, i32 0, i32 0, i32 0, i32 0, void @empty, void @empty, i32 4294967295, i32 0, i32 0"   --->   Operation 11 'specinterface' 'specinterface_ln0' <Predicate = true> <Delay = 0.00>
ST_1 : Operation 12 [1/1] (0.00ns)   --->   "%eb_read = read i1 @_ssdm_op_Read.ap_auto.i1, i1 %eb" [../../APZ-DA/Addon_Queries/SELECT/dynamic_filter/xf_database/dynamic_filter.hpp:356]   --->   Operation 12 'read' 'eb_read' <Predicate = true> <Delay = 0.00>
ST_1 : Operation 13 [1/1] (0.00ns)   --->   "%ep_read = read i1 @_ssdm_op_Read.ap_auto.i1, i1 %ep" [../../APZ-DA/Addon_Queries/SELECT/dynamic_filter/xf_database/dynamic_filter.hpp:356]   --->   Operation 13 'read' 'ep_read' <Predicate = true> <Delay = 0.00>
ST_1 : Operation 14 [1/1] (0.38ns)   --->   "%br_ln372 = br void %while.cond" [../../APZ-DA/Addon_Queries/SELECT/dynamic_filter/xf_database/dynamic_filter.hpp:372]   --->   Operation 14 'br' 'br_ln372' <Predicate = true> <Delay = 0.38>
ST_1 : Operation 15 [1/1] (0.00ns)   --->   "%ep_1 = phi i1 %ep_read, void %newFuncRoot, i1 %ep_2, void %if.end"   --->   Operation 15 'phi' 'ep_1' <Predicate = true> <Delay = 0.00>
ST_1 : Operation 16 [1/1] (0.00ns)   --->   "%eb_1 = phi i1 %eb_read, void %newFuncRoot, i1 %eb_2, void %if.end"   --->   Operation 16 'phi' 'eb_1' <Predicate = true> <Delay = 0.00>
ST_1 : Operation 17 [1/1] (0.12ns)   --->   "%or_ln372 = or i1 %ep_1, i1 %eb_1" [../../APZ-DA/Addon_Queries/SELECT/dynamic_filter/xf_database/dynamic_filter.hpp:372]   --->   Operation 17 'or' 'or_ln372' <Predicate = true> <Delay = 0.12> <CoreInst = "LogicGate">   --->   Core 74 'LogicGate' <Latency = 0> <II = 1> <Delay = 0.12> <FuncUnit> <Opcode : 'and' 'or' 'xor'> <InPorts = 2> <OutPorts = 1>
ST_1 : Operation 18 [1/1] (0.00ns)   --->   "%br_ln372 = br i1 %or_ln372, void %while.body, void %while.end.exitStub" [../../APZ-DA/Addon_Queries/SELECT/dynamic_filter/xf_database/dynamic_filter.hpp:372]   --->   Operation 18 'br' 'br_ln372' <Predicate = true> <Delay = 0.00>
ST_1 : Operation 19 [1/1] (1.38ns)   --->   "%ep_2 = read i1 @_ssdm_op_Read.ap_fifo.volatile.i1P0A, i1 %e_p_strm" [../../APZ-DA/Addon_Queries/SELECT/dynamic_filter/xf_database/dynamic_filter.hpp:373]   --->   Operation 19 'read' 'ep_2' <Predicate = (!or_ln372)> <Delay = 1.38> <CoreInst = "FIFO_SRL">   --->   Core 80 'FIFO_SRL' <Latency = 0> <II = 1> <Delay = 1.38> <Storage> <Opcode : 'read' 'write' 'nbread' 'nbwrite'> <Ports = 0> <Width = 1> <Depth = 32> <FIFO>
ST_1 : Operation 20 [1/1] (1.31ns)   --->   "%eb_2 = read i1 @_ssdm_op_Read.ap_fifo.volatile.i1P0A, i1 %e_b_strm" [../../APZ-DA/Addon_Queries/SELECT/dynamic_filter/xf_database/dynamic_filter.hpp:374]   --->   Operation 20 'read' 'eb_2' <Predicate = (!or_ln372)> <Delay = 1.31> <CoreInst = "FIFO_SRL">   --->   Core 80 'FIFO_SRL' <Latency = 0> <II = 1> <Delay = 1.31> <Storage> <Opcode : 'read' 'write' 'nbread' 'nbwrite'> <Ports = 0> <Width = 1> <Depth = 8> <FIFO>
ST_1 : Operation 21 [1/1] (0.00ns)   --->   "%br_ln372 = br void %while.cond" [../../APZ-DA/Addon_Queries/SELECT/dynamic_filter/xf_database/dynamic_filter.hpp:372]   --->   Operation 21 'br' 'br_ln372' <Predicate = (!or_ln372)> <Delay = 0.00>

State 2 <SV = 1> <Delay = 1.42>
ST_2 : Operation 22 [1/1] (0.00ns)   --->   "%specpipeline_ln373 = specpipeline void @_ssdm_op_SpecPipeline, i32 4294967295, i32 0, i32 0, i32 0, void @empty" [../../APZ-DA/Addon_Queries/SELECT/dynamic_filter/xf_database/dynamic_filter.hpp:373]   --->   Operation 22 'specpipeline' 'specpipeline_ln373' <Predicate = (!or_ln372)> <Delay = 0.00>
ST_2 : Operation 23 [1/1] (0.00ns)   --->   "%specloopname_ln372 = specloopname void @_ssdm_op_SpecLoopName, void @empty_4" [../../APZ-DA/Addon_Queries/SELECT/dynamic_filter/xf_database/dynamic_filter.hpp:372]   --->   Operation 23 'specloopname' 'specloopname_ln372' <Predicate = (!or_ln372)> <Delay = 0.00>
ST_2 : Operation 24 [1/1] (1.42ns)   --->   "%p_strm_read = read i32 @_ssdm_op_Read.ap_fifo.volatile.i32P0A, i32 %p_strm" [../../APZ-DA/Addon_Queries/SELECT/dynamic_filter/xf_database/dynamic_filter.hpp:376]   --->   Operation 24 'read' 'p_strm_read' <Predicate = (!or_ln372)> <Delay = 1.42> <CoreInst = "FIFO">   --->   Core 77 'FIFO' <Latency = 0> <II = 1> <Delay = 1.42> <Storage> <Opcode : 'read' 'write' 'nbread' 'nbwrite'> <Ports = 0> <Width = -1> <Depth = -1> <FIFO>
ST_2 : Operation 25 [1/1] (1.31ns)   --->   "%b = read i1 @_ssdm_op_Read.ap_fifo.volatile.i1P0A, i1 %b_strm" [../../APZ-DA/Addon_Queries/SELECT/dynamic_filter/xf_database/dynamic_filter.hpp:377]   --->   Operation 25 'read' 'b' <Predicate = (!or_ln372)> <Delay = 1.31> <CoreInst = "FIFO_SRL">   --->   Core 80 'FIFO_SRL' <Latency = 0> <II = 1> <Delay = 1.31> <Storage> <Opcode : 'read' 'write' 'nbread' 'nbwrite'> <Ports = 0> <Width = 1> <Depth = 8> <FIFO>
ST_2 : Operation 26 [1/1] (0.00ns)   --->   "%br_ln378 = br i1 %b, void %if.end, void %if.then" [../../APZ-DA/Addon_Queries/SELECT/dynamic_filter/xf_database/dynamic_filter.hpp:378]   --->   Operation 26 'br' 'br_ln378' <Predicate = (!or_ln372)> <Delay = 0.00>
ST_2 : Operation 30 [1/1] (0.38ns)   --->   "%ret_ln0 = ret"   --->   Operation 30 'ret' 'ret_ln0' <Predicate = (or_ln372)> <Delay = 0.38>

State 3 <SV = 2> <Delay = 1.42>
ST_3 : Operation 27 [1/1] (1.42ns)   --->   "%write_ln379 = write void @_ssdm_op_Write.ap_fifo.volatile.i32P0A, i32 %f_strm, i32 %p_strm_read" [../../APZ-DA/Addon_Queries/SELECT/dynamic_filter/xf_database/dynamic_filter.hpp:379]   --->   Operation 27 'write' 'write_ln379' <Predicate = (b)> <Delay = 1.42> <CoreInst = "FIFO">   --->   Core 77 'FIFO' <Latency = 0> <II = 1> <Delay = 1.42> <Storage> <Opcode : 'read' 'write' 'nbread' 'nbwrite'> <Ports = 0> <Width = -1> <Depth = -1> <FIFO>
ST_3 : Operation 28 [1/1] (1.42ns)   --->   "%write_ln380 = write void @_ssdm_op_Write.ap_fifo.volatile.i1P0A, i1 %e_f_strm, i1 0" [../../APZ-DA/Addon_Queries/SELECT/dynamic_filter/xf_database/dynamic_filter.hpp:380]   --->   Operation 28 'write' 'write_ln380' <Predicate = (b)> <Delay = 1.42> <CoreInst = "FIFO">   --->   Core 77 'FIFO' <Latency = 0> <II = 1> <Delay = 1.42> <Storage> <Opcode : 'read' 'write' 'nbread' 'nbwrite'> <Ports = 0> <Width = -1> <Depth = -1> <FIFO>
ST_3 : Operation 29 [1/1] (0.00ns)   --->   "%br_ln384 = br void %if.end" [../../APZ-DA/Addon_Queries/SELECT/dynamic_filter/xf_database/dynamic_filter.hpp:384]   --->   Operation 29 'br' 'br_ln384' <Predicate = (b)> <Delay = 0.00>


============================================================
+ Verbose Summary: Timing violations
============================================================
Target clock period: 10.000ns, clock uncertainty: 2.700ns.

 <State 1>: 1.894ns
The critical path consists of the following:
	multiplexor before 'phi' operation 1 bit ('ep') with incoming values : ('ep_read', ../../APZ-DA/Addon_Queries/SELECT/dynamic_filter/xf_database/dynamic_filter.hpp:356) ('ep', ../../APZ-DA/Addon_Queries/SELECT/dynamic_filter/xf_database/dynamic_filter.hpp:373) [19]  (0.387 ns)
	'phi' operation 1 bit ('ep') with incoming values : ('ep_read', ../../APZ-DA/Addon_Queries/SELECT/dynamic_filter/xf_database/dynamic_filter.hpp:356) ('ep', ../../APZ-DA/Addon_Queries/SELECT/dynamic_filter/xf_database/dynamic_filter.hpp:373) [19]  (0.000 ns)
	'or' operation 1 bit ('or_ln372', ../../APZ-DA/Addon_Queries/SELECT/dynamic_filter/xf_database/dynamic_filter.hpp:372) [21]  (0.122 ns)
	fifo read operation ('ep', ../../APZ-DA/Addon_Queries/SELECT/dynamic_filter/xf_database/dynamic_filter.hpp:373) on port 'e_p_strm' (../../APZ-DA/Addon_Queries/SELECT/dynamic_filter/xf_database/dynamic_filter.hpp:373) [26]  (1.385 ns)

 <State 2>: 1.428ns
The critical path consists of the following:
	fifo read operation ('p_strm_read', ../../APZ-DA/Addon_Queries/SELECT/dynamic_filter/xf_database/dynamic_filter.hpp:376) on port 'p_strm' (../../APZ-DA/Addon_Queries/SELECT/dynamic_filter/xf_database/dynamic_filter.hpp:376) [28]  (1.428 ns)

 <State 3>: 1.428ns
The critical path consists of the following:
	fifo write operation ('write_ln379', ../../APZ-DA/Addon_Queries/SELECT/dynamic_filter/xf_database/dynamic_filter.hpp:379) on port 'f_strm' (../../APZ-DA/Addon_Queries/SELECT/dynamic_filter/xf_database/dynamic_filter.hpp:379) [32]  (1.428 ns)


============================================================
+ Verbose Summary: Binding
============================================================
N/A
* FSMD analyzer results:
  - Output states:
 - Input state : 
  - Chain level:
	State 1
	State 2
	State 3


============================================================
+ Verbose Summary: Datapath Resource usage 
============================================================
N/A
