

================================================================
== Vitis HLS Report for 'var_var_cmp_32_s'
================================================================
* Date:           Mon Feb  3 14:21:54 2025

* Version:        2024.1 (Build 5069499 on May 21 2024)
* Project:        filter_dut
* Solution:       hls (Vivado IP Flow Target)
* Product family: virtexuplus
* Target device:  xcvu9p-flga2104-2-i


================================================================
== Performance Estimates
================================================================
+ Timing: 
    * Summary: 
    +--------+----------+----------+------------+
    |  Clock |  Target  | Estimated| Uncertainty|
    +--------+----------+----------+------------+
    |ap_clk  |  10.00 ns|  1.620 ns|     2.70 ns|
    +--------+----------+----------+------------+

+ Latency: 
    * Summary: 
    +---------+---------+----------+----------+-----+-----+---------+
    |  Latency (cycles) |  Latency (absolute) |  Interval | Pipeline|
    |   min   |   max   |    min   |    max   | min | max |   Type  |
    +---------+---------+----------+----------+-----+-----+---------+
    |        0|        0|      0 ns|      0 ns|    1|    1|      yes|
    +---------+---------+----------+----------+-----+-----+---------+

    + Detail: 
        * Instance: 
        N/A

        * Loop: 
        N/A

============================================================
+ Verbose Summary: Synthesis Manager
============================================================
InlineROM: 1
ExposeGlobal: 0
============================================================
+ Verbose Summary: CDFG Model
============================================================
IsTopModel: 0
ResetActiveHigh: 1
IsCombinational: 0
IsDatapathOnly: 0
HasWiredReturn: 1
HasMFsm: 2
HasVarLatency: 0
IsPipeline: 1
IsRtlPipelined: 0
IsInstanceOverlapped: 0
IsDontTouch: 0
HasImplIP: 0
IsGatedGlobalClock: 0

+ Individual pipeline summary: 
  * Pipeline-0: initiation interval (II) = 1, depth = 1


============================================================
+ Verbose Summary: Schedule
============================================================
* Number of FSM states : 1
* Pipeline : 1
  Pipeline-0 : II = 1, D = 1, States = { 1 }
* Dataflow Pipeline: 0

* FSM state transitions: 
1 --> 

* FSM state operations: 

State 1 <SV = 0> <Delay = 1.62>
ST_1 : Operation 2 [1/1] (0.00ns)   --->   "%yu_read = read i32 @_ssdm_op_Read.ap_auto.i32, i32 %yu" [../../APZ-DA/Addon_Queries/SELECT/dynamic_filter/xf_database/dynamic_filter.hpp:175]   --->   Operation 2 'read' 'yu_read' <Predicate = true> <Delay = 0.00>
ST_1 : Operation 3 [1/1] (0.00ns)   --->   "%xu_read = read i32 @_ssdm_op_Read.ap_auto.i32, i32 %xu" [../../APZ-DA/Addon_Queries/SELECT/dynamic_filter/xf_database/dynamic_filter.hpp:175]   --->   Operation 3 'read' 'xu_read' <Predicate = true> <Delay = 0.00>
ST_1 : Operation 4 [1/1] (0.00ns)   --->   "%cfg_read = read i4 @_ssdm_op_Read.ap_auto.i4, i4 %cfg" [../../APZ-DA/Addon_Queries/SELECT/dynamic_filter/xf_database/dynamic_filter.hpp:175]   --->   Operation 4 'read' 'cfg_read' <Predicate = true> <Delay = 0.00>
ST_1 : Operation 5 [1/1] (0.67ns)   --->   "%switch_ln182 = switch i4 %cfg_read, void %if.end64, i4 0, void %if.then, i4 1, void %if.then7, i4 2, void %if.then12, i4 3, void %if.then17, i4 4, void %if.then22, i4 5, void %if.then27, i4 6, void %if.then32, i4 7, void %if.then37, i4 8, void %if.then42, i4 9, void %if.then47, i4 10, void %if.then52" [../../APZ-DA/Addon_Queries/SELECT/dynamic_filter/xf_database/dynamic_filter.hpp:182]   --->   Operation 5 'switch' 'switch_ln182' <Predicate = true> <Delay = 0.67>
ST_1 : Operation 6 [1/1] (0.88ns)   --->   "%icmp_ln203 = icmp_ult  i32 %yu_read, i32 %xu_read" [../../APZ-DA/Addon_Queries/SELECT/dynamic_filter/xf_database/dynamic_filter.hpp:203]   --->   Operation 6 'icmp' 'icmp_ln203' <Predicate = (cfg_read == 10)> <Delay = 0.88> <CoreInst = "Cmp">   --->   Core 9 'Cmp' <Latency = 0> <II = 1> <Delay = 0.88> <FuncUnit> <Opcode : 'seteq' 'setne' 'setle' 'setge' 'setlt' 'setgt'> <InPorts = 2> <OutPorts = 1>
ST_1 : Operation 7 [1/1] (0.12ns)   --->   "%ret_9 = xor i1 %icmp_ln203, i1 1" [../../APZ-DA/Addon_Queries/SELECT/dynamic_filter/xf_database/dynamic_filter.hpp:203]   --->   Operation 7 'xor' 'ret_9' <Predicate = (cfg_read == 10)> <Delay = 0.12> <CoreInst = "LogicGate">   --->   Core 74 'LogicGate' <Latency = 0> <II = 1> <Delay = 0.12> <FuncUnit> <Opcode : 'and' 'or' 'xor'> <InPorts = 2> <OutPorts = 1>
ST_1 : Operation 8 [1/1] (0.61ns)   --->   "%br_ln204 = br void %if.end64" [../../APZ-DA/Addon_Queries/SELECT/dynamic_filter/xf_database/dynamic_filter.hpp:204]   --->   Operation 8 'br' 'br_ln204' <Predicate = (cfg_read == 10)> <Delay = 0.61>
ST_1 : Operation 9 [1/1] (0.88ns)   --->   "%icmp_ln201 = icmp_ult  i32 %xu_read, i32 %yu_read" [../../APZ-DA/Addon_Queries/SELECT/dynamic_filter/xf_database/dynamic_filter.hpp:201]   --->   Operation 9 'icmp' 'icmp_ln201' <Predicate = (cfg_read == 9)> <Delay = 0.88> <CoreInst = "Cmp">   --->   Core 9 'Cmp' <Latency = 0> <II = 1> <Delay = 0.88> <FuncUnit> <Opcode : 'seteq' 'setne' 'setle' 'setge' 'setlt' 'setgt'> <InPorts = 2> <OutPorts = 1>
ST_1 : Operation 10 [1/1] (0.12ns)   --->   "%ret_8 = xor i1 %icmp_ln201, i1 1" [../../APZ-DA/Addon_Queries/SELECT/dynamic_filter/xf_database/dynamic_filter.hpp:201]   --->   Operation 10 'xor' 'ret_8' <Predicate = (cfg_read == 9)> <Delay = 0.12> <CoreInst = "LogicGate">   --->   Core 74 'LogicGate' <Latency = 0> <II = 1> <Delay = 0.12> <FuncUnit> <Opcode : 'and' 'or' 'xor'> <InPorts = 2> <OutPorts = 1>
ST_1 : Operation 11 [1/1] (0.61ns)   --->   "%br_ln202 = br void %if.end64" [../../APZ-DA/Addon_Queries/SELECT/dynamic_filter/xf_database/dynamic_filter.hpp:202]   --->   Operation 11 'br' 'br_ln202' <Predicate = (cfg_read == 9)> <Delay = 0.61>
ST_1 : Operation 12 [1/1] (0.88ns)   --->   "%ret_7 = icmp_ult  i32 %xu_read, i32 %yu_read" [../../APZ-DA/Addon_Queries/SELECT/dynamic_filter/xf_database/dynamic_filter.hpp:199]   --->   Operation 12 'icmp' 'ret_7' <Predicate = (cfg_read == 8)> <Delay = 0.88> <CoreInst = "Cmp">   --->   Core 9 'Cmp' <Latency = 0> <II = 1> <Delay = 0.88> <FuncUnit> <Opcode : 'seteq' 'setne' 'setle' 'setge' 'setlt' 'setgt'> <InPorts = 2> <OutPorts = 1>
ST_1 : Operation 13 [1/1] (0.61ns)   --->   "%br_ln200 = br void %if.end64" [../../APZ-DA/Addon_Queries/SELECT/dynamic_filter/xf_database/dynamic_filter.hpp:200]   --->   Operation 13 'br' 'br_ln200' <Predicate = (cfg_read == 8)> <Delay = 0.61>
ST_1 : Operation 14 [1/1] (0.88ns)   --->   "%ret_6 = icmp_ugt  i32 %xu_read, i32 %yu_read" [../../APZ-DA/Addon_Queries/SELECT/dynamic_filter/xf_database/dynamic_filter.hpp:197]   --->   Operation 14 'icmp' 'ret_6' <Predicate = (cfg_read == 7)> <Delay = 0.88> <CoreInst = "Cmp">   --->   Core 9 'Cmp' <Latency = 0> <II = 1> <Delay = 0.88> <FuncUnit> <Opcode : 'seteq' 'setne' 'setle' 'setge' 'setlt' 'setgt'> <InPorts = 2> <OutPorts = 1>
ST_1 : Operation 15 [1/1] (0.61ns)   --->   "%br_ln198 = br void %if.end64" [../../APZ-DA/Addon_Queries/SELECT/dynamic_filter/xf_database/dynamic_filter.hpp:198]   --->   Operation 15 'br' 'br_ln198' <Predicate = (cfg_read == 7)> <Delay = 0.61>
ST_1 : Operation 16 [1/1] (0.88ns)   --->   "%icmp_ln195 = icmp_slt  i32 %yu_read, i32 %xu_read" [../../APZ-DA/Addon_Queries/SELECT/dynamic_filter/xf_database/dynamic_filter.hpp:195]   --->   Operation 16 'icmp' 'icmp_ln195' <Predicate = (cfg_read == 6)> <Delay = 0.88> <CoreInst = "Cmp">   --->   Core 9 'Cmp' <Latency = 0> <II = 1> <Delay = 0.88> <FuncUnit> <Opcode : 'seteq' 'setne' 'setle' 'setge' 'setlt' 'setgt'> <InPorts = 2> <OutPorts = 1>
ST_1 : Operation 17 [1/1] (0.12ns)   --->   "%ret_5 = xor i1 %icmp_ln195, i1 1" [../../APZ-DA/Addon_Queries/SELECT/dynamic_filter/xf_database/dynamic_filter.hpp:195]   --->   Operation 17 'xor' 'ret_5' <Predicate = (cfg_read == 6)> <Delay = 0.12> <CoreInst = "LogicGate">   --->   Core 74 'LogicGate' <Latency = 0> <II = 1> <Delay = 0.12> <FuncUnit> <Opcode : 'and' 'or' 'xor'> <InPorts = 2> <OutPorts = 1>
ST_1 : Operation 18 [1/1] (0.61ns)   --->   "%br_ln196 = br void %if.end64" [../../APZ-DA/Addon_Queries/SELECT/dynamic_filter/xf_database/dynamic_filter.hpp:196]   --->   Operation 18 'br' 'br_ln196' <Predicate = (cfg_read == 6)> <Delay = 0.61>
ST_1 : Operation 19 [1/1] (0.88ns)   --->   "%icmp_ln193 = icmp_slt  i32 %xu_read, i32 %yu_read" [../../APZ-DA/Addon_Queries/SELECT/dynamic_filter/xf_database/dynamic_filter.hpp:193]   --->   Operation 19 'icmp' 'icmp_ln193' <Predicate = (cfg_read == 5)> <Delay = 0.88> <CoreInst = "Cmp">   --->   Core 9 'Cmp' <Latency = 0> <II = 1> <Delay = 0.88> <FuncUnit> <Opcode : 'seteq' 'setne' 'setle' 'setge' 'setlt' 'setgt'> <InPorts = 2> <OutPorts = 1>
ST_1 : Operation 20 [1/1] (0.12ns)   --->   "%ret_4 = xor i1 %icmp_ln193, i1 1" [../../APZ-DA/Addon_Queries/SELECT/dynamic_filter/xf_database/dynamic_filter.hpp:193]   --->   Operation 20 'xor' 'ret_4' <Predicate = (cfg_read == 5)> <Delay = 0.12> <CoreInst = "LogicGate">   --->   Core 74 'LogicGate' <Latency = 0> <II = 1> <Delay = 0.12> <FuncUnit> <Opcode : 'and' 'or' 'xor'> <InPorts = 2> <OutPorts = 1>
ST_1 : Operation 21 [1/1] (0.61ns)   --->   "%br_ln194 = br void %if.end64" [../../APZ-DA/Addon_Queries/SELECT/dynamic_filter/xf_database/dynamic_filter.hpp:194]   --->   Operation 21 'br' 'br_ln194' <Predicate = (cfg_read == 5)> <Delay = 0.61>
ST_1 : Operation 22 [1/1] (0.88ns)   --->   "%ret_3 = icmp_slt  i32 %xu_read, i32 %yu_read" [../../APZ-DA/Addon_Queries/SELECT/dynamic_filter/xf_database/dynamic_filter.hpp:191]   --->   Operation 22 'icmp' 'ret_3' <Predicate = (cfg_read == 4)> <Delay = 0.88> <CoreInst = "Cmp">   --->   Core 9 'Cmp' <Latency = 0> <II = 1> <Delay = 0.88> <FuncUnit> <Opcode : 'seteq' 'setne' 'setle' 'setge' 'setlt' 'setgt'> <InPorts = 2> <OutPorts = 1>
ST_1 : Operation 23 [1/1] (0.61ns)   --->   "%br_ln192 = br void %if.end64" [../../APZ-DA/Addon_Queries/SELECT/dynamic_filter/xf_database/dynamic_filter.hpp:192]   --->   Operation 23 'br' 'br_ln192' <Predicate = (cfg_read == 4)> <Delay = 0.61>
ST_1 : Operation 24 [1/1] (0.88ns)   --->   "%ret_2 = icmp_sgt  i32 %xu_read, i32 %yu_read" [../../APZ-DA/Addon_Queries/SELECT/dynamic_filter/xf_database/dynamic_filter.hpp:189]   --->   Operation 24 'icmp' 'ret_2' <Predicate = (cfg_read == 3)> <Delay = 0.88> <CoreInst = "Cmp">   --->   Core 9 'Cmp' <Latency = 0> <II = 1> <Delay = 0.88> <FuncUnit> <Opcode : 'seteq' 'setne' 'setle' 'setge' 'setlt' 'setgt'> <InPorts = 2> <OutPorts = 1>
ST_1 : Operation 25 [1/1] (0.61ns)   --->   "%br_ln190 = br void %if.end64" [../../APZ-DA/Addon_Queries/SELECT/dynamic_filter/xf_database/dynamic_filter.hpp:190]   --->   Operation 25 'br' 'br_ln190' <Predicate = (cfg_read == 3)> <Delay = 0.61>
ST_1 : Operation 26 [1/1] (0.88ns)   --->   "%ret_1 = icmp_ne  i32 %xu_read, i32 %yu_read" [../../APZ-DA/Addon_Queries/SELECT/dynamic_filter/xf_database/dynamic_filter.hpp:187]   --->   Operation 26 'icmp' 'ret_1' <Predicate = (cfg_read == 2)> <Delay = 0.88> <CoreInst = "Cmp">   --->   Core 9 'Cmp' <Latency = 0> <II = 1> <Delay = 0.88> <FuncUnit> <Opcode : 'seteq' 'setne' 'setle' 'setge' 'setlt' 'setgt'> <InPorts = 2> <OutPorts = 1>
ST_1 : Operation 27 [1/1] (0.61ns)   --->   "%br_ln188 = br void %if.end64" [../../APZ-DA/Addon_Queries/SELECT/dynamic_filter/xf_database/dynamic_filter.hpp:188]   --->   Operation 27 'br' 'br_ln188' <Predicate = (cfg_read == 2)> <Delay = 0.61>
ST_1 : Operation 28 [1/1] (0.88ns)   --->   "%ret = icmp_eq  i32 %xu_read, i32 %yu_read" [../../APZ-DA/Addon_Queries/SELECT/dynamic_filter/xf_database/dynamic_filter.hpp:185]   --->   Operation 28 'icmp' 'ret' <Predicate = (cfg_read == 1)> <Delay = 0.88> <CoreInst = "Cmp">   --->   Core 9 'Cmp' <Latency = 0> <II = 1> <Delay = 0.88> <FuncUnit> <Opcode : 'seteq' 'setne' 'setle' 'setge' 'setlt' 'setgt'> <InPorts = 2> <OutPorts = 1>
ST_1 : Operation 29 [1/1] (0.61ns)   --->   "%br_ln186 = br void %if.end64" [../../APZ-DA/Addon_Queries/SELECT/dynamic_filter/xf_database/dynamic_filter.hpp:186]   --->   Operation 29 'br' 'br_ln186' <Predicate = (cfg_read == 1)> <Delay = 0.61>
ST_1 : Operation 30 [1/1] (0.61ns)   --->   "%br_ln184 = br void %if.end64" [../../APZ-DA/Addon_Queries/SELECT/dynamic_filter/xf_database/dynamic_filter.hpp:184]   --->   Operation 30 'br' 'br_ln184' <Predicate = (cfg_read == 0)> <Delay = 0.61>
ST_1 : Operation 31 [1/1] (0.00ns)   --->   "%ret_10 = phi i1 1, void %if.then, i1 %ret, void %if.then7, i1 %ret_1, void %if.then12, i1 %ret_2, void %if.then17, i1 %ret_3, void %if.then22, i1 %ret_4, void %if.then27, i1 %ret_5, void %if.then32, i1 %ret_6, void %if.then37, i1 %ret_7, void %if.then42, i1 %ret_8, void %if.then47, i1 %ret_9, void %if.then52, i1 0, void %entry"   --->   Operation 31 'phi' 'ret_10' <Predicate = true> <Delay = 0.00>
ST_1 : Operation 32 [1/1] (0.00ns)   --->   "%ret_ln207 = ret i1 %ret_10" [../../APZ-DA/Addon_Queries/SELECT/dynamic_filter/xf_database/dynamic_filter.hpp:207]   --->   Operation 32 'ret' 'ret_ln207' <Predicate = true> <Delay = 0.00>


============================================================
+ Verbose Summary: Timing violations
============================================================
Target clock period: 10.000ns, clock uncertainty: 2.700ns.

 <State 1>: 1.620ns
The critical path consists of the following:
	wire read operation ('yu_read', ../../APZ-DA/Addon_Queries/SELECT/dynamic_filter/xf_database/dynamic_filter.hpp:175) on port 'yu' (../../APZ-DA/Addon_Queries/SELECT/dynamic_filter/xf_database/dynamic_filter.hpp:175) [4]  (0.000 ns)
	'icmp' operation 1 bit ('icmp_ln201', ../../APZ-DA/Addon_Queries/SELECT/dynamic_filter/xf_database/dynamic_filter.hpp:201) [13]  (0.880 ns)
	'xor' operation 1 bit ('ret', ../../APZ-DA/Addon_Queries/SELECT/dynamic_filter/xf_database/dynamic_filter.hpp:201) [14]  (0.122 ns)
	multiplexor before 'phi' operation 1 bit ('ret') with incoming values : ('ret', ../../APZ-DA/Addon_Queries/SELECT/dynamic_filter/xf_database/dynamic_filter.hpp:203) ('ret', ../../APZ-DA/Addon_Queries/SELECT/dynamic_filter/xf_database/dynamic_filter.hpp:201) ('ret', ../../APZ-DA/Addon_Queries/SELECT/dynamic_filter/xf_database/dynamic_filter.hpp:199) ('ret', ../../APZ-DA/Addon_Queries/SELECT/dynamic_filter/xf_database/dynamic_filter.hpp:197) ('ret', ../../APZ-DA/Addon_Queries/SELECT/dynamic_filter/xf_database/dynamic_filter.hpp:195) ('ret', ../../APZ-DA/Addon_Queries/SELECT/dynamic_filter/xf_database/dynamic_filter.hpp:193) ('ret', ../../APZ-DA/Addon_Queries/SELECT/dynamic_filter/xf_database/dynamic_filter.hpp:191) ('ret', ../../APZ-DA/Addon_Queries/SELECT/dynamic_filter/xf_database/dynamic_filter.hpp:189) ('ret', ../../APZ-DA/Addon_Queries/SELECT/dynamic_filter/xf_database/dynamic_filter.hpp:187) ('ret', ../../APZ-DA/Addon_Queries/SELECT/dynamic_filter/xf_database/dynamic_filter.hpp:185) [45]  (0.618 ns)
	'phi' operation 1 bit ('ret') with incoming values : ('ret', ../../APZ-DA/Addon_Queries/SELECT/dynamic_filter/xf_database/dynamic_filter.hpp:203) ('ret', ../../APZ-DA/Addon_Queries/SELECT/dynamic_filter/xf_database/dynamic_filter.hpp:201) ('ret', ../../APZ-DA/Addon_Queries/SELECT/dynamic_filter/xf_database/dynamic_filter.hpp:199) ('ret', ../../APZ-DA/Addon_Queries/SELECT/dynamic_filter/xf_database/dynamic_filter.hpp:197) ('ret', ../../APZ-DA/Addon_Queries/SELECT/dynamic_filter/xf_database/dynamic_filter.hpp:195) ('ret', ../../APZ-DA/Addon_Queries/SELECT/dynamic_filter/xf_database/dynamic_filter.hpp:193) ('ret', ../../APZ-DA/Addon_Queries/SELECT/dynamic_filter/xf_database/dynamic_filter.hpp:191) ('ret', ../../APZ-DA/Addon_Queries/SELECT/dynamic_filter/xf_database/dynamic_filter.hpp:189) ('ret', ../../APZ-DA/Addon_Queries/SELECT/dynamic_filter/xf_database/dynamic_filter.hpp:187) ('ret', ../../APZ-DA/Addon_Queries/SELECT/dynamic_filter/xf_database/dynamic_filter.hpp:185) [45]  (0.000 ns)


============================================================
+ Verbose Summary: Binding
============================================================
N/A
* FSMD analyzer results:
  - Output states:
 - Input state : 
  - Chain level:
	State 1


============================================================
+ Verbose Summary: Datapath Resource usage 
============================================================
N/A
