

================================================================
== Vitis HLS Report for 'var_const_cmp_32_s'
================================================================
* Date:           Mon Feb  3 14:21:54 2025

* Version:        2024.1 (Build 5069499 on May 21 2024)
* Project:        filter_dut
* Solution:       hls (Vivado IP Flow Target)
* Product family: virtexuplus
* Target device:  xcvu9p-flga2104-2-i


================================================================
== Performance Estimates
================================================================
+ Timing: 
    * Summary: 
    +--------+----------+----------+------------+
    |  Clock |  Target  | Estimated| Uncertainty|
    +--------+----------+----------+------------+
    |ap_clk  |  10.00 ns|  1.675 ns|     2.70 ns|
    +--------+----------+----------+------------+

+ Latency: 
    * Summary: 
    +---------+---------+----------+----------+-----+-----+---------+
    |  Latency (cycles) |  Latency (absolute) |  Interval | Pipeline|
    |   min   |   max   |    min   |    max   | min | max |   Type  |
    +---------+---------+----------+----------+-----+-----+---------+
    |        0|        0|      0 ns|      0 ns|    1|    1|      yes|
    +---------+---------+----------+----------+-----+-----+---------+

    + Detail: 
        * Instance: 
        N/A

        * Loop: 
        N/A

============================================================
+ Verbose Summary: Synthesis Manager
============================================================
InlineROM: 1
ExposeGlobal: 0
============================================================
+ Verbose Summary: CDFG Model
============================================================
IsTopModel: 0
ResetActiveHigh: 1
IsCombinational: 0
IsDatapathOnly: 0
HasWiredReturn: 1
HasMFsm: 2
HasVarLatency: 0
IsPipeline: 1
IsRtlPipelined: 0
IsInstanceOverlapped: 0
IsDontTouch: 0
HasImplIP: 0
IsGatedGlobalClock: 0

+ Individual pipeline summary: 
  * Pipeline-0: initiation interval (II) = 1, depth = 1


============================================================
+ Verbose Summary: Schedule
============================================================
* Number of FSM states : 1
* Pipeline : 1
  Pipeline-0 : II = 1, D = 1, States = { 1 }
* Dataflow Pipeline: 0

* FSM state transitions: 
1 --> 

* FSM state operations: 

State 1 <SV = 0> <Delay = 1.67>
ST_1 : Operation 2 [1/1] (0.00ns)   --->   "%xu_read = read i32 @_ssdm_op_Read.ap_auto.i32, i32 %xu" [../../APZ-DA/Addon_Queries/SELECT/dynamic_filter/xf_database/dynamic_filter.hpp:111]   --->   Operation 2 'read' 'xu_read' <Predicate = true> <Delay = 0.00>
ST_1 : Operation 3 [1/1] (0.00ns)   --->   "%cfg_r_read = read i32 @_ssdm_op_Read.ap_auto.i32, i32 %cfg_r" [../../APZ-DA/Addon_Queries/SELECT/dynamic_filter/xf_database/dynamic_filter.hpp:111]   --->   Operation 3 'read' 'cfg_r_read' <Predicate = true> <Delay = 0.00>
ST_1 : Operation 4 [1/1] (0.00ns)   --->   "%cfg_l_read = read i32 @_ssdm_op_Read.ap_auto.i32, i32 %cfg_l" [../../APZ-DA/Addon_Queries/SELECT/dynamic_filter/xf_database/dynamic_filter.hpp:111]   --->   Operation 4 'read' 'cfg_l_read' <Predicate = true> <Delay = 0.00>
ST_1 : Operation 5 [1/1] (0.00ns)   --->   "%cfg_rop_read = read i4 @_ssdm_op_Read.ap_auto.i4, i4 %cfg_rop" [../../APZ-DA/Addon_Queries/SELECT/dynamic_filter/xf_database/dynamic_filter.hpp:111]   --->   Operation 5 'read' 'cfg_rop_read' <Predicate = true> <Delay = 0.00>
ST_1 : Operation 6 [1/1] (0.00ns)   --->   "%cfg_lop_read = read i4 @_ssdm_op_Read.ap_auto.i4, i4 %cfg_lop" [../../APZ-DA/Addon_Queries/SELECT/dynamic_filter/xf_database/dynamic_filter.hpp:111]   --->   Operation 6 'read' 'cfg_lop_read' <Predicate = true> <Delay = 0.00>
ST_1 : Operation 7 [1/1] (0.88ns)   --->   "%bl = icmp_eq  i32 %xu_read, i32 %cfg_l_read" [../../APZ-DA/Addon_Queries/SELECT/dynamic_filter/xf_database/dynamic_filter.hpp:129]   --->   Operation 7 'icmp' 'bl' <Predicate = (sel_tmp7 == 32)> <Delay = 0.88> <CoreInst = "Cmp">   --->   Core 9 'Cmp' <Latency = 0> <II = 1> <Delay = 0.88> <FuncUnit> <Opcode : 'seteq' 'setne' 'setle' 'setge' 'setlt' 'setgt'> <InPorts = 2> <OutPorts = 1>
ST_1 : Operation 8 [1/1] (0.88ns)   --->   "%bl_1 = icmp_ne  i32 %xu_read, i32 %cfg_l_read" [../../APZ-DA/Addon_Queries/SELECT/dynamic_filter/xf_database/dynamic_filter.hpp:131]   --->   Operation 8 'icmp' 'bl_1' <Predicate = (sel_tmp7 == 16)> <Delay = 0.88> <CoreInst = "Cmp">   --->   Core 9 'Cmp' <Latency = 0> <II = 1> <Delay = 0.88> <FuncUnit> <Opcode : 'seteq' 'setne' 'setle' 'setge' 'setlt' 'setgt'> <InPorts = 2> <OutPorts = 1>
ST_1 : Operation 9 [1/1] (0.88ns)   --->   "%bl_2 = icmp_sgt  i32 %xu_read, i32 %cfg_l_read" [../../APZ-DA/Addon_Queries/SELECT/dynamic_filter/xf_database/dynamic_filter.hpp:133]   --->   Operation 9 'icmp' 'bl_2' <Predicate = (sel_tmp7 == 8)> <Delay = 0.88> <CoreInst = "Cmp">   --->   Core 9 'Cmp' <Latency = 0> <II = 1> <Delay = 0.88> <FuncUnit> <Opcode : 'seteq' 'setne' 'setle' 'setge' 'setlt' 'setgt'> <InPorts = 2> <OutPorts = 1>
ST_1 : Operation 10 [1/1] (0.88ns)   --->   "%icmp_ln135 = icmp_slt  i32 %xu_read, i32 %cfg_l_read" [../../APZ-DA/Addon_Queries/SELECT/dynamic_filter/xf_database/dynamic_filter.hpp:135]   --->   Operation 10 'icmp' 'icmp_ln135' <Predicate = (sel_tmp7 == 4)> <Delay = 0.88> <CoreInst = "Cmp">   --->   Core 9 'Cmp' <Latency = 0> <II = 1> <Delay = 0.88> <FuncUnit> <Opcode : 'seteq' 'setne' 'setle' 'setge' 'setlt' 'setgt'> <InPorts = 2> <OutPorts = 1>
ST_1 : Operation 11 [1/1] (0.12ns)   --->   "%bl_3 = xor i1 %icmp_ln135, i1 1" [../../APZ-DA/Addon_Queries/SELECT/dynamic_filter/xf_database/dynamic_filter.hpp:135]   --->   Operation 11 'xor' 'bl_3' <Predicate = (sel_tmp7 == 4)> <Delay = 0.12> <CoreInst = "LogicGate">   --->   Core 74 'LogicGate' <Latency = 0> <II = 1> <Delay = 0.12> <FuncUnit> <Opcode : 'and' 'or' 'xor'> <InPorts = 2> <OutPorts = 1>
ST_1 : Operation 12 [1/1] (0.88ns)   --->   "%bl_4 = icmp_ugt  i32 %xu_read, i32 %cfg_l_read" [../../APZ-DA/Addon_Queries/SELECT/dynamic_filter/xf_database/dynamic_filter.hpp:137]   --->   Operation 12 'icmp' 'bl_4' <Predicate = (sel_tmp7 == 2)> <Delay = 0.88> <CoreInst = "Cmp">   --->   Core 9 'Cmp' <Latency = 0> <II = 1> <Delay = 0.88> <FuncUnit> <Opcode : 'seteq' 'setne' 'setle' 'setge' 'setlt' 'setgt'> <InPorts = 2> <OutPorts = 1>
ST_1 : Operation 13 [1/1] (0.88ns)   --->   "%icmp_ln139 = icmp_ult  i32 %xu_read, i32 %cfg_l_read" [../../APZ-DA/Addon_Queries/SELECT/dynamic_filter/xf_database/dynamic_filter.hpp:139]   --->   Operation 13 'icmp' 'icmp_ln139' <Predicate = (sel_tmp7 == 1)> <Delay = 0.88> <CoreInst = "Cmp">   --->   Core 9 'Cmp' <Latency = 0> <II = 1> <Delay = 0.88> <FuncUnit> <Opcode : 'seteq' 'setne' 'setle' 'setge' 'setlt' 'setgt'> <InPorts = 2> <OutPorts = 1>
ST_1 : Operation 14 [1/1] (0.12ns)   --->   "%bl_5 = xor i1 %icmp_ln139, i1 1" [../../APZ-DA/Addon_Queries/SELECT/dynamic_filter/xf_database/dynamic_filter.hpp:139]   --->   Operation 14 'xor' 'bl_5' <Predicate = (sel_tmp7 == 1)> <Delay = 0.12> <CoreInst = "LogicGate">   --->   Core 74 'LogicGate' <Latency = 0> <II = 1> <Delay = 0.12> <FuncUnit> <Opcode : 'and' 'or' 'xor'> <InPorts = 2> <OutPorts = 1>
ST_1 : Operation 15 [1/1] (0.70ns)   --->   "%icmp_ln126 = icmp_eq  i4 %cfg_lop_read, i4 0" [../../APZ-DA/Addon_Queries/SELECT/dynamic_filter/xf_database/dynamic_filter.hpp:126]   --->   Operation 15 'icmp' 'icmp_ln126' <Predicate = true> <Delay = 0.70> <CoreInst = "Cmp">   --->   Core 9 'Cmp' <Latency = 0> <II = 1> <Delay = 0.70> <FuncUnit> <Opcode : 'seteq' 'setne' 'setle' 'setge' 'setlt' 'setgt'> <InPorts = 2> <OutPorts = 1>
ST_1 : Operation 16 [1/1] (0.70ns)   --->   "%icmp_ln126_1 = icmp_eq  i4 %cfg_lop_read, i4 1" [../../APZ-DA/Addon_Queries/SELECT/dynamic_filter/xf_database/dynamic_filter.hpp:126]   --->   Operation 16 'icmp' 'icmp_ln126_1' <Predicate = true> <Delay = 0.70> <CoreInst = "Cmp">   --->   Core 9 'Cmp' <Latency = 0> <II = 1> <Delay = 0.70> <FuncUnit> <Opcode : 'seteq' 'setne' 'setle' 'setge' 'setlt' 'setgt'> <InPorts = 2> <OutPorts = 1>
ST_1 : Operation 17 [1/1] (0.70ns)   --->   "%icmp_ln126_2 = icmp_eq  i4 %cfg_lop_read, i4 2" [../../APZ-DA/Addon_Queries/SELECT/dynamic_filter/xf_database/dynamic_filter.hpp:126]   --->   Operation 17 'icmp' 'icmp_ln126_2' <Predicate = true> <Delay = 0.70> <CoreInst = "Cmp">   --->   Core 9 'Cmp' <Latency = 0> <II = 1> <Delay = 0.70> <FuncUnit> <Opcode : 'seteq' 'setne' 'setle' 'setge' 'setlt' 'setgt'> <InPorts = 2> <OutPorts = 1>
ST_1 : Operation 18 [1/1] (0.70ns)   --->   "%icmp_ln126_3 = icmp_eq  i4 %cfg_lop_read, i4 3" [../../APZ-DA/Addon_Queries/SELECT/dynamic_filter/xf_database/dynamic_filter.hpp:126]   --->   Operation 18 'icmp' 'icmp_ln126_3' <Predicate = true> <Delay = 0.70> <CoreInst = "Cmp">   --->   Core 9 'Cmp' <Latency = 0> <II = 1> <Delay = 0.70> <FuncUnit> <Opcode : 'seteq' 'setne' 'setle' 'setge' 'setlt' 'setgt'> <InPorts = 2> <OutPorts = 1>
ST_1 : Operation 19 [1/1] (0.70ns)   --->   "%icmp_ln126_4 = icmp_eq  i4 %cfg_lop_read, i4 5" [../../APZ-DA/Addon_Queries/SELECT/dynamic_filter/xf_database/dynamic_filter.hpp:126]   --->   Operation 19 'icmp' 'icmp_ln126_4' <Predicate = true> <Delay = 0.70> <CoreInst = "Cmp">   --->   Core 9 'Cmp' <Latency = 0> <II = 1> <Delay = 0.70> <FuncUnit> <Opcode : 'seteq' 'setne' 'setle' 'setge' 'setlt' 'setgt'> <InPorts = 2> <OutPorts = 1>
ST_1 : Operation 20 [1/1] (0.70ns)   --->   "%icmp_ln126_5 = icmp_eq  i4 %cfg_lop_read, i4 7" [../../APZ-DA/Addon_Queries/SELECT/dynamic_filter/xf_database/dynamic_filter.hpp:126]   --->   Operation 20 'icmp' 'icmp_ln126_5' <Predicate = true> <Delay = 0.70> <CoreInst = "Cmp">   --->   Core 9 'Cmp' <Latency = 0> <II = 1> <Delay = 0.70> <FuncUnit> <Opcode : 'seteq' 'setne' 'setle' 'setge' 'setlt' 'setgt'> <InPorts = 2> <OutPorts = 1>
ST_1 : Operation 21 [1/1] (0.70ns)   --->   "%icmp_ln126_6 = icmp_eq  i4 %cfg_lop_read, i4 9" [../../APZ-DA/Addon_Queries/SELECT/dynamic_filter/xf_database/dynamic_filter.hpp:126]   --->   Operation 21 'icmp' 'icmp_ln126_6' <Predicate = true> <Delay = 0.70> <CoreInst = "Cmp">   --->   Core 9 'Cmp' <Latency = 0> <II = 1> <Delay = 0.70> <FuncUnit> <Opcode : 'seteq' 'setne' 'setle' 'setge' 'setlt' 'setgt'> <InPorts = 2> <OutPorts = 1>
ST_1 : Operation 22 [1/1] (0.00ns)   --->   "%sel_tmp7 = bitconcatenate i7 @_ssdm_op_BitConcatenate.i7.i1.i1.i1.i1.i1.i1.i1, i1 %icmp_ln126, i1 %icmp_ln126_1, i1 %icmp_ln126_2, i1 %icmp_ln126_3, i1 %icmp_ln126_4, i1 %icmp_ln126_5, i1 %icmp_ln126_6" [../../APZ-DA/Addon_Queries/SELECT/dynamic_filter/xf_database/dynamic_filter.hpp:126]   --->   Operation 22 'bitconcatenate' 'sel_tmp7' <Predicate = true> <Delay = 0.00>
ST_1 : Operation 23 [1/1] (0.55ns)   --->   "%bl_6 = sparsemux i1 @_ssdm_op_SparseMux.ap_auto.8i1.i1.i7, i7 64, i1 1, i7 32, i1 %bl, i7 16, i1 %bl_1, i7 8, i1 %bl_2, i7 4, i1 %bl_3, i7 2, i1 %bl_4, i7 1, i1 %bl_5, i7 0, i1 0, i1 0, i7 %sel_tmp7" [../../APZ-DA/Addon_Queries/SELECT/dynamic_filter/xf_database/dynamic_filter.hpp:129]   --->   Operation 23 'sparsemux' 'bl_6' <Predicate = true> <Delay = 0.55> <CoreInst = "SparseMux">   --->   Core 144 'SparseMux' <Latency = 0> <II = 1> <Delay = 0.55> <FuncUnit> <Opcode : 'sparsemux'> <InPorts = 2> <OutPorts = 1>
ST_1 : Operation 24 [1/1] (0.88ns)   --->   "%br = icmp_eq  i32 %xu_read, i32 %cfg_r_read" [../../APZ-DA/Addon_Queries/SELECT/dynamic_filter/xf_database/dynamic_filter.hpp:147]   --->   Operation 24 'icmp' 'br' <Predicate = (sel_tmp == 32)> <Delay = 0.88> <CoreInst = "Cmp">   --->   Core 9 'Cmp' <Latency = 0> <II = 1> <Delay = 0.88> <FuncUnit> <Opcode : 'seteq' 'setne' 'setle' 'setge' 'setlt' 'setgt'> <InPorts = 2> <OutPorts = 1>
ST_1 : Operation 25 [1/1] (0.88ns)   --->   "%br_1 = icmp_ne  i32 %xu_read, i32 %cfg_r_read" [../../APZ-DA/Addon_Queries/SELECT/dynamic_filter/xf_database/dynamic_filter.hpp:149]   --->   Operation 25 'icmp' 'br_1' <Predicate = (sel_tmp == 16)> <Delay = 0.88> <CoreInst = "Cmp">   --->   Core 9 'Cmp' <Latency = 0> <II = 1> <Delay = 0.88> <FuncUnit> <Opcode : 'seteq' 'setne' 'setle' 'setge' 'setlt' 'setgt'> <InPorts = 2> <OutPorts = 1>
ST_1 : Operation 26 [1/1] (0.88ns)   --->   "%br_2 = icmp_slt  i32 %xu_read, i32 %cfg_r_read" [../../APZ-DA/Addon_Queries/SELECT/dynamic_filter/xf_database/dynamic_filter.hpp:151]   --->   Operation 26 'icmp' 'br_2' <Predicate = (sel_tmp == 8)> <Delay = 0.88> <CoreInst = "Cmp">   --->   Core 9 'Cmp' <Latency = 0> <II = 1> <Delay = 0.88> <FuncUnit> <Opcode : 'seteq' 'setne' 'setle' 'setge' 'setlt' 'setgt'> <InPorts = 2> <OutPorts = 1>
ST_1 : Operation 27 [1/1] (0.88ns)   --->   "%icmp_ln153 = icmp_slt  i32 %cfg_r_read, i32 %xu_read" [../../APZ-DA/Addon_Queries/SELECT/dynamic_filter/xf_database/dynamic_filter.hpp:153]   --->   Operation 27 'icmp' 'icmp_ln153' <Predicate = (sel_tmp == 4)> <Delay = 0.88> <CoreInst = "Cmp">   --->   Core 9 'Cmp' <Latency = 0> <II = 1> <Delay = 0.88> <FuncUnit> <Opcode : 'seteq' 'setne' 'setle' 'setge' 'setlt' 'setgt'> <InPorts = 2> <OutPorts = 1>
ST_1 : Operation 28 [1/1] (0.12ns)   --->   "%br_3 = xor i1 %icmp_ln153, i1 1" [../../APZ-DA/Addon_Queries/SELECT/dynamic_filter/xf_database/dynamic_filter.hpp:153]   --->   Operation 28 'xor' 'br_3' <Predicate = (sel_tmp == 4)> <Delay = 0.12> <CoreInst = "LogicGate">   --->   Core 74 'LogicGate' <Latency = 0> <II = 1> <Delay = 0.12> <FuncUnit> <Opcode : 'and' 'or' 'xor'> <InPorts = 2> <OutPorts = 1>
ST_1 : Operation 29 [1/1] (0.88ns)   --->   "%br_4 = icmp_ult  i32 %xu_read, i32 %cfg_r_read" [../../APZ-DA/Addon_Queries/SELECT/dynamic_filter/xf_database/dynamic_filter.hpp:155]   --->   Operation 29 'icmp' 'br_4' <Predicate = (sel_tmp == 2)> <Delay = 0.88> <CoreInst = "Cmp">   --->   Core 9 'Cmp' <Latency = 0> <II = 1> <Delay = 0.88> <FuncUnit> <Opcode : 'seteq' 'setne' 'setle' 'setge' 'setlt' 'setgt'> <InPorts = 2> <OutPorts = 1>
ST_1 : Operation 30 [1/1] (0.88ns)   --->   "%icmp_ln157 = icmp_ult  i32 %cfg_r_read, i32 %xu_read" [../../APZ-DA/Addon_Queries/SELECT/dynamic_filter/xf_database/dynamic_filter.hpp:157]   --->   Operation 30 'icmp' 'icmp_ln157' <Predicate = (sel_tmp == 1)> <Delay = 0.88> <CoreInst = "Cmp">   --->   Core 9 'Cmp' <Latency = 0> <II = 1> <Delay = 0.88> <FuncUnit> <Opcode : 'seteq' 'setne' 'setle' 'setge' 'setlt' 'setgt'> <InPorts = 2> <OutPorts = 1>
ST_1 : Operation 31 [1/1] (0.12ns)   --->   "%br_5 = xor i1 %icmp_ln157, i1 1" [../../APZ-DA/Addon_Queries/SELECT/dynamic_filter/xf_database/dynamic_filter.hpp:157]   --->   Operation 31 'xor' 'br_5' <Predicate = (sel_tmp == 1)> <Delay = 0.12> <CoreInst = "LogicGate">   --->   Core 74 'LogicGate' <Latency = 0> <II = 1> <Delay = 0.12> <FuncUnit> <Opcode : 'and' 'or' 'xor'> <InPorts = 2> <OutPorts = 1>
ST_1 : Operation 32 [1/1] (0.70ns)   --->   "%icmp_ln144 = icmp_eq  i4 %cfg_rop_read, i4 0" [../../APZ-DA/Addon_Queries/SELECT/dynamic_filter/xf_database/dynamic_filter.hpp:144]   --->   Operation 32 'icmp' 'icmp_ln144' <Predicate = true> <Delay = 0.70> <CoreInst = "Cmp">   --->   Core 9 'Cmp' <Latency = 0> <II = 1> <Delay = 0.70> <FuncUnit> <Opcode : 'seteq' 'setne' 'setle' 'setge' 'setlt' 'setgt'> <InPorts = 2> <OutPorts = 1>
ST_1 : Operation 33 [1/1] (0.70ns)   --->   "%icmp_ln144_1 = icmp_eq  i4 %cfg_rop_read, i4 1" [../../APZ-DA/Addon_Queries/SELECT/dynamic_filter/xf_database/dynamic_filter.hpp:144]   --->   Operation 33 'icmp' 'icmp_ln144_1' <Predicate = true> <Delay = 0.70> <CoreInst = "Cmp">   --->   Core 9 'Cmp' <Latency = 0> <II = 1> <Delay = 0.70> <FuncUnit> <Opcode : 'seteq' 'setne' 'setle' 'setge' 'setlt' 'setgt'> <InPorts = 2> <OutPorts = 1>
ST_1 : Operation 34 [1/1] (0.70ns)   --->   "%icmp_ln144_2 = icmp_eq  i4 %cfg_rop_read, i4 2" [../../APZ-DA/Addon_Queries/SELECT/dynamic_filter/xf_database/dynamic_filter.hpp:144]   --->   Operation 34 'icmp' 'icmp_ln144_2' <Predicate = true> <Delay = 0.70> <CoreInst = "Cmp">   --->   Core 9 'Cmp' <Latency = 0> <II = 1> <Delay = 0.70> <FuncUnit> <Opcode : 'seteq' 'setne' 'setle' 'setge' 'setlt' 'setgt'> <InPorts = 2> <OutPorts = 1>
ST_1 : Operation 35 [1/1] (0.70ns)   --->   "%icmp_ln144_3 = icmp_eq  i4 %cfg_rop_read, i4 4" [../../APZ-DA/Addon_Queries/SELECT/dynamic_filter/xf_database/dynamic_filter.hpp:144]   --->   Operation 35 'icmp' 'icmp_ln144_3' <Predicate = true> <Delay = 0.70> <CoreInst = "Cmp">   --->   Core 9 'Cmp' <Latency = 0> <II = 1> <Delay = 0.70> <FuncUnit> <Opcode : 'seteq' 'setne' 'setle' 'setge' 'setlt' 'setgt'> <InPorts = 2> <OutPorts = 1>
ST_1 : Operation 36 [1/1] (0.70ns)   --->   "%icmp_ln144_4 = icmp_eq  i4 %cfg_rop_read, i4 6" [../../APZ-DA/Addon_Queries/SELECT/dynamic_filter/xf_database/dynamic_filter.hpp:144]   --->   Operation 36 'icmp' 'icmp_ln144_4' <Predicate = true> <Delay = 0.70> <CoreInst = "Cmp">   --->   Core 9 'Cmp' <Latency = 0> <II = 1> <Delay = 0.70> <FuncUnit> <Opcode : 'seteq' 'setne' 'setle' 'setge' 'setlt' 'setgt'> <InPorts = 2> <OutPorts = 1>
ST_1 : Operation 37 [1/1] (0.70ns)   --->   "%icmp_ln144_5 = icmp_eq  i4 %cfg_rop_read, i4 8" [../../APZ-DA/Addon_Queries/SELECT/dynamic_filter/xf_database/dynamic_filter.hpp:144]   --->   Operation 37 'icmp' 'icmp_ln144_5' <Predicate = true> <Delay = 0.70> <CoreInst = "Cmp">   --->   Core 9 'Cmp' <Latency = 0> <II = 1> <Delay = 0.70> <FuncUnit> <Opcode : 'seteq' 'setne' 'setle' 'setge' 'setlt' 'setgt'> <InPorts = 2> <OutPorts = 1>
ST_1 : Operation 38 [1/1] (0.70ns)   --->   "%icmp_ln144_6 = icmp_eq  i4 %cfg_rop_read, i4 10" [../../APZ-DA/Addon_Queries/SELECT/dynamic_filter/xf_database/dynamic_filter.hpp:144]   --->   Operation 38 'icmp' 'icmp_ln144_6' <Predicate = true> <Delay = 0.70> <CoreInst = "Cmp">   --->   Core 9 'Cmp' <Latency = 0> <II = 1> <Delay = 0.70> <FuncUnit> <Opcode : 'seteq' 'setne' 'setle' 'setge' 'setlt' 'setgt'> <InPorts = 2> <OutPorts = 1>
ST_1 : Operation 39 [1/1] (0.00ns)   --->   "%sel_tmp = bitconcatenate i7 @_ssdm_op_BitConcatenate.i7.i1.i1.i1.i1.i1.i1.i1, i1 %icmp_ln144, i1 %icmp_ln144_1, i1 %icmp_ln144_2, i1 %icmp_ln144_3, i1 %icmp_ln144_4, i1 %icmp_ln144_5, i1 %icmp_ln144_6" [../../APZ-DA/Addon_Queries/SELECT/dynamic_filter/xf_database/dynamic_filter.hpp:144]   --->   Operation 39 'bitconcatenate' 'sel_tmp' <Predicate = true> <Delay = 0.00>
ST_1 : Operation 40 [1/1] (0.55ns)   --->   "%br_6 = sparsemux i1 @_ssdm_op_SparseMux.ap_auto.8i1.i1.i7, i7 64, i1 1, i7 32, i1 %br, i7 16, i1 %br_1, i7 8, i1 %br_2, i7 4, i1 %br_3, i7 2, i1 %br_4, i7 1, i1 %br_5, i7 0, i1 0, i1 0, i7 %sel_tmp" [../../APZ-DA/Addon_Queries/SELECT/dynamic_filter/xf_database/dynamic_filter.hpp:147]   --->   Operation 40 'sparsemux' 'br_6' <Predicate = true> <Delay = 0.55> <CoreInst = "SparseMux">   --->   Core 144 'SparseMux' <Latency = 0> <II = 1> <Delay = 0.55> <FuncUnit> <Opcode : 'sparsemux'> <InPorts = 2> <OutPorts = 1>
ST_1 : Operation 41 [1/1] (0.12ns)   --->   "%ret = and i1 %bl_6, i1 %br_6" [../../APZ-DA/Addon_Queries/SELECT/dynamic_filter/xf_database/dynamic_filter.hpp:162]   --->   Operation 41 'and' 'ret' <Predicate = true> <Delay = 0.12> <CoreInst = "LogicGate">   --->   Core 74 'LogicGate' <Latency = 0> <II = 1> <Delay = 0.12> <FuncUnit> <Opcode : 'and' 'or' 'xor'> <InPorts = 2> <OutPorts = 1>
ST_1 : Operation 42 [1/1] (0.00ns)   --->   "%ret_ln163 = ret i1 %ret" [../../APZ-DA/Addon_Queries/SELECT/dynamic_filter/xf_database/dynamic_filter.hpp:163]   --->   Operation 42 'ret' 'ret_ln163' <Predicate = true> <Delay = 0.00>


============================================================
+ Verbose Summary: Timing violations
============================================================
Target clock period: 10.000ns, clock uncertainty: 2.700ns.

 <State 1>: 1.675ns
The critical path consists of the following:
	wire read operation ('xu_read', ../../APZ-DA/Addon_Queries/SELECT/dynamic_filter/xf_database/dynamic_filter.hpp:111) on port 'xu' (../../APZ-DA/Addon_Queries/SELECT/dynamic_filter/xf_database/dynamic_filter.hpp:111) [6]  (0.000 ns)
	'icmp' operation 1 bit ('icmp_ln135', ../../APZ-DA/Addon_Queries/SELECT/dynamic_filter/xf_database/dynamic_filter.hpp:135) [14]  (0.880 ns)
	'xor' operation 1 bit ('bl', ../../APZ-DA/Addon_Queries/SELECT/dynamic_filter/xf_database/dynamic_filter.hpp:135) [15]  (0.122 ns)
	'sparsemux' operation 1 bit ('bl', ../../APZ-DA/Addon_Queries/SELECT/dynamic_filter/xf_database/dynamic_filter.hpp:129) [27]  (0.551 ns)
	'and' operation 1 bit ('ret', ../../APZ-DA/Addon_Queries/SELECT/dynamic_filter/xf_database/dynamic_filter.hpp:162) [45]  (0.122 ns)


============================================================
+ Verbose Summary: Binding
============================================================
N/A
* FSMD analyzer results:
  - Output states:
 - Input state : 
  - Chain level:
	State 1


============================================================
+ Verbose Summary: Datapath Resource usage 
============================================================
N/A
