

================================================================
== Vitis HLS Report for 'var_const_cmp_32_s'
================================================================
* Date:           Mon Feb  3 14:21:54 2025

* Version:        2024.1 (Build 5069499 on May 21 2024)
* Project:        filter_dut
* Solution:       hls (Vivado IP Flow Target)
* Product family: virtexuplus
* Target device:  xcvu9p-flga2104-2-i


================================================================
== Performance Estimates
================================================================
+ Timing: 
    * Summary: 
    +--------+----------+----------+------------+
    |  Clock |  Target  | Estimated| Uncertainty|
    +--------+----------+----------+------------+
    |ap_clk  |  10.00 ns|  1.675 ns|     2.70 ns|
    +--------+----------+----------+------------+

+ Latency: 
    * Summary: 
    +---------+---------+----------+----------+-----+-----+---------+
    |  Latency (cycles) |  Latency (absolute) |  Interval | Pipeline|
    |   min   |   max   |    min   |    max   | min | max |   Type  |
    +---------+---------+----------+----------+-----+-----+---------+
    |        0|        0|      0 ns|      0 ns|    1|    1|      yes|
    +---------+---------+----------+----------+-----+-----+---------+

    + Detail: 
        * Instance: 
        N/A

        * Loop: 
        N/A

============================================================
+ Verbose Summary: Synthesis Manager
============================================================
InlineROM: 1
ExposeGlobal: 0
============================================================
+ Verbose Summary: CDFG Model
============================================================
IsTopModel: 0
ResetActiveHigh: 1
IsCombinational: 0
IsDatapathOnly: 0
HasWiredReturn: 1
HasMFsm: 2
HasVarLatency: 0
IsPipeline: 1
IsRtlPipelined: 0
IsInstanceOverlapped: 0
IsDontTouch: 0
HasImplIP: 0
IsGatedGlobalClock: 0

+ Individual pipeline summary: 
  * Pipeline-0: initiation interval (II) = 1, depth = 1


============================================================
+ Verbose Summary: Schedule
============================================================
* Number of FSM states : 1
* Pipeline : 1
  Pipeline-0 : II = 1, D = 1, States = { 1 }
* Dataflow Pipeline: 0

* FSM state transitions: 
1 --> 

* FSM state operations: 

State 1 <SV = 0> <Delay = 1.67>
ST_1 : Operation 2 [1/1] (0.00ns)   --->   "%xu_read = read i32 @_ssdm_op_Read.ap_auto.i32, i32 %xu" [../../APZ-DA/Addon_Queries/SELECT/dynamic_filter/xf_database/dynamic_filter.hpp:111]   --->   Operation 2 'read' 'xu_read' <Predicate = true> <Delay = 0.00>
ST_1 : Operation 3 [1/1] (0.00ns)   --->   "%cfg_r_read = read i32 @_ssdm_op_Read.ap_auto.i32, i32 %cfg_r" [../../APZ-DA/Addon_Queries/SELECT/dynamic_filter/xf_database/dynamic_filter.hpp:111]   --->   Operation 3 'read' 'cfg_r_read' <Predicate = true> <Delay = 0.00>
ST_1 : Operation 4 [1/1] (0.00ns)   --->   "%cfg_l_read = read i32 @_ssdm_op_Read.ap_auto.i32, i32 %cfg_l" [../../APZ-DA/Addon_Queries/SELECT/dynamic_filter/xf_database/dynamic_filter.hpp:111]   --->   Operation 4 'read' 'cfg_l_read' <Predicate = true> <Delay = 0.00>
ST_1 : Operation 5 [1/1] (0.00ns)   --->   "%cfg_rop_read = read i4 @_ssdm_op_Read.ap_auto.i4, i4 %cfg_rop" [../../APZ-DA/Addon_Queries/SELECT/dynamic_filter/xf_database/dynamic_filter.hpp:111]   --->   Operation 5 'read' 'cfg_rop_read' <Predicate = true> <Delay = 0.00>
ST_1 : Operation 6 [1/1] (0.00ns)   --->   "%cfg_lop_read = read i4 @_ssdm_op_Read.ap_auto.i4, i4 %cfg_lop" [../../APZ-DA/Addon_Queries/SELECT/dynamic_filter/xf_database/dynamic_filter.hpp:111]   --->   Operation 6 'read' 'cfg_lop_read' <Predicate = true> <Delay = 0.00>
ST_1 : Operation 7 [1/1] (0.88ns)   --->   "%bl = icmp_eq  i32 %xu_read, i32 %cfg_l_read" [../../APZ-DA/Addon_Queries/SELECT/dynamic_filter/xf_database/dynamic_filter.hpp:129]   --->   Operation 7 'icmp' 'bl' <Predicate = (sel_tmp7 == 32)> <Delay = 0.88> <CoreInst = "Cmp">   --->   Core 9 'Cmp' <Latency = 0> <II = 1> <Delay = 0.88> <FuncUnit> <Opcode : 'seteq' 'setne' 'setle' 'setge' 'setlt' 'setgt'> <InPorts = 2> <OutPorts = 1>
ST_1 : Operation 8 [1/1] (0.88ns)   --->   "%bl_1 = icmp_ne  i32 %xu_read, i32 %cfg_l_read" [../../APZ-DA/Addon_Queries/SELECT/dynamic_filter/xf_database/dynamic_filter.hpp:131]   --->   Operation 8 'icmp' 'bl_1' <Predicate = (sel_tmp7 == 16)> <Delay = 0.88> <CoreInst = "Cmp">   --->   Core 9 'Cmp' <Latency = 0> <II = 1> <Delay = 0.88> <FuncUnit> <Opcode : 'seteq' 'setne' 'setle' 'setge' 'setlt' 'setgt'> <InPorts = 2> <OutPorts = 1>
ST_1 : Operation 9 [1/1] (0.88ns)   --->   "%bl_2 = icmp_sgt  i32 %xu_read, i32 %cfg_l_read" [../../APZ-DA/Addon_Queries/SELECT/dynamic_filter/xf_database/dynamic_filter.hpp:133]   --->   Operation 9 'icmp' 'bl_2' <Predicate = (sel_tmp7 == 8)> <Delay = 0.88> <CoreInst = "Cmp">   --->   Core 9 'Cmp' <Latency = 0> <II = 1> <Delay = 0.88> <FuncUnit> <Opcode : 'seteq' 'setne' 'setle' 'setge' 'setlt' 'setgt'> <InPorts = 2> <OutPorts = 1>
ST_1 : Operation 10 [1/1] (0.88ns)   --->   "%icmp_ln135 = icmp_slt  i32 %xu_read, i32 %cfg_l_read" [../../APZ-DA/Addon_Queries/SELECT/dynamic_filter/xf_database/dynamic_filter.hpp:135]   --->   Operation 10 'icmp' 'icmp_ln135' <Predicate = (sel_tmp7 == 4)> <Delay = 0.88> <CoreInst = "Cmp">   --->   Core 9 'Cmp' <Latency = 0> <II = 1> <Delay = 0.88> <FuncUnit> <Opcode : 'seteq' 'setne' 'setle' 'setge' 'setlt' 'setgt'> <InPorts = 2> <OutPorts = 1>
ST_1 : Operation 11 [1/1] (0.12ns)   --->   "%bl_3 = xor i1 %icmp_ln135, i1 1" [../../APZ-DA/Addon_Queries/SELECT/dynamic_filter/xf_database/dynamic_filter.hpp:135]   --->   Operation 11 'xor' 'bl_3' <Predicate = (sel_tmp7 == 4)> <Delay = 0.12> <CoreInst = "LogicGate">   --->   Core 74 'LogicGate' <Latency = 0> <II = 1> <Delay = 0.12> <FuncUnit> <Opcode : 'and' 'or' 'xor'> <InPorts = 2> <OutPorts = 1>
ST_1 : Operation 12 [1/1] (0.88ns)   --->   "%bl_4 = icmp_ugt  i32 %xu_read, i32 %cfg_l_read" [../../APZ-DA/Addon_Queries/SELECT/dynamic_filter/xf_database/dynamic_filter.hpp:137]   --->   Operation 12 'icmp' 'bl_4' <Predicate = (sel_tmp7 == 2)> <Delay = 0.88> <CoreInst = "Cmp">   --->   Core 9 'Cmp' <Latency = 0> <II = 1> <Delay = 0.88> <FuncUnit> <Opcode : 'seteq' 'setne' 'setle' 'setge' 'setlt' 'setgt'> <InPorts = 2> <OutPorts = 1>
ST_1 : Operation 13 [1/1] (0.88ns)   --->   "%icmp_ln139 = icmp_ult  i32 %xu_read, i32 %cfg_l_read" [../../APZ-DA/Addon_Queries/SELECT/dynamic_filter/xf_database/dynamic_filter.hpp:139]   --->   Operation 13 'icmp' 'icmp_ln139' <Predicate = (sel_tmp7 == 1)> <Delay = 0.88> <CoreInst = "Cmp">   --->   Core 9 'Cmp' <Latency = 0> <II = 1> <Delay = 0.88> <FuncUnit> <Opcode : 'seteq' 'setne' 'setle' 'setge' 'setlt' 'setgt'> <InPorts = 2> <OutPorts = 1>
ST_1 : Operation 14 [1/1] (0.12ns)   --->   "%bl_5 = xor i1 %icmp_ln139, i1 1" [../../APZ-DA/Addon_Queries/SELECT/dynamic_filter/xf_database/dynamic_filter.hpp:139]   --->   Operation 14 'xor' 'bl_5' <Predicate = (sel_tmp7 == 1)> <Delay = 0.12> <CoreInst = "LogicGate">   --->   Core 74 'LogicGate' <Latency = 0> <II = 1> <Delay = 0.12> <FuncUnit> <Opcode : 'and' 'or' 'xor'> <InPorts = 2> <OutPorts = 1>
ST_1 : Operation 15 [1/1] (0.70ns)   --->   "%icmp_ln126 = icmp_eq  i4 %cfg_lop_read, i4 0" [../../APZ-DA/Addon_Queries/SELECT/dynamic_filter/xf_database/dynamic_filter.hpp:126]   --->   Operation 15 'icmp' 'icmp_ln126' <Predicate = true> <Delay = 0.70> <CoreInst = "Cmp">   --->   Core 9 'Cmp' <Latency = 0> <II = 1> <Delay = 0.70> <FuncUnit> <Opcode : 'seteq' 'setne' 'setle' 'setge' 'setlt' 'setgt'> <InPorts = 2> <OutPorts = 1>
ST_1 : Operation 16 [1/1] (0.70ns)   --->   "%icmp_ln126_1 = icmp_eq  i4 %cfg_lop_read, i4 1" [../../APZ-DA/Addon_Queries/SELECT/dynamic_filter/xf_database/dynamic_filter.hpp:126]   --->   Operation 16 'icmp' 'icmp_ln126_1' <Predicate = true> <Delay = 0.70> <CoreInst = "Cmp">   --->   Core 9 'Cmp' <Latency = 0> <II = 1> <Delay = 0.70> <FuncUnit> <Opcode : 'seteq' 'setne' 'setle' 'setge' 'setlt' 'setgt'> <InPorts = 2> <OutPorts = 1>
ST_1 : Operation 17 [1/1] (0.70ns)   --->   "%icmp_ln126_2 = icmp_eq  i4 %cfg_lop_read, i4 2" [../../APZ-DA/Addon_Queries/SELECT/dynamic_filter/xf_database/dynamic_filter.hpp:126]   --->   Operation 17 'icmp' 'icmp_ln126_2' <Predicate = true> <Delay = 0.70> <CoreInst = "Cmp">   --->   Core 9 'Cmp' <Latency = 0> <II = 1> <Delay = 0.70> <FuncUnit> <Opcode : 'seteq' 'setne' 'setle' 'setge' 'setlt' 'setgt'> <InPorts = 2> <OutPorts = 1>
ST_1 : Operation 18 [1/1] (0.70ns)   --->   "%icmp_ln126_3 = icmp_eq  i4 %cfg_lop_read, i4 3" [../../APZ-DA/Addon_Queries/SELECT/dynamic_filter/xf_database/dynamic_filter.hpp:126]   --->   Operation 18 'icmp' 'icmp_ln126_3' <Predicate = true> <Delay = 0.70> <CoreInst = "Cmp">   --->   Core 9 'Cmp' <Latency = 0> <II = 1> <Delay = 0.70> <FuncUnit> <Opcode : 'seteq' 'setne' 'setle' 'setge' 'setlt' 'setgt'> <InPorts = 2> <OutPorts = 1>
ST_1 : Operation 19 [1/1] (0.70ns)   --->   "%icmp_ln126_4 = icmp_eq  i4 %cfg_lop_read, i4 5" [../../APZ-DA/Addon_Queries/SELECT/dynamic_filter/xf_database/dynamic_filter.hpp:126]   --->   Operation 19 'icmp' 'icmp_ln126_4' <Predicate = true> <Delay = 0.70> <CoreInst = "Cmp">   --->   Core 9 'Cmp' <Latency = 0> <II = 1> <Delay = 0.70> <FuncUnit> <Opcode : 'seteq' 'setne' 'setle' 'setge' 'setlt' 'setgt'> <InPorts = 2> <OutPorts = 1>
ST_1 : Operation 20 [1/1] (0.70ns)   --->   "%icmp_ln126_5 = icmp_eq  i4 %cfg_lop_read, i4 7" [../../APZ-DA/Addon_Queries/SELECT/dynamic_filter/xf_database/dynamic_filter.hpp:126]   --->   Operation 20 'icmp' 'icmp_ln126_5' <Predicate = true> <Delay = 0.70> <CoreInst = "Cmp">   --->   Core 9 'Cmp' <Latency = 0> <II = 1> <Delay = 0.70> <FuncUnit> <Opcode : 'seteq' 'setne' 'setle' 'setge' 'setlt' 'setgt'> <InPorts = 2> <OutPorts = 1>
ST_1 : Operation 21 [1/1] (0.70ns)   --->   "%icmp_ln126_6 = icmp_eq  i4 %cfg_lop_read, i4 9" [../../APZ-DA/Addon_Queries/SELECT/dynamic_filter/xf_database/dynamic_filter.hpp:126]   --->   Operation 21 'icmp' 'icmp_ln126_6' <Predicate = true> <Delay = 0.70> <CoreInst = "Cmp">   --->   Core 9 'Cmp' <Latency = 0> <II = 1> <Delay = 0.70> <FuncUnit> <Opcode : 'seteq' 'setne' 'setle' 'setge' 'setlt' 'setgt'> <InPorts = 2> <OutPorts = 1>
ST_1 : Operation 22 [1/1] (0.00ns)   --->   "%sel_tmp7 = bitconcatenate i7 @_ssdm_op_BitConcatenate.i7.i1.i1.i1.i1.i1.i1.i1, i1 %icmp_ln126, i1 %icmp_ln126_1, i1 %icmp_ln126_2, i1 %icmp_ln126_3, i1 %icmp_ln126_4, i1 %icmp_ln126_5, i1 %icmp_ln126_6" [../../APZ-DA/Addon_Queries/SELECT/dynamic_filter/xf_database/dynamic_filter.hpp:126]   --->   Operation 22 'bitconcatenate' 'sel_tmp7' <Predicate = true> <Delay = 0.00>
ST_1 : Operation 23 [1/1] (0.55ns)   --->   "%bl_6 = sparsemux i1 @_ssdm_op_SparseMux.ap_auto.8i1.i1.i7, i7 64, i1 1, i7 32, i1 %bl, i7 16, i1 %bl_1, i7 8, i1 %bl_2, i7 4, i1 %bl_3, i7 2, i1 %bl_4, i7 1, i1 %bl_5, i7 0, i1 0, i1 0, i7 %sel_tmp7" [../../APZ-DA/Addon_Queries/SELECT/dynamic_filter/xf_database/dynamic_filter.hpp:129]   --->   Operation 23 'sparsemux' 'bl_6' <Predicate = true> <Delay = 0.55> <CoreInst = "SparseMux">   --->   Core 144 'SparseMux' <Latency = 0> <II = 1> <Delay = 0.55> <FuncUnit> <Opcode : 'sparsemux'> <InPorts = 2> <OutPorts = 1>
ST_1 : Operation 24 [1/1] (0.88ns)   --->   "%br = icmp_eq  i32 %xu_read, i32 %cfg_r_read" [../../APZ-DA/Addon_Queries/SELECT/dynamic_filter/xf_database/dynamic_filter.hpp:147]   --->   Operation 24 'icmp' 'br' <Predicate = (sel_tmp == 32)> <Delay = 0.88> <CoreInst = "Cmp">   --->   Core 9 'Cmp' <Latency = 0> <II = 1> <Delay = 0.88> <FuncUnit> <Opcode : 'seteq' 'setne' 'setle' 'setge' 'setlt' 'setgt'> <InPorts = 2> <OutPorts = 1>
ST_1 : Operation 25 [1/1] (0.88ns)   --->   "%br_1 = icmp_ne  i32 %xu_read, i32 %cfg_r_read" [../../APZ-DA/Addon_Queries/SELECT/dynamic_filter/xf_database/dynamic_filter.hpp:149]   --->   Operation 25 'icmp' 'br_1' <Predicate = (sel_tmp == 16)> <Delay = 0.88> <CoreInst = "Cmp">   --->   Core 9 'Cmp' <Latency = 0> <II = 1> <Delay = 0.88> <FuncUnit> <Opcode : 'seteq' 'setne' 'setle' 'setge' 'setlt' 'setgt'> <InPorts = 2> <OutPorts = 1>
ST_1 : Operation 26 [1/1] (0.88ns)   --->   "%br_2 = icmp_slt  i32 %xu_read, i32 %cfg_r_read" [../../APZ-DA/Addon_Queries/SELECT/dynamic_filter/xf_database/dynamic_filter.hpp:151]   --->   Operation 26 'icmp' 'br_2' <Predicate = (sel_tmp == 8)> <Delay = 0.88> <CoreInst = "Cmp">   --->   Core 9 'Cmp' <Latency = 0> <II = 1> <Delay = 0.88> <FuncUnit> <Opcode : 'seteq' 'setne' 'setle' 'setge' 'setlt' 'setgt'> <InPorts = 2> <OutPorts = 1>
ST_1 : Operation 27 [1/1] (0.88ns)   --->   "%icmp_ln153 = icmp_slt  i32 %cfg_r_read, i32 %xu_read" [../../APZ-DA/Addon_Queries/SELECT/dynamic_filter/xf_database/dynamic_filter.hpp:153]   --->   Operation 27 'icmp' 'icmp_ln153' <Predicate = (sel_tmp == 4)> <Delay = 0.88> <CoreInst = "Cmp">   --->   Core 9 'Cmp' <Latency = 0> <II = 1> <Delay = 0.88> <FuncUnit> <Opcode : 'seteq' 'setne' 'setle' 'setge' 'setlt' 'setgt'> <InPorts = 2> <OutPorts = 1>
ST_1 : Operation 28 [1/1] (0.12ns)   --->   "%br_3 = xor i1 %icmp_ln153, i1 1" [../../APZ-DA/Addon_Queries/SELECT/dynamic_filter/xf_database/dynamic_filter.hpp:153]   --->   Operation 28 'xor' 'br_3' <Predicate = (sel_tmp == 4)> <Delay = 0.12> <CoreInst = "LogicGate">   --->   Core 74 'LogicGate' <Latency = 0> <II = 1> <Delay = 0.12> <FuncUnit> <Opcode : 'and' 'or' 'xor'> <InPorts = 2> <OutPorts = 1>
ST_1 : Operation 29 [1/1] (0.88ns)   --->   "%br_4 = icmp_ult  i32 %xu_read, i32 %cfg_r_read" [../../APZ-DA/Addon_Queries/SELECT/dynamic_filter/xf_database/dynamic_filter.hpp:155]   --->   Operation 29 'icmp' 'br_4' <Predicate = (sel_tmp == 2)> <Delay = 0.88> <CoreInst = "Cmp">   --->   Core 9 'Cmp' <Latency = 0> <II = 1> <Delay = 0.88> <FuncUnit> <Opcode : 'seteq' 'setne' 'setle' 'setge' 'setlt' 'setgt'> <InPorts = 2> <OutPorts = 1>
ST_1 : Operation 30 [1/1] (0.88ns)   --->   "%icmp_ln157 = icmp_ult  i32 %cfg_r_read, i32 %xu_read" [../../APZ-DA/Addon_Queries/SELECT/dynamic_filter/xf_database/dynamic_filter.hpp:157]   --->   Operation 30 'icmp' 'icmp_ln157' <Predicate = (sel_tmp == 1)> <Delay = 0.88> <CoreInst = "Cmp">   --->   Core 9 'Cmp' <Latency = 0> <II = 1> <Delay = 0.88> <FuncUnit> <Opcode : 'seteq' 'setne' 'setle' 'setge' 'setlt' 'setgt'> <InPorts = 2> <OutPorts = 1>
ST_1 : Operation 31 [1/1] (0.12ns)   --->   "%br_5 = xor i1 %icmp_ln157, i1 1" [../../APZ-DA/Addon_Queries/SELECT/dynamic_filter/xf_database/dynamic_filter.hpp:157]   --->   Operation 31 'xor' 'br_5' <Predicate = (sel_tmp == 1)> <Delay = 0.12> <CoreInst = "LogicGate">   --->   Core 74 'LogicGate' <Latency = 0> <II = 1> <Delay = 0.12> <FuncUnit> <Opcode : 'and' 'or' 'xor'> <InPorts = 2> <OutPorts = 1>
ST_1 : Operation 32 [1/1] (0.70ns)   --->   "%icmp_ln144 = icmp_eq  i4 %cfg_rop_read, i4 0" [../../APZ-DA/Addon_Queries/SELECT/dynamic_filter/xf_database/dynamic_filter.hpp:144]   --->   Operation 32 'icmp' 'icmp_ln144' <Predicate = true> <Delay = 0.70> <CoreInst = "Cmp">   --->   Core 9 'Cmp' <Latency = 0> <II = 1> <Delay = 0.70> <FuncUnit> <Opcode : 'seteq' 'setne' 'setle' 'setge' 'setlt' 'setgt'> <InPorts = 2> <OutPorts = 1>
ST_1 : Operation 33 [1/1] (0.70ns)   --->   "%icmp_ln144_1 = icmp_eq  i4 %cfg_rop_read, i4 1" [../../APZ-DA/Addon_Queries/SELECT/dynamic_filter/xf_database/dynamic_filter.hpp:144]   --->   Operation 33 'icmp' 'icmp_ln144_1' <Predicate = true> <Delay = 0.70> <CoreInst = "Cmp">   --->   Core 9 'Cmp' <Latency = 0> <II = 1> <Delay = 0.70> <FuncUnit> <Opcode : 'seteq' 'setne' 'setle' 'setge' 'setlt' 'setgt'> <InPorts = 2> <OutPorts = 1>
ST_1 : Operation 34 [1/1] (0.70ns)   --->   "%icmp_ln144_2 = icmp_eq  i4 %cfg_rop_read, i4 2" [../../APZ-DA/Addon_Queries/SELECT/dynamic_filter/xf_database/dynamic_filter.hpp:144]   --->   Operation 34 'icmp' 'icmp_ln144_2' <Predicate = true> <Delay = 0.70> <CoreInst = "Cmp">   --->   Core 9 'Cmp' <Latency = 0> <II = 1> <Delay = 0.70> <FuncUnit> <Opcode : 'seteq' 'setne' 'setle' 'setge' 'setlt' 'setgt'> <InPorts = 2> <OutPorts = 1>
ST_1 : Operation 35 [1/1] (0.70ns)   --->   "%icmp_ln144_3 = icmp_eq  i4 %cfg_rop_read, i4 4" [../../APZ-DA/Addon_Queries/SELECT/dynamic_filter/xf_database/dynamic_filter.hpp:144]   --->   Operation 35 'icmp' 'icmp_ln144_3' <Predicate = true> <Delay = 0.70> <CoreInst = "Cmp">   --->   Core 9 'Cmp' <Latency = 0> <II = 1> <Delay = 0.70> <FuncUnit> <Opcode : 'seteq' 'setne' 'setle' 'setge' 'setlt' 'setgt'> <InPorts = 2> <OutPorts = 1>
ST_1 : Operation 36 [1/1] (0.70ns)   --->   "%icmp_ln144_4 = icmp_eq  i4 %cfg_rop_read, i4 6" [../../APZ-DA/Addon_Queries/SELECT/dynamic_filter/xf_database/dynamic_filter.hpp:144]   --->   Operation 36 'icmp' 'icmp_ln144_4' <Predicate = true> <Delay = 0.70> <CoreInst = "Cmp">   --->   Core 9 'Cmp' <Latency = 0> <II = 1> <Delay = 0.70> <FuncUnit> <Opcode : 'seteq' 'setne' 'setle' 'setge' 'setlt' 'setgt'> <InPorts = 2> <OutPorts = 1>
ST_1 : Operation 37 [1/1] (0.70ns)   --->   "%icmp_ln144_5 = icmp_eq  i4 %cfg_rop_read, i4 8" [../../APZ-DA/Addon_Queries/SELECT/dynamic_filter/xf_database/dynamic_filter.hpp:144]   --->   Operation 37 'icmp' 'icmp_ln144_5' <Predicate = true> <Delay = 0.70> <CoreInst = "Cmp">   --->   Core 9 'Cmp' <Latency = 0> <II = 1> <Delay = 0.70> <FuncUnit> <Opcode : 'seteq' 'setne' 'setle' 'setge' 'setlt' 'setgt'> <InPorts = 2> <OutPorts = 1>
ST_1 : Operation 38 [1/1] (0.70ns)   --->   "%icmp_ln144_6 = icmp_eq  i4 %cfg_rop_read, i4 10" [../../APZ-DA/Addon_Queries/SELECT/dynamic_filter/xf_database/dynamic_filter.hpp:144]   --->   Operation 38 'icmp' 'icmp_ln144_6' <Predicate = true> <Delay = 0.70> <CoreInst = "Cmp">   --->   Core 9 'Cmp' <Latency = 0> <II = 1> <Delay = 0.70> <FuncUnit> <Opcode : 'seteq' 'setne' 'setle' 'setge' 'setlt' 'setgt'> <InPorts = 2> <OutPorts = 1>
ST_1 : Operation 39 [1/1] (0.00ns)   --->   "%sel_tmp = bitconcatenate i7 @_ssdm_op_BitConcatenate.i7.i1.i1.i1.i1.i1.i1.i1, i1 %icmp_ln144, i1 %icmp_ln144_1, i1 %icmp_ln144_2, i1 %icmp_ln144_3, i1 %icmp_ln144_4, i1 %icmp_ln144_5, i1 %icmp_ln144_6" [../../APZ-DA/Addon_Queries/SELECT/dynamic_filter/xf_database/dynamic_filter.hpp:144]   --->   Operation 39 'bitconcatenate' 'sel_tmp' <Predicate = true> <Delay = 0.00>
ST_1 : Operation 40 [1/1] (0.55ns)   --->   "%br_6 = sparsemux i1 @_ssdm_op_SparseMux.ap_auto.8i1.i1.i7, i7 64, i1 1, i7 32, i1 %br, i7 16, i1 %br_1, i7 8, i1 %br_2, i7 4, i1 %br_3, i7 2, i1 %br_4, i7 1, i1 %br_5, i7 0, i1 0, i1 0, i7 %sel_tmp" [../../APZ-DA/Addon_Queries/SELECT/dynamic_filter/xf_database/dynamic_filter.hpp:147]   --->   Operation 40 'sparsemux' 'br_6' <Predicate = true> <Delay = 0.55> <CoreInst = "SparseMux">   --->   Core 144 'SparseMux' <Latency = 0> <II = 1> <Delay = 0.55> <FuncUnit> <Opcode : 'sparsemux'> <InPorts = 2> <OutPorts = 1>
ST_1 : Operation 41 [1/1] (0.12ns)   --->   "%ret = and i1 %bl_6, i1 %br_6" [../../APZ-DA/Addon_Queries/SELECT/dynamic_filter/xf_database/dynamic_filter.hpp:162]   --->   Operation 41 'and' 'ret' <Predicate = true> <Delay = 0.12> <CoreInst = "LogicGate">   --->   Core 74 'LogicGate' <Latency = 0> <II = 1> <Delay = 0.12> <FuncUnit> <Opcode : 'and' 'or' 'xor'> <InPorts = 2> <OutPorts = 1>
ST_1 : Operation 42 [1/1] (0.00ns)   --->   "%ret_ln163 = ret i1 %ret" [../../APZ-DA/Addon_Queries/SELECT/dynamic_filter/xf_database/dynamic_filter.hpp:163]   --->   Operation 42 'ret' 'ret_ln163' <Predicate = true> <Delay = 0.00>


============================================================
+ Verbose Summary: Binding
============================================================
STG Binding: 
---------------- STG Properties BEGIN ----------------
- Is combinational: 1
- Is one-state seq: 0
- Is datapath-only: 0
- Is pipelined: 1
- Is top level: 0
Port [ Return ] is wired: 1; IO mode=ap_ctrl_hs:ce=0
Port [ cfg_lop]:  wired=1; compound=0; hidden=0; nouse=0; global=0; static=0; extern=0; dir=0; type=0; pingpong=0; private_global=0; IO mode=ap_none:ce=0
Port [ cfg_rop]:  wired=1; compound=0; hidden=0; nouse=0; global=0; static=0; extern=0; dir=0; type=0; pingpong=0; private_global=0; IO mode=ap_none:ce=0
Port [ cfg_l]:  wired=1; compound=0; hidden=0; nouse=0; global=0; static=0; extern=0; dir=0; type=0; pingpong=0; private_global=0; IO mode=ap_none:ce=0
Port [ cfg_r]:  wired=1; compound=0; hidden=0; nouse=0; global=0; static=0; extern=0; dir=0; type=0; pingpong=0; private_global=0; IO mode=ap_none:ce=0
Port [ xu]:  wired=1; compound=0; hidden=0; nouse=0; global=0; static=0; extern=0; dir=0; type=0; pingpong=0; private_global=0; IO mode=ap_none:ce=0
---------------- STG Properties END ------------------

---------------- Datapath Model BEGIN ----------------

<LifeTime>
<method=bitvector/>
xu_read      (read          ) [ 00]
cfg_r_read   (read          ) [ 00]
cfg_l_read   (read          ) [ 00]
cfg_rop_read (read          ) [ 00]
cfg_lop_read (read          ) [ 00]
bl           (icmp          ) [ 00]
bl_1         (icmp          ) [ 00]
bl_2         (icmp          ) [ 00]
icmp_ln135   (icmp          ) [ 00]
bl_3         (xor           ) [ 00]
bl_4         (icmp          ) [ 00]
icmp_ln139   (icmp          ) [ 00]
bl_5         (xor           ) [ 00]
icmp_ln126   (icmp          ) [ 00]
icmp_ln126_1 (icmp          ) [ 00]
icmp_ln126_2 (icmp          ) [ 00]
icmp_ln126_3 (icmp          ) [ 00]
icmp_ln126_4 (icmp          ) [ 00]
icmp_ln126_5 (icmp          ) [ 00]
icmp_ln126_6 (icmp          ) [ 00]
sel_tmp7     (bitconcatenate) [ 01]
bl_6         (sparsemux     ) [ 00]
br           (icmp          ) [ 00]
br_1         (icmp          ) [ 00]
br_2         (icmp          ) [ 00]
icmp_ln153   (icmp          ) [ 00]
br_3         (xor           ) [ 00]
br_4         (icmp          ) [ 00]
icmp_ln157   (icmp          ) [ 00]
br_5         (xor           ) [ 00]
icmp_ln144   (icmp          ) [ 00]
icmp_ln144_1 (icmp          ) [ 00]
icmp_ln144_2 (icmp          ) [ 00]
icmp_ln144_3 (icmp          ) [ 00]
icmp_ln144_4 (icmp          ) [ 00]
icmp_ln144_5 (icmp          ) [ 00]
icmp_ln144_6 (icmp          ) [ 00]
sel_tmp      (bitconcatenate) [ 01]
br_6         (sparsemux     ) [ 00]
ret          (and           ) [ 00]
ret_ln163    (ret           ) [ 00]
</LifeTime>

<model>

<comp_list>
<comp id="0" class="1000" name="cfg_lop">
<pin_list>
<pin id="1" dir="1" index="0" bw="1" slack="0"/>
</pin_list>
<bind>
<StgValue><ssdm name="cfg_lop"/></StgValue>
</bind>
</comp>

<comp id="2" class="1000" name="cfg_rop">
<pin_list>
<pin id="3" dir="1" index="0" bw="1" slack="0"/>
</pin_list>
<bind>
<StgValue><ssdm name="cfg_rop"/></StgValue>
</bind>
</comp>

<comp id="4" class="1000" name="cfg_l">
<pin_list>
<pin id="5" dir="1" index="0" bw="1" slack="0"/>
</pin_list>
<bind>
<StgValue><ssdm name="cfg_l"/></StgValue>
</bind>
</comp>

<comp id="6" class="1000" name="cfg_r">
<pin_list>
<pin id="7" dir="1" index="0" bw="1" slack="0"/>
</pin_list>
<bind>
<StgValue><ssdm name="cfg_r"/></StgValue>
</bind>
</comp>

<comp id="8" class="1000" name="xu">
<pin_list>
<pin id="9" dir="1" index="0" bw="1" slack="0"/>
</pin_list>
<bind>
<StgValue><ssdm name="xu"/></StgValue>
</bind>
</comp>

<comp id="10" class="1001" name="const_10">
<pin_list>
<pin id="11" dir="1" index="0" bw="1" slack="0"/>
</pin_list>
<bind>
<StgValue><ssdm name="_ssdm_op_Read.ap_auto.i32"/></StgValue>
</bind>
</comp>

<comp id="12" class="1001" name="const_12">
<pin_list>
<pin id="13" dir="1" index="0" bw="1" slack="0"/>
</pin_list>
<bind>
<StgValue><ssdm name="_ssdm_op_Read.ap_auto.i4"/></StgValue>
</bind>
</comp>

<comp id="14" class="1001" name="const_14">
<pin_list>
<pin id="15" dir="1" index="0" bw="1" slack="0"/>
</pin_list>
<bind>
<StgValue><ssdm name=""/></StgValue>
</bind>
</comp>

<comp id="16" class="1001" name="const_16">
<pin_list>
<pin id="17" dir="1" index="0" bw="1" slack="0"/>
</pin_list>
<bind>
<StgValue><ssdm name=""/></StgValue>
</bind>
</comp>

<comp id="18" class="1001" name="const_18">
<pin_list>
<pin id="19" dir="1" index="0" bw="1" slack="0"/>
</pin_list>
<bind>
<StgValue><ssdm name=""/></StgValue>
</bind>
</comp>

<comp id="20" class="1001" name="const_20">
<pin_list>
<pin id="21" dir="1" index="0" bw="1" slack="0"/>
</pin_list>
<bind>
<StgValue><ssdm name=""/></StgValue>
</bind>
</comp>

<comp id="22" class="1001" name="const_22">
<pin_list>
<pin id="23" dir="1" index="0" bw="1" slack="0"/>
</pin_list>
<bind>
<StgValue><ssdm name=""/></StgValue>
</bind>
</comp>

<comp id="24" class="1001" name="const_24">
<pin_list>
<pin id="25" dir="1" index="0" bw="1" slack="0"/>
</pin_list>
<bind>
<StgValue><ssdm name=""/></StgValue>
</bind>
</comp>

<comp id="26" class="1001" name="const_26">
<pin_list>
<pin id="27" dir="1" index="0" bw="1" slack="0"/>
</pin_list>
<bind>
<StgValue><ssdm name=""/></StgValue>
</bind>
</comp>

<comp id="28" class="1001" name="const_28">
<pin_list>
<pin id="29" dir="1" index="0" bw="1" slack="0"/>
</pin_list>
<bind>
<StgValue><ssdm name=""/></StgValue>
</bind>
</comp>

<comp id="30" class="1001" name="const_30">
<pin_list>
<pin id="31" dir="1" index="0" bw="1" slack="0"/>
</pin_list>
<bind>
<StgValue><ssdm name="_ssdm_op_BitConcatenate.i7.i1.i1.i1.i1.i1.i1.i1"/></StgValue>
</bind>
</comp>

<comp id="32" class="1001" name="const_32">
<pin_list>
<pin id="33" dir="1" index="0" bw="1" slack="0"/>
</pin_list>
<bind>
<StgValue><ssdm name="_ssdm_op_SparseMux.ap_auto.8i1.i1.i7"/></StgValue>
</bind>
</comp>

<comp id="34" class="1001" name="const_34">
<pin_list>
<pin id="35" dir="1" index="0" bw="1" slack="0"/>
</pin_list>
<bind>
<StgValue><ssdm name=""/></StgValue>
</bind>
</comp>

<comp id="36" class="1001" name="const_36">
<pin_list>
<pin id="37" dir="1" index="0" bw="1" slack="0"/>
</pin_list>
<bind>
<StgValue><ssdm name=""/></StgValue>
</bind>
</comp>

<comp id="38" class="1001" name="const_38">
<pin_list>
<pin id="39" dir="1" index="0" bw="1" slack="0"/>
</pin_list>
<bind>
<StgValue><ssdm name=""/></StgValue>
</bind>
</comp>

<comp id="40" class="1001" name="const_40">
<pin_list>
<pin id="41" dir="1" index="0" bw="1" slack="0"/>
</pin_list>
<bind>
<StgValue><ssdm name=""/></StgValue>
</bind>
</comp>

<comp id="42" class="1001" name="const_42">
<pin_list>
<pin id="43" dir="1" index="0" bw="1" slack="0"/>
</pin_list>
<bind>
<StgValue><ssdm name=""/></StgValue>
</bind>
</comp>

<comp id="44" class="1001" name="const_44">
<pin_list>
<pin id="45" dir="1" index="0" bw="1" slack="0"/>
</pin_list>
<bind>
<StgValue><ssdm name=""/></StgValue>
</bind>
</comp>

<comp id="46" class="1001" name="const_46">
<pin_list>
<pin id="47" dir="1" index="0" bw="1" slack="0"/>
</pin_list>
<bind>
<StgValue><ssdm name=""/></StgValue>
</bind>
</comp>

<comp id="48" class="1001" name="const_48">
<pin_list>
<pin id="49" dir="1" index="0" bw="1" slack="0"/>
</pin_list>
<bind>
<StgValue><ssdm name=""/></StgValue>
</bind>
</comp>

<comp id="50" class="1001" name="const_50">
<pin_list>
<pin id="51" dir="1" index="0" bw="1" slack="0"/>
</pin_list>
<bind>
<StgValue><ssdm name=""/></StgValue>
</bind>
</comp>

<comp id="52" class="1001" name="const_52">
<pin_list>
<pin id="53" dir="1" index="0" bw="1" slack="0"/>
</pin_list>
<bind>
<StgValue><ssdm name=""/></StgValue>
</bind>
</comp>

<comp id="54" class="1001" name="const_54">
<pin_list>
<pin id="55" dir="1" index="0" bw="1" slack="0"/>
</pin_list>
<bind>
<StgValue><ssdm name=""/></StgValue>
</bind>
</comp>

<comp id="56" class="1001" name="const_56">
<pin_list>
<pin id="57" dir="1" index="0" bw="1" slack="0"/>
</pin_list>
<bind>
<StgValue><ssdm name=""/></StgValue>
</bind>
</comp>

<comp id="58" class="1001" name="const_58">
<pin_list>
<pin id="59" dir="1" index="0" bw="1" slack="0"/>
</pin_list>
<bind>
<StgValue><ssdm name=""/></StgValue>
</bind>
</comp>

<comp id="60" class="1001" name="const_60">
<pin_list>
<pin id="61" dir="1" index="0" bw="1" slack="0"/>
</pin_list>
<bind>
<StgValue><ssdm name=""/></StgValue>
</bind>
</comp>

<comp id="62" class="1004" name="xu_read_read_fu_62">
<pin_list>
<pin id="63" dir="0" index="0" bw="32" slack="0"/>
<pin id="64" dir="0" index="1" bw="32" slack="0"/>
<pin id="65" dir="1" index="2" bw="32" slack="0"/>
</pin_list>
<bind>
<opcode="read(1150) " fcode="read"/>
<opset="xu_read/1 "/>
</bind>
</comp>

<comp id="68" class="1004" name="cfg_r_read_read_fu_68">
<pin_list>
<pin id="69" dir="0" index="0" bw="32" slack="0"/>
<pin id="70" dir="0" index="1" bw="32" slack="0"/>
<pin id="71" dir="1" index="2" bw="32" slack="0"/>
</pin_list>
<bind>
<opcode="read(1150) " fcode="read"/>
<opset="cfg_r_read/1 "/>
</bind>
</comp>

<comp id="74" class="1004" name="cfg_l_read_read_fu_74">
<pin_list>
<pin id="75" dir="0" index="0" bw="32" slack="0"/>
<pin id="76" dir="0" index="1" bw="32" slack="0"/>
<pin id="77" dir="1" index="2" bw="32" slack="0"/>
</pin_list>
<bind>
<opcode="read(1150) " fcode="read"/>
<opset="cfg_l_read/1 "/>
</bind>
</comp>

<comp id="80" class="1004" name="cfg_rop_read_read_fu_80">
<pin_list>
<pin id="81" dir="0" index="0" bw="4" slack="0"/>
<pin id="82" dir="0" index="1" bw="4" slack="0"/>
<pin id="83" dir="1" index="2" bw="4" slack="0"/>
</pin_list>
<bind>
<opcode="read(1150) " fcode="read"/>
<opset="cfg_rop_read/1 "/>
</bind>
</comp>

<comp id="86" class="1004" name="cfg_lop_read_read_fu_86">
<pin_list>
<pin id="87" dir="0" index="0" bw="4" slack="0"/>
<pin id="88" dir="0" index="1" bw="4" slack="0"/>
<pin id="89" dir="1" index="2" bw="4" slack="0"/>
</pin_list>
<bind>
<opcode="read(1150) " fcode="read"/>
<opset="cfg_lop_read/1 "/>
</bind>
</comp>

<comp id="92" class="1004" name="bl_fu_92">
<pin_list>
<pin id="93" dir="0" index="0" bw="32" slack="0"/>
<pin id="94" dir="0" index="1" bw="32" slack="0"/>
<pin id="95" dir="1" index="2" bw="1" slack="0"/>
</pin_list>
<bind>
<opcode="icmp(45) " fcode="icmp"/>
<opset="bl/1 "/>
</bind>
</comp>

<comp id="98" class="1004" name="bl_1_fu_98">
<pin_list>
<pin id="99" dir="0" index="0" bw="32" slack="0"/>
<pin id="100" dir="0" index="1" bw="32" slack="0"/>
<pin id="101" dir="1" index="2" bw="1" slack="0"/>
</pin_list>
<bind>
<opcode="icmp(45) " fcode="icmp"/>
<opset="bl_1/1 "/>
</bind>
</comp>

<comp id="104" class="1004" name="bl_2_fu_104">
<pin_list>
<pin id="105" dir="0" index="0" bw="32" slack="0"/>
<pin id="106" dir="0" index="1" bw="32" slack="0"/>
<pin id="107" dir="1" index="2" bw="1" slack="0"/>
</pin_list>
<bind>
<opcode="icmp(45) " fcode="icmp"/>
<opset="bl_2/1 "/>
</bind>
</comp>

<comp id="110" class="1004" name="icmp_ln135_fu_110">
<pin_list>
<pin id="111" dir="0" index="0" bw="32" slack="0"/>
<pin id="112" dir="0" index="1" bw="32" slack="0"/>
<pin id="113" dir="1" index="2" bw="1" slack="0"/>
</pin_list>
<bind>
<opcode="icmp(45) " fcode="icmp"/>
<opset="icmp_ln135/1 "/>
</bind>
</comp>

<comp id="116" class="1004" name="bl_3_fu_116">
<pin_list>
<pin id="117" dir="0" index="0" bw="1" slack="0"/>
<pin id="118" dir="0" index="1" bw="1" slack="0"/>
<pin id="119" dir="1" index="2" bw="1" slack="0"/>
</pin_list>
<bind>
<opcode="xor(25) " fcode="xor"/>
<opset="bl_3/1 "/>
</bind>
</comp>

<comp id="122" class="1004" name="bl_4_fu_122">
<pin_list>
<pin id="123" dir="0" index="0" bw="32" slack="0"/>
<pin id="124" dir="0" index="1" bw="32" slack="0"/>
<pin id="125" dir="1" index="2" bw="1" slack="0"/>
</pin_list>
<bind>
<opcode="icmp(45) " fcode="icmp"/>
<opset="bl_4/1 "/>
</bind>
</comp>

<comp id="128" class="1004" name="icmp_ln139_fu_128">
<pin_list>
<pin id="129" dir="0" index="0" bw="32" slack="0"/>
<pin id="130" dir="0" index="1" bw="32" slack="0"/>
<pin id="131" dir="1" index="2" bw="1" slack="0"/>
</pin_list>
<bind>
<opcode="icmp(45) " fcode="icmp"/>
<opset="icmp_ln139/1 "/>
</bind>
</comp>

<comp id="134" class="1004" name="bl_5_fu_134">
<pin_list>
<pin id="135" dir="0" index="0" bw="1" slack="0"/>
<pin id="136" dir="0" index="1" bw="1" slack="0"/>
<pin id="137" dir="1" index="2" bw="1" slack="0"/>
</pin_list>
<bind>
<opcode="xor(25) " fcode="xor"/>
<opset="bl_5/1 "/>
</bind>
</comp>

<comp id="140" class="1004" name="icmp_ln126_fu_140">
<pin_list>
<pin id="141" dir="0" index="0" bw="4" slack="0"/>
<pin id="142" dir="0" index="1" bw="1" slack="0"/>
<pin id="143" dir="1" index="2" bw="1" slack="0"/>
</pin_list>
<bind>
<opcode="icmp(45) " fcode="icmp"/>
<opset="icmp_ln126/1 "/>
</bind>
</comp>

<comp id="146" class="1004" name="icmp_ln126_1_fu_146">
<pin_list>
<pin id="147" dir="0" index="0" bw="4" slack="0"/>
<pin id="148" dir="0" index="1" bw="1" slack="0"/>
<pin id="149" dir="1" index="2" bw="1" slack="0"/>
</pin_list>
<bind>
<opcode="icmp(45) " fcode="icmp"/>
<opset="icmp_ln126_1/1 "/>
</bind>
</comp>

<comp id="152" class="1004" name="icmp_ln126_2_fu_152">
<pin_list>
<pin id="153" dir="0" index="0" bw="4" slack="0"/>
<pin id="154" dir="0" index="1" bw="3" slack="0"/>
<pin id="155" dir="1" index="2" bw="1" slack="0"/>
</pin_list>
<bind>
<opcode="icmp(45) " fcode="icmp"/>
<opset="icmp_ln126_2/1 "/>
</bind>
</comp>

<comp id="158" class="1004" name="icmp_ln126_3_fu_158">
<pin_list>
<pin id="159" dir="0" index="0" bw="4" slack="0"/>
<pin id="160" dir="0" index="1" bw="3" slack="0"/>
<pin id="161" dir="1" index="2" bw="1" slack="0"/>
</pin_list>
<bind>
<opcode="icmp(45) " fcode="icmp"/>
<opset="icmp_ln126_3/1 "/>
</bind>
</comp>

<comp id="164" class="1004" name="icmp_ln126_4_fu_164">
<pin_list>
<pin id="165" dir="0" index="0" bw="4" slack="0"/>
<pin id="166" dir="0" index="1" bw="4" slack="0"/>
<pin id="167" dir="1" index="2" bw="1" slack="0"/>
</pin_list>
<bind>
<opcode="icmp(45) " fcode="icmp"/>
<opset="icmp_ln126_4/1 "/>
</bind>
</comp>

<comp id="170" class="1004" name="icmp_ln126_5_fu_170">
<pin_list>
<pin id="171" dir="0" index="0" bw="4" slack="0"/>
<pin id="172" dir="0" index="1" bw="4" slack="0"/>
<pin id="173" dir="1" index="2" bw="1" slack="0"/>
</pin_list>
<bind>
<opcode="icmp(45) " fcode="icmp"/>
<opset="icmp_ln126_5/1 "/>
</bind>
</comp>

<comp id="176" class="1004" name="icmp_ln126_6_fu_176">
<pin_list>
<pin id="177" dir="0" index="0" bw="4" slack="0"/>
<pin id="178" dir="0" index="1" bw="4" slack="0"/>
<pin id="179" dir="1" index="2" bw="1" slack="0"/>
</pin_list>
<bind>
<opcode="icmp(45) " fcode="icmp"/>
<opset="icmp_ln126_6/1 "/>
</bind>
</comp>

<comp id="182" class="1004" name="sel_tmp7_fu_182">
<pin_list>
<pin id="183" dir="0" index="0" bw="7" slack="0"/>
<pin id="184" dir="0" index="1" bw="1" slack="0"/>
<pin id="185" dir="0" index="2" bw="1" slack="0"/>
<pin id="186" dir="0" index="3" bw="1" slack="0"/>
<pin id="187" dir="0" index="4" bw="1" slack="0"/>
<pin id="188" dir="0" index="5" bw="1" slack="0"/>
<pin id="189" dir="0" index="6" bw="1" slack="0"/>
<pin id="190" dir="0" index="7" bw="1" slack="0"/>
<pin id="191" dir="1" index="8" bw="7" slack="0"/>
</pin_list>
<bind>
<opcode="bitconcatenate(1004) " fcode="bitconcatenate"/>
<opset="sel_tmp7/1 "/>
</bind>
</comp>

<comp id="200" class="1004" name="bl_6_fu_200">
<pin_list>
<pin id="201" dir="0" index="0" bw="1" slack="0"/>
<pin id="202" dir="0" index="1" bw="7" slack="0"/>
<pin id="203" dir="0" index="2" bw="1" slack="0"/>
<pin id="204" dir="0" index="3" bw="7" slack="0"/>
<pin id="205" dir="0" index="4" bw="1" slack="0"/>
<pin id="206" dir="0" index="5" bw="7" slack="0"/>
<pin id="207" dir="0" index="6" bw="1" slack="0"/>
<pin id="208" dir="0" index="7" bw="7" slack="0"/>
<pin id="209" dir="0" index="8" bw="1" slack="0"/>
<pin id="210" dir="0" index="9" bw="7" slack="0"/>
<pin id="211" dir="0" index="10" bw="1" slack="0"/>
<pin id="212" dir="0" index="11" bw="7" slack="0"/>
<pin id="213" dir="0" index="12" bw="1" slack="0"/>
<pin id="214" dir="0" index="13" bw="7" slack="0"/>
<pin id="215" dir="0" index="14" bw="1" slack="0"/>
<pin id="216" dir="0" index="15" bw="7" slack="0"/>
<pin id="217" dir="0" index="16" bw="1" slack="0"/>
<pin id="218" dir="0" index="17" bw="1" slack="0"/>
<pin id="219" dir="0" index="18" bw="7" slack="0"/>
<pin id="220" dir="1" index="19" bw="1" slack="0"/>
</pin_list>
<bind>
<opcode="sparsemux(1197) " fcode="sparsemux"/>
<opset="bl_6/1 "/>
</bind>
</comp>

<comp id="240" class="1004" name="br_fu_240">
<pin_list>
<pin id="241" dir="0" index="0" bw="32" slack="0"/>
<pin id="242" dir="0" index="1" bw="32" slack="0"/>
<pin id="243" dir="1" index="2" bw="1" slack="0"/>
</pin_list>
<bind>
<opcode="icmp(45) " fcode="icmp"/>
<opset="br/1 "/>
</bind>
</comp>

<comp id="246" class="1004" name="br_1_fu_246">
<pin_list>
<pin id="247" dir="0" index="0" bw="32" slack="0"/>
<pin id="248" dir="0" index="1" bw="32" slack="0"/>
<pin id="249" dir="1" index="2" bw="1" slack="0"/>
</pin_list>
<bind>
<opcode="icmp(45) " fcode="icmp"/>
<opset="br_1/1 "/>
</bind>
</comp>

<comp id="252" class="1004" name="br_2_fu_252">
<pin_list>
<pin id="253" dir="0" index="0" bw="32" slack="0"/>
<pin id="254" dir="0" index="1" bw="32" slack="0"/>
<pin id="255" dir="1" index="2" bw="1" slack="0"/>
</pin_list>
<bind>
<opcode="icmp(45) " fcode="icmp"/>
<opset="br_2/1 "/>
</bind>
</comp>

<comp id="258" class="1004" name="icmp_ln153_fu_258">
<pin_list>
<pin id="259" dir="0" index="0" bw="32" slack="0"/>
<pin id="260" dir="0" index="1" bw="32" slack="0"/>
<pin id="261" dir="1" index="2" bw="1" slack="0"/>
</pin_list>
<bind>
<opcode="icmp(45) " fcode="icmp"/>
<opset="icmp_ln153/1 "/>
</bind>
</comp>

<comp id="264" class="1004" name="br_3_fu_264">
<pin_list>
<pin id="265" dir="0" index="0" bw="1" slack="0"/>
<pin id="266" dir="0" index="1" bw="1" slack="0"/>
<pin id="267" dir="1" index="2" bw="1" slack="0"/>
</pin_list>
<bind>
<opcode="xor(25) " fcode="xor"/>
<opset="br_3/1 "/>
</bind>
</comp>

<comp id="270" class="1004" name="br_4_fu_270">
<pin_list>
<pin id="271" dir="0" index="0" bw="32" slack="0"/>
<pin id="272" dir="0" index="1" bw="32" slack="0"/>
<pin id="273" dir="1" index="2" bw="1" slack="0"/>
</pin_list>
<bind>
<opcode="icmp(45) " fcode="icmp"/>
<opset="br_4/1 "/>
</bind>
</comp>

<comp id="276" class="1004" name="icmp_ln157_fu_276">
<pin_list>
<pin id="277" dir="0" index="0" bw="32" slack="0"/>
<pin id="278" dir="0" index="1" bw="32" slack="0"/>
<pin id="279" dir="1" index="2" bw="1" slack="0"/>
</pin_list>
<bind>
<opcode="icmp(45) " fcode="icmp"/>
<opset="icmp_ln157/1 "/>
</bind>
</comp>

<comp id="282" class="1004" name="br_5_fu_282">
<pin_list>
<pin id="283" dir="0" index="0" bw="1" slack="0"/>
<pin id="284" dir="0" index="1" bw="1" slack="0"/>
<pin id="285" dir="1" index="2" bw="1" slack="0"/>
</pin_list>
<bind>
<opcode="xor(25) " fcode="xor"/>
<opset="br_5/1 "/>
</bind>
</comp>

<comp id="288" class="1004" name="icmp_ln144_fu_288">
<pin_list>
<pin id="289" dir="0" index="0" bw="4" slack="0"/>
<pin id="290" dir="0" index="1" bw="1" slack="0"/>
<pin id="291" dir="1" index="2" bw="1" slack="0"/>
</pin_list>
<bind>
<opcode="icmp(45) " fcode="icmp"/>
<opset="icmp_ln144/1 "/>
</bind>
</comp>

<comp id="294" class="1004" name="icmp_ln144_1_fu_294">
<pin_list>
<pin id="295" dir="0" index="0" bw="4" slack="0"/>
<pin id="296" dir="0" index="1" bw="1" slack="0"/>
<pin id="297" dir="1" index="2" bw="1" slack="0"/>
</pin_list>
<bind>
<opcode="icmp(45) " fcode="icmp"/>
<opset="icmp_ln144_1/1 "/>
</bind>
</comp>

<comp id="300" class="1004" name="icmp_ln144_2_fu_300">
<pin_list>
<pin id="301" dir="0" index="0" bw="4" slack="0"/>
<pin id="302" dir="0" index="1" bw="3" slack="0"/>
<pin id="303" dir="1" index="2" bw="1" slack="0"/>
</pin_list>
<bind>
<opcode="icmp(45) " fcode="icmp"/>
<opset="icmp_ln144_2/1 "/>
</bind>
</comp>

<comp id="306" class="1004" name="icmp_ln144_3_fu_306">
<pin_list>
<pin id="307" dir="0" index="0" bw="4" slack="0"/>
<pin id="308" dir="0" index="1" bw="4" slack="0"/>
<pin id="309" dir="1" index="2" bw="1" slack="0"/>
</pin_list>
<bind>
<opcode="icmp(45) " fcode="icmp"/>
<opset="icmp_ln144_3/1 "/>
</bind>
</comp>

<comp id="312" class="1004" name="icmp_ln144_4_fu_312">
<pin_list>
<pin id="313" dir="0" index="0" bw="4" slack="0"/>
<pin id="314" dir="0" index="1" bw="4" slack="0"/>
<pin id="315" dir="1" index="2" bw="1" slack="0"/>
</pin_list>
<bind>
<opcode="icmp(45) " fcode="icmp"/>
<opset="icmp_ln144_4/1 "/>
</bind>
</comp>

<comp id="318" class="1004" name="icmp_ln144_5_fu_318">
<pin_list>
<pin id="319" dir="0" index="0" bw="4" slack="0"/>
<pin id="320" dir="0" index="1" bw="4" slack="0"/>
<pin id="321" dir="1" index="2" bw="1" slack="0"/>
</pin_list>
<bind>
<opcode="icmp(45) " fcode="icmp"/>
<opset="icmp_ln144_5/1 "/>
</bind>
</comp>

<comp id="324" class="1004" name="icmp_ln144_6_fu_324">
<pin_list>
<pin id="325" dir="0" index="0" bw="4" slack="0"/>
<pin id="326" dir="0" index="1" bw="4" slack="0"/>
<pin id="327" dir="1" index="2" bw="1" slack="0"/>
</pin_list>
<bind>
<opcode="icmp(45) " fcode="icmp"/>
<opset="icmp_ln144_6/1 "/>
</bind>
</comp>

<comp id="330" class="1004" name="sel_tmp_fu_330">
<pin_list>
<pin id="331" dir="0" index="0" bw="7" slack="0"/>
<pin id="332" dir="0" index="1" bw="1" slack="0"/>
<pin id="333" dir="0" index="2" bw="1" slack="0"/>
<pin id="334" dir="0" index="3" bw="1" slack="0"/>
<pin id="335" dir="0" index="4" bw="1" slack="0"/>
<pin id="336" dir="0" index="5" bw="1" slack="0"/>
<pin id="337" dir="0" index="6" bw="1" slack="0"/>
<pin id="338" dir="0" index="7" bw="1" slack="0"/>
<pin id="339" dir="1" index="8" bw="7" slack="0"/>
</pin_list>
<bind>
<opcode="bitconcatenate(1004) " fcode="bitconcatenate"/>
<opset="sel_tmp/1 "/>
</bind>
</comp>

<comp id="348" class="1004" name="br_6_fu_348">
<pin_list>
<pin id="349" dir="0" index="0" bw="1" slack="0"/>
<pin id="350" dir="0" index="1" bw="7" slack="0"/>
<pin id="351" dir="0" index="2" bw="1" slack="0"/>
<pin id="352" dir="0" index="3" bw="7" slack="0"/>
<pin id="353" dir="0" index="4" bw="1" slack="0"/>
<pin id="354" dir="0" index="5" bw="7" slack="0"/>
<pin id="355" dir="0" index="6" bw="1" slack="0"/>
<pin id="356" dir="0" index="7" bw="7" slack="0"/>
<pin id="357" dir="0" index="8" bw="1" slack="0"/>
<pin id="358" dir="0" index="9" bw="7" slack="0"/>
<pin id="359" dir="0" index="10" bw="1" slack="0"/>
<pin id="360" dir="0" index="11" bw="7" slack="0"/>
<pin id="361" dir="0" index="12" bw="1" slack="0"/>
<pin id="362" dir="0" index="13" bw="7" slack="0"/>
<pin id="363" dir="0" index="14" bw="1" slack="0"/>
<pin id="364" dir="0" index="15" bw="7" slack="0"/>
<pin id="365" dir="0" index="16" bw="1" slack="0"/>
<pin id="366" dir="0" index="17" bw="1" slack="0"/>
<pin id="367" dir="0" index="18" bw="7" slack="0"/>
<pin id="368" dir="1" index="19" bw="1" slack="0"/>
</pin_list>
<bind>
<opcode="sparsemux(1197) " fcode="sparsemux"/>
<opset="br_6/1 "/>
</bind>
</comp>

<comp id="388" class="1004" name="ret_fu_388">
<pin_list>
<pin id="389" dir="0" index="0" bw="1" slack="0"/>
<pin id="390" dir="0" index="1" bw="1" slack="0"/>
<pin id="391" dir="1" index="2" bw="1" slack="2147483647"/>
</pin_list>
<bind>
<opcode="and(23) " fcode="and"/>
<opset="ret/1 "/>
</bind>
</comp>

</comp_list>

<net_list>
<net id="66"><net_src comp="10" pin="0"/><net_sink comp="62" pin=0"/></net>

<net id="67"><net_src comp="8" pin="0"/><net_sink comp="62" pin=1"/></net>

<net id="72"><net_src comp="10" pin="0"/><net_sink comp="68" pin=0"/></net>

<net id="73"><net_src comp="6" pin="0"/><net_sink comp="68" pin=1"/></net>

<net id="78"><net_src comp="10" pin="0"/><net_sink comp="74" pin=0"/></net>

<net id="79"><net_src comp="4" pin="0"/><net_sink comp="74" pin=1"/></net>

<net id="84"><net_src comp="12" pin="0"/><net_sink comp="80" pin=0"/></net>

<net id="85"><net_src comp="2" pin="0"/><net_sink comp="80" pin=1"/></net>

<net id="90"><net_src comp="12" pin="0"/><net_sink comp="86" pin=0"/></net>

<net id="91"><net_src comp="0" pin="0"/><net_sink comp="86" pin=1"/></net>

<net id="96"><net_src comp="62" pin="2"/><net_sink comp="92" pin=0"/></net>

<net id="97"><net_src comp="74" pin="2"/><net_sink comp="92" pin=1"/></net>

<net id="102"><net_src comp="62" pin="2"/><net_sink comp="98" pin=0"/></net>

<net id="103"><net_src comp="74" pin="2"/><net_sink comp="98" pin=1"/></net>

<net id="108"><net_src comp="62" pin="2"/><net_sink comp="104" pin=0"/></net>

<net id="109"><net_src comp="74" pin="2"/><net_sink comp="104" pin=1"/></net>

<net id="114"><net_src comp="62" pin="2"/><net_sink comp="110" pin=0"/></net>

<net id="115"><net_src comp="74" pin="2"/><net_sink comp="110" pin=1"/></net>

<net id="120"><net_src comp="110" pin="2"/><net_sink comp="116" pin=0"/></net>

<net id="121"><net_src comp="14" pin="0"/><net_sink comp="116" pin=1"/></net>

<net id="126"><net_src comp="62" pin="2"/><net_sink comp="122" pin=0"/></net>

<net id="127"><net_src comp="74" pin="2"/><net_sink comp="122" pin=1"/></net>

<net id="132"><net_src comp="62" pin="2"/><net_sink comp="128" pin=0"/></net>

<net id="133"><net_src comp="74" pin="2"/><net_sink comp="128" pin=1"/></net>

<net id="138"><net_src comp="128" pin="2"/><net_sink comp="134" pin=0"/></net>

<net id="139"><net_src comp="14" pin="0"/><net_sink comp="134" pin=1"/></net>

<net id="144"><net_src comp="86" pin="2"/><net_sink comp="140" pin=0"/></net>

<net id="145"><net_src comp="16" pin="0"/><net_sink comp="140" pin=1"/></net>

<net id="150"><net_src comp="86" pin="2"/><net_sink comp="146" pin=0"/></net>

<net id="151"><net_src comp="18" pin="0"/><net_sink comp="146" pin=1"/></net>

<net id="156"><net_src comp="86" pin="2"/><net_sink comp="152" pin=0"/></net>

<net id="157"><net_src comp="20" pin="0"/><net_sink comp="152" pin=1"/></net>

<net id="162"><net_src comp="86" pin="2"/><net_sink comp="158" pin=0"/></net>

<net id="163"><net_src comp="22" pin="0"/><net_sink comp="158" pin=1"/></net>

<net id="168"><net_src comp="86" pin="2"/><net_sink comp="164" pin=0"/></net>

<net id="169"><net_src comp="24" pin="0"/><net_sink comp="164" pin=1"/></net>

<net id="174"><net_src comp="86" pin="2"/><net_sink comp="170" pin=0"/></net>

<net id="175"><net_src comp="26" pin="0"/><net_sink comp="170" pin=1"/></net>

<net id="180"><net_src comp="86" pin="2"/><net_sink comp="176" pin=0"/></net>

<net id="181"><net_src comp="28" pin="0"/><net_sink comp="176" pin=1"/></net>

<net id="192"><net_src comp="30" pin="0"/><net_sink comp="182" pin=0"/></net>

<net id="193"><net_src comp="140" pin="2"/><net_sink comp="182" pin=1"/></net>

<net id="194"><net_src comp="146" pin="2"/><net_sink comp="182" pin=2"/></net>

<net id="195"><net_src comp="152" pin="2"/><net_sink comp="182" pin=3"/></net>

<net id="196"><net_src comp="158" pin="2"/><net_sink comp="182" pin=4"/></net>

<net id="197"><net_src comp="164" pin="2"/><net_sink comp="182" pin=5"/></net>

<net id="198"><net_src comp="170" pin="2"/><net_sink comp="182" pin=6"/></net>

<net id="199"><net_src comp="176" pin="2"/><net_sink comp="182" pin=7"/></net>

<net id="221"><net_src comp="32" pin="0"/><net_sink comp="200" pin=0"/></net>

<net id="222"><net_src comp="34" pin="0"/><net_sink comp="200" pin=1"/></net>

<net id="223"><net_src comp="14" pin="0"/><net_sink comp="200" pin=2"/></net>

<net id="224"><net_src comp="36" pin="0"/><net_sink comp="200" pin=3"/></net>

<net id="225"><net_src comp="92" pin="2"/><net_sink comp="200" pin=4"/></net>

<net id="226"><net_src comp="38" pin="0"/><net_sink comp="200" pin=5"/></net>

<net id="227"><net_src comp="98" pin="2"/><net_sink comp="200" pin=6"/></net>

<net id="228"><net_src comp="40" pin="0"/><net_sink comp="200" pin=7"/></net>

<net id="229"><net_src comp="104" pin="2"/><net_sink comp="200" pin=8"/></net>

<net id="230"><net_src comp="42" pin="0"/><net_sink comp="200" pin=9"/></net>

<net id="231"><net_src comp="116" pin="2"/><net_sink comp="200" pin=10"/></net>

<net id="232"><net_src comp="44" pin="0"/><net_sink comp="200" pin=11"/></net>

<net id="233"><net_src comp="122" pin="2"/><net_sink comp="200" pin=12"/></net>

<net id="234"><net_src comp="46" pin="0"/><net_sink comp="200" pin=13"/></net>

<net id="235"><net_src comp="134" pin="2"/><net_sink comp="200" pin=14"/></net>

<net id="236"><net_src comp="48" pin="0"/><net_sink comp="200" pin=15"/></net>

<net id="237"><net_src comp="50" pin="0"/><net_sink comp="200" pin=16"/></net>

<net id="238"><net_src comp="52" pin="0"/><net_sink comp="200" pin=17"/></net>

<net id="239"><net_src comp="182" pin="8"/><net_sink comp="200" pin=18"/></net>

<net id="244"><net_src comp="62" pin="2"/><net_sink comp="240" pin=0"/></net>

<net id="245"><net_src comp="68" pin="2"/><net_sink comp="240" pin=1"/></net>

<net id="250"><net_src comp="62" pin="2"/><net_sink comp="246" pin=0"/></net>

<net id="251"><net_src comp="68" pin="2"/><net_sink comp="246" pin=1"/></net>

<net id="256"><net_src comp="62" pin="2"/><net_sink comp="252" pin=0"/></net>

<net id="257"><net_src comp="68" pin="2"/><net_sink comp="252" pin=1"/></net>

<net id="262"><net_src comp="68" pin="2"/><net_sink comp="258" pin=0"/></net>

<net id="263"><net_src comp="62" pin="2"/><net_sink comp="258" pin=1"/></net>

<net id="268"><net_src comp="258" pin="2"/><net_sink comp="264" pin=0"/></net>

<net id="269"><net_src comp="14" pin="0"/><net_sink comp="264" pin=1"/></net>

<net id="274"><net_src comp="62" pin="2"/><net_sink comp="270" pin=0"/></net>

<net id="275"><net_src comp="68" pin="2"/><net_sink comp="270" pin=1"/></net>

<net id="280"><net_src comp="68" pin="2"/><net_sink comp="276" pin=0"/></net>

<net id="281"><net_src comp="62" pin="2"/><net_sink comp="276" pin=1"/></net>

<net id="286"><net_src comp="276" pin="2"/><net_sink comp="282" pin=0"/></net>

<net id="287"><net_src comp="14" pin="0"/><net_sink comp="282" pin=1"/></net>

<net id="292"><net_src comp="80" pin="2"/><net_sink comp="288" pin=0"/></net>

<net id="293"><net_src comp="16" pin="0"/><net_sink comp="288" pin=1"/></net>

<net id="298"><net_src comp="80" pin="2"/><net_sink comp="294" pin=0"/></net>

<net id="299"><net_src comp="18" pin="0"/><net_sink comp="294" pin=1"/></net>

<net id="304"><net_src comp="80" pin="2"/><net_sink comp="300" pin=0"/></net>

<net id="305"><net_src comp="20" pin="0"/><net_sink comp="300" pin=1"/></net>

<net id="310"><net_src comp="80" pin="2"/><net_sink comp="306" pin=0"/></net>

<net id="311"><net_src comp="54" pin="0"/><net_sink comp="306" pin=1"/></net>

<net id="316"><net_src comp="80" pin="2"/><net_sink comp="312" pin=0"/></net>

<net id="317"><net_src comp="56" pin="0"/><net_sink comp="312" pin=1"/></net>

<net id="322"><net_src comp="80" pin="2"/><net_sink comp="318" pin=0"/></net>

<net id="323"><net_src comp="58" pin="0"/><net_sink comp="318" pin=1"/></net>

<net id="328"><net_src comp="80" pin="2"/><net_sink comp="324" pin=0"/></net>

<net id="329"><net_src comp="60" pin="0"/><net_sink comp="324" pin=1"/></net>

<net id="340"><net_src comp="30" pin="0"/><net_sink comp="330" pin=0"/></net>

<net id="341"><net_src comp="288" pin="2"/><net_sink comp="330" pin=1"/></net>

<net id="342"><net_src comp="294" pin="2"/><net_sink comp="330" pin=2"/></net>

<net id="343"><net_src comp="300" pin="2"/><net_sink comp="330" pin=3"/></net>

<net id="344"><net_src comp="306" pin="2"/><net_sink comp="330" pin=4"/></net>

<net id="345"><net_src comp="312" pin="2"/><net_sink comp="330" pin=5"/></net>

<net id="346"><net_src comp="318" pin="2"/><net_sink comp="330" pin=6"/></net>

<net id="347"><net_src comp="324" pin="2"/><net_sink comp="330" pin=7"/></net>

<net id="369"><net_src comp="32" pin="0"/><net_sink comp="348" pin=0"/></net>

<net id="370"><net_src comp="34" pin="0"/><net_sink comp="348" pin=1"/></net>

<net id="371"><net_src comp="14" pin="0"/><net_sink comp="348" pin=2"/></net>

<net id="372"><net_src comp="36" pin="0"/><net_sink comp="348" pin=3"/></net>

<net id="373"><net_src comp="240" pin="2"/><net_sink comp="348" pin=4"/></net>

<net id="374"><net_src comp="38" pin="0"/><net_sink comp="348" pin=5"/></net>

<net id="375"><net_src comp="246" pin="2"/><net_sink comp="348" pin=6"/></net>

<net id="376"><net_src comp="40" pin="0"/><net_sink comp="348" pin=7"/></net>

<net id="377"><net_src comp="252" pin="2"/><net_sink comp="348" pin=8"/></net>

<net id="378"><net_src comp="42" pin="0"/><net_sink comp="348" pin=9"/></net>

<net id="379"><net_src comp="264" pin="2"/><net_sink comp="348" pin=10"/></net>

<net id="380"><net_src comp="44" pin="0"/><net_sink comp="348" pin=11"/></net>

<net id="381"><net_src comp="270" pin="2"/><net_sink comp="348" pin=12"/></net>

<net id="382"><net_src comp="46" pin="0"/><net_sink comp="348" pin=13"/></net>

<net id="383"><net_src comp="282" pin="2"/><net_sink comp="348" pin=14"/></net>

<net id="384"><net_src comp="48" pin="0"/><net_sink comp="348" pin=15"/></net>

<net id="385"><net_src comp="50" pin="0"/><net_sink comp="348" pin=16"/></net>

<net id="386"><net_src comp="52" pin="0"/><net_sink comp="348" pin=17"/></net>

<net id="387"><net_src comp="330" pin="8"/><net_sink comp="348" pin=18"/></net>

<net id="392"><net_src comp="200" pin="19"/><net_sink comp="388" pin=0"/></net>

<net id="393"><net_src comp="348" pin="19"/><net_sink comp="388" pin=1"/></net>

</net_list>

</model> 
---------------- Datapath Model END ------------------

* FSMD analyzer results:
  - Output states:
 - Input state : 
	Port: var_const_cmp<32> : cfg_lop | {1 }
	Port: var_const_cmp<32> : cfg_rop | {1 }
	Port: var_const_cmp<32> : cfg_l | {1 }
	Port: var_const_cmp<32> : cfg_r | {1 }
	Port: var_const_cmp<32> : xu | {1 }
  - Chain level:
	State 1
		bl_3 : 1
		bl_5 : 1
		sel_tmp7 : 1
		bl_6 : 2
		br_3 : 1
		br_5 : 1
		sel_tmp : 1
		br_6 : 2
		ret : 3
		ret_ln163 : 3


============================================================
+ Verbose Summary: Datapath Resource usage 
============================================================

* Functional unit list:
|----------|-------------------------|---------|---------|
| Operation|     Functional Unit     |    FF   |   LUT   |
|----------|-------------------------|---------|---------|
|          |         bl_fu_92        |    0    |    39   |
|          |        bl_1_fu_98       |    0    |    39   |
|          |       bl_2_fu_104       |    0    |    39   |
|          |    icmp_ln135_fu_110    |    0    |    39   |
|          |       bl_4_fu_122       |    0    |    39   |
|          |    icmp_ln139_fu_128    |    0    |    39   |
|          |    icmp_ln126_fu_140    |    0    |    12   |
|          |   icmp_ln126_1_fu_146   |    0    |    12   |
|          |   icmp_ln126_2_fu_152   |    0    |    12   |
|          |   icmp_ln126_3_fu_158   |    0    |    12   |
|          |   icmp_ln126_4_fu_164   |    0    |    12   |
|          |   icmp_ln126_5_fu_170   |    0    |    12   |
|   icmp   |   icmp_ln126_6_fu_176   |    0    |    12   |
|          |        br_fu_240        |    0    |    39   |
|          |       br_1_fu_246       |    0    |    39   |
|          |       br_2_fu_252       |    0    |    39   |
|          |    icmp_ln153_fu_258    |    0    |    39   |
|          |       br_4_fu_270       |    0    |    39   |
|          |    icmp_ln157_fu_276    |    0    |    39   |
|          |    icmp_ln144_fu_288    |    0    |    12   |
|          |   icmp_ln144_1_fu_294   |    0    |    12   |
|          |   icmp_ln144_2_fu_300   |    0    |    12   |
|          |   icmp_ln144_3_fu_306   |    0    |    12   |
|          |   icmp_ln144_4_fu_312   |    0    |    12   |
|          |   icmp_ln144_5_fu_318   |    0    |    12   |
|          |   icmp_ln144_6_fu_324   |    0    |    12   |
|----------|-------------------------|---------|---------|
| sparsemux|       bl_6_fu_200       |    0    |    37   |
|          |       br_6_fu_348       |    0    |    37   |
|----------|-------------------------|---------|---------|
|          |       bl_3_fu_116       |    0    |    2    |
|    xor   |       bl_5_fu_134       |    0    |    2    |
|          |       br_3_fu_264       |    0    |    2    |
|          |       br_5_fu_282       |    0    |    2    |
|----------|-------------------------|---------|---------|
|    and   |        ret_fu_388       |    0    |    2    |
|----------|-------------------------|---------|---------|
|          |    xu_read_read_fu_62   |    0    |    0    |
|          |  cfg_r_read_read_fu_68  |    0    |    0    |
|   read   |  cfg_l_read_read_fu_74  |    0    |    0    |
|          | cfg_rop_read_read_fu_80 |    0    |    0    |
|          | cfg_lop_read_read_fu_86 |    0    |    0    |
|----------|-------------------------|---------|---------|
|bitconcatenate|     sel_tmp7_fu_182     |    0    |    0    |
|          |      sel_tmp_fu_330     |    0    |    0    |
|----------|-------------------------|---------|---------|
|   Total  |                         |    0    |   720   |
|----------|-------------------------|---------|---------|

Memories:
N/A

* Register list:
N/A

* Multiplexer (MUX) list: 
|--------|------|------|------|--------|
|  Comp  |  Pin | Size |  BW  | S x BW |
|--------|------|------|------|--------|
|  Total |      |      |      |    0   |
|--------|------|------|------|--------|



* Summary:
+-----------+--------+--------+
|           |   FF   |   LUT  |
+-----------+--------+--------+
|  Function |    0   |   720  |
|   Memory  |    -   |    -   |
|Multiplexer|    -   |    -   |
|  Register |    -   |    -   |
+-----------+--------+--------+
|   Total   |    0   |   720  |
+-----------+--------+--------+
