#-----------------------------------------------------------
# Vivado v2024.1 (64-bit)
# SW Build 5076996 on Wed May 22 18:36:09 MDT 2024
# IP Build 5075265 on Wed May 22 21:45:21 MDT 2024
# SharedData Build 5076995 on Wed May 22 18:29:18 MDT 2024
# Start of session at: Mon Feb  3 14:23:24 2025
# Process ID: 2078267
# Current directory: /home/chips/Storage/zoho/hls_component/filter_dut/hls/impl/ip
# Command line: vivado -notrace -mode batch -source run_ippack.tcl
# Log file: /home/chips/Storage/zoho/hls_component/filter_dut/hls/impl/ip/vivado.log
# Journal file: /home/chips/Storage/zoho/hls_component/filter_dut/hls/impl/ip/vivado.jou
# Running On        :chips-server
# Platform          :Ubuntu
# Operating System  :Ubuntu 21.04
# Processor Detail  :11th Gen Intel(R) Core(TM) i9-11900K @ 3.50GHz
# CPU Frequency     :3500.000 MHz
# CPU Physical cores:8
# CPU Logical cores :16
# Host memory       :134797 MB
# Swap memory       :21474 MB
# Total Virtual     :156271 MB
# Available Virtual :141669 MB
#-----------------------------------------------------------
source run_ippack.tcl -notrace
INFO: calling package_hls_ip ip_types=vitis sysgen json_file=/home/chips/Storage/zoho/hls_component/filter_dut/hls/hls_data.json outdir=/home/chips/Storage/zoho/hls_component/filter_dut/hls/impl/ip srcdir=/home/chips/Storage/zoho/hls_component/filter_dut/hls sort_interfaces_ports=false
INFO: Copied 1 ipmisc file(s) to /home/chips/Storage/zoho/hls_component/filter_dut/hls/impl/ip/misc
INFO: Copied 32 verilog file(s) to /home/chips/Storage/zoho/hls_component/filter_dut/hls/impl/ip/hdl/verilog
INFO: Copied 29 vhdl file(s) to /home/chips/Storage/zoho/hls_component/filter_dut/hls/impl/ip/hdl/vhdl
ipx::create_core: Time (s): cpu = 00:00:17 ; elapsed = 00:00:17 . Memory (MB): peak = 1835.047 ; gain = 356.805 ; free physical = 75885 ; free virtual = 134386
INFO: Import ports from HDL: /home/chips/Storage/zoho/hls_component/filter_dut/hls/impl/ip/hdl/vhdl/filter_dut.vhd (filter_dut)
INFO: Add clock interface ap_clk
INFO: Add reset interface ap_rst
INFO: Add ap_ctrl interface ap_ctrl
INFO: Add ap_fifo interface filter_cfg_strm
INFO: [IP_Flow 19-234] Refreshing IP repositories
INFO: [IP_Flow 19-1704] No user IP repositories specified
INFO: [IP_Flow 19-2313] Loaded Vivado IP repository '/home/chips/Storage/Vivado/2024.1/data/ip'.
INFO: Add ap_fifo interface k_strms_0
INFO: Add ap_fifo interface k_strms_1
INFO: Add ap_fifo interface k_strms_2
INFO: Add ap_fifo interface k_strms_3
INFO: Add ap_fifo interface p_strm
INFO: Add ap_fifo interface e_strm
INFO: Add ap_fifo interface f_strm
INFO: Add ap_fifo interface e_f_strm
INFO: Calling post_process_vitis to specialize IP
INFO: Calling post_process_sysgen to specialize IP
Generating sysgen info xml from json file
INFO: Created IP /home/chips/Storage/zoho/hls_component/filter_dut/hls/impl/ip/component.xml
INFO: Created IP archive /home/chips/Storage/zoho/hls_component/filter_dut/hls/impl/ip/xilinx_com_hls_filter_dut_1_0.zip
INFO: [Common 17-206] Exiting Vivado at Mon Feb  3 14:23:44 2025...
